1.0
1.0
1.0
1.0
1.0
0.998968
1.0
0.988519
1.0
1.0
1.0
1.0
1.0
0.996208
1.0
1.0
1.0
1.0
1.0
1.0
1.0
1.0
1.0
1.0
1.0
1.0
1.0
1.0
1.0
1.0
0.970605
0.996374
1.0
1.0
1.0
0.988538
0.99371
0.997436
1.0
1.0
1.0
1.0
1.0
1.0
1.0
1.0
1.0
1.0
1.0
1.0
0.988416
1.0
1.0
1.0
1.0
1.0
1.0
0.914649
1.0
1.0
1.0
1.0
1.0
1.0
1.0
1.0
0.99366
1.0
1.0
1.0
1.0
1.0
1.0
1.0
0.99792
1.0
0.994629
0.999045
1.0
1.0
1.0
1.0
1.0
1.0
0.999272
1.0
0.997218
1.0
1.0
1.0
1.0
1.0
0.991592
1.0
0.997491
0.997514
1.0
1.0
1.0
0.997466
1.0
0.995018
1.0
0.998128
1.0
1.0
1.0
1.0
1.0
1.0
1.0
1.0
1.0
0.997243
1.0
1.0
1.0
1.0
1.0
1.0
1.0
1.0
1.0
1.0
1.0
1.0
1.0
1.0
1.0
1.0
1.0
1.0
1.0
1.0
1.0
1.0
1.0
1.0
1.0
1.0
1.0
1.0
1.0
1.0
1.0
1.0
0.984783
0.974696
1.0
1.0
0.984507
0.99196
1.0
1.0
1.0
1.0
1.0
1.0
1.0
1.0
1.0
1.0
1.0
1.0
1.0
1.0
1.0
1.0
1.0
1.0
1.0
1.0
1.0
1.0
1.0
1.0
1.0
1.0
1.0
1.0
1.0
1.0
0.928012
1.0
1.0
1.0
1.0
1.0
1.0
1.0
1.0
1.0
1.0
1.0
1.0
1.0
1.0
1.0
1.0
1.0
1.0
1.0
1.0
1.0
1.0
1.0
1.0
1.0
1.0
1.0
1.0
1.0
1.0
1.0
1.0
1.0
1.0
0.987282
1.0
1.0
1.0
1.0
1.0
0.998321
1.0
0.990612
1.0
0.982988
1.0
1.0
1.0
1.0
0.992802
1.0
0.999267
1.0
1.0
1.0
0.998248
1.0
1.0
1.0
1.0
1.0
1.0
1.0
1.0
1.0
1.0
1.0
1.0
1.0
1.0
1.0
1.0
1.0
0.984481
0.995793
1.0
1.0
1.0
1.0
1.0
1.0
1.0
1.0
1.0
1.0
1.0
1.0
1.0
1.0
1.0
1.0
1.0
1.0
1.0
1.0
1.0
1.0
0.99756
1.0
1.0
1.0
1.0
1.0
1.0
1.0
1.0
1.0
1.0
1.0
1.0
1.0
1.0
1.0
1.0
1.0
1.0
1.0
1.0
1.0
1.0
1.0
1.0
1.0
1.0
1.0
1.0
1.0
1.0
1.0
1.0
1.0
1.0
1.0
1.0
0.995518
1.0
1.0
1.0
1.0
1.0
1.0
1.0
1.0
1.0
1.0
1.0
1.0
1.0
1.0
1.0
1.0
1.0
1.0
1.0
1.0
1.0
1.0
0.998016
0.994126
1.0
1.0
1.0
1.0
1.0
1.0
1.0
1.0
0.998024
1.0
1.0
1.0
1.0
1.0
1.0
1.0
1.0
0.976156
1.0
1.0
1.0
1.0
1.0
0.989816
1.0
1.0
1.0
1.0
1.0
1.0
1.0
1.0
1.0
0.999508
1.0
1.0
1.0
0.991201
1.0
0.988282
1.0
1.0
1.0
0.99722
1.0
1.0
1.0
1.0
1.0
1.0
1.0
1.0
0.998513
1.0
0.995616
1.0
1.0
1.0
1.0
1.0
0.984866
1.0
0.996739
1.0
1.0
1.0
1.0
1.0
1.0
1.0
0.995654
1.0
1.0
1.0
1.0
1.0
1.0
1.0
0.994833
1.0
1.0
1.0
1.0
0.999681
1.0
1.0
1.0
1.0
1.0
0.99773
1.0
0.990585
1.0
0.988123
1.0
1.0
1.0
1.0
1.0
1.0
1.0
1.0
1.0
1.0
1.0
1.0
0.998897
0.998072
1.0
0.99759
1.0
1.0
1.0
1.0
0.987909
1.0
1.0
1.0
1.0
1.0
1.0
1.0
1.0
1.0
1.0
1.0
1.0
1.0
1.0
1.0
1.0
0.99929
1.0
0.9973
0.980175
1.0
1.0
1.0
1.0
1.0
1.0
1.0
1.0
1.0
0.999399
1.0
0.999272
1.0
1.0
1.0
1.0
1.0
1.0
1.0
0.999081
1.0
1.0
1.0
1.0
1.0
1.0
1.0
1.0
0.989218
1.0
1.0
1.0
1.0
1.0
1.0
1.0
1.0
1.0
1.0
1.0
1.0
1.0
1.0
1.0
1.0
0.995355
1.0
1.0
1.0
1.0
1.0
1.0
1.0
0.993146
1.0
0.996895
1.0
1.0
1.0
0.99579
1.0
1.0
1.0
1.0
1.0
0.985968
1.0
1.0
1.0
1.0
1.0
1.0
1.0
1.0
1.0
0.999314
1.0
1.0
1.0
1.0
1.0
1.0
1.0
1.0
0.998045
1.0
1.0
1.0
0.977754
1.0
1.0
1.0
1.0
1.0
1.0
1.0
1.0
1.0
0.996645
1.0
1.0
1.0
1.0
1.0
0.993896
1.0
1.0
1.0
1.0
1.0
1.0
1.0
1.0
1.0
0.998367
1.0
1.0
0.993833
1.0
1.0
1.0
1.0
1.0
1.0
1.0
1.0
1.0
1.0
1.0
1.0
1.0
1.0
1.0
1.0
0.993244
1.0
1.0
1.0
1.0
0.997464
0.997376
0.998739
1.0
0.96819
1.0
1.0
1.0
1.0
1.0
1.0
1.0
1.0
1.0
1.0
1.0
1.0
1.0
1.0
1.0
1.0
1.0
1.0
1.0
1.0
1.0
1.0
1.0
1.0
0.988246
0.996048
1.0
1.0
1.0
1.0
1.0
1.0
1.0
1.0
1.0
1.0
1.0
1.0
1.0
1.0
1.0
1.0
0.992981
0.938312
0.993972
1.0
0.998024
1.0
1.0
1.0
0.997642
0.903123
1.0
1.0
0.999824
0.999229
1.0
1.0
0.987264
0.988703
1.0
1.0
1.0
1.0
0.99911
1.0
1.0
1.0
0.998433
1.0
1.0
1.0
1.0
1.0
1.0
1.0
1.0
1.0
1.0
1.0
1.0
1.0
1.0
0.997007
1.0
1.0
1.0
1.0
1.0
1.0
1.0
1.0
1.0
1.0
1.0
1.0
1.0
1.0
1.0
1.0
1.0
1.0
1.0
1.0
1.0
1.0
1.0
1.0
1.0
1.0
1.0
1.0
1.0
1.0
0.990921
1.0
1.0
1.0
1.0
1.0
1.0
1.0
1.0
0.999319
1.0
1.0
1.0
1.0
1.0
1.0
1.0
1.0
1.0
1.0
1.0
1.0
1.0
1.0
1.0
1.0
1.0
1.0
1.0
1.0
1.0
1.0
1.0
1.0
1.0
1.0
1.0
1.0
1.0
1.0
1.0
1.0
1.0
1.0
1.0
1.0
1.0
1.0
1.0
1.0
1.0
1.0
1.0
1.0
0.994372
1.0
0.998196
1.0
1.0
1.0
1.0
1.0
1.0
1.0
1.0
1.0
0.99717
1.0
1.0
1.0
1.0
1.0
1.0
1.0
1.0
1.0
0.998881
1.0
1.0
1.0
1.0
1.0
1.0
0.996729
0.988347
1.0
1.0
1.0
1.0
1.0
1.0
1.0
1.0
1.0
1.0
0.983567
1.0
1.0
1.0
1.0
1.0
1.0
1.0
1.0
1.0
1.0
1.0
1.0
0.983607
1.0
1.0
1.0
1.0
0.989302
1.0
1.0
1.0
1.0
1.0
1.0
1.0
1.0
1.0
1.0
1.0
1.0
1.0
1.0
1.0
1.0
1.0
1.0
1.0
0.991724
1.0
0.994882
1.0
1.0
0.99875
1.0
1.0
1.0
1.0
1.0
0.9945
1.0
1.0
1.0
1.0
1.0
1.0
1.0
1.0
1.0
0.999253
0.995169
1.0
1.0
1.0
1.0
1.0
1.0
1.0
1.0
1.0
1.0
1.0
1.0
1.0
1.0
1.0
1.0
1.0
1.0
1.0
0.974255
1.0
1.0
1.0
1.0
0.996723
1.0
1.0
1.0
1.0
1.0
1.0
1.0
1.0
1.0
1.0
1.0
1.0
0.99936
0.995534
1.0
1.0
1.0
1.0
1.0
1.0
1.0
0.999472
1.0
0.999314
1.0
1.0
1.0
1.0
1.0
1.0
1.0
1.0
1.0
1.0
1.0
1.0
1.0
1.0
1.0
1.0
1.0
1.0
1.0
0.991726
1.0
0.994034
1.0
1.0
1.0
0.994995
1.0
1.0
1.0
1.0
1.0
1.0
1.0
1.0
1.0
1.0
1.0
1.0
1.0
1.0
1.0
1.0
1.0
1.0
1.0
1.0
1.0
1.0
1.0
1.0
1.0
1.0
1.0
1.0
1.0
1.0
1.0
1.0
1.0
1.0
1.0
1.0
1.0
1.0
1.0
1.0
1.0
1.0
1.0
1.0
1.0
0.924127
1.0
1.0
1.0
1.0
1.0
1.0
1.0
1.0
1.0
1.0
1.0
1.0
1.0
1.0
1.0
1.0
0.998048
0.996896
1.0
1.0
1.0
1.0
1.0
1.0
1.0
1.0
1.0
1.0
1.0
0.997078
1.0
1.0
1.0
1.0
1.0
1.0
0.995328
1.0
1.0
1.0
1.0
0.996739
1.0
1.0
1.0
1.0
1.0
1.0
1.0
1.0
1.0
1.0
1.0
0.996787
1.0
1.0
1.0
1.0
1.0
0.996572
0.997358
1.0
1.0
0.997465
1.0
1.0
1.0
1.0
1.0
1.0
1.0
1.0
1.0
1.0
1.0
0.972004
0.99579
1.0
1.0
1.0
1.0
1.0
1.0
1.0
1.0
1.0
0.991318
1.0
1.0
1.0
1.0
1.0
1.0
1.0
1.0
0.997511
1.0
1.0
1.0
1.0
0.996976
1.0
1.0
1.0
1.0
1.0
1.0
1.0
1.0
1.0
1.0
1.0
1.0
1.0
1.0
0.990107
1.0
1.0
1.0
1.0
1.0
1.0
1.0
1.0
1.0
1.0
1.0
1.0
1.0
1.0
0.991623
1.0
0.969898
1.0
1.0
1.0
1.0
0.995373
1.0
1.0
1.0
1.0
1.0
1.0
1.0
1.0
1.0
1.0
1.0
1.0
1.0
1.0
1.0
1.0
1.0
1.0
0.997742
1.0
1.0
1.0
1.0
1.0
1.0
1.0
1.0
1.0
1.0
1.0
1.0
1.0
0.982299
1.0
1.0
1.0
0.996343
1.0
1.0
1.0
1.0
1.0
1.0
1.0
1.0
1.0
1.0
0.996829
1.0
1.0
