1.0
1.0
0.991893
1.0
1.0
1.0
0.975697
1.0
0.981831
1.0
1.0
1.0
1.0
1.0
1.0
1.0
1.0
1.0
1.0
1.0
1.0
1.0
1.0
1.0
1.0
1.0
0.997375
1.0
1.0
1.0
0.983519
1.0
1.0
1.0
1.0
1.0
1.0
0.998128
1.0
0.996229
1.0
0.994376
1.0
1.0
1.0
1.0
1.0
0.999253
0.98123
1.0
1.0
1.0
1.0
1.0
1.0
1.0
0.992648
1.0
1.0
1.0
0.999481
1.0
0.985979
1.0
1.0
1.0
1.0
1.0
1.0
1.0
1.0
1.0
1.0
1.0
1.0
1.0
1.0
1.0
1.0
1.0
1.0
1.0
1.0
1.0
1.0
1.0
1.0
0.973294
1.0
1.0
1.0
1.0
1.0
0.996496
1.0
1.0
1.0
1.0
1.0
1.0
1.0
0.997571
1.0
1.0
1.0
1.0
1.0
1.0
1.0
1.0
1.0
1.0
1.0
1.0
1.0
1.0
1.0
1.0
1.0
0.997328
1.0
1.0
1.0
1.0
1.0
1.0
1.0
1.0
0.997895
1.0
0.994599
1.0
1.0
1.0
1.0
1.0
1.0
1.0
1.0
1.0
1.0
1.0
1.0
1.0
1.0
1.0
1.0
1.0
1.0
1.0
1.0
1.0
1.0
1.0
1.0
1.0
1.0
0.999553
0.999556
1.0
1.0
1.0
1.0
0.999121
1.0
1.0
1.0
0.995637
1.0
1.0
1.0
1.0
1.0
1.0
1.0
1.0
1.0
1.0
1.0
1.0
1.0
0.997565
1.0
1.0
1.0
1.0
1.0
1.0
1.0
1.0
1.0
1.0
1.0
1.0
1.0
0.993224
1.0
1.0
1.0
1.0
1.0
1.0
1.0
1.0
1.0
1.0
0.999621
1.0
1.0
1.0
1.0
1.0
1.0
1.0
1.0
1.0
1.0
1.0
1.0
1.0
0.992517
1.0
1.0
1.0
1.0
1.0
1.0
1.0
1.0
1.0
1.0
1.0
1.0
1.0
1.0
1.0
0.997164
0.999657
1.0
1.0
1.0
0.99359
1.0
1.0
1.0
1.0
1.0
1.0
1.0
1.0
1.0
1.0
1.0
1.0
1.0
0.986221
0.999871
1.0
0.997695
0.990916
0.999427
1.0
1.0
1.0
1.0
1.0
1.0
1.0
1.0
1.0
1.0
1.0
1.0
1.0
1.0
1.0
1.0
1.0
1.0
1.0
1.0
1.0
1.0
1.0
1.0
1.0
1.0
1.0
1.0
1.0
1.0
1.0
1.0
1.0
1.0
1.0
1.0
0.988123
1.0
1.0
