0.998767
1.0
1.0
1.0
1.0
1.0
0.986964
1.0
1.0
1.0
1.0
0.989245
1.0
1.0
1.0
1.0
1.0
1.0
1.0
1.0
1.0
1.0
1.0
1.0
1.0
1.0
1.0
1.0
1.0
0.998456
0.998768
1.0
0.997366
1.0
1.0
1.0
1.0
1.0
1.0
1.0
1.0
1.0
1.0
1.0
1.0
0.999435
1.0
1.0
1.0
1.0
1.0
1.0
1.0
1.0
1.0
1.0
1.0
1.0
0.96067
1.0
1.0
1.0
1.0
1.0
1.0
0.998027
1.0
1.0
1.0
1.0
1.0
0.987858
1.0
1.0
1.0
1.0
1.0
1.0
1.0
0.981608
1.0
1.0
1.0
1.0
1.0
1.0
1.0
1.0
0.998443
1.0
1.0
1.0
1.0
1.0
1.0
0.973285
1.0
1.0
1.0
1.0
1.0
1.0
1.0
1.0
0.999384
0.962042
1.0
1.0
1.0
1.0
1.0
1.0
1.0
0.998135
1.0
1.0
0.998461
1.0
0.997702
1.0
0.990705
1.0
0.995839
1.0
1.0
1.0
1.0
1.0
1.0
1.0
1.0
1.0
1.0
1.0
1.0
1.0
1.0
0.96373
0.990816
1.0
1.0
0.99765
1.0
1.0
1.0
1.0
1.0
1.0
1.0
1.0
1.0
1.0
1.0
1.0
1.0
1.0
1.0
1.0
1.0
1.0
1.0
1.0
1.0
1.0
1.0
0.99689
1.0
1.0
1.0
1.0
1.0
1.0
1.0
1.0
0.99214
1.0
1.0
1.0
1.0
0.985686
1.0
1.0
1.0
1.0
1.0
0.999886
1.0
1.0
1.0
1.0
1.0
1.0
1.0
1.0
1.0
0.999098
1.0
1.0
1.0
1.0
1.0
1.0
1.0
1.0
1.0
1.0
1.0
1.0
1.0
1.0
1.0
1.0
1.0
1.0
1.0
1.0
1.0
1.0
1.0
1.0
0.971574
1.0
1.0
1.0
1.0
1.0
1.0
1.0
1.0
1.0
1.0
1.0
0.998548
1.0
1.0
1.0
1.0
1.0
1.0
1.0
1.0
1.0
1.0
1.0
1.0
1.0
1.0
1.0
1.0
1.0
1.0
1.0
1.0
0.997026
1.0
1.0
1.0
1.0
1.0
1.0
1.0
1.0
0.997992
1.0
1.0
1.0
1.0
1.0
1.0
0.993949
1.0
1.0
1.0
1.0
1.0
1.0
1.0
1.0
0.989787
1.0
1.0
0.9981
1.0
1.0
1.0
1.0
1.0
1.0
1.0
1.0
1.0
1.0
1.0
1.0
0.994065
1.0
1.0
1.0
1.0
1.0
1.0
1.0
1.0
1.0
1.0
1.0
1.0
0.996241
1.0
1.0
1.0
1.0
1.0
1.0
1.0
1.0
1.0
1.0
1.0
1.0
1.0
0.989407
1.0
1.0
1.0
1.0
1.0
1.0
1.0
1.0
1.0
1.0
1.0
1.0
1.0
1.0
1.0
0.983596
1.0
1.0
1.0
1.0
1.0
1.0
1.0
1.0
1.0
1.0
1.0
1.0
1.0
1.0
1.0
1.0
0.999505
1.0
1.0
1.0
1.0
1.0
1.0
1.0
1.0
1.0
1.0
1.0
0.998593
1.0
1.0
1.0
1.0
0.99126
1.0
1.0
1.0
0.99955
1.0
1.0
1.0
1.0
1.0
1.0
1.0
1.0
0.995075
1.0
1.0
1.0
1.0
1.0
1.0
1.0
1.0
1.0
1.0
1.0
1.0
1.0
1.0
1.0
1.0
1.0
1.0
1.0
0.99972
1.0
1.0
0.999282
1.0
1.0
1.0
1.0
1.0
1.0
1.0
1.0
0.99774
1.0
1.0
1.0
1.0
1.0
1.0
1.0
1.0
1.0
0.997923
1.0
1.0
0.990999
1.0
1.0
1.0
1.0
1.0
1.0
1.0
1.0
1.0
1.0
0.999536
1.0
0.995143
1.0
1.0
1.0
1.0
1.0
1.0
0.993818
1.0
1.0
1.0
1.0
1.0
1.0
1.0
1.0
1.0
1.0
1.0
1.0
1.0
1.0
1.0
1.0
1.0
1.0
1.0
0.993613
1.0
1.0
1.0
1.0
1.0
1.0
1.0
1.0
1.0
1.0
1.0
1.0
1.0
1.0
1.0
1.0
1.0
1.0
1.0
1.0
1.0
1.0
1.0
1.0
1.0
1.0
0.997261
1.0
1.0
0.996093
1.0
1.0
1.0
1.0
1.0
1.0
1.0
1.0
1.0
1.0
1.0
1.0
1.0
1.0
1.0
1.0
0.997565
1.0
1.0
1.0
1.0
1.0
1.0
0.992552
0.997052
1.0
1.0
1.0
1.0
1.0
1.0
1.0
0.995518
1.0
0.979359
1.0
1.0
1.0
1.0
1.0
1.0
1.0
0.99969
1.0
1.0
1.0
1.0
1.0
1.0
1.0
1.0
1.0
1.0
1.0
1.0
1.0
1.0
1.0
0.992074
1.0
0.995704
1.0
1.0
0.996293
1.0
1.0
1.0
1.0
1.0
1.0
1.0
1.0
1.0
1.0
1.0
1.0
1.0
1.0
1.0
1.0
1.0
1.0
0.964244
1.0
1.0
1.0
1.0
1.0
1.0
1.0
1.0
0.997376
1.0
0.990437
0.992636
1.0
1.0
1.0
1.0
1.0
1.0
1.0
1.0
1.0
0.999746
1.0
1.0
1.0
1.0
1.0
1.0
1.0
1.0
1.0
1.0
1.0
1.0
1.0
1.0
1.0
0.997705
1.0
1.0
1.0
1.0
1.0
1.0
1.0
1.0
1.0
1.0
0.994253
1.0
1.0
1.0
1.0
1.0
1.0
1.0
1.0
1.0
1.0
1.0
1.0
1.0
1.0
1.0
1.0
1.0
1.0
1.0
1.0
1.0
0.999517
1.0
1.0
1.0
1.0
1.0
1.0
1.0
1.0
1.0
1.0
1.0
1.0
1.0
1.0
1.0
1.0
1.0
1.0
1.0
1.0
1.0
0.974522
0.991956
1.0
1.0
1.0
1.0
0.999895
1.0
1.0
1.0
1.0
1.0
1.0
1.0
1.0
1.0
1.0
1.0
1.0
1.0
1.0
1.0
1.0
0.99997
1.0
1.0
1.0
1.0
1.0
1.0
1.0
1.0
1.0
1.0
1.0
1.0
1.0
1.0
1.0
1.0
1.0
1.0
0.9985
1.0
1.0
1.0
0.995361
1.0
1.0
1.0
1.0
1.0
1.0
1.0
0.99806
1.0
1.0
1.0
1.0
1.0
0.998504
1.0
1.0
1.0
1.0
1.0
1.0
1.0
1.0
1.0
1.0
1.0
1.0
1.0
0.994632
1.0
1.0
1.0
1.0
1.0
1.0
1.0
1.0
1.0
1.0
1.0
1.0
1.0
0.995736
1.0
1.0
1.0
1.0
1.0
1.0
1.0
1.0
0.998249
0.991947
1.0
1.0
1.0
1.0
1.0
1.0
0.985067
1.0
1.0
1.0
1.0
1.0
0.993092
0.999016
1.0
1.0
0.994337
1.0
1.0
0.990705
1.0
1.0
1.0
1.0
1.0
0.9677
1.0
1.0
1.0
1.0
1.0
1.0
0.995265
1.0
1.0
0.995607
1.0
1.0
1.0
1.0
1.0
1.0
1.0
1.0
1.0
0.998767
1.0
1.0
1.0
1.0
1.0
1.0
0.998404
1.0
1.0
1.0
1.0
1.0
1.0
1.0
0.998768
0.995626
1.0
1.0
1.0
1.0
1.0
1.0
1.0
1.0
1.0
1.0
1.0
1.0
1.0
1.0
1.0
1.0
1.0
0.996723
1.0
1.0
1.0
1.0
1.0
1.0
0.988248
1.0
1.0
1.0
1.0
1.0
1.0
1.0
1.0
0.994317
1.0
1.0
0.998859
1.0
1.0
1.0
0.992292
1.0
1.0
1.0
0.999152
1.0
0.995648
1.0
1.0
1.0
1.0
1.0
1.0
1.0
1.0
1.0
1.0
1.0
0.997897
1.0
1.0
1.0
1.0
1.0
