1.0
0.99676
1.0
1.0
1.0
1.0
1.0
0.998722
1.0
1.0
1.0
1.0
1.0
1.0
1.0
1.0
1.0
1.0
1.0
0.99806
1.0
1.0
1.0
1.0
1.0
1.0
0.997128
1.0
1.0
1.0
1.0
1.0
1.0
1.0
0.998453
1.0
1.0
1.0
1.0
0.987999
1.0
1.0
1.0
0.99967
0.995046
1.0
1.0
1.0
0.992853
1.0
1.0
1.0
1.0
1.0
1.0
1.0
1.0
1.0
1.0
0.997758
0.998204
0.997708
1.0
1.0
1.0
0.996129
1.0
1.0
1.0
1.0
1.0
0.996671
1.0
1.0
1.0
0.998651
1.0
1.0
0.999487
1.0
1.0
1.0
1.0
1.0
0.99872
1.0
1.0
0.997984
1.0
1.0
1.0
1.0
1.0
0.985574
1.0
0.999169
1.0
1.0
1.0
1.0
1.0
1.0
1.0
1.0
1.0
1.0
1.0
1.0
1.0
1.0
1.0
1.0
1.0
0.997453
1.0
1.0
1.0
1.0
0.996996
0.999442
1.0
1.0
1.0
1.0
1.0
1.0
1.0
1.0
1.0
1.0
1.0
0.991748
1.0
0.999574
0.996212
1.0
1.0
1.0
1.0
1.0
1.0
1.0
1.0
1.0
1.0
1.0
1.0
1.0
1.0
0.999682
1.0
0.998695
1.0
1.0
1.0
1.0
1.0
1.0
0.999379
1.0
1.0
1.0
1.0
1.0
1.0
1.0
1.0
1.0
1.0
0.995274
1.0
1.0
0.996981
1.0
1.0
1.0
1.0
1.0
1.0
1.0
1.0
1.0
1.0
1.0
1.0
1.0
1.0
0.998236
1.0
1.0
1.0
1.0
1.0
1.0
0.993887
1.0
1.0
1.0
1.0
1.0
1.0
1.0
0.999453
0.996889
1.0
1.0
1.0
1.0
1.0
0.998792
1.0
1.0
1.0
1.0
1.0
1.0
1.0
0.987459
1.0
1.0
1.0
0.990308
0.999535
1.0
1.0
1.0
1.0
1.0
1.0
1.0
1.0
1.0
1.0
1.0
0.997465
0.992876
1.0
1.0
0.999682
0.998905
1.0
1.0
1.0
0.963114
1.0
0.998906
1.0
0.998523
1.0
1.0
1.0
1.0
1.0
1.0
0.993687
1.0
1.0
1.0
1.0
0.988329
1.0
1.0
0.996631
0.998732
1.0
1.0
1.0
0.992428
1.0
0.995077
0.997705
1.0
1.0
1.0
0.988575
1.0
1.0
0.998356
1.0
0.992404
1.0
1.0
1.0
1.0
1.0
1.0
1.0
1.0
1.0
1.0
1.0
1.0
0.99697
1.0
1.0
0.997939
1.0
1.0
1.0
1.0
1.0
1.0
0.993998
1.0
1.0
1.0
1.0
1.0
1.0
1.0
1.0
1.0
1.0
1.0
1.0
1.0
1.0
0.999529
1.0
1.0
1.0
1.0
1.0
1.0
1.0
1.0
1.0
1.0
1.0
0.996583
1.0
0.99745
0.964683
1.0
1.0
1.0
1.0
0.988637
1.0
1.0
1.0
1.0
1.0
1.0
1.0
1.0
0.998258
1.0
1.0
1.0
1.0
1.0
1.0
1.0
1.0
1.0
0.99519
1.0
1.0
1.0
0.995637
1.0
1.0
1.0
0.997423
1.0
1.0
1.0
1.0
1.0
1.0
1.0
1.0
0.998146
1.0
1.0
1.0
1.0
1.0
1.0
0.998089
1.0
1.0
1.0
1.0
1.0
1.0
1.0
1.0
1.0
1.0
0.997856
1.0
0.996689
1.0
0.997095
1.0
1.0
1.0
0.999834
1.0
0.98941
0.998947
1.0
1.0
1.0
0.999142
1.0
1.0
0.999269
1.0
1.0
1.0
1.0
1.0
1.0
1.0
1.0
1.0
1.0
1.0
1.0
1.0
1.0
1.0
1.0
1.0
1.0
1.0
1.0
0.999721
1.0
1.0
0.999852
1.0
1.0
1.0
0.99736
1.0
1.0
1.0
1.0
1.0
1.0
1.0
1.0
1.0
1.0
0.999009
0.993281
1.0
1.0
0.990402
1.0
1.0
1.0
0.996233
0.998051
1.0
1.0
0.999102
1.0
1.0
1.0
1.0
1.0
1.0
1.0
1.0
1.0
1.0
1.0
0.996386
0.998893
0.999939
1.0
1.0
1.0
0.999847
1.0
1.0
1.0
1.0
1.0
1.0
0.998012
1.0
1.0
1.0
1.0
1.0
1.0
0.993371
1.0
1.0
1.0
1.0
1.0
0.998282
1.0
1.0
1.0
1.0
1.0
1.0
1.0
1.0
1.0
1.0
1.0
0.995485
1.0
1.0
1.0
1.0
1.0
1.0
1.0
1.0
1.0
1.0
1.0
1.0
1.0
1.0
0.997702
1.0
1.0
1.0
1.0
0.998996
1.0
1.0
1.0
1.0
1.0
1.0
1.0
1.0
1.0
1.0
1.0
1.0
1.0
1.0
1.0
1.0
1.0
1.0
1.0
1.0
0.999349
1.0
1.0
1.0
1.0
1.0
1.0
0.997155
1.0
1.0
1.0
1.0
1.0
0.99806
1.0
1.0
1.0
1.0
1.0
1.0
1.0
0.992112
1.0
1.0
1.0
1.0
0.999118
1.0
1.0
1.0
0.997733
1.0
0.999794
1.0
1.0
1.0
1.0
1.0
1.0
1.0
1.0
0.998187
1.0
1.0
1.0
1.0
1.0
1.0
1.0
1.0
1.0
0.995132
1.0
1.0
1.0
1.0
1.0
1.0
1.0
1.0
1.0
1.0
1.0
1.0
0.989404
1.0
1.0
1.0
1.0
1.0
1.0
1.0
1.0
1.0
1.0
1.0
0.993635
0.99963
1.0
1.0
1.0
0.999372
1.0
1.0
1.0
1.0
1.0
1.0
0.992036
0.990692
1.0
0.999404
1.0
1.0
0.995159
1.0
1.0
1.0
1.0
1.0
1.0
1.0
1.0
1.0
1.0
1.0
1.0
1.0
1.0
1.0
1.0
1.0
0.999861
1.0
1.0
1.0
1.0
0.986662
1.0
1.0
0.983345
0.989804
1.0
1.0
1.0
1.0
1.0
1.0
0.99579
1.0
1.0
1.0
1.0
1.0
0.999378
1.0
1.0
1.0
0.993266
1.0
0.996382
1.0
1.0
1.0
0.998615
1.0
0.995338
1.0
1.0
1.0
0.99722
1.0
1.0
1.0
0.995889
0.998145
1.0
0.997037
1.0
1.0
1.0
1.0
1.0
0.971161
1.0
1.0
1.0
1.0
1.0
1.0
1.0
1.0
0.997717
1.0
1.0
1.0
1.0
1.0
1.0
1.0
1.0
1.0
1.0
0.994879
0.987355
1.0
1.0
1.0
0.997327
1.0
1.0
1.0
1.0
1.0
0.991892
0.994178
1.0
1.0
1.0
0.998545
1.0
0.988986
1.0
0.997589
1.0
0.997596
1.0
1.0
1.0
0.999885
1.0
1.0
0.998496
1.0
1.0
1.0
1.0
1.0
1.0
1.0
1.0
1.0
1.0
1.0
1.0
1.0
1.0
1.0
0.998699
1.0
1.0
1.0
1.0
0.987588
1.0
1.0
0.99612
0.999447
1.0
1.0
1.0
1.0
1.0
1.0
0.998789
0.999753
1.0
1.0
1.0
1.0
1.0
1.0
1.0
0.998743
1.0
0.995891
1.0
1.0
0.991772
0.99979
1.0
1.0
1.0
1.0
1.0
1.0
1.0
0.999595
0.996369
1.0
1.0
1.0
1.0
0.973156
1.0
1.0
1.0
0.994632
0.999063
1.0
1.0
0.992878
1.0
1.0
0.993816
1.0
0.972792
0.991275
1.0
1.0
0.995226
1.0
0.991387
1.0
1.0
0.998747
1.0
0.996732
1.0
1.0
1.0
1.0
1.0
0.989482
0.994697
1.0
0.992425
1.0
1.0
1.0
1.0
0.987614
1.0
0.999475
0.99278
1.0
0.998717
1.0
1.0
0.997078
1.0
1.0
1.0
1.0
0.998897
0.998718
1.0
0.953526
1.0
1.0
1.0
1.0
1.0
1.0
0.981544
1.0
1.0
1.0
1.0
0.999642
0.999344
1.0
1.0
1.0
0.999464
0.998389
1.0
1.0
1.0
1.0
1.0
1.0
1.0
1.0
1.0
1.0
1.0
1.0
1.0
1.0
1.0
1.0
1.0
1.0
0.998592
1.0
1.0
0.996834
0.996658
1.0
1.0
1.0
0.998925
1.0
1.0
1.0
1.0
0.988817
1.0
1.0
1.0
1.0
1.0
0.999139
1.0
0.997725
1.0
1.0
1.0
1.0
1.0
0.999621
1.0
1.0
1.0
1.0
1.0
1.0
1.0
1.0
1.0
1.0
1.0
1.0
0.9941
1.0
1.0
1.0
1.0
0.985949
1.0
1.0
1.0
1.0
1.0
1.0
1.0
1.0
1.0
1.0
1.0
1.0
1.0
1.0
1.0
1.0
1.0
1.0
1.0
1.0
1.0
1.0
1.0
0.997276
1.0
0.96537
1.0
1.0
1.0
1.0
1.0
1.0
1.0
1.0
1.0
1.0
0.996162
0.99978
1.0
1.0
1.0
0.996057
1.0
1.0
1.0
1.0
0.998739
1.0
1.0
1.0
1.0
1.0
0.998171
1.0
1.0
1.0
1.0
1.0
1.0
1.0
1.0
1.0
1.0
1.0
1.0
0.998187
1.0
0.99896
1.0
1.0
1.0
1.0
1.0
1.0
1.0
1.0
0.998251
1.0
0.999334
1.0
1.0
1.0
1.0
1.0
1.0
1.0
1.0
1.0
0.998637
0.997156
1.0
1.0
1.0
0.997743
0.994625
1.0
1.0
1.0
0.99712
0.994796
0.998439
1.0
1.0
1.0
1.0
0.999539
1.0
1.0
1.0
0.996305
1.0
1.0
1.0
1.0
0.990677
1.0
1.0
1.0
1.0
1.0
1.0
1.0
1.0
1.0
1.0
1.0
1.0
1.0
0.99752
1.0
1.0
1.0
1.0
0.997412
1.0
0.99879
1.0
1.0
1.0
0.989482
0.999303
1.0
1.0
1.0
1.0
1.0
1.0
1.0
0.994927
1.0
1.0
1.0
1.0
1.0
0.998872
1.0
0.995794
1.0
1.0
1.0
1.0
1.0
1.0
1.0
1.0
0.999567
1.0
1.0
1.0
1.0
1.0
0.998932
1.0
1.0
1.0
1.0
1.0
1.0
1.0
1.0
1.0
1.0
0.999714
1.0
1.0
1.0
0.999399
1.0
0.997691
1.0
1.0
1.0
1.0
0.99928
1.0
0.997662
1.0
1.0
1.0
1.0
1.0
1.0
1.0
1.0
1.0
1.0
1.0
1.0
0.999705
1.0
0.999829
1.0
1.0
1.0
1.0
1.0
1.0
1.0
1.0
0.993733
1.0
1.0
1.0
1.0
1.0
0.980352
1.0
1.0
1.0
1.0
1.0
0.9912
1.0
1.0
1.0
1.0
1.0
1.0
1.0
