1.0	0.0
1.0	530.0
1.0	0.0
0.998343	10.0
1.0	0.0
1.0	0.0
1.0	0.0
1.0	0.0
1.0	0.0
1.0	0.0
1.0	10.0
1.0	180.0
1.0	0.0
0.999396	0.0
1.0	40.0
1.0	0.0
1.0	10.0
0.968405	0.0
1.0	0.0
1.0	10.0
0.99896	0.0
1.0	0.0
1.0	0.0
1.0	10.0
1.0	0.0
0.99765	0.0
1.0	0.0
1.0	10.0
1.0	0.0
1.0	30.0
1.0	0.0
1.0	0.0
1.0	10.0
1.0	0.0
1.0	0.0
1.0	30.0
1.0	0.0
1.0	0.0
1.0	10.0
0.998595	10.0
1.0	0.0
1.0	0.0
1.0	10.0
1.0	0.0
1.0	20.0
0.999561	30.0
1.0	0.0
1.0	10.0
0.995144	0.0
1.0	0.0
1.0	0.0
1.0	0.0
1.0	0.0
1.0	0.0
1.0	0.0
1.0	10.0
1.0	0.0
1.0	0.0
1.0	0.0
1.0	0.0
1.0	0.0
1.0	30.0
1.0	0.0
0.996647	20.0
1.0	0.0
1.0	20.0
1.0	0.0
1.0	0.0
1.0	0.0
1.0	0.0
1.0	0.0
1.0	0.0
1.0	0.0
1.0	30.0
1.0	0.0
1.0	0.0
1.0	0.0
0.94973	0.0
0.992189	0.0
1.0	0.0
0.995458	0.0
0.994813	0.0
0.999701	10.0
1.0	0.0
1.0	0.0
1.0	10.0
1.0	0.0
1.0	0.0
1.0	10.0
1.0	0.0
1.0	0.0
1.0	0.0
1.0	10.0
1.0	0.0
1.0	0.0
1.0	0.0
1.0	0.0
1.0	0.0
1.0	0.0
0.963249	0.0
0.987633	10.0
1.0	0.0
1.0	0.0
1.0	0.0
1.0	0.0
1.0	0.0
1.0	0.0
1.0	10.0
1.0	0.0
1.0	0.0
1.0	0.0
1.0	0.0
0.994814	0.0
1.0	0.0
1.0	0.0
0.989923	0.0
1.0	0.0
0.990795	0.0
1.0	0.0
0.997702	0.0
1.0	0.0
1.0	0.0
1.0	10.0
1.0	0.0
1.0	0.0
1.0	0.0
1.0	0.0
1.0	10.0
1.0	10.0
1.0	0.0
1.0	0.0
1.0	0.0
1.0	0.0
0.998416	0.0
1.0	0.0
1.0	0.0
1.0	10.0
1.0	0.0
1.0	30.0
1.0	70.0
1.0	0.0
1.0	0.0
0.999349	0.0
1.0	0.0
1.0	20.0
1.0	0.0
1.0	0.0
1.0	0.0
1.0	0.0
1.0	10.0
0.99896	0.0
0.997549	0.0
1.0	0.0
1.0	10.0
1.0	30.0
1.0	0.0
0.995361	20.0
0.999423	0.0
1.0	0.0
1.0	0.0
1.0	0.0
0.991107	0.0
1.0	0.0
1.0	10.0
1.0	0.0
0.995458	0.0
1.0	0.0
1.0	0.0
1.0	10.0
1.0	0.0
1.0	0.0
0.996479	0.0
1.0	0.0
1.0	0.0
1.0	0.0
1.0	0.0
1.0	0.0
1.0	0.0
1.0	0.0
1.0	10.0
1.0	0.0
1.0	0.0
1.0	0.0
1.0	0.0
1.0	0.0
1.0	1300.0
1.0	40.0
1.0	0.0
1.0	10.0
1.0	0.0
1.0	0.0
1.0	0.0
1.0	0.0
1.0	0.0
1.0	0.0
1.0	0.0
1.0	0.0
1.0	0.0
1.0	0.0
1.0	10.0
1.0	0.0
1.0	0.0
1.0	0.0
1.0	20.0
1.0	0.0
1.0	0.0
0.990916	0.0
1.0	0.0
1.0	0.0
1.0	10.0
1.0	10.0
1.0	0.0
1.0	0.0
1.0	30.0
1.0	10.0
1.0	0.0
1.0	0.0
1.0	0.0
1.0	50.0
1.0	0.0
1.0	0.0
1.0	10.0
1.0	0.0
1.0	0.0
1.0	40.0
1.0	0.0
0.988076	0.0
1.0	10.0
1.0	0.0
1.0	0.0
1.0	0.0
1.0	0.0
1.0	0.0
1.0	0.0
1.0	0.0
1.0	0.0
1.0	0.0
1.0	0.0
1.0	0.0
1.0	10.0
1.0	0.0
1.0	0.0
1.0	20.0
1.0	0.0
1.0	0.0
1.0	0.0
0.997253	20.0
1.0	0.0
1.0	0.0
1.0	0.0
1.0	0.0
1.0	30.0
1.0	0.0
0.997827	0.0
1.0	90.0
1.0	30.0
1.0	40.0
1.0	0.0
1.0	10.0
1.0	0.0
1.0	0.0
1.0	0.0
1.0	0.0
1.0	0.0
1.0	0.0
1.0	0.0
1.0	10.0
1.0	0.0
1.0	0.0
1.0	0.0
1.0	0.0
1.0	30.0
1.0	0.0
1.0	0.0
1.0	0.0
1.0	0.0
1.0	0.0
1.0	0.0
1.0	0.0
1.0	10.0
1.0	0.0
1.0	0.0
1.0	10.0
1.0	20.0
0.997202	20.0
1.0	20.0
1.0	0.0
1.0	0.0
1.0	0.0
1.0	0.0
1.0	10.0
1.0	0.0
1.0	0.0
0.998788	120.0
1.0	50.0
1.0	0.0
1.0	0.0
1.0	0.0
1.0	10.0
1.0	20.0
1.0	0.0
1.0	0.0
1.0	0.0
1.0	10.0
1.0	10.0
1.0	0.0
1.0	10.0
1.0	10.0
1.0	40.0
0.972084	0.0
0.994861	10.0
1.0	0.0
0.995382	10.0
1.0	0.0
1.0	0.0
1.0	10.0
1.0	0.0
1.0	0.0
1.0	0.0
1.0	0.0
1.0	10.0
1.0	0.0
0.995567	0.0
1.0	10.0
1.0	0.0
1.0	0.0
1.0	0.0
1.0	0.0
1.0	10.0
0.998941	0.0
1.0	0.0
1.0	0.0
1.0	0.0
1.0	0.0
1.0	0.0
1.0	0.0
0.989923	0.0
1.0	10.0
1.0	0.0
1.0	0.0
1.0	0.0
1.0	40.0
1.0	10.0
1.0	0.0
1.0	0.0
1.0	0.0
1.0	0.0
1.0	0.0
1.0	10.0
1.0	10.0
0.996242	0.0
1.0	0.0
1.0	0.0
1.0	0.0
1.0	550.0
1.0	0.0
1.0	0.0
1.0	0.0
1.0	0.0
1.0	0.0
1.0	0.0
0.996415	0.0
1.0	10.0
1.0	0.0
0.998659	0.0
1.0	0.0
1.0	0.0
1.0	0.0
1.0	0.0
1.0	20.0
0.999634	0.0
0.994637	0.0
1.0	0.0
1.0	0.0
1.0	0.0
1.0	0.0
1.0	0.0
1.0	0.0
1.0	0.0
1.0	10.0
1.0	0.0
1.0	10.0
1.0	10.0
1.0	0.0
1.0	0.0
1.0	0.0
0.998968	0.0
1.0	0.0
1.0	20.0
1.0	0.0
1.0	0.0
1.0	0.0
1.0	10.0
1.0	0.0
1.0	0.0
1.0	0.0
1.0	20.0
1.0	10.0
1.0	0.0
1.0	0.0
1.0	20.0
1.0	0.0
1.0	0.0
1.0	0.0
0.993341	0.0
1.0	0.0
1.0	0.0
1.0	0.0
1.0	0.0
1.0	0.0
1.0	10.0
1.0	0.0
1.0	0.0
1.0	0.0
0.987355	20.0
1.0	0.0
1.0	10.0
1.0	0.0
1.0	0.0
1.0	0.0
1.0	0.0
1.0	0.0
1.0	0.0
1.0	0.0
1.0	0.0
0.999517	10.0
1.0	0.0
1.0	0.0
1.0	0.0
1.0	10.0
1.0	0.0
1.0	0.0
1.0	80.0
1.0	0.0
1.0	0.0
1.0	10.0
1.0	0.0
1.0	0.0
1.0	0.0
1.0	40.0
1.0	0.0
1.0	20.0
0.987903	20.0
1.0	0.0
0.997001	10.0
1.0	0.0
1.0	0.0
1.0	0.0
1.0	0.0
1.0	40.0
1.0	270.0
1.0	0.0
1.0	0.0
1.0	10.0
1.0	0.0
1.0	0.0
1.0	0.0
1.0	0.0
1.0	0.0
1.0	0.0
1.0	0.0
1.0	0.0
1.0	0.0
0.995018	0.0
1.0	0.0
1.0	10.0
0.997056	160.0
1.0	150.0
0.995862	0.0
1.0	0.0
1.0	160.0
1.0	0.0
1.0	0.0
1.0	120.0
1.0	0.0
1.0	0.0
1.0	10.0
1.0	0.0
1.0	0.0
1.0	30.0
1.0	0.0
1.0	0.0
1.0	0.0
1.0	40.0
1.0	0.0
1.0	0.0
1.0	0.0
1.0	0.0
1.0	0.0
0.999121	0.0
1.0	0.0
1.0	20.0
1.0	10.0
1.0	0.0
1.0	0.0
1.0	0.0
0.98733	30.0
1.0	0.0
1.0	0.0
0.984588	0.0
1.0	0.0
1.0	0.0
1.0	0.0
0.998311	10.0
0.997674	0.0
1.0	0.0
1.0	0.0
1.0	0.0
1.0	0.0
1.0	0.0
1.0	10.0
1.0	10.0
1.0	90.0
1.0	0.0
1.0	0.0
1.0	0.0
1.0	0.0
1.0	10.0
1.0	0.0
1.0	0.0
1.0	40.0
1.0	0.0
1.0	0.0
1.0	0.0
1.0	0.0
1.0	0.0
1.0	0.0
1.0	0.0
1.0	10.0
1.0	0.0
1.0	0.0
0.998768	0.0
1.0	30.0
1.0	0.0
1.0	0.0
1.0	10.0
1.0	0.0
1.0	0.0
1.0	0.0
1.0	0.0
1.0	0.0
1.0	0.0
1.0	10.0
1.0	0.0
1.0	0.0
1.0	0.0
1.0	0.0
1.0	20.0
1.0	0.0
1.0	0.0
1.0	0.0
1.0	0.0
1.0	110.0
1.0	0.0
1.0	0.0
1.0	40.0
1.0	0.0
1.0	0.0
1.0	0.0
1.0	30.0
1.0	0.0
1.0	0.0
1.0	0.0
0.999566	10.0
0.99903	0.0
0.999032	0.0
1.0	0.0
1.0	20.0
1.0	0.0
1.0	0.0
1.0	0.0
1.0	0.0
1.0	0.0
1.0	0.0
1.0	10.0
0.993203	0.0
1.0	0.0
1.0	0.0
1.0	0.0
1.0	0.0
1.0	0.0
1.0	0.0
1.0	0.0
0.996121	10.0
0.990082	10.0
1.0	0.0
1.0	10.0
1.0	0.0
1.0	0.0
1.0	0.0
1.0	0.0
1.0	0.0
1.0	0.0
1.0	0.0
1.0	0.0
1.0	0.0
1.0	10.0
1.0	0.0
1.0	0.0
1.0	0.0
1.0	0.0
1.0	0.0
1.0	0.0
1.0	0.0
1.0	0.0
1.0	10.0
1.0	0.0
1.0	20.0
1.0	10.0
1.0	0.0
1.0	0.0
1.0	20.0
1.0	0.0
1.0	0.0
0.997156	0.0
1.0	0.0
1.0	0.0
1.0	0.0
1.0	0.0
1.0	0.0
1.0	0.0
0.99923	10.0
1.0	0.0
1.0	0.0
1.0	0.0
1.0	0.0
1.0	0.0
0.999244	70.0
1.0	60.0
1.0	0.0
1.0	20.0
1.0	0.0
0.996572	0.0
1.0	0.0
1.0	10.0
1.0	0.0
0.997702	0.0
1.0	50.0
1.0	0.0
1.0	0.0
1.0	10.0
1.0	20.0
1.0	0.0
1.0	0.0
1.0	0.0
1.0	0.0
1.0	0.0
1.0	0.0
1.0	10.0
1.0	10.0
1.0	0.0
0.995356	0.0
1.0	90.0
1.0	0.0
1.0	10.0
1.0	0.0
1.0	0.0
1.0	0.0
1.0	0.0
1.0	0.0
1.0	0.0
1.0	20.0
1.0	0.0
1.0	0.0
1.0	0.0
1.0	0.0
1.0	10.0
1.0	0.0
1.0	0.0
1.0	10.0
1.0	0.0
0.987801	0.0
1.0	120.0
0.999317	0.0
1.0	10.0
1.0	0.0
1.0	0.0
1.0	0.0
1.0	10.0
1.0	0.0
1.0	0.0
1.0	0.0
1.0	0.0
1.0	0.0
1.0	10.0
1.0	0.0
1.0	30.0
1.0	20.0
1.0	0.0
1.0	0.0
1.0	20.0
1.0	0.0
1.0	0.0
1.0	0.0
1.0	30.0
1.0	0.0
1.0	0.0
1.0	10.0
1.0	0.0
1.0	0.0
1.0	10.0
1.0	30.0
1.0	0.0
1.0	20.0
1.0	0.0
1.0	0.0
1.0	0.0
0.99462	0.0
1.0	10.0
1.0	0.0
1.0	0.0
1.0	0.0
1.0	60.0
1.0	0.0
1.0	0.0
1.0	70.0
0.983764	0.0
0.998391	0.0
1.0	0.0
0.997948	0.0
1.0	30.0
1.0	0.0
1.0	0.0
1.0	30.0
1.0	0.0
1.0	0.0
1.0	10.0
1.0	0.0
1.0	0.0
1.0	0.0
1.0	0.0
1.0	0.0
1.0	0.0
1.0	0.0
1.0	0.0
1.0	0.0
1.0	10.0
1.0	0.0
1.0	0.0
0.97824	0.0
1.0	0.0
1.0	0.0
1.0	0.0
1.0	0.0
1.0	10.0
1.0	0.0
0.997877	10.0
1.0	0.0
0.990312	20.0
1.0	0.0
0.996716	0.0
1.0	10.0
1.0	0.0
1.0	0.0
1.0	0.0
1.0	0.0
1.0	0.0
1.0	0.0
1.0	0.0
1.0	100.0
1.0	20.0
1.0	0.0
1.0	10.0
1.0	0.0
1.0	0.0
1.0	0.0
1.0	0.0
1.0	10.0
1.0	10.0
1.0	0.0
1.0	0.0
1.0	0.0
1.0	110.0
1.0	0.0
1.0	0.0
0.998669	10.0
1.0	10.0
1.0	0.0
1.0	0.0
1.0	0.0
1.0	0.0
1.0	0.0
1.0	0.0
1.0	0.0
1.0	10.0
1.0	0.0
0.994359	0.0
1.0	0.0
0.992934	0.0
0.983878	40.0
1.0	10.0
1.0	0.0
1.0	0.0
1.0	0.0
1.0	0.0
1.0	20.0
1.0	0.0
1.0	0.0
1.0	10.0
1.0	0.0
1.0	40.0
1.0	0.0
1.0	0.0
1.0	0.0
1.0	0.0
1.0	0.0
1.0	20.0
1.0	0.0
1.0	0.0
1.0	0.0
1.0	10.0
1.0	0.0
1.0	0.0
1.0	0.0
1.0	0.0
1.0	0.0
1.0	30.0
1.0	0.0
1.0	10.0
1.0	0.0
1.0	0.0
1.0	10.0
0.988707	0.0
0.995518	60.0
1.0	0.0
1.0	10.0
1.0	0.0
1.0	0.0
1.0	0.0
1.0	0.0
1.0	0.0
1.0	0.0
1.0	10.0
1.0	10.0
1.0	0.0
1.0	10.0
1.0	0.0
0.998571	10.0
0.996604	0.0
1.0	0.0
1.0	10.0
1.0	0.0
1.0	0.0
1.0	0.0
1.0	0.0
1.0	0.0
1.0	0.0
1.0	0.0
1.0	20.0
0.998169	20.0
1.0	0.0
0.998773	10.0
1.0	0.0
1.0	0.0
1.0	10.0
1.0	0.0
1.0	20.0
1.0	10.0
1.0	0.0
1.0	0.0
1.0	0.0
1.0	0.0
1.0	0.0
1.0	0.0
1.0	0.0
1.0	0.0
1.0	0.0
1.0	70.0
0.991611	10.0
0.994697	0.0
1.0	0.0
1.0	20.0
1.0	10.0
1.0	0.0
1.0	0.0
1.0	0.0
1.0	0.0
1.0	0.0
1.0	0.0
1.0	10.0
1.0	0.0
1.0	0.0
1.0	0.0
1.0	10.0
1.0	0.0
1.0	0.0
0.998581	20.0
1.0	0.0
1.0	0.0
1.0	0.0
1.0	10.0
1.0	0.0
1.0	0.0
1.0	10.0
1.0	0.0
1.0	0.0
1.0	10.0
0.995859	0.0
1.0	0.0
1.0	10.0
0.996467	0.0
1.0	0.0
1.0	70.0
1.0	0.0
1.0	130.0
0.999475	0.0
1.0	0.0
1.0	10.0
1.0	0.0
1.0	0.0
1.0	0.0
0.994874	0.0
1.0	10.0
0.998996	0.0
1.0	0.0
1.0	10.0
0.977778	0.0
1.0	0.0
1.0	10.0
1.0	0.0
1.0	0.0
1.0	0.0
1.0	0.0
1.0	0.0
1.0	0.0
1.0	0.0
1.0	10.0
0.998195	30.0
0.987926	0.0
1.0	0.0
1.0	0.0
1.0	80.0
0.994927	40.0
1.0	10.0
1.0	0.0
1.0	0.0
1.0	20.0
1.0	10.0
1.0	0.0
0.999489	60.0
0.992541	0.0
1.0	0.0
1.0	0.0
1.0	0.0
1.0	0.0
1.0	40.0
1.0	10.0
1.0	0.0
1.0	0.0
1.0	0.0
1.0	0.0
1.0	0.0
1.0	0.0
1.0	0.0
1.0	0.0
0.994279	10.0
1.0	0.0
1.0	0.0
1.0	50.0
1.0	10.0
1.0	0.0
1.0	0.0
1.0	30.0
1.0	0.0
1.0	260.0
1.0	10.0
1.0	0.0
1.0	0.0
1.0	10.0
1.0	0.0
1.0	0.0
0.992579	0.0
1.0	10.0
1.0	0.0
1.0	0.0
1.0	0.0
1.0	0.0
1.0	10.0
1.0	0.0
1.0	0.0
1.0	0.0
1.0	0.0
1.0	10.0
1.0	70.0
1.0	0.0
1.0	0.0
1.0	0.0
1.0	0.0
1.0	20.0
1.0	0.0
1.0	0.0
1.0	0.0
0.992983	0.0
1.0	10.0
1.0	0.0
1.0	0.0
1.0	0.0
1.0	0.0
1.0	0.0
1.0	0.0
