1.0
0.993708
1.0
1.0
1.0
1.0
1.0
1.0
1.0
1.0
0.998747
1.0
1.0
1.0
1.0
0.999121
1.0
1.0
1.0
1.0
1.0
1.0
1.0
0.995982
1.0
1.0
0.996
0.999316
0.998633
0.99902
0.994364
1.0
0.998543
0.998847
1.0
0.98948
1.0
1.0
1.0
1.0
1.0
1.0
0.997159
1.0
1.0
1.0
1.0
1.0
1.0
1.0
0.999642
1.0
0.996486
1.0
1.0
1.0
1.0
1.0
1.0
0.999691
1.0
0.988081
1.0
0.998567
0.999287
1.0
0.998563
0.996491
1.0
1.0
0.995724
1.0
0.997989
1.0
1.0
1.0
1.0
1.0
1.0
1.0
1.0
1.0
0.998404
0.999101
0.988067
1.0
1.0
0.999368
1.0
0.998124
1.0
1.0
0.999322
1.0
1.0
1.0
1.0
0.999595
1.0
0.999247
1.0
1.0
1.0
1.0
1.0
1.0
0.986682
0.999623
1.0
1.0
1.0
1.0
1.0
1.0
1.0
1.0
1.0
1.0
1.0
0.99781
1.0
1.0
1.0
0.997355
1.0
1.0
0.999227
0.997344
0.993802
1.0
1.0
1.0
1.0
0.996832
0.993979
1.0
1.0
1.0
0.999693
1.0
1.0
1.0
0.999515
1.0
0.9964
1.0
0.997673
1.0
1.0
1.0
1.0
0.992665
0.998576
1.0
1.0
1.0
1.0
0.997252
1.0
1.0
1.0
0.999703
1.0
1.0
0.999424
1.0
1.0
1.0
1.0
1.0
1.0
0.998417
0.973814
1.0
1.0
0.99806
0.999531
0.999602
1.0
1.0
0.998975
1.0
0.999334
1.0
1.0
0.996091
1.0
1.0
1.0
1.0
1.0
1.0
1.0
1.0
1.0
0.996586
1.0
0.989133
1.0
0.999497
1.0
1.0
1.0
1.0
0.99976
1.0
1.0
1.0
0.998759
1.0
1.0
1.0
1.0
0.997103
0.998555
0.994901
0.998446
0.991483
1.0
1.0
0.994262
1.0
1.0
1.0
1.0
1.0
1.0
1.0
1.0
1.0
1.0
1.0
1.0
1.0
1.0
1.0
1.0
1.0
1.0
1.0
1.0
1.0
1.0
1.0
1.0
1.0
1.0
0.987366
0.996442
1.0
1.0
1.0
1.0
0.999746
1.0
1.0
1.0
1.0
1.0
1.0
1.0
1.0
1.0
0.995422
0.997994
1.0
1.0
1.0
0.999673
1.0
1.0
1.0
1.0
1.0
0.999892
1.0
1.0
1.0
0.997959
1.0
1.0
0.998437
1.0
1.0
0.998679
0.99941
1.0
0.999522
0.992332
1.0
1.0
0.998882
0.986678
0.998442
0.997774
0.999854
0.999597
0.986592
1.0
1.0
