1.0
1.0
0.992146
1.0
1.0
1.0
1.0
1.0
1.0
0.990363
1.0
1.0
1.0
1.0
1.0
1.0
1.0
1.0
1.0
1.0
1.0
0.998013
0.960422
1.0
1.0
1.0
1.0
0.9945
1.0
1.0
0.993587
1.0
1.0
1.0
1.0
0.994839
1.0
1.0
1.0
1.0
0.997295
0.993493
1.0
1.0
1.0
1.0
0.993071
1.0
1.0
1.0
1.0
1.0
1.0
1.0
1.0
1.0
1.0
0.992891
1.0
0.993732
1.0
0.998722
0.999349
1.0
0.999166
1.0
1.0
1.0
0.998946
1.0
1.0
0.971645
1.0
1.0
1.0
1.0
1.0
1.0
1.0
0.998838
1.0
1.0
1.0
1.0
1.0
1.0
1.0
1.0
1.0
1.0
1.0
1.0
1.0
1.0
1.0
1.0
1.0
1.0
1.0
1.0
1.0
1.0
1.0
0.998514
1.0
1.0
1.0
0.98903
1.0
1.0
0.999091
0.999529
1.0
1.0
1.0
0.999292
1.0
1.0
1.0
1.0
1.0
1.0
1.0
0.99694
1.0
1.0
1.0
1.0
0.99811
1.0
1.0
1.0
0.994344
1.0
1.0
1.0
1.0
0.997571
1.0
1.0
1.0
1.0
1.0
1.0
1.0
0.997149
0.999231
1.0
1.0
1.0
1.0
1.0
1.0
1.0
1.0
1.0
1.0
1.0
1.0
1.0
1.0
1.0
1.0
1.0
1.0
1.0
1.0
1.0
1.0
1.0
1.0
1.0
1.0
1.0
1.0
0.999121
1.0
1.0
1.0
0.998853
0.998817
1.0
1.0
1.0
1.0
1.0
1.0
1.0
1.0
1.0
1.0
0.999422
0.99978
1.0
1.0
0.999786
1.0
1.0
0.969346
1.0
1.0
1.0
1.0
1.0
1.0
1.0
1.0
1.0
1.0
1.0
1.0
1.0
1.0
1.0
1.0
1.0
1.0
1.0
1.0
1.0
1.0
1.0
1.0
1.0
1.0
1.0
1.0
1.0
1.0
1.0
1.0
1.0
1.0
1.0
1.0
1.0
1.0
0.996528
1.0
1.0
0.990792
1.0
1.0
1.0
1.0
1.0
1.0
1.0
1.0
1.0
1.0
1.0
0.994657
1.0
1.0
1.0
1.0
1.0
1.0
0.997852
1.0
1.0
0.999753
1.0
1.0
1.0
0.995518
1.0
0.998741
1.0
1.0
1.0
1.0
1.0
1.0
1.0
1.0
1.0
0.995156
0.993628
1.0
1.0
0.994765
0.999025
0.9981
1.0
0.999301
0.998093
1.0
1.0
1.0
1.0
0.994526
1.0
1.0
1.0
1.0
1.0
1.0
1.0
1.0
1.0
0.999911
1.0
1.0
1.0
1.0
1.0
1.0
1.0
1.0
1.0
1.0
1.0
1.0
1.0
1.0
1.0
1.0
1.0
0.996713
1.0
1.0
1.0
1.0
1.0
1.0
0.997012
1.0
1.0
1.0
0.971495
0.913643
1.0
1.0
0.996476
1.0
1.0
1.0
1.0
0.999815
0.999358
1.0
1.0
1.0
1.0
1.0
0.987822
1.0
1.0
1.0
1.0
1.0
1.0
1.0
1.0
1.0
1.0
0.992495
1.0
1.0
1.0
1.0
1.0
1.0
1.0
1.0
0.99974
1.0
1.0
0.996796
1.0
1.0
0.995496
1.0
1.0
1.0
1.0
1.0
1.0
1.0
1.0
1.0
0.998505
1.0
1.0
1.0
1.0
1.0
1.0
1.0
1.0
1.0
1.0
1.0
0.999049
1.0
1.0
1.0
0.997662
1.0
1.0
0.994124
1.0
1.0
0.998764
1.0
1.0
1.0
1.0
1.0
1.0
1.0
1.0
0.998756
1.0
1.0
1.0
1.0
0.996205
1.0
0.997004
0.992556
1.0
1.0
1.0
1.0
1.0
1.0
1.0
1.0
1.0
0.997481
1.0
0.995059
1.0
1.0
1.0
1.0
1.0
1.0
0.999876
1.0
0.99487
1.0
1.0
1.0
1.0
1.0
0.999598
0.997535
1.0
1.0
1.0
1.0
0.99278
1.0
0.994865
0.997603
1.0
1.0
1.0
1.0
0.996254
1.0
0.981504
0.999265
0.994448
1.0
1.0
0.998869
1.0
1.0
1.0
0.992433
1.0
1.0
0.999541
1.0
1.0
0.992569
0.973651
1.0
1.0
1.0
1.0
0.992338
1.0
0.993694
1.0
1.0
1.0
0.987908
1.0
1.0
1.0
0.999454
1.0
1.0
1.0
1.0
1.0
1.0
1.0
0.999614
1.0
0.988123
1.0
0.999267
1.0
1.0
0.998233
0.99502
0.998093
1.0
1.0
1.0
1.0
1.0
1.0
1.0
1.0
0.999795
1.0
1.0
1.0
1.0
1.0
1.0
1.0
1.0
1.0
1.0
1.0
0.986762
0.998768
1.0
1.0
1.0
1.0
0.99806
1.0
1.0
1.0
1.0
1.0
1.0
1.0
1.0
1.0
1.0
1.0
1.0
1.0
1.0
1.0
0.995528
1.0
1.0
0.998799
1.0
1.0
0.998906
1.0
1.0
1.0
0.999364
1.0
1.0
1.0
1.0
1.0
0.999784
1.0
1.0
1.0
0.981594
1.0
1.0
1.0
0.99428
1.0
1.0
1.0
1.0
1.0
1.0
1.0
1.0
1.0
1.0
1.0
1.0
1.0
1.0
1.0
1.0
1.0
1.0
1.0
