0.999415
0.994307
0.999779
1.0
1.0
1.0
1.0
1.0
1.0
1.0
1.0
0.999861
1.0
1.0
1.0
1.0
1.0
1.0
1.0
1.0
1.0
1.0
1.0
1.0
1.0
1.0
1.0
0.999075
0.996672
0.990143
0.999187
1.0
0.997835
0.998191
1.0
1.0
0.999864
1.0
1.0
1.0
0.999834
1.0
1.0
0.997895
1.0
1.0
1.0
1.0
1.0
1.0
0.998068
1.0
0.999854
1.0
0.995906
1.0
1.0
1.0
1.0
0.998181
1.0
1.0
1.0
0.999693
1.0
1.0
1.0
1.0
0.98872
0.994599
1.0
1.0
1.0
1.0
0.999624
1.0
0.990066
1.0
1.0
0.999591
1.0
1.0
1.0
1.0
1.0
1.0
0.99127
1.0
1.0
1.0
0.968798
1.0
1.0
1.0
0.999625
1.0
1.0
1.0
1.0
1.0
0.996448
1.0
1.0
0.999275
0.999661
1.0
0.998371
1.0
1.0
1.0
1.0
1.0
0.993798
1.0
1.0
1.0
0.998899
0.999163
1.0
1.0
1.0
1.0
1.0
0.999611
1.0
0.993458
1.0
1.0
1.0
0.999237
0.999195
1.0
1.0
1.0
0.999713
1.0
1.0
1.0
1.0
1.0
0.998443
0.99979
0.992468
1.0
1.0
1.0
0.997112
0.999625
1.0
0.998894
0.998096
1.0
1.0
1.0
0.999443
1.0
1.0
0.997234
1.0
1.0
0.983419
1.0
0.998685
0.995369
1.0
1.0
1.0
1.0
0.997787
1.0
0.999603
1.0
1.0
0.998607
0.997176
1.0
0.995025
0.998219
1.0
1.0
0.998513
1.0
1.0
1.0
1.0
0.999452
0.999334
1.0
1.0
1.0
1.0
1.0
1.0
0.999919
1.0
1.0
1.0
1.0
1.0
1.0
1.0
0.997144
1.0
1.0
0.994995
1.0
1.0
1.0
0.999798
1.0
1.0
0.999725
1.0
1.0
0.99615
1.0
0.999358
0.998585
1.0
1.0
1.0
0.996036
1.0
0.999033
1.0
0.99971
0.998329
1.0
1.0
1.0
1.0
0.999858
1.0
1.0
0.998769
0.995518
1.0
1.0
0.995866
1.0
0.995071
0.999375
0.999099
1.0
1.0
1.0
1.0
1.0
1.0
1.0
1.0
1.0
0.997353
1.0
1.0
1.0
1.0
1.0
1.0
1.0
0.99882
0.998844
1.0
1.0
1.0
0.997156
1.0
1.0
1.0
1.0
1.0
1.0
1.0
1.0
0.996542
1.0
1.0
1.0
0.996802
1.0
1.0
0.999322
1.0
1.0
0.996853
1.0
0.995317
1.0
1.0
1.0
1.0
1.0
0.999475
0.98324
1.0
0.991733
1.0
1.0
1.0
1.0
1.0
1.0
0.99993
0.99801
1.0
0.99667
1.0
1.0
1.0
1.0
0.999181
0.996727
1.0
0.999529
1.0
0.999567
1.0
1.0
0.996023
0.997854
1.0
0.999545
1.0
1.0
1.0
1.0
0.998679
0.998009
1.0
1.0
1.0
1.0
1.0
1.0
1.0
1.0
0.998122
1.0
1.0
1.0
1.0
1.0
0.997465
1.0
1.0
1.0
1.0
1.0
0.999529
0.999529
0.998363
0.999433
0.992321
1.0
1.0
0.997686
1.0
1.0
0.998283
1.0
0.998789
1.0
1.0
0.998119
1.0
1.0
1.0
0.996892
1.0
1.0
1.0
0.999803
1.0
1.0
1.0
1.0
1.0
0.999576
1.0
1.0
1.0
1.0
1.0
1.0
0.999684
1.0
0.99896
0.995608
1.0
1.0
1.0
1.0
1.0
1.0
0.999103
1.0
0.99792
1.0
0.999885
1.0
0.999248
1.0
1.0
1.0
1.0
1.0
1.0
0.99773
1.0
1.0
0.996168
1.0
1.0
1.0
1.0
0.994611
1.0
0.999498
1.0
1.0
1.0
0.9891
0.998804
0.998042
1.0
0.997292
1.0
1.0
0.999138
0.99865
1.0
1.0
1.0
1.0
1.0
1.0
1.0
1.0
1.0
1.0
1.0
0.998754
1.0
0.999194
1.0
1.0
1.0
1.0
1.0
1.0
1.0
1.0
1.0
1.0
1.0
1.0
1.0
1.0
1.0
1.0
0.988623
1.0
0.999394
0.99974
1.0
1.0
1.0
0.991924
0.999738
0.987916
0.994369
0.9977
1.0
1.0
1.0
1.0
1.0
0.999913
0.997116
0.998385
0.998243
1.0
0.997752
1.0
0.996236
1.0
0.997399
1.0
1.0
1.0
0.998782
1.0
1.0
1.0
1.0
1.0
1.0
1.0
1.0
1.0
1.0
0.999453
1.0
0.991577
1.0
0.998542
0.997734
0.999427
1.0
1.0
1.0
1.0
0.996407
0.999728
0.997376
0.99979
1.0
1.0
0.999749
1.0
1.0
1.0
0.998562
1.0
0.99872
0.994714
0.992732
0.999831
0.996372
1.0
1.0
1.0
1.0
0.999677
1.0
0.999759
1.0
0.995082
1.0
1.0
1.0
1.0
1.0
1.0
1.0
1.0
1.0
0.998563
1.0
1.0
0.998399
0.998929
0.999625
1.0
1.0
1.0
1.0
1.0
1.0
1.0
1.0
1.0
1.0
0.999616
1.0
1.0
1.0
1.0
0.997785
1.0
0.998266
1.0
0.99815
0.999227
0.999117
1.0
1.0
1.0
1.0
1.0
1.0
1.0
1.0
1.0
1.0
0.999529
1.0
0.995633
1.0
1.0
0.999686
1.0
1.0
1.0
1.0
1.0
1.0
1.0
0.975673
0.997749
1.0
0.98701
0.997601
0.99868
1.0
1.0
1.0
0.99976
1.0
1.0
1.0
0.99952
0.99924
1.0
1.0
1.0
0.996443
1.0
0.999228
0.997838
1.0
1.0
1.0
1.0
0.999799
0.999373
0.999556
1.0
1.0
1.0
1.0
1.0
0.99885
1.0
1.0
1.0
1.0
1.0
1.0
1.0
0.999424
0.999064
0.997307
1.0
0.998729
0.99806
1.0
0.999303
1.0
1.0
1.0
1.0
0.998552
0.998426
1.0
0.99805
0.992512
0.999298
0.999199
1.0
1.0
0.996486
0.997511
1.0
1.0
0.996779
0.999171
1.0
0.999297
1.0
1.0
1.0
1.0
1.0
0.996716
0.991166
1.0
0.999308
1.0
0.998739
0.993186
1.0
1.0
1.0
1.0
1.0
0.999865
0.996634
0.999356
0.991015
1.0
0.99842
0.988271
1.0
1.0
1.0
0.997331
1.0
1.0
1.0
0.997581
1.0
0.999214
1.0
1.0
1.0
0.9985
0.999348
0.999448
1.0
1.0
1.0
0.997171
1.0
1.0
1.0
1.0
1.0
1.0
1.0
0.998131
1.0
0.99896
1.0
0.99945
0.996782
0.997966
0.995277
1.0
1.0
0.99787
1.0
0.997334
1.0
1.0
1.0
1.0
1.0
1.0
0.998445
1.0
1.0
0.998878
0.999709
1.0
1.0
1.0
1.0
0.999248
0.999431
0.988523
1.0
1.0
1.0
0.998506
1.0
1.0
1.0
1.0
0.9981
1.0
1.0
1.0
1.0
1.0
1.0
1.0
1.0
1.0
1.0
1.0
1.0
1.0
1.0
1.0
1.0
1.0
1.0
1.0
1.0
0.999408
1.0
0.994632
1.0
1.0
0.997702
0.994201
0.997473
0.996143
1.0
1.0
1.0
0.999201
1.0
1.0
0.999566
1.0
0.99935
1.0
0.999836
1.0
0.998426
1.0
1.0
1.0
0.999505
0.997153
0.99682
1.0
1.0
1.0
1.0
1.0
0.993185
1.0
0.990288
1.0
0.999406
1.0
1.0
0.998474
1.0
1.0
1.0
0.998558
1.0
1.0
0.998377
0.99226
1.0
1.0
1.0
0.99873
0.999787
0.999563
0.99942
0.999366
1.0
0.999724
1.0
0.999066
1.0
0.997044
1.0
1.0
1.0
0.99614
0.999475
1.0
0.99489
1.0
1.0
1.0
1.0
1.0
0.998847
1.0
0.998552
1.0
1.0
0.996376
0.999347
0.99965
0.994372
1.0
0.998536
1.0
1.0
1.0
1.0
1.0
1.0
1.0
1.0
1.0
1.0
0.997843
0.998637
1.0
0.997117
0.999889
1.0
1.0
0.999427
1.0
1.0
0.999443
1.0
1.0
1.0
1.0
1.0
1.0
1.0
1.0
0.997646
0.999088
1.0
1.0
1.0
1.0
1.0
1.0
0.999164
0.999345
1.0
0.992251
1.0
0.998564
0.9949
1.0
1.0
1.0
1.0
0.992396
1.0
0.996687
1.0
1.0
0.999255
1.0
1.0
1.0
0.998421
0.998726
1.0
1.0
1.0
1.0
1.0
1.0
1.0
1.0
1.0
1.0
0.999515
1.0
0.999194
0.992122
1.0
1.0
1.0
1.0
0.992677
0.993347
1.0
1.0
1.0
1.0
1.0
0.998277
1.0
0.983859
1.0
0.988739
1.0
0.998401
0.998929
0.999809
1.0
0.9993
0.997006
0.999602
1.0
0.999484
0.995518
0.997508
0.998199
1.0
1.0
0.999016
1.0
1.0
1.0
1.0
0.999443
1.0
1.0
1.0
0.998142
1.0
1.0
1.0
1.0
1.0
0.997377
1.0
0.998515
0.99945
0.998388
0.998819
0.999625
1.0
1.0
1.0
1.0
0.99723
1.0
0.993463
1.0
0.998795
0.997552
1.0
1.0
0.999121
1.0
1.0
1.0
1.0
1.0
1.0
1.0
1.0
1.0
1.0
0.997744
1.0
1.0
1.0
1.0
1.0
1.0
1.0
1.0
1.0
0.990174
1.0
1.0
1.0
0.998695
0.996255
0.99896
1.0
1.0
0.995625
0.998974
1.0
1.0
1.0
1.0
1.0
0.999016
0.998198
1.0
1.0
1.0
1.0
1.0
1.0
1.0
1.0
1.0
1.0
1.0
1.0
1.0
1.0
1.0
1.0
1.0
1.0
1.0
1.0
1.0
1.0
1.0
1.0
0.998958
1.0
1.0
0.999671
0.998704
1.0
1.0
0.99855
1.0
1.0
1.0
1.0
0.999106
0.999061
0.999853
1.0
1.0
1.0
1.0
1.0
1.0
1.0
0.991873
1.0
0.998996
0.99771
0.993786
1.0
0.999368
1.0
1.0
1.0
0.983881
0.999513
1.0
0.998313
1.0
1.0
1.0
0.999834
1.0
1.0
1.0
0.997326
1.0
1.0
0.997785
1.0
1.0
0.999431
0.997698
1.0
1.0
1.0
1.0
0.991446
0.999462
0.998252
1.0
0.999406
1.0
0.999488
0.996601
0.995724
1.0
1.0
0.998732
1.0
1.0
1.0
0.999049
0.997918
0.995705
0.994809
1.0
1.0
1.0
0.998794
1.0
1.0
0.99565
1.0
1.0
1.0
0.981818
1.0
1.0
0.99907
1.0
1.0
1.0
0.992003
1.0
0.999199
1.0
1.0
1.0
1.0
1.0
0.999809
1.0
1.0
1.0
1.0
1.0
0.994371
1.0
0.996696
1.0
1.0
1.0
0.999504
1.0
1.0
0.998862
1.0
1.0
1.0
1.0
0.997525
1.0
1.0
0.999868
0.994823
1.0
1.0
0.999121
1.0
1.0
1.0
0.997274
1.0
1.0
