1.0
0.999073
0.999157
1.0
0.998414
0.994028
0.999834
1.0
0.997645
1.0
1.0
1.0
1.0
0.998102
0.998442
1.0
1.0
1.0
0.999861
1.0
1.0
0.998738
1.0
1.0
1.0
0.999454
1.0
1.0
1.0
1.0
1.0
1.0
1.0
0.998487
1.0
1.0
1.0
0.99929
0.99633
0.998972
0.998582
0.997826
1.0
1.0
1.0
0.993507
1.0
0.998389
1.0
1.0
0.998914
1.0
1.0
1.0
1.0
0.996592
1.0
1.0
0.998297
1.0
1.0
0.998251
1.0
1.0
1.0
0.999342
0.998868
1.0
1.0
1.0
0.994562
0.999122
1.0
1.0
1.0
1.0
1.0
1.0
1.0
0.999574
1.0
1.0
1.0
1.0
1.0
0.996876
1.0
1.0
1.0
0.99527
0.997281
1.0
1.0
0.999047
1.0
1.0
1.0
1.0
1.0
1.0
0.995286
0.999201
0.999379
1.0
1.0
0.997363
1.0
0.999683
1.0
1.0
0.999718
0.999887
1.0
1.0
1.0
1.0
1.0
0.997596
1.0
0.998541
1.0
1.0
0.999925
0.99685
1.0
1.0
1.0
0.998897
1.0
0.999662
1.0
1.0
1.0
1.0
1.0
0.998869
1.0
0.992532
0.976237
0.997104
1.0
1.0
1.0
0.999815
0.993254
0.999553
0.997769
0.997487
0.99931
1.0
0.999187
0.99644
1.0
0.997208
1.0
1.0
1.0
1.0
1.0
1.0
1.0
1.0
1.0
1.0
1.0
0.998368
1.0
0.998513
0.999782
1.0
1.0
0.998515
1.0
1.0
1.0
1.0
1.0
0.999075
1.0
1.0
1.0
1.0
1.0
1.0
1.0
1.0
1.0
0.991879
1.0
1.0
1.0
1.0
0.99898
1.0
1.0
1.0
1.0
1.0
1.0
1.0
1.0
1.0
1.0
1.0
1.0
1.0
0.993679
0.99953
1.0
1.0
0.999634
1.0
1.0
1.0
1.0
1.0
1.0
1.0
1.0
0.999508
0.995458
1.0
1.0
1.0
1.0
1.0
1.0
1.0
1.0
1.0
1.0
1.0
1.0
1.0
1.0
1.0
0.989235
1.0
0.996574
1.0
1.0
1.0
0.986607
0.99802
1.0
0.999763
1.0
1.0
1.0
1.0
1.0
0.997374
1.0
1.0
0.988208
1.0
1.0
0.998831
1.0
0.999487
1.0
1.0
1.0
1.0
1.0
1.0
0.996872
1.0
1.0
0.997545
0.990642
0.993523
1.0
0.999417
1.0
1.0
1.0
0.999894
1.0
0.99978
0.999537
1.0
1.0
1.0
1.0
1.0
1.0
0.997543
0.998422
1.0
1.0
1.0
1.0
1.0
1.0
1.0
0.998718
1.0
1.0
1.0
1.0
1.0
0.999471
1.0
1.0
1.0
1.0
1.0
1.0
1.0
0.998544
0.994505
1.0
0.998186
0.999132
0.999529
0.993341
0.998223
1.0
1.0
1.0
0.998631
0.996639
1.0
1.0
0.998054
1.0
0.99474
1.0
1.0
1.0
0.999726
1.0
1.0
1.0
1.0
1.0
0.998639
1.0
1.0
0.997281
0.9995
1.0
0.995956
1.0
1.0
1.0
0.996768
0.999568
1.0
1.0
1.0
1.0
1.0
0.998778
1.0
1.0
1.0
1.0
0.998789
1.0
1.0
1.0
0.998899
1.0
1.0
1.0
1.0
1.0
0.999295
1.0
1.0
1.0
1.0
1.0
1.0
0.9986
0.996326
0.998125
1.0
1.0
0.999714
0.998203
1.0
1.0
1.0
1.0
1.0
1.0
1.0
1.0
1.0
1.0
1.0
1.0
1.0
1.0
0.997623
0.998627
0.991735
0.998815
0.996639
1.0
1.0
1.0
1.0
1.0
0.997348
0.995333
1.0
1.0
0.994049
1.0
1.0
1.0
1.0
0.998624
0.994174
0.999542
0.998779
1.0
1.0
1.0
1.0
0.972973
0.999653
1.0
1.0
1.0
1.0
1.0
1.0
1.0
1.0
1.0
1.0
1.0
0.998431
1.0
1.0
1.0
0.993321
1.0
1.0
1.0
1.0
1.0
0.997581
1.0
1.0
1.0
1.0
1.0
1.0
0.99961
1.0
1.0
1.0
1.0
1.0
1.0
1.0
1.0
1.0
1.0
1.0
1.0
0.999633
1.0
0.999755
1.0
0.998996
1.0
1.0
0.999036
1.0
0.997364
0.996964
1.0
0.999892
1.0
0.99623
1.0
0.999703
1.0
0.997966
1.0
0.996589
1.0
1.0
1.0
1.0
1.0
1.0
1.0
1.0
1.0
0.99813
0.999157
1.0
1.0
1.0
1.0
1.0
1.0
0.999705
0.999298
1.0
0.999661
1.0
1.0
1.0
1.0
0.988538
1.0
0.999021
0.997209
1.0
1.0
0.965669
1.0
1.0
1.0
0.996985
1.0
1.0
1.0
1.0
0.999799
1.0
0.99982
1.0
0.998952
1.0
1.0
0.985211
1.0
1.0
1.0
1.0
0.994406
1.0
0.987647
1.0
0.990274
0.993141
1.0
1.0
1.0
1.0
1.0
0.998996
0.999348
0.987965
1.0
0.999221
1.0
0.995081
1.0
1.0
0.999394
1.0
1.0
0.994667
1.0
0.999069
1.0
0.993433
1.0
0.999793
1.0
0.998554
1.0
1.0
0.998434
0.99971
1.0
0.998738
0.99984
1.0
1.0
0.997936
0.997645
0.999121
1.0
1.0
1.0
0.996048
0.999504
0.998374
1.0
0.99805
1.0
1.0
1.0
1.0
0.997829
0.999529
1.0
0.995256
1.0
1.0
0.998695
0.998607
1.0
1.0
1.0
1.0
0.997814
1.0
1.0
0.998842
1.0
1.0
1.0
0.997807
1.0
1.0
1.0
1.0
1.0
1.0
1.0
1.0
1.0
1.0
0.999775
0.998676
0.99931
1.0
1.0
1.0
1.0
1.0
1.0
0.997032
1.0
1.0
1.0
0.999296
1.0
0.996675
1.0
0.998712
1.0
1.0
0.99924
1.0
1.0
1.0
0.999496
1.0
1.0
1.0
1.0
1.0
0.99883
1.0
0.998118
1.0
1.0
1.0
1.0
1.0
1.0
1.0
0.999306
1.0
1.0
0.998856
0.998338
1.0
1.0
1.0
1.0
0.980906
1.0
1.0
0.998128
1.0
1.0
1.0
0.996767
0.998639
1.0
1.0
1.0
1.0
0.99792
1.0
1.0
0.997156
1.0
1.0
0.99877
0.99735
1.0
1.0
1.0
1.0
0.993226
1.0
1.0
0.997558
1.0
1.0
1.0
1.0
1.0
0.999653
1.0
0.991344
0.999401
1.0
0.993033
1.0
1.0
1.0
0.989025
1.0
0.998571
0.997889
0.999536
1.0
1.0
1.0
1.0
1.0
0.994525
1.0
0.997662
1.0
1.0
1.0
0.996836
0.999713
1.0
1.0
0.992184
1.0
0.997708
1.0
1.0
1.0
0.998144
1.0
1.0
1.0
1.0
1.0
1.0
1.0
1.0
1.0
0.99976
1.0
1.0
1.0
1.0
0.999855
1.0
0.99967
1.0
0.998758
1.0
1.0
0.998695
1.0
1.0
0.999943
1.0
0.998385
1.0
1.0
1.0
1.0
0.99967
1.0
0.995214
1.0
1.0
1.0
1.0
1.0
1.0
1.0
1.0
1.0
1.0
1.0
1.0
1.0
1.0
1.0
1.0
1.0
1.0
1.0
1.0
0.982606
0.9987
1.0
0.995976
1.0
1.0
1.0
0.997185
1.0
1.0
1.0
1.0
0.998399
1.0
1.0
1.0
1.0
1.0
1.0
1.0
1.0
1.0
0.999515
1.0
1.0
1.0
1.0
1.0
0.998899
1.0
1.0
0.993582
1.0
1.0
1.0
1.0
1.0
0.985665
1.0
1.0
1.0
1.0
1.0
1.0
0.989074
0.999754
0.998757
1.0
1.0
1.0
1.0
0.99936
0.9994
0.995882
0.999811
1.0
1.0
0.998996
1.0
1.0
1.0
0.996255
1.0
1.0
1.0
0.994839
0.99986
0.996467
1.0
1.0
1.0
1.0
1.0
1.0
1.0
0.997506
0.989787
0.999431
1.0
0.999625
1.0
0.995769
1.0
0.998077
1.0
1.0
1.0
1.0
0.988564
1.0
1.0
1.0
1.0
1.0
1.0
1.0
1.0
0.996451
1.0
1.0
1.0
