1.0
0.999794
1.0
1.0
0.947856
0.997276
0.998387
1.0
0.998636
1.0
1.0
0.999173
1.0
1.0
1.0
0.999469
1.0
1.0
1.0
1.0
1.0
1.0
1.0
0.997401
0.996588
1.0
1.0
1.0
1.0
1.0
0.99694
0.995861
1.0
1.0
1.0
1.0
1.0
1.0
0.997897
1.0
1.0
1.0
1.0
1.0
0.999318
1.0
1.0
0.994601
1.0
1.0
1.0
1.0
1.0
1.0
1.0
0.998422
0.99729
1.0
1.0
0.996588
1.0
1.0
1.0
0.979947
0.996478
1.0
1.0
0.99963
1.0
1.0
1.0
1.0
1.0
1.0
1.0
0.997031
1.0
1.0
1.0
1.0
0.997024
1.0
1.0
1.0
0.999227
1.0
1.0
0.998996
1.0
1.0
1.0
1.0
1.0
1.0
1.0
1.0
0.984006
1.0
1.0
1.0
1.0
1.0
1.0
1.0
1.0
0.99804
1.0
1.0
1.0
1.0
1.0
1.0
1.0
1.0
0.992056
1.0
1.0
1.0
1.0
1.0
1.0
1.0
1.0
1.0
0.998402
1.0
1.0
0.999503
1.0
1.0
1.0
0.999167
0.996837
1.0
1.0
1.0
1.0
1.0
1.0
1.0
1.0
1.0
1.0
1.0
0.995106
1.0
1.0
1.0
1.0
1.0
1.0
1.0
1.0
1.0
1.0
1.0
1.0
1.0
1.0
1.0
0.999121
1.0
1.0
1.0
1.0
1.0
1.0
0.994143
0.988328
1.0
1.0
1.0
1.0
1.0
1.0
1.0
1.0
1.0
1.0
1.0
0.999008
1.0
1.0
1.0
0.985516
0.999482
1.0
1.0
1.0
1.0
1.0
1.0
1.0
0.995356
1.0
1.0
1.0
1.0
0.997466
1.0
0.993456
1.0
1.0
1.0
1.0
0.998905
1.0
1.0
0.99418
1.0
1.0
1.0
1.0
1.0
0.992905
1.0
1.0
1.0
1.0
1.0
1.0
1.0
0.995292
1.0
1.0
0.997109
1.0
1.0
1.0
1.0
0.990677
1.0
1.0
1.0
1.0
1.0
0.993003
1.0
0.998803
1.0
1.0
0.994697
1.0
0.998789
1.0
0.994858
0.991517
1.0
1.0
1.0
1.0
1.0
1.0
0.986334
1.0
0.994361
1.0
1.0
1.0
1.0
1.0
1.0
1.0
1.0
1.0
1.0
1.0
0.996033
1.0
1.0
1.0
1.0
1.0
1.0
1.0
0.998275
1.0
1.0
1.0
1.0
1.0
1.0
1.0
1.0
1.0
1.0
1.0
1.0
1.0
1.0
1.0
1.0
1.0
1.0
1.0
1.0
1.0
1.0
1.0
1.0
1.0
1.0
0.995373
0.998128
1.0
1.0
1.0
1.0
1.0
1.0
1.0
1.0
0.992061
1.0
1.0
1.0
0.999336
1.0
1.0
1.0
0.988076
0.99802
1.0
1.0
1.0
1.0
0.996984
1.0
1.0
1.0
1.0
0.988759
1.0
1.0
1.0
1.0
1.0
1.0
1.0
1.0
1.0
1.0
1.0
1.0
0.998869
1.0
1.0
1.0
1.0
1.0
1.0
1.0
1.0
1.0
1.0
1.0
0.998536
0.997769
1.0
1.0
1.0
1.0
1.0
0.997164
1.0
0.998552
1.0
1.0
1.0
1.0
1.0
1.0
1.0
1.0
1.0
0.997379
1.0
1.0
1.0
0.994195
1.0
1.0
0.997737
1.0
1.0
1.0
1.0
1.0
1.0
1.0
1.0
1.0
1.0
1.0
1.0
1.0
1.0
0.999965
1.0
1.0
1.0
1.0
1.0
0.945874
1.0
1.0
1.0
1.0
1.0
1.0
1.0
1.0
1.0
0.996921
1.0
1.0
1.0
1.0
1.0
1.0
1.0
1.0
0.997662
1.0
1.0
0.989559
1.0
1.0
1.0
1.0
1.0
1.0
1.0
1.0
1.0
1.0
1.0
1.0
1.0
1.0
1.0
1.0
0.996617
0.971214
1.0
1.0
1.0
1.0
1.0
1.0
1.0
1.0
1.0
1.0
1.0
1.0
1.0
1.0
1.0
1.0
1.0
1.0
1.0
0.999497
1.0
1.0
1.0
1.0
1.0
0.999183
1.0
1.0
1.0
1.0
1.0
1.0
1.0
1.0
1.0
1.0
0.996739
1.0
1.0
1.0
0.999419
1.0
0.988927
1.0
1.0
1.0
1.0
1.0
1.0
1.0
1.0
1.0
1.0
1.0
1.0
1.0
1.0
1.0
0.999754
0.999529
1.0
1.0
1.0
1.0
1.0
1.0
1.0
1.0
0.993516
1.0
1.0
1.0
1.0
1.0
1.0
1.0
1.0
1.0
1.0
1.0
1.0
0.991743
1.0
1.0
1.0
1.0
1.0
0.988505
1.0
1.0
1.0
1.0
1.0
1.0
0.997859
1.0
0.999552
0.995019
1.0
1.0
1.0
1.0
0.976043
0.99837
1.0
1.0
1.0
1.0
1.0
1.0
1.0
1.0
0.982068
1.0
1.0
1.0
1.0
1.0
1.0
1.0
1.0
1.0
1.0
0.983352
1.0
1.0
1.0
1.0
1.0
1.0
0.992564
0.997961
1.0
1.0
1.0
1.0
1.0
1.0
0.997372
1.0
1.0
1.0
0.997981
1.0
1.0
1.0
1.0
0.99699
1.0
1.0
1.0
0.991336
1.0
1.0
0.987596
1.0
0.998324
0.982145
0.999834
1.0
1.0
0.999688
1.0
1.0
0.998771
1.0
1.0
0.99527
1.0
1.0
1.0
0.998828
1.0
1.0
1.0
0.99877
1.0
1.0
1.0
0.999323
1.0
0.997409
1.0
1.0
1.0
1.0
1.0
1.0
0.996324
1.0
1.0
1.0
0.996693
1.0
1.0
1.0
1.0
0.970831
1.0
1.0
1.0
1.0
1.0
1.0
1.0
1.0
1.0
1.0
1.0
1.0
1.0
1.0
1.0
1.0
1.0
1.0
1.0
0.91658
1.0
1.0
1.0
1.0
0.999348
0.995959
1.0
1.0
0.995625
1.0
1.0
1.0
1.0
1.0
1.0
1.0
1.0
1.0
0.99059
1.0
1.0
1.0
1.0
1.0
1.0
1.0
1.0
1.0
0.998619
1.0
1.0
1.0
1.0
0.999288
1.0
1.0
1.0
0.998593
1.0
0.993307
1.0
1.0
1.0
1.0
1.0
0.998174
1.0
1.0
1.0
1.0
1.0
1.0
0.997258
1.0
1.0
0.998944
1.0
1.0
1.0
1.0
1.0
0.995815
1.0
1.0
1.0
1.0
1.0
1.0
1.0
1.0
0.998763
0.99925
1.0
1.0
0.997785
1.0
1.0
0.998315
1.0
1.0
1.0
0.992793
1.0
1.0
1.0
0.999714
1.0
1.0
1.0
1.0
1.0
1.0
1.0
1.0
1.0
0.996448
1.0
1.0
0.999529
1.0
1.0
1.0
1.0
1.0
1.0
1.0
1.0
1.0
1.0
0.997717
1.0
1.0
1.0
1.0
1.0
1.0
0.989943
1.0
0.998424
1.0
1.0
1.0
1.0
1.0
1.0
1.0
1.0
0.999331
1.0
0.990609
0.974255
0.999884
1.0
1.0
1.0
1.0
1.0
1.0
1.0
0.999037
0.998298
1.0
1.0
0.998065
1.0
1.0
1.0
1.0
1.0
1.0
1.0
1.0
0.993971
1.0
0.999529
1.0
1.0
1.0
1.0
1.0
1.0
1.0
1.0
1.0
1.0
1.0
0.999962
1.0
1.0
1.0
1.0
1.0
1.0
0.991083
1.0
0.999616
1.0
1.0
1.0
1.0
1.0
1.0
1.0
1.0
1.0
0.998961
1.0
1.0
1.0
1.0
1.0
1.0
1.0
0.999573
1.0
1.0
1.0
1.0
1.0
1.0
0.99763
0.996502
1.0
1.0
1.0
0.998402
0.999637
1.0
1.0
1.0
1.0
0.999529
1.0
1.0
1.0
1.0
1.0
1.0
0.993582
0.996924
1.0
1.0
1.0
1.0
1.0
1.0
0.995866
1.0
0.98962
1.0
0.997776
1.0
1.0
1.0
1.0
0.998941
1.0
1.0
