1.0
1.0
1.0
1.0
1.0
1.0
0.997266
1.0
1.0
1.0
1.0
1.0
1.0
1.0
1.0
0.999529
1.0
1.0
1.0
1.0
1.0
1.0
1.0
1.0
1.0
1.0
0.998745
1.0
1.0
0.994647
0.99178
1.0
1.0
1.0
0.998983
1.0
1.0
1.0
1.0
1.0
1.0
1.0
1.0
1.0
1.0
1.0
1.0
1.0
1.0
1.0
1.0
1.0
1.0
1.0
1.0
0.999038
1.0
1.0
1.0
1.0
1.0
1.0
1.0
1.0
1.0
1.0
1.0
1.0
1.0
1.0
1.0
1.0
1.0
1.0
0.999779
1.0
1.0
1.0
1.0
1.0
1.0
1.0
1.0
1.0
1.0
1.0
1.0
1.0
1.0
1.0
0.999469
1.0
1.0
0.996929
1.0
1.0
1.0
1.0
0.999042
0.996253
1.0
1.0
1.0
1.0
1.0
0.985058
1.0
0.999443
1.0
1.0
0.998316
1.0
1.0
1.0
1.0
1.0
1.0
1.0
1.0
1.0
1.0
1.0
1.0
1.0
0.994599
0.999634
1.0
1.0
0.98429
1.0
1.0
1.0
1.0
0.998687
1.0
1.0
1.0
1.0
0.991209
1.0
1.0
1.0
1.0
0.999738
1.0
1.0
0.997218
1.0
0.995373
0.996765
0.993493
1.0
0.997758
1.0
0.994316
0.999049
1.0
1.0
1.0
1.0
0.997007
1.0
1.0
1.0
0.997518
1.0
1.0
1.0
1.0
1.0
1.0
1.0
1.0
1.0
0.995862
1.0
0.990288
0.999535
1.0
1.0
1.0
1.0
1.0
1.0
1.0
0.999347
1.0
1.0
1.0
1.0
1.0
1.0
1.0
1.0
0.995899
1.0
1.0
1.0
1.0
0.998658
1.0
1.0
1.0
1.0
1.0
1.0
1.0
1.0
1.0
1.0
1.0
0.999482
1.0
1.0
1.0
1.0
1.0
1.0
1.0
1.0
1.0
1.0
1.0
1.0
0.982603
1.0
1.0
1.0
1.0
1.0
1.0
1.0
1.0
0.996336
1.0
1.0
0.997004
0.995164
1.0
1.0
1.0
1.0
1.0
1.0
1.0
1.0
1.0
0.999084
1.0
1.0
0.997865
1.0
1.0
1.0
0.998779
0.991483
1.0
1.0
1.0
1.0
0.994134
1.0
1.0
0.998996
1.0
0.997408
1.0
0.999798
1.0
1.0
0.999752
1.0
0.997526
0.999361
1.0
1.0
1.0
1.0
1.0
0.99806
1.0
1.0
1.0
1.0
1.0
1.0
1.0
1.0
1.0
0.994833
1.0
1.0
1.0
1.0
0.999065
0.999674
0.998767
1.0
0.996498
0.998474
