0.996319
0.998768
1.0
1.0
1.0
1.0
1.0
0.998352
0.997172
1.0
1.0
0.994995
0.999613
0.996153
1.0
1.0
0.999654
1.0
1.0
1.0
1.0
1.0
1.0
1.0
1.0
0.99976
0.999929
1.0
1.0
1.0
1.0
1.0
1.0
1.0
0.99981
0.998722
0.999292
0.999655
0.997905
1.0
0.996564
1.0
1.0
1.0
1.0
0.995491
0.999553
0.999193
1.0
1.0
1.0
0.998905
1.0
1.0
1.0
1.0
1.0
0.992098
0.997513
1.0
1.0
1.0
1.0
1.0
1.0
1.0
1.0
1.0
1.0
0.991184
1.0
0.999272
1.0
1.0
1.0
1.0
1.0
1.0
1.0
1.0
1.0
1.0
0.99971
1.0
0.998745
0.998973
1.0
0.997155
0.999039
0.998346
0.999418
1.0
0.998819
1.0
1.0
1.0
0.99786
0.998717
1.0
1.0
0.997514
1.0
1.0
0.999339
1.0
0.995311
1.0
1.0
1.0
0.999569
1.0
1.0
0.990666
1.0
1.0
1.0
1.0
0.999181
0.998892
0.99734
1.0
1.0
1.0
1.0
0.999786
1.0
1.0
1.0
0.998456
1.0
1.0
0.99678
1.0
1.0
1.0
0.998758
1.0
0.99884
1.0
1.0
1.0
0.997847
1.0
1.0
1.0
0.994829
1.0
1.0
1.0
0.999127
1.0
1.0
0.985594
1.0
1.0
0.991138
1.0
1.0
1.0
1.0
1.0
0.996912
1.0
0.997799
0.998366
1.0
1.0
1.0
1.0
0.999187
1.0
1.0
1.0
1.0
1.0
1.0
0.994146
1.0
0.998579
1.0
1.0
0.998245
1.0
0.996219
1.0
1.0
0.998525
1.0
1.0
0.998249
1.0
1.0
1.0
1.0
1.0
1.0
0.998629
1.0
1.0
1.0
0.99655
1.0
1.0
0.993232
1.0
0.998674
1.0
1.0
0.997721
0.998253
0.994206
1.0
0.9996
1.0
1.0
1.0
1.0
1.0
1.0
1.0
1.0
1.0
0.992393
1.0
1.0
0.998495
1.0
0.994417
1.0
0.998065
0.998024
0.997062
1.0
1.0
1.0
1.0
0.997061
1.0
1.0
1.0
1.0
1.0
1.0
1.0
0.998676
1.0
0.998919
0.989129
0.987115
0.999622
1.0
1.0
0.992693
0.998916
0.99967
1.0
0.998081
1.0
1.0
1.0
0.997991
1.0
1.0
1.0
1.0
1.0
1.0
1.0
1.0
1.0
0.999392
1.0
1.0
1.0
0.990143
1.0
1.0
1.0
1.0
1.0
0.999342
1.0
0.99849
1.0
0.999348
0.999762
1.0
1.0
1.0
1.0
1.0
1.0
1.0
1.0
1.0
1.0
1.0
1.0
1.0
1.0
1.0
1.0
1.0
1.0
1.0
1.0
0.999653
1.0
1.0
1.0
1.0
1.0
1.0
1.0
1.0
1.0
1.0
1.0
1.0
1.0
1.0
1.0
1.0
1.0
1.0
0.989526
1.0
1.0
1.0
0.999622
1.0
0.997569
1.0
0.999476
1.0
0.974318
1.0
1.0
1.0
1.0
1.0
1.0
0.996917
1.0
0.999529
1.0
0.999428
1.0
1.0
1.0
0.999821
1.0
0.998932
1.0
0.997014
1.0
1.0
0.998503
1.0
1.0
0.996634
1.0
1.0
0.998537
1.0
1.0
1.0
1.0
1.0
1.0
1.0
1.0
1.0
0.998306
1.0
1.0
1.0
1.0
1.0
0.996791
1.0
1.0
1.0
1.0
1.0
0.999046
1.0
0.996679
1.0
1.0
1.0
1.0
1.0
1.0
1.0
1.0
0.98161
0.999174
1.0
1.0
1.0
1.0
1.0
1.0
1.0
0.985469
0.996664
1.0
1.0
1.0
1.0
1.0
1.0
0.998736
0.999893
1.0
1.0
0.999253
0.998873
1.0
1.0
1.0
0.999016
0.998431
1.0
0.989895
0.995657
1.0
1.0
1.0
0.999259
1.0
0.995564
1.0
1.0
1.0
0.986388
1.0
1.0
0.996753
0.998717
1.0
1.0
1.0
0.998138
1.0
1.0
1.0
0.998238
1.0
0.996161
1.0
0.989589
1.0
1.0
1.0
0.997299
1.0
0.995592
0.998789
1.0
1.0
0.970237
1.0
1.0
1.0
1.0
0.998106
1.0
1.0
0.999603
0.998234
1.0
1.0
0.998121
1.0
1.0
1.0
1.0
1.0
0.991451
0.99261
1.0
1.0
0.996637
1.0
1.0
1.0
0.997968
0.998711
0.995308
1.0
1.0
1.0
0.997831
1.0
0.999776
1.0
0.997084
1.0
1.0
1.0
1.0
1.0
1.0
1.0
1.0
0.999529
0.999425
1.0
1.0
0.997897
1.0
1.0
1.0
1.0
1.0
0.99943
0.999388
1.0
0.978044
1.0
1.0
1.0
1.0
1.0
1.0
0.993932
1.0
0.999278
0.999784
1.0
1.0
1.0
0.99567
1.0
1.0
1.0
1.0
1.0
1.0
0.999397
0.997694
0.997503
1.0
0.997608
1.0
0.999462
0.989694
1.0
1.0
0.99929
1.0
1.0
0.998868
1.0
1.0
1.0
0.999504
1.0
0.999375
1.0
1.0
0.998996
1.0
1.0
0.999209
0.998543
0.999346
1.0
1.0
0.998789
1.0
1.0
1.0
1.0
1.0
1.0
1.0
1.0
0.999147
0.996588
0.996461
1.0
1.0
1.0
1.0
0.995707
1.0
1.0
1.0
1.0
0.999796
1.0
1.0
0.99111
1.0
0.998946
1.0
0.998119
