1.0
1.0
1.0
1.0
1.0
0.99572
1.0
0.972084
1.0
1.0
1.0
1.0
1.0
1.0
1.0
0.994481
0.995607
1.0
1.0
1.0
1.0
1.0
1.0
1.0
1.0
1.0
1.0
1.0
1.0
1.0
1.0
0.997412
1.0
1.0
1.0
1.0
1.0
1.0
1.0
1.0
1.0
1.0
1.0
1.0
1.0
1.0
1.0
1.0
1.0
1.0
0.998736
1.0
1.0
1.0
1.0
1.0
1.0
1.0
1.0
1.0
1.0
1.0
1.0
1.0
1.0
1.0
1.0
1.0
0.998417
1.0
1.0
0.999294
1.0
1.0
1.0
1.0
1.0
1.0
1.0
1.0
1.0
1.0
1.0
1.0
1.0
1.0
1.0
1.0
1.0
1.0
0.990482
1.0
1.0
1.0
1.0
1.0
1.0
1.0
1.0
1.0
1.0
1.0
1.0
1.0
0.998805
1.0
0.9972
1.0
1.0
1.0
1.0
1.0
0.994555
1.0
1.0
1.0
1.0
1.0
1.0
0.996708
1.0
1.0
1.0
1.0
1.0
1.0
1.0
1.0
1.0
1.0
1.0
1.0
0.99951
1.0
1.0
1.0
1.0
0.995544
1.0
1.0
1.0
1.0
1.0
1.0
1.0
1.0
1.0
1.0
1.0
1.0
1.0
1.0
1.0
1.0
1.0
1.0
1.0
1.0
1.0
1.0
1.0
1.0
1.0
1.0
1.0
1.0
1.0
1.0
1.0
1.0
1.0
0.961595
1.0
1.0
1.0
1.0
1.0
1.0
1.0
1.0
1.0
1.0
1.0
1.0
1.0
1.0
1.0
1.0
1.0
1.0
1.0
1.0
1.0
1.0
1.0
0.984723
1.0
1.0
1.0
1.0
1.0
1.0
1.0
1.0
0.999121
1.0
1.0
1.0
1.0
1.0
1.0
1.0
1.0
1.0
1.0
1.0
1.0
0.995616
1.0
1.0
1.0
1.0
1.0
1.0
1.0
0.989958
1.0
1.0
0.998789
1.0
1.0
1.0
0.977754
1.0
1.0
1.0
1.0
1.0
1.0
1.0
1.0
0.994504
1.0
1.0
1.0
1.0
1.0
1.0
1.0
1.0
1.0
0.988463
0.997933
0.995184
1.0
1.0
1.0
1.0
1.0
0.986898
1.0
1.0
0.999434
1.0
1.0
1.0
0.994181
1.0
1.0
0.971663
1.0
1.0
1.0
1.0
1.0
1.0
0.995436
1.0
1.0
1.0
0.997717
1.0
1.0
0.994921
1.0
1.0
1.0
1.0
1.0
1.0
1.0
1.0
1.0
0.997897
0.997694
1.0
1.0
1.0
0.989182
1.0
1.0
1.0
1.0
1.0
1.0
1.0
1.0
1.0
1.0
1.0
1.0
1.0
1.0
1.0
1.0
1.0
1.0
1.0
1.0
1.0
0.989508
1.0
1.0
0.858288
0.997654
1.0
1.0
1.0
1.0
1.0
1.0
1.0
1.0
1.0
1.0
0.997575
0.996932
1.0
0.978135
1.0
0.997662
1.0
1.0
1.0
1.0
1.0
1.0
1.0
1.0
1.0
1.0
1.0
1.0
1.0
1.0
1.0
1.0
1.0
1.0
1.0
1.0
1.0
1.0
1.0
1.0
1.0
1.0
1.0
1.0
1.0
1.0
1.0
1.0
1.0
1.0
0.994787
0.99939
1.0
1.0
0.998251
1.0
1.0
1.0
1.0
1.0
1.0
1.0
1.0
1.0
1.0
1.0
1.0
0.997942
1.0
0.993193
1.0
1.0
1.0
1.0
1.0
0.993092
1.0
1.0
1.0
0.993065
1.0
0.991947
1.0
1.0
1.0
0.998941
1.0
1.0
1.0
1.0
1.0
1.0
1.0
0.996534
1.0
1.0
1.0
1.0
1.0
1.0
0.919519
1.0
1.0
1.0
1.0
1.0
1.0
1.0
1.0
1.0
1.0
1.0
1.0
1.0
1.0
1.0
1.0
1.0
1.0
1.0
1.0
1.0
1.0
1.0
1.0
1.0
1.0
1.0
1.0
1.0
1.0
1.0
1.0
1.0
0.997784
1.0
1.0
1.0
1.0
1.0
1.0
1.0
1.0
0.998952
1.0
1.0
1.0
1.0
1.0
1.0
0.999253
1.0
1.0
1.0
1.0
1.0
1.0
1.0
1.0
1.0
1.0
1.0
1.0
1.0
1.0
1.0
1.0
1.0
0.970063
1.0
1.0
1.0
1.0
1.0
1.0
1.0
1.0
0.994833
1.0
1.0
1.0
0.999477
1.0
0.998969
1.0
1.0
0.990407
1.0
1.0
1.0
0.974517
1.0
1.0
0.995403
0.979018
1.0
1.0
1.0
1.0
1.0
1.0
1.0
1.0
1.0
1.0
1.0
1.0
1.0
1.0
1.0
1.0
1.0
0.996829
1.0
1.0
1.0
1.0
1.0
1.0
1.0
1.0
1.0
0.993929
1.0
1.0
1.0
0.991633
1.0
1.0
1.0
1.0
0.9981
1.0
1.0
1.0
1.0
1.0
1.0
1.0
1.0
1.0
0.997284
1.0
1.0
1.0
1.0
0.999629
1.0
1.0
1.0
1.0
0.999265
1.0
1.0
1.0
1.0
1.0
1.0
0.997197
1.0
1.0
1.0
1.0
1.0
1.0
1.0
1.0
0.995517
1.0
1.0
1.0
1.0
1.0
1.0
1.0
