========================================
1	2	0.193753
--------------
[0.193753, 0.193753]
[0.1780270977406966, 0.22797290225930342]
[0.1599427584601803, 0.2080572415398197]
[0.19140809672253217, 0.24259190327746782]
[0.16184202584556162, 0.21015797415443838]
[0.16754609996721206, 0.21645390003278794]
[0.1675460999672121, 0.21645390003278792]
[0.18471196809549076, 0.23528803190450923]
[0.14384351836073847, 0.19015648163926155]
[0.19140809672253217, 0.24259190327746782]
[0.1808906367735324, 0.23110936322646758]
[0.193753, 0.193753]
[0.193753, 0.193753]
[0.16564370936696823, 0.21435629063303177]
[0.1637423471275898, 0.2122576528724102]
[0.193753, 0.193753]
[0.17898137397873176, 0.2290186260212682]
[0.193753, 0.193753]
[0.17898137397873176, 0.2290186260212682]
[0.193753, 0.193753]
[0.193753, 0.193753]
[0.17325932085824158, 0.22274067914175844]
[0.17802709774069664, 0.2279729022593034]
[0.177073060010583, 0.22692693998941701]
[0.16184202584556162, 0.21015797415443838]
[0.16089225959334708, 0.20910774040665292]
[0.17230649583408875, 0.22169350416591127]
[0.17135391750579898, 0.22064608249420103]
[0.17135391750579898, 0.22064608249420103]
[0.17611926211018025, 0.22588073788981977]
[0.17898137397873176, 0.2290186260212682]
[0.18758038282812403, 0.23841961717187596]
[0.19140809672253217, 0.24259190327746782]
[0.15046270852122656, 0.1975372914787734]
[0.193753, 0.193753]
[0.193753, 0.193753]
[0.15519928895393914, 0.20280071104606084]
[0.1694495066624516, 0.21855049333754842]
[0.1694495066624516, 0.21855049333754842]
[0.17802709774069664, 0.2279729022593034]
[0.16469289892277977, 0.21330710107722023]
[0.16184202584556165, 0.21015797415443835]
[0.17993588741937885, 0.23006411258062112]
[0.14857005713283447, 0.1954299428671655]
[0.17135391750579895, 0.22064608249420106]
[0.16279205556638246, 0.21120794443361754]
[0.193753, 0.193753]
[0.17707306001058298, 0.22692693998941704]
[0.17611926211018025, 0.22588073788981977]
[0.17135391750579898, 0.22064608249420103]
[0.19236558203860507, 0.24363441796139493]
[0.193753, 0.193753]
[0.17898137397873173, 0.22901862602126824]
[0.193753, 0.193753]
[0.16659477689620866, 0.21540522310379134]
[0.16849767705698115, 0.21750232294301886]
[0.15709586262144085, 0.20490413737855914]
[0.17421239116974702, 0.223787608830253]
[0.193753, 0.193753]
[0.193753, 0.193753]
[0.17325932085824153, 0.2227406791417585]
[0.15425141449213145, 0.20174858550786853]
[0.16469289892277975, 0.21330710107722026]
[0.17421239116974702, 0.223787608830253]
[0.17230649583408877, 0.22169350416591124]
[0.193753, 0.193753]
[0.16184202584556165, 0.21015797415443835]
[0.15709586262144087, 0.20490413737855911]
[0.14667856097383666, 0.19332143902616336]
[0.1580445582663465, 0.2059554417336535]
[0.16754609996721204, 0.21645390003278797]
[0.17135391750579898, 0.22064608249420103]
[0.1542514144921314, 0.2017485855078686]
[0.16754609996721204, 0.21645390003278797]
[0.17230649583408875, 0.22169350416591127]
[0.1828008381453707, 0.23319916185462927]
[0.17230649583408877, 0.22169350416591124]
[0.1580445582663465, 0.2059554417336535]
[0.1780270977406966, 0.22797290225930342]
[0.193753, 0.193753]
[0.16944950666245157, 0.21855049333754845]
[0.1780270977406966, 0.22797290225930342]
[0.16374234712758987, 0.21225765287241014]
[0.16659477689620864, 0.21540522310379137]
[0.16849767705698115, 0.21750232294301886]
[0.17611926211018025, 0.22588073788981977]
[0.193753, 0.193753]
[0.17325932085824158, 0.22274067914175844]
[0.16089225959334708, 0.20910774040665292]
[0.18184562076802668, 0.2321543792319733]
[0.1971562947830607, 0.2488437052169393]
[0.16279205556638243, 0.21120794443361757]
[0.16184202584556165, 0.21015797415443835]
[0.17802709774069664, 0.2279729022593034]
[0.15709586262144082, 0.20490413737855917]
[0.18471196809549076, 0.23528803190450923]
[0.16374234712758984, 0.21225765287241016]
[0.16564370936696823, 0.21435629063303177]
[0.193753, 0.193753]
[0.17325932085824156, 0.22274067914175846]
[0.17325932085824156, 0.22274067914175846]
[0.17707306001058298, 0.22692693998941704]
[0.18184562076802668, 0.2321543792319733]
[0.16849767705698115, 0.21750232294301886]
[0.1551992889539392, 0.2028007110460608]
[0.17516570537803716, 0.22483429462196286]
[0.16754609996721204, 0.21645390003278797]
[0.17135391750579898, 0.22064608249420103]
[0.16754609996721204, 0.21645390003278797]
[0.19045083302278346, 0.24154916697721654]
[0.14195498221679542, 0.1880450177832046]
[0.17516570537803713, 0.2248342946219629]
[0.1818456207680267, 0.23215437923197327]
[0.18949379205333067, 0.24050620794666933]
[0.16469289892277977, 0.21330710107722023]
[0.16564370936696823, 0.21435629063303177]
[0.17993588741937885, 0.23006411258062112]
[0.15519928895393917, 0.20280071104606082]
[0.1694495066624516, 0.21855049333754842]
[0.1514094624915043, 0.19859053750849567]
[0.19236558203860502, 0.24363441796139498]
[0.17421239116974702, 0.223787608830253]
[0.1589935241191352, 0.2070064758808648]
[0.18758038282812403, 0.23841961717187596]
[0.16279205556638243, 0.21120794443361757]
[0.17040158730013918, 0.21959841269986083]
[0.17993588741937885, 0.23006411258062112]
[0.1580445582663465, 0.2059554417336535]
[0.13723899301280423, 0.18276100698719577]
[0.16469289892277977, 0.21330710107722023]
[0.15994275846018027, 0.20805724153981972]
[0.14478823624465348, 0.19121176375534654]
[0.17516570537803716, 0.22483429462196286]
[0.17611926211018025, 0.22588073788981977]
[0.17898137397873176, 0.2290186260212682]
[0.14857005713283447, 0.1954299428671655]
[0.193753, 0.193753]
[0.193753, 0.193753]
[0.17230649583408872, 0.2216935041659113]
[0.16279205556638246, 0.21120794443361754]
[0.16089225959334708, 0.20910774040665292]
[0.14384351836073847, 0.19015648163926155]
[0.16754609996721204, 0.21645390003278797]
[0.15235649940373927, 0.1996435005962607]
[0.18089063677353243, 0.23110936322646755]
[0.17611926211018025, 0.22588073788981977]
[0.193753, 0.193753]
[0.15614743892798436, 0.20385256107201563]
[0.1704015873001392, 0.2195984126998608]
[0.1704015873001392, 0.2195984126998608]
[0.16089225959334708, 0.20910774040665292]
[0.19140809672253217, 0.24259190327746782]
[0.16849767705698115, 0.21750232294301886]
[0.16469289892277975, 0.21330710107722026]
[0.18949379205333064, 0.24050620794666935]
[0.15519928895393917, 0.20280071104606082]
[0.17802709774069664, 0.2279729022593034]
[0.193753, 0.193753]
[0.17611926211018025, 0.22588073788981977]
[0.17325932085824153, 0.2227406791417585]
[0.17325932085824156, 0.22274067914175846]
[0.17230649583408877, 0.22169350416591124]
[0.16659477689620866, 0.21540522310379134]
[0.17611926211018025, 0.22588073788981977]
[0.1828008381453707, 0.23319916185462927]
[0.16944950666245157, 0.21855049333754845]
[0.15994275846018027, 0.20805724153981972]
[0.1665947768962086, 0.2154052231037914]
[0.1751657053780372, 0.22483429462196283]
[0.17898137397873176, 0.2290186260212682]
[0.1514094624915043, 0.19859053750849567]
[0.17898137397873176, 0.2290186260212682]
[0.193753, 0.193753]
[0.17898137397873173, 0.22901862602126824]
[0.17898137397873176, 0.2290186260212682]
[0.17898137397873176, 0.2290186260212682]
[0.16754609996721206, 0.21645390003278794]
[0.16659477689620866, 0.21540522310379134]
[0.193753, 0.193753]
[0.14762416364825556, 0.19437583635174446]
[0.17707306001058298, 0.22692693998941704]
[0.1608922595933471, 0.2091077404066529]
[0.193753, 0.193753]
[0.15425141449213145, 0.20174858550786853]
[0.18662401686787913, 0.23737598313212085]
[0.193753, 0.193753]
[0.19428121312931343, 0.24571878687068657]
[0.17898137397873176, 0.2290186260212682]
[0.193753, 0.193753]
[0.1608922595933471, 0.2091077404066529]
[0.16564370936696826, 0.21435629063303174]
[0.17421239116974702, 0.223787608830253]
[0.16469289892277975, 0.21330710107722026]
[0.18471196809549079, 0.2352880319045092]
[0.193753, 0.193753]
[0.14857005713283447, 0.1954299428671655]
[0.193753, 0.193753]
[0.1599427584601803, 0.2080572415398197]
[0.193753, 0.193753]
[0.17516570537803716, 0.22483429462196286]
[0.193753, 0.193753]
[0.15046270852122656, 0.1975372914787734]
[0.1723064958340888, 0.22169350416591121]
[0.16374234712758984, 0.21225765287241016]
[0.16849767705698115, 0.21750232294301886]
[0.17611926211018025, 0.22588073788981977]
[0.1542514144921314, 0.2017485855078686]
[0.17421239116974702, 0.223787608830253]
[0.18089063677353243, 0.23110936322646755]
[0.17611926211018025, 0.22588073788981977]
[0.15519928895393914, 0.20280071104606084]
[0.1828008381453707, 0.23319916185462927]
[0.17325932085824153, 0.2227406791417585]
[0.1732593208582415, 0.22274067914175852]
[0.16849767705698115, 0.21750232294301886]
[0.16469289892277975, 0.21330710107722026]
[0.18853697494148788, 0.2394630250585121]
[0.193753, 0.193753]
[0.14857005713283447, 0.1954299428671655]
[0.14478823624465348, 0.19121176375534654]
[0.193753, 0.193753]
[0.1589935241191352, 0.2070064758808648]
[0.1599427584601803, 0.2080572415398197]
[0.17707306001058296, 0.22692693998941707]
[0.16754609996721204, 0.21645390003278797]
[0.16374234712758987, 0.21225765287241014]
[0.16659477689620866, 0.21540522310379134]
[0.17898137397873176, 0.2290186260212682]
[0.1694495066624516, 0.21855049333754842]
[0.193753, 0.193753]
[0.193753, 0.193753]
[0.19140809672253217, 0.24259190327746782]
[0.16184202584556162, 0.21015797415443838]
[0.17325932085824158, 0.22274067914175844]
[0.1542514144921314, 0.2017485855078686]
[0.17421239116974702, 0.223787608830253]
[0.1580445582663465, 0.2059554417336535]
[0.17611926211018025, 0.22588073788981977]
[0.17802709774069664, 0.2279729022593034]
[0.1885369749414879, 0.23946302505851208]
[0.20291224135094008, 0.25508775864905997]
[0.177073060010583, 0.22692693998941701]
[0.16944950666245157, 0.21855049333754845]
[0.16469289892277975, 0.21330710107722026]
[0.18758038282812406, 0.23841961717187593]
[0.16279205556638246, 0.21120794443361754]
[0.16754609996721204, 0.21645390003278797]
[0.16754609996721206, 0.21645390003278794]
[0.1808906367735324, 0.23110936322646758]
[0.15804455826634656, 0.20595544173365343]
[0.1704015873001392, 0.2195984126998608]
[0.1637423471275898, 0.2122576528724102]
[0.1580445582663465, 0.2059554417336535]
[0.193753, 0.193753]
[0.193753, 0.193753]
[0.16374234712758984, 0.21225765287241016]
[0.17898137397873176, 0.2290186260212682]
[0.1675460999672121, 0.21645390003278792]
[0.1704015873001392, 0.2195984126998608]
[0.1589935241191352, 0.2070064758808648]
[0.16849767705698115, 0.21750232294301886]
[0.193753, 0.193753]
[0.17135391750579898, 0.22064608249420103]
[0.15519928895393917, 0.20280071104606082]
[0.193753, 0.193753]
[0.16089225959334708, 0.20910774040665292]
[0.16089225959334708, 0.20910774040665292]
[0.16469289892277975, 0.21330710107722026]
[0.16944950666245157, 0.21855049333754845]
[0.15330381736072995, 0.20069618263927003]
[0.16469289892277975, 0.21330710107722026]
[0.16849767705698115, 0.21750232294301886]
[0.193753, 0.193753]
[0.14951623941749587, 0.1964837605825041]
[0.15425141449213145, 0.20174858550786853]
[0.1599427584601803, 0.2080572415398197]
[0.14667856097383666, 0.19332143902616336]
[0.15046270852122656, 0.1975372914787734]
[0.193753, 0.193753]
[0.1780270977406966, 0.22797290225930342]
[0.15140946249150433, 0.19859053750849565]
[0.17611926211018025, 0.22588073788981977]
[0.171353917505799, 0.220646082494201]
[0.193753, 0.193753]
[0.1580445582663465, 0.2059554417336535]
[0.1723064958340888, 0.22169350416591121]
[0.14478823624465348, 0.19121176375534654]
[0.19332328787016687, 0.24467671212983313]
[0.17230649583408877, 0.22169350416591124]
[0.16089225959334705, 0.20910774040665295]
[0.1542514144921314, 0.2017485855078686]
[0.17230649583408875, 0.22169350416591127]
[0.18949379205333067, 0.24050620794666933]
[0.16849767705698115, 0.21750232294301886]
[0.16849767705698115, 0.21750232294301886]
[0.1704015873001392, 0.2195984126998608]
[0.1551992889539392, 0.2028007110460608]
[0.15614743892798438, 0.2038525610720156]
[0.193753, 0.193753]
[0.18375628766349258, 0.2342437123365074]
[0.1457332511493069, 0.19226674885069311]
[0.16944950666245157, 0.21855049333754845]
[0.1818456207680267, 0.23215437923197327]
[0.1818456207680267, 0.23215437923197327]
[0.1808906367735324, 0.23110936322646758]
[0.16469289892277975, 0.21330710107722026]
[0.16659477689620866, 0.21540522310379134]
[0.17040158730013918, 0.21959841269986083]
[0.16944950666245157, 0.21855049333754845]
[0.17230649583408875, 0.22169350416591127]
[0.17135391750579898, 0.22064608249420103]
[0.18089063677353243, 0.23110936322646755]
[0.16849767705698115, 0.21750232294301886]
[0.193753, 0.193753]
[0.1627920555663825, 0.2112079444336175]
[0.1542514144921314, 0.2017485855078686]
[0.16469289892277975, 0.21330710107722026]
[0.1637423471275898, 0.2122576528724102]
[0.16659477689620864, 0.21540522310379137]
[0.1580445582663465, 0.2059554417336535]
[0.17421239116974702, 0.223787608830253]
[0.17802709774069664, 0.2279729022593034]
[0.16089225959334708, 0.20910774040665292]
[0.193753, 0.193753]
[0.17707306001058298, 0.22692693998941704]
[0.17707306001058298, 0.22692693998941704]
[0.16469289892277975, 0.21330710107722026]
[0.193753, 0.193753]
[0.16469289892277975, 0.21330710107722026]
[0.17040158730013918, 0.21959841269986083]
[0.1589935241191352, 0.2070064758808648]
[0.17325932085824156, 0.22274067914175846]
[0.18184562076802668, 0.2321543792319733]
[0.1514094624915043, 0.19859053750849567]
[0.15614743892798433, 0.20385256107201566]
[0.1675460999672121, 0.21645390003278792]
[0.15425141449213137, 0.20174858550786862]
[0.1542514144921314, 0.2017485855078686]
[0.16374234712758987, 0.21225765287241014]
[0.15046270852122656, 0.1975372914787734]
[0.193753, 0.193753]
[0.16374234712758984, 0.21225765287241016]
[0.16089225959334708, 0.20910774040665292]
[0.16944950666245157, 0.21855049333754845]
[0.16659477689620866, 0.21540522310379134]
[0.15709586262144082, 0.20490413737855917]
[0.1608922595933471, 0.2091077404066529]
[0.17325932085824153, 0.2227406791417585]
[0.16754609996721204, 0.21645390003278797]
[0.16659477689620866, 0.21540522310379134]
[0.193753, 0.193753]
[0.174212391169747, 0.22378760883025303]
[0.193753, 0.193753]
[0.1837562876634926, 0.23424371233650737]
[0.18089063677353243, 0.23110936322646755]
[0.17898137397873176, 0.2290186260212682]
[0.18184562076802668, 0.2321543792319733]
[0.16374234712758987, 0.21225765287241014]
[0.1627920555663824, 0.2112079444336176]
[0.1694495066624516, 0.21855049333754842]
[0.1599427584601803, 0.2080572415398197]
[0.17898137397873173, 0.22901862602126824]
[0.1751657053780372, 0.22483429462196283]
[0.1856678782293847, 0.2363321217706153]
[0.193753, 0.193753]
[0.15330381736072995, 0.20069618263927003]
[0.1580445582663465, 0.2059554417336535]
[0.17611926211018025, 0.22588073788981977]
[0.193753, 0.193753]
[0.16089225959334708, 0.20910774040665292]
[0.17421239116974702, 0.223787608830253]
[0.16564370936696823, 0.21435629063303177]
[0.193753, 0.193753]
[0.1618420258455616, 0.2101579741544384]
[0.16754609996721204, 0.21645390003278797]
[0.1627920555663824, 0.2112079444336176]
[0.16279205556638243, 0.21120794443361757]
[0.1780270977406966, 0.22797290225930342]
[0.16279205556638243, 0.21120794443361757]
[0.17611926211018025, 0.22588073788981977]
[0.1694495066624516, 0.21855049333754842]
[0.17040158730013918, 0.21959841269986083]
[0.1542514144921314, 0.2017485855078686]
[0.16089225959334708, 0.20910774040665292]
[0.15709586262144085, 0.20490413737855914]
[0.13723899301280423, 0.18276100698719577]
[0.16659477689620864, 0.21540522310379137]
[0.18662401686787916, 0.23737598313212083]
[0.18662401686787916, 0.23737598313212083]
[0.1723064958340888, 0.22169350416591121]
[0.16184202584556168, 0.21015797415443832]
[0.17898137397873176, 0.2290186260212682]
[0.16849767705698115, 0.21750232294301886]
[0.193753, 0.193753]
[0.16184202584556162, 0.21015797415443838]
[0.1828008381453707, 0.23319916185462927]
[0.17421239116974702, 0.223787608830253]
[0.14667856097383666, 0.19332143902616336]
[0.15804455826634653, 0.20595544173365346]
[0.16849767705698115, 0.21750232294301886]
[0.193753, 0.193753]
[0.17421239116974702, 0.223787608830253]
[0.18280083814537068, 0.2331991618546293]
[0.17993588741937885, 0.23006411258062112]
[0.15330381736072995, 0.20069618263927003]
[0.17898137397873176, 0.2290186260212682]
[0.15994275846018027, 0.20805724153981972]
[0.16564370936696826, 0.21435629063303174]
[0.1856678782293847, 0.2363321217706153]
[0.177073060010583, 0.22692693998941701]
[0.15709586262144082, 0.20490413737855917]
[0.16374234712758987, 0.21225765287241014]
[0.17230649583408877, 0.22169350416591124]
[0.16089225959334708, 0.20910774040665292]
[0.15519928895393917, 0.20280071104606082]
[0.1514094624915043, 0.19859053750849567]
[0.17040158730013918, 0.21959841269986083]
[0.18089063677353243, 0.23110936322646755]
[0.19045083302278346, 0.24154916697721654]
[0.193753, 0.193753]
[0.14762416364825554, 0.1943758363517445]
[0.18089063677353243, 0.23110936322646755]
[0.15994275846018036, 0.20805724153981964]
[0.16849767705698115, 0.21750232294301886]
