#Original graph size: 35 nodes, 63 edges
#Modified graph size: 26 nodes, 63 edges
#Probing for 5 times..................................................
#V	E	P	T
15	34	1	30
15	37	1	30
17	38	1	10
17	36	1	10
15	33	1	10
12	27	1	0
13	28	1	0
15	35	1	0
16	36	1	10
16	37	1	0
12	28	1	0
12	27	1	10
16	37	1	0
13	29	1	0
17	39	1	10
12	29	1	40
15	33	1	0
15	34	1	0
14	35	1	10
15	35	1	0
15	34	1	0
17	39	1	20
14	30	1	0
14	31	1	10
14	32	1	0
16	35	1	10
14	32	1	0
13	31	1	0
15	34	1	0
18	41	1	10
14	32	1	0
14	32	1	10
17	38	1	0
17	39	1	60
15	34	1	0
13	28	1	0
16	36	1	10
13	30	1	0
17	41	1	10
16	35	1	10
16	36	1	0
16	35	1	20
13	32	1	0
17	38	1	10
13	30	1	0
16	36	1	0
14	31	1	10
13	30	1	0
17	40	1	0
16	40	1	20
19	44	1	20
15	34	1	10
15	34	1	0
16	37	1	10
15	33	0.990125	90
16	39	1	10
16	37	1	0
17	40	1	0
14	33	1	30
16	37	1	0
18	41	1	10
15	35	1	0
12	26	1	0
21	48	1	10
15	33	1	10
15	33	1	0
13	31	1	20
14	32	1	10
16	37	1	10
15	34	1	0
16	36	1	20
15	34	1	0
15	34	1	0
17	39	1	10
15	33	1	10
17	39	1	10
17	40	1	10
19	45	1	0
13	29	1	0
17	36	1	10
19	42	1	0
16	36	1	10
14	30	0.999998	0
14	32	1	10
14	31	1	10
15	35	1	10
19	43	1	0
16	36	1	0
15	36	1	10
17	37	1	10
15	33	1	0
16	35	1	0
16	36	1	0
16	37	1	60
13	29	1	0
12	27	1	0
16	35	1	0
15	35	1	0
16	36	1	10
15	34	1	0
17	40	1	0
16	36	1	20
15	36	1	10
15	33	1	0
14	33	1	0
14	32	1	10
15	35	1	20
15	35	1	0
12	27	1	10
16	35	1	360
15	33	1	0
15	36	1	10
15	35	1	10
16	36	1	0
12	28	1	80
18	39	1	20
15	37	1	20
15	35	1	10
18	41	1	10
16	38	1	10
15	34	1	0
13	29	1	10
15	33	1	0
15	34	1	0
16	36	1	0
18	41	1	0
15	33	1	20
15	34	1	0
12	28	1	0
12	27	1	0
15	33	1	0
16	37	1	10
14	32	1	0
17	40	1	50
16	38	1	10
14	34	1	0
15	33	1	0
15	34	1	20
16	38	1	0
15	33	1	0
15	34	1	0
15	35	1	10
16	36	1	0
14	30	1	0
14	32	1	0
16	36	1	0
15	33	1	10
18	43	1	0
16	36	1	0
13	29	1	10
17	39	1	0
12	27	1	10
13	32	1	10
17	36	1	50
16	37	1	10
13	28	1	0
16	38	1	0
16	36	1	0
12	28	1	0
18	41	1	10
15	35	1	0
16	34	1	0
15	35	1	0
12	27	1	10
16	38	1	0
18	41	1	10
17	42	1	0
15	34	1	10
15	36	1	0
15	37	1	0
15	34	1	10
12	28	1	0
16	35	1	0
16	39	1	0
16	36	1	0
15	32	0.999999	10
15	32	1	0
14	31	1	0
13	30	1	0
16	37	1	10
14	30	1	0
14	30	1	0
16	37	1	10
16	37	1	0
18	41	1	20
16	34	1	10
13	29	1	0
17	40	1	0
14	32	1	20
13	30	1	0
15	31	1	10
16	35	1	0
16	36	1	0
18	40	1	20
14	34	1	10
14	31	1	0
19	42	1	20
16	35	1	10
18	41	1	10
12	27	1	0
13	27	1	0
19	43	1	10
18	41	1	10
14	34	1	0
15	34	1	20
10	23	1	0
15	33	1	20
16	36	1	20
13	28	1	10
12	27	1	0
16	38	1	10
13	28	1	0
17	38	1	0
14	30	1	10
12	29	1	0
14	33	1	10
15	35	1	0
18	40	1	10
14	31	1	0
15	35	1	40
15	34	1	0
14	33	1	20
13	29	1	10
15	34	1	0
18	41	1	10
16	37	1	0
15	34	1	10
15	33	1	0
15	33	1	10
19	43	1	0
13	31	1	10
14	34	1	80
15	34	1	0
14	32	1	10
14	33	1	50
13	31	1	0
16	39	1	50
16	37	1	10
13	28	1	0
17	39	1	90
16	37	1	10
16	36	1	0
15	34	1	0
13	27	0.997078	0
11	23	1	10
14	31	1	0
12	27	1	10
14	31	1	0
14	31	1	10
17	40	1	30
14	31	1	0
13	30	1	10
18	41	1	60
14	33	1	10
16	36	1	0
16	35	1	0
14	32	1	10
17	39	1	0
16	37	1	10
16	36	1	10
15	35	1	0
17	39	1	10
15	35	1	0
18	41	1	20
16	39	1	10
14	31	1	0
17	41	1	0
17	38	1	0
16	36	1	0
17	38	1	0
16	36	1	10
18	41	1	0
15	35	1	0
16	35	0.999975	90
16	35	1	0
17	40	1	10
14	32	1	0
15	36	1	0
17	38	1	20
16	37	1	0
14	32	1	10
13	30	1	20
14	33	1	0
15	35	1	0
18	41	1	10
15	33	1	0
14	33	1	10
16	35	1	0
14	32	1	10
13	30	1	0
15	35	1	0
13	29	1	10
16	38	1	20
15	34	1	0
15	35	1	20
16	34	1	10
17	38	1	0
15	33	1	0
16	37	1	10
17	41	1	0
13	30	1	10
15	35	1	0
15	33	1	0
11	24	1	0
14	34	1	20
13	30	1	10
16	35	1	0
14	32	1	10
14	31	1	10
16	35	1	0
15	36	1	10
12	28	1	10
17	38	1	0
15	35	1	10
14	32	1	0
14	31	1	10
15	35	1	10
14	34	1	0
17	41	1	10
15	32	1	0
17	38	1	0
19	42	1	10
15	33	1	0
14	31	1	10
19	43	1	10
14	30	1	0
13	28	1	0
16	37	1	0
15	35	1	0
14	30	1	10
16	38	1	10
12	27	1	0
17	39	1	0
16	36	1	0
15	34	1	10
16	39	1	0
16	35	1	10
14	31	1	0
15	35	1	0
15	35	1	0
16	35	1	10
11	25	1	0
13	30	1	0
13	29	1	10
15	34	1	0
12	28	1	0
15	36	1	10
17	40	1	0
16	36	1	0
16	36	1	10
16	37	1	0
14	31	1	0
15	36	1	10
13	32	1	0
14	34	1	90
17	37	1	0
13	30	1	10
17	41	1	10
14	31	1	0
17	39	1	20
15	34	1	10
17	40	1	10
14	32	1	10
17	41	1	210
17	39	1	10
15	34	1	0
17	38	1	10
16	35	1	20
12	27	1	10
14	32	1	10
14	33	1	20
13	27	1	0
15	33	1	10
15	34	1	0
16	37	1	0
17	40	1	40
13	31	1	10
14	32	1	0
13	29	1	0
18	40	1	10
15	33	1	0
14	30	1	0
14	33	1	0
14	33	1	10
15	34	1	0
15	35	1	10
13	29	1	0
14	30	1	0
18	42	1	10
16	36	1	10
17	37	1	10
15	32	1	0
15	35	1	0
12	26	1	0
14	30	1	0
12	26	1	10
16	37	1	10
17	41	1	130
15	36	1	0
17	39	1	10
18	42	1	10
18	42	1	0
16	35	1	0
12	28	1	10
17	39	1	0
15	33	1	0
16	37	1	0
18	41	1	0
17	38	1	0
20	45	1	10
12	28	1	0
14	32	1	0
18	41	1	10
15	34	1	0
16	36	1	0
23	51	1	20
15	33	1	0
13	31	1	80
14	32	1	10
17	37	1	10
14	33	1	0
16	39	1	40
14	33	1	0
14	32	1	10
15	38	1	0
15	36	1	0
16	36	1	0
15	36	1	10
15	33	1	0
16	35	1	20
15	32	1	0
17	38	1	10
15	35	1	20
15	36	1	0
13	30	1	10
16	37	1	10
16	36	1	10
21	47	1	20
15	35	1	0
13	31	1	10
15	33	1	0
15	35	1	0
13	27	1	0
15	34	1	10
15	35	1	0
15	34	1	0
14	30	1	0
15	33	1	10
10	23	1	0
15	35	1	0
15	33	1	0
18	42	1	10
16	35	1	20
14	32	1	0
16	35	1	0
19	42	1	10
15	34	1	0
15	36	1	10
13	31	1	0
13	31	1	30
16	37	1	10
17	38	1	0
15	35	1	10
13	27	0.99931	0
13	29	1	0
16	37	1	0
15	35	1	10
17	39	1	0
15	32	1	0
14	33	1	0
15	35	1	10
14	31	1	0
15	35	1	20
18	41	1	0
13	32	1	80
14	31	1	0
14	31	1	0
15	32	1	10
13	30	1	0
12	27	1	10
14	34	1	30
16	38	1	0
16	40	1	120
16	34	1	10
17	38	1	10
14	30	1	0
16	37	1	20
15	34	1	0
17	36	1	10
17	39	1	0
17	39	1	0
17	38	1	10
19	43	1	10
12	26	1	10
13	31	1	20
13	30	1	0
13	31	1	30
18	42	1	0
14	32	1	0
19	42	1	50
18	41	1	0
16	37	1	10
15	34	1	0
15	33	1	0
17	40	1	10
15	36	1	20
16	36	1	0
16	36	1	0
17	38	1	10
13	30	1	0
15	33	1	40
14	31	1	10
18	41	1	10
14	29	0.999997	0
16	38	1	10
15	34	1	0
17	39	1	0
15	35	1	10
18	43	1	30
15	33	1	0
17	37	1	10
13	29	1	10
14	30	1	0
17	39	1	10
12	28	1	10
18	42	1	20
14	30	1	0
18	43	1	10
18	40	1	10
12	26	1	10
16	38	1	30
14	30	1	0
15	34	1	10
15	33	1	0
21	47	1	10
18	42	1	20
14	33	1	0
14	33	1	0
17	40	1	0
15	36	1	0
14	33	1	20
20	44	1	10
14	31	1	0
13	28	1	10
17	38	1	10
15	31	1	0
16	37	1	0
17	41	1	20
14	34	1	0
19	41	1	20
16	35	1	10
19	44	1	0
14	32	1	0
14	30	1	0
15	33	1	10
13	31	1	10
15	34	1	0
17	39	1	10
14	30	1	0
12	26	1	0
14	31	1	10
15	35	1	20
15	33	1	10
17	37	1	0
12	26	1	0
15	34	1	0
15	34	1	10
15	34	1	0
12	29	1	0
13	31	1	0
16	34	1	10
14	31	1	0
15	35	1	0
15	34	1	0
15	35	1	10
14	31	1	10
14	33	1	10
14	33	1	50
15	34	1	10
13	30	1	20
15	33	1	0
16	36	1	0
15	35	1	0
15	35	1	10
12	28	1	0
13	30	1	10
13	30	1	10
16	35	1	10
18	43	1	0
15	35	1	20
17	41	1	10
20	46	1	0
16	35	1	0
13	28	1	10
16	36	1	0
16	36	1	20
17	40	1	10
17	36	1	10
14	31	1	0
16	36	1	0
18	41	1	10
14	31	1	10
15	34	1	10
15	35	1	0
12	29	1	10
15	35	1	0
15	35	1	10
18	43	1	10
15	34	1	0
13	30	1	50
13	28	1	0
14	34	1	0
15	34	1	20
13	28	1	20
15	33	1	0
18	41	1	0
18	41	1	10
16	37	1	0
14	32	1	40
14	32	1	20
18	41	1	0
21	49	1	10
15	32	1	0
15	34	1	10
12	27	1	0
15	34	1	0
14	33	1	10
14	32	1	10
19	43	1	20
11	25	1	0
13	29	1	0
16	35	1	0
16	36	1	20
18	40	1	10
15	34	1	40
16	38	1	190
16	35	1	10
13	26	0.999997	0
17	38	1	0
14	32	1	10
17	40	1	0
18	41	1	0
16	38	1	10
17	40	1	80
13	29	1	10
14	32	1	0
12	27	1	30
14	33	1	10
14	32	1	0
14	32	1	10
14	31	1	0
13	31	1	0
20	45	1	20
16	35	1	0
13	28	1	10
15	32	1	0
17	38	1	20
15	33	1	0
14	30	1	0
14	30	1	10
15	35	1	0
16	35	1	0
18	41	1	0
12	28	1	30
16	37	1	0
14	33	1	0
16	38	1	10
13	30	1	10
16	34	1	0
16	38	1	30
16	36	1	10
13	30	1	0
14	31	1	0
14	31	1	0
15	33	1	0
15	33	1	10
14	32	1	0
13	31	1	30
13	29	1	0
13	31	1	0
14	34	1	40
16	36	1	0
19	45	1	10
16	38	1	50
14	33	1	10
14	31	1	10
18	40	1	0
16	34	1	10
14	32	1	10
17	40	1	10
11	26	1	10
14	32	1	10
16	39	1	10
16	37	1	0
13	32	1	0
13	29	1	10
15	34	1	0
16	36	1	0
14	32	1	20
16	36	1	10
16	38	1	0
13	29	1	10
15	35	1	20
15	37	1	60
15	34	1	0
14	32	1	0
16	39	1	20
16	35	1	0
15	36	1	10
15	35	1	0
15	33	1	0
16	39	1	10
16	36	1	0
17	39	1	10
16	37	1	0
17	38	1	10
15	32	1	0
14	30	1	0
15	34	1	0
13	27	1	10
19	43	1	0
15	33	1	10
16	35	1	0
14	32	1	0
14	33	1	10
16	39	1	20
15	35	1	0
18	41	1	0
17	37	1	50
13	29	1	0
16	38	1	10
17	38	1	0
16	38	1	20
14	29	1	10
15	35	1	0
13	30	1	0
17	37	1	10
16	38	1	0
17	41	1	10
16	36	1	10
16	35	1	20
13	28	1	0
16	36	1	0
15	33	1	0
15	35	1	10
13	29	1	10
14	32	1	0
16	35	1	10
15	33	1	0
14	31	1	10
18	40	1	10
17	40	1	0
17	41	1	0
16	34	1	10
16	36	1	0
18	41	1	10
16	39	1	10
16	37	1	10
17	40	1	10
15	35	1	0
13	28	1	10
17	39	1	0
15	37	1	0
15	36	1	40
15	34	1	0
19	42	1	10
14	33	1	10
17	40	1	0
16	35	1	10
16	35	1	10
15	33	1	0
14	29	1	0
17	37	1	10
14	33	1	0
18	40	1	0
14	32	1	10
13	30	1	0
15	34	1	0
17	40	1	0
15	34	1	0
16	36	1	10
14	29	1	0
13	31	1	10
16	37	1	0
19	44	1	10
16	34	1	0
20	44	1	10
13	28	1	10
14	34	1	0
14	32	1	10
15	34	1	0
15	33	1	0
13	29	1	0
17	40	1	0
15	33	1	10
14	32	1	0
15	34	1	0
14	31	1	10
13	29	1	0
17	40	1	0
13	30	1	0
13	28	1	0
12	27	1	10
16	37	1	0
18	42	1	0
14	32	1	10
16	35	1	0
15	33	1	0
20	45	1	50
14	31	1	10
13	29	1	0
13	29	1	0
17	38	1	0
18	41	1	30
15	33	1	0
16	37	1	0
17	38	1	10
16	38	1	10
14	33	1	0
15	35	1	10
16	37	1	10
15	36	1	90
12	28	1	10
15	33	1	0
14	31	1	0
16	38	1	20
15	34	1	0
15	34	1	10
18	40	1	0
14	31	1	0
18	40	1	10
15	33	1	0
16	36	1	0
19	42	1	50
17	40	1	20
15	34	1	0
14	31	1	0
14	31	1	0
15	35	1	0
14	31	1	0
15	34	1	10
15	34	1	0
13	27	1	0
14	33	1	0
16	38	1	10
16	35	1	50
14	31	1	0
15	35	1	0
13	27	1	0
14	32	1	0
16	36	1	10
15	31	1	0
15	35	1	0
15	34	1	0
15	36	1	10
15	37	1	10
18	40	1	0
14	29	1	0
21	47	1	10
17	38	1	10
15	35	1	0
14	29	1	0
14	33	1	10
14	30	1	0
15	35	1	30
14	31	1	10
14	31	1	0
15	33	1	10
15	35	1	0
15	34	1	0
14	33	1	10
14	33	1	0
13	30	1	10
16	35	1	10
13	30	1	10
13	29	1	0
12	26	1	0
16	36	1	10
18	41	1	0
15	33	1	0
14	31	1	10
15	34	1	10
17	40	1	0
16	38	1	0
16	37	1	10
19	43	1	0
14	32	1	10
14	33	1	0
13	29	1	0
18	41	1	10
16	37	1	10
12	26	1	0
16	36	1	10
14	32	1	0
15	34	1	0
14	30	1	0
16	35	1	0
15	34	1	10
19	44	1	10
15	34	1	0
13	29	1	0
13	30	1	0
17	38	1	0
13	29	1	10
16	38	1	0
15	34	1	0
14	33	1	0
15	34	1	10
13	28	1	0
16	38	1	30
15	36	1	0
13	30	1	0
14	33	1	0
14	31	1	0
14	32	1	10
19	43	1	20
15	33	1	0
15	34	1	0
16	37	1	10
14	33	1	0
15	34	1	0
14	32	1	10
17	39	1	0
15	33	1	0
15	33	1	10
19	43	1	20
17	40	1	0
14	30	1	10
12	27	1	0
17	41	1	10
14	32	1	0
17	42	1	0
13	31	1	10
13	28	1	10
15	35	1	0
17	37	1	10
16	36	1	0
14	32	1	0
15	33	1	50
13	29	1	10
13	29	1	20
16	37	1	0
13	27	0.998789	0
15	33	1	0
17	37	1	10
14	32	1	0
20	47	1	20
17	40	1	30
14	30	1	0
15	33	1	10
15	36	1	20
14	32	1	10
13	30	1	0
15	37	1	10
12	27	1	0
14	33	1	0
11	24	1	0
15	32	1	0
12	28	1	10
15	34	1	0
15	34	1	0
17	39	1	10
15	33	1	0
16	37	1	20
16	36	1	0
14	33	1	10
16	37	1	0
15	36	1	0
15	34	1	30
15	35	1	20
15	35	1	0
13	32	1	0
14	32	1	70
12	26	1	0
14	34	1	10
17	38	1	0
15	32	1	0
17	39	1	10
13	31	1	0
14	29	1	10
12	28	1	0
18	39	1	10
18	39	1	0
17	37	1	10
14	31	1	10
15	36	1	0
17	39	1	0
16	36	1	0
17	37	1	10
16	37	1	10
14	30	1	10
15	33	1	0
15	33	1	10
13	31	1	0
17	41	1	10
14	32	1	0
16	36	1	0
17	37	1	10
13	28	1	0
17	37	1	10
#>>result = 0.999985
