#Original graph size: 25 nodes, 46 edges
#Modified graph size: 18 nodes, 41 edges
#Probing for 5 times..................................................
#V	E	P	T
10	17	1	0
7	10	1	0
8	14	1	0
15	28	1	0
8	13	0.235722	0
10	20	1	0
7	11	1	0
10	17	1	0
8	13	1	0
10	17	1	0
10	18	1	0
10	19	1	0
10	19	1	0
13	24	1	0
11	19	1	0
12	23	1	0
9	15	1	10
12	24	1	0
9	15	1	0
12	23	1	0
7	10	1	0
8	14	1	0
10	18	1	0
8	15	0.492598	0
8	13	1	0
10	18	1	0
7	11	1	0
9	17	1	0
11	21	0.689624	0
8	14	0.491699	0
9	16	0.492598	0
8	12	1	0
12	23	0.689764	0
10	17	0.997057	0
8	14	1	0
12	22	1	0
7	11	1	0
11	21	1	0
12	23	1	0
11	21	1	0
15	31	1	0
11	19	1	0
12	21	1	0
10	19	1	0
13	23	1	0
10	19	0.492598	0
9	15	1	0
9	16	1	0
10	19	0.674207	0
10	19	1	0
12	22	1	0
8	13	0.689074	0
6	9	1	0
4	5	0.467153	0
5	7	0.491699	0
10	19	1	0
11	20	0.689764	0
6	9	1	0
8	14	1	0
10	17	0.997057	0
13	26	1	0
13	26	1	0
10	19	1	0
10	18	0.492598	0
11	19	1	0
9	14	1	0
13	23	1	0
10	18	1	0
11	20	1	0
14	27	1	0
9	15	0.689074	0
11	19	0.674196	0
12	21	1	0
10	16	0.689215	0
11	21	1	0
8	14	0.995187	0
11	21	1	0
6	9	1	0
10	20	0.492598	0
5	7	0.491699	0
11	22	0.492598	0
11	19	1	0
8	12	1	0
13	25	1	0
9	17	0.492598	0
9	16	0.492598	0
9	17	0.492598	0
10	19	1	0
13	23	1	0
6	9	0.491699	0
12	23	1	0
9	15	0.492369	0
10	18	1	0
5	7	0.491699	0
7	11	1	0
10	18	1	0
11	22	0.492598	0
10	18	0.674207	0
10	19	1	0
12	23	1	0
11	22	0.689764	0
8	13	1	0
10	20	1	0
12	24	1	0
12	24	0.997062	0
10	19	1	0
11	19	1	0
8	14	0.492598	0
10	20	0.492097	0
12	21	1	0
10	17	1	0
13	23	1	0
8	14	0.492598	0
9	17	0.491699	0
11	17	1	0
13	25	1	0
11	19	1	0
9	19	1	0
8	14	0.492598	0
9	17	1	0
13	24	1	0
14	30	1	0
11	19	1	0
12	22	1	0
10	18	1	0
11	22	1	0
11	20	1	0
13	25	1	0
12	22	1	0
11	19	0.689764	0
12	26	1	0
10	17	1	0
11	20	1	10
12	23	1	0
8	14	0.238378	0
8	12	1	0
11	19	1	0
7	11	1	0
7	11	1	0
8	13	0.492598	0
8	14	1	0
9	15	0.492598	0
8	13	0.492598	0
11	20	0.689624	0
5	7	0.238378	0
9	17	0.492598	0
11	21	1	0
10	19	1	0
7	11	1	0
10	16	1	0
12	24	1	0
13	24	1	0
13	25	0.689764	0
7	11	1	0
10	17	0.492369	0
11	20	0.492598	0
8	14	1	0
5	7	0.46711	0
14	26	1	0
6	9	1	0
11	20	1	0
7	12	0.491699	0
2	1	0.466209	0
11	20	0.674207	0
8	15	0.491699	0
12	23	1	0
5	7	0.491699	0
5	9	0.492598	0
10	18	0.674207	0
10	20	0.492598	0
12	22	0.689624	0
12	20	1	0
10	19	1	0
12	23	0.492598	0
10	18	1	0
11	22	1	0
10	16	0.997057	0
9	17	1	0
2	1	0.0477531	0
11	19	1	0
10	18	1	0
10	20	1	0
8	12	1	0
8	12	1	0
12	23	0.689764	0
11	21	1	0
11	20	1	0
11	21	1	0
7	12	0.492598	0
10	20	1	0
8	13	1	0
11	20	1	10
10	15	1	0
11	20	1	0
13	24	1	0
5	6	1	0
11	21	0.492598	0
10	19	0.492214	0
11	21	0.993804	0
10	16	1	0
12	24	1	0
9	15	0.491314	0
13	24	0.689764	0
8	16	0.238378	0
14	26	1	0
9	17	1	0
11	23	1	0
11	22	1	0
10	17	0.491699	0
13	24	0.689458	0
12	24	1	0
13	26	1	0
12	22	1	0
6	9	1	0
12	23	1	0
12	22	1	0
10	19	1	0
11	19	1	0
11	22	1	0
12	22	1	0
10	19	1	0
12	22	1	0
10	17	0.492369	0
12	24	0.689764	0
12	24	1	0
12	23	1	0
11	21	1	0
13	23	0.689619	0
15	28	1	10
11	23	1	0
8	15	1	0
14	27	1	0
5	6	0.0477531	0
4	5	1	0
6	10	0.492369	0
11	20	0.689469	0
12	23	1	0
9	14	1	0
9	18	0.491699	0
11	22	1	0
13	24	1	0
7	13	1	0
10	16	1	0
11	19	1	0
10	20	0.492598	0
12	20	1	0
11	21	0.492598	0
12	23	1	0
14	27	1	0
11	22	1	0
14	26	1	0
11	19	0.689764	0
11	22	1	0
12	21	0.689764	0
13	23	1	0
10	17	1	0
7	12	0.491699	0
14	27	1	0
10	18	0.492369	0
10	20	0.492097	0
12	23	1	0
11	21	0.492598	0
12	22	1	0
8	13	0.491699	0
6	9	0.0477531	0
10	18	1	0
9	15	1	0
13	25	1	0
11	21	1	0
8	15	0.492598	0
10	18	1	0
7	12	1	0
10	17	0.689215	0
11	20	1	0
11	22	1	0
12	25	1	0
10	19	1	0
12	23	1	0
10	20	0.491699	0
12	24	1	0
11	21	1	0
11	22	1	0
7	9	1	0
9	16	1	0
14	26	1	0
10	18	1	0
12	23	1	0
9	16	0.492598	0
11	22	1	0
10	19	0.238378	10
10	18	0.492598	0
12	23	1	0
7	12	0.492598	0
10	18	1	0
10	20	1	0
12	22	1	0
7	13	1	0
12	22	1	0
10	17	1	0
8	14	0.492598	0
9	16	1	0
11	21	1	0
13	23	1	0
10	18	0.467153	0
8	13	0.492598	0
10	19	0.492598	0
13	28	1	0
7	12	0.492369	0
8	14	0.492369	0
7	13	0.491699	0
11	22	1	0
9	17	0.492598	0
8	13	0.0477531	0
12	24	1	0
8	14	1	0
7	14	1	0
9	15	0.689215	0
14	27	1	0
12	21	1	0
5	7	0.491699	0
2	1	0.906451	0
11	19	1	0
12	24	1	0
9	15	0.491699	0
9	17	1	0
13	25	1	0
7	12	1	0
11	20	1	0
8	13	0.491433	0
8	14	1	0
9	14	1	0
8	13	0.238378	0
11	19	1	0
9	17	1	0
13	24	1	0
11	19	1	0
10	19	1	0
10	18	1	0
9	14	1	0
13	27	1	0
7	13	1	0
10	17	1	0
11	20	0.492598	0
11	21	1	0
11	19	1	0
11	20	1	0
9	18	1	0
10	17	0.689215	0
6	10	1	0
11	19	1	0
9	16	1	0
13	24	1	0
11	19	1	0
5	7	0.0477531	0
8	12	0.238378	0
8	14	0.491699	0
10	18	1	0
8	14	0.491699	0
11	21	1	0
9	16	0.995187	0
2	1	0.466209	0
12	23	1	0
10	18	1	0
11	20	0.689215	0
10	18	1	0
9	15	1	0
11	20	1	0
12	25	1	0
6	9	1	0
10	19	1	0
13	26	0.689764	0
13	23	1	0
13	25	0.492598	0
11	20	1	0
9	16	1	0
11	19	1	0
7	10	1	0
10	18	1	0
11	21	1	0
12	23	1	0
8	14	1	0
10	18	1	0
11	22	1	0
9	17	1	0
8	13	1	0
13	22	1	0
7	12	0.491699	0
8	14	1	0
9	15	1	0
2	1	0.200185	0
10	18	0.492598	0
14	27	1	0
11	21	1	0
10	20	1	0
8	14	0.491699	0
8	15	0.491699	0
12	22	1	0
10	20	0.492598	0
13	25	1	0
11	20	1	0
9	15	0.492598	0
6	10	0.492598	0
11	21	0.492598	0
12	22	0.689764	0
10	18	0.492369	0
11	18	1	0
11	19	1	0
10	18	1	0
11	19	1	0
11	24	0.674207	0
15	28	1	0
12	23	1	0
11	22	1	0
6	9	1	0
12	22	0.689469	0
8	13	1	0
10	17	1	0
6	9	0.224894	0
11	19	1	0
11	21	1	0
12	23	0.492598	0
8	12	1	10
9	15	1	0
12	23	1	0
8	12	1	0
11	19	1	0
14	29	1	0
11	20	0.674196	0
9	15	1	0
7	13	1	0
12	21	1	0
11	18	1	0
10	17	0.969468	0
10	20	1	0
13	27	1	0
8	13	0.975607	0
10	19	1	0
11	20	0.492369	0
8	13	0.689215	0
11	21	1	0
8	14	1	0
12	23	1	0
9	16	1	0
11	18	1	0
7	11	1	0
14	27	1	0
10	16	1	0
9	16	1	0
12	24	1	0
10	19	1	0
10	18	0.492598	0
13	25	1	0
13	24	1	0
9	16	1	0
11	20	1	0
13	26	1	0
12	20	1	0
12	24	1	0
13	26	1	0
13	24	1	0
8	13	0.491699	0
11	20	1	0
14	29	1	0
12	23	1	0
10	19	1	0
4	5	0.467153	0
9	15	1	0
12	22	1	0
8	12	1	0
13	26	0.689764	0
6	9	1	0
14	26	1	0
10	18	1	0
12	23	1	0
12	23	1	0
13	25	1	0
11	22	0.689215	0
10	17	0.689764	10
10	17	1	0
12	22	1	0
6	8	1	0
7	10	1	0
7	12	0.491699	0
9	17	0.492115	0
9	17	1	0
6	9	1	0
10	18	1	0
9	17	1	0
10	18	0.689764	0
11	22	1	0
10	19	1	0
8	16	0.492598	0
9	18	0.492598	0
9	14	1	0
12	22	1	0
8	13	1	0
5	7	1	0
2	1	1	0
9	18	0.492598	0
11	21	1	0
11	20	0.492598	0
10	18	1	0
9	18	0.492369	0
9	14	1	0
5	7	1	0
7	11	1	0
12	24	1	0
8	13	1	0
12	21	1	0
13	23	1	0
11	21	1	0
10	18	1	0
11	23	1	0
11	20	0.492598	0
10	17	1	0
12	22	1	0
11	20	1	0
5	8	1	0
12	25	1	0
9	16	0.689074	0
14	27	1	0
12	23	1	0
11	20	0.689074	0
14	28	1	0
14	26	1	0
11	20	0.689624	0
10	17	0.997057	0
11	20	1	0
10	18	1	0
7	12	1	0
11	21	0.492598	0
12	22	1	0
6	11	0.492598	0
13	25	1	0
8	15	1	0
9	15	0.689764	0
9	15	1	0
10	20	0.492598	0
9	16	1	10
11	22	1	0
9	17	1	0
10	18	1	0
13	27	1	0
6	10	0.492598	0
12	24	1	0
8	14	0.491433	0
9	15	0.492598	0
11	22	1	0
10	18	0.492097	0
8	13	0.689215	0
8	15	0.491699	0
10	18	1	0
7	10	1	0
9	16	1	0
12	21	1	0
12	22	1	0
10	18	1	0
12	20	1	0
5	8	0.0477531	0
11	19	1	0
6	10	0.492598	0
11	20	0.492598	0
8	14	0.491469	0
2	1	1	0
6	10	0.492598	0
5	7	0.0477531	0
8	14	1	0
10	19	0.492598	0
12	22	1	0
12	22	1	0
10	19	0.492598	0
10	19	0.689764	0
13	24	1	0
13	24	1	0
14	26	1	0
14	27	1	0
11	23	0.492598	0
10	20	1	0
10	18	1	0
14	26	1	0
4	5	1	0
9	14	1	0
10	16	0.689074	0
11	20	1	0
12	21	0.689624	0
9	17	1	0
6	11	0.492598	0
12	24	1	0
11	24	1	0
14	29	1	0
9	18	0.491699	0
12	22	0.689469	10
11	22	0.944382	0
12	23	1	0
10	17	1	0
11	19	1	0
12	21	1	0
11	20	0.492598	0
12	21	0.689764	0
5	7	1	0
10	18	0.492598	0
13	23	1	0
9	16	1	0
11	21	1	0
12	22	1	0
9	16	1	0
9	15	1	0
8	15	1	0
8	15	0.492598	0
14	27	1	0
7	11	1	0
9	17	0.492598	0
13	27	1	0
11	20	1	0
10	17	1	0
11	20	1	0
7	13	1	0
10	18	1	0
9	15	1	0
10	16	0.532706	0
13	25	1	0
7	12	1	0
9	15	0.492598	0
11	22	1	0
9	15	0.689469	0
10	19	1	0
12	22	1	0
11	20	0.492369	0
11	21	1	0
10	18	1	0
12	23	1	0
11	21	0.492598	0
11	21	0.492598	0
10	17	1	0
12	25	1	0
8	13	1	0
11	20	0.995196	0
11	19	1	0
11	22	1	0
11	23	1	0
13	25	1	0
14	28	1	0
9	15	1	0
8	13	0.0477531	0
12	24	1	0
11	22	1	0
11	20	0.492598	0
12	24	1	0
10	16	1	10
10	16	1	0
9	16	0.689215	0
11	20	0.689619	0
11	20	1	0
6	10	0.491699	0
9	16	0.491699	0
9	16	0.417778	0
12	22	1	0
8	14	0.492598	0
12	21	1	0
4	6	0.491699	0
13	24	0.689764	0
12	23	1	0
11	20	0.674202	0
6	9	0.492598	0
12	22	1	0
10	19	1	0
13	25	1	0
10	18	1	0
6	9	1	0
4	5	0.467153	0
9	17	1	0
10	19	1	0
8	13	1	0
11	19	1	0
7	12	1	0
8	14	0.492598	0
11	21	1	0
8	12	1	0
14	28	1	0
12	20	1	0
11	18	1	0
11	20	1	0
9	17	0.492369	0
6	9	1	0
11	20	1	0
11	18	1	0
12	23	1	0
9	16	1	0
11	19	1	0
8	13	1	0
10	19	1	0
11	18	1	0
4	5	1	0
12	21	1	0
12	24	1	0
9	15	1	0
9	16	1	0
9	15	1	0
10	18	1	0
11	24	1	0
11	21	0.993804	0
9	18	0.238378	0
14	30	1	0
10	17	0.689215	10
8	14	0.491699	0
2	0	0	0
9	16	0.491699	0
12	22	0.689764	0
9	15	1	0
6	10	1	0
13	24	1	0
12	25	1	0
10	18	1	0
11	23	1	0
11	19	1	0
10	20	1	0
12	20	1	0
10	21	1	0
12	24	1	0
9	15	1	0
13	25	1	0
8	16	0.491699	0
11	20	1	0
11	19	1	0
9	16	1	0
10	17	1	0
12	24	1	0
10	19	1	0
2	1	1	0
14	28	1	0
11	21	1	0
8	16	0.492598	0
8	13	1	0
13	24	1	0
9	16	0.492598	0
5	6	1	0
6	9	1	0
11	21	1	0
11	21	1	0
11	20	1	0
9	15	1	0
12	22	0.674202	0
13	24	1	0
13	26	1	0
6	11	1	0
12	22	1	0
9	17	0.492598	0
9	15	1	0
12	23	1	0
8	13	0.950153	0
8	14	0.689215	0
11	21	1	0
7	11	0.492369	0
9	15	1	0
9	16	1	0
5	8	0.49139	0
8	15	0.492598	0
10	18	1	0
11	21	1	0
7	10	1	0
7	11	1	0
11	18	1	0
5	7	0.491699	0
8	14	1	0
10	18	1	0
13	24	1	0
8	12	1	0
9	18	0.491699	0
11	19	1	0
13	23	1	0
12	22	0.689764	0
10	19	1	0
12	21	1	0
9	16	0.689764	0
13	27	0.492598	0
11	22	1	0
9	15	0.689215	10
11	19	1	0
9	15	0.492598	0
9	16	1	0
10	18	1	0
10	18	1	0
4	5	0.491699	0
13	24	1	0
13	23	1	0
11	19	1	0
9	16	1	0
12	23	1	0
11	21	1	0
5	8	0.49139	0
9	15	1	0
8	13	1	0
10	16	0.995187	0
12	24	0.674207	0
11	20	1	0
13	22	1	0
11	18	1	0
11	20	0.492598	0
11	21	0.492369	0
11	19	1	0
9	14	1	0
9	15	1	0
12	20	1	0
10	17	0.534329	0
9	15	0.689624	0
11	21	1	0
10	19	1	0
10	19	0.689764	0
13	23	1	0
11	20	1	0
11	19	1	0
12	23	1	0
13	26	1	0
9	18	0.491699	0
11	20	1	0
10	19	0.492598	0
7	11	1	0
11	22	1	0
11	20	1	0
13	23	1	0
11	19	1	0
10	16	0.688919	0
11	20	0.689764	0
9	17	1	0
8	13	1	0
8	12	1	0
9	18	1	0
11	20	1	0
7	12	1	0
11	21	0.492369	0
8	15	1	0
9	16	1	0
12	21	1	0
7	11	1	0
11	22	1	0
10	19	0.492598	0
9	16	1	0
13	24	1	0
11	22	0.492598	0
9	14	1	0
8	13	1	0
10	18	0.995196	0
9	14	1	0
10	17	1	0
9	17	1	0
12	22	0.689764	0
9	17	1	0
13	26	1	0
10	17	1	0
10	19	1	0
11	18	1	0
10	18	0.491699	0
11	23	1	0
8	13	0.491699	0
13	24	1	0
12	24	1	0
10	17	1	0
12	24	1	0
5	7	0.491699	0
12	23	1	0
11	22	0.989885	0
10	21	0.995196	0
10	20	1	0
7	11	0.689215	0
11	21	1	0
13	25	1	0
10	17	1	0
9	16	0.492598	0
6	10	0.492598	0
14	26	1	0
10	19	0.238378	0
11	19	1	0
11	21	1	0
13	24	1	0
10	17	1	0
12	25	1	0
9	18	1	0
10	18	1	0
11	19	1	0
10	20	1	0
11	21	1	0
7	12	1	0
11	19	1	0
8	13	0.689215	0
11	20	1	0
10	18	0.492369	10
14	27	1	0
5	8	0.492115	0
12	21	0.689764	0
10	17	1	0
11	21	0.492598	0
12	24	0.993815	0
8	14	0.492598	0
7	11	0.491699	0
11	21	1	0
10	19	1	0
13	25	1	0
10	19	1	0
12	21	0.492598	0
11	20	0.689624	0
11	19	0.674202	0
9	18	0.944382	0
9	16	1	0
11	19	1	0
10	18	1	0
12	22	1	0
10	19	1	0
11	18	1	0
7	12	0.491699	0
9	15	1	0
6	9	1	0
9	14	1	0
11	22	1	0
13	26	1	0
10	18	1	0
9	16	0.689764	0
7	10	0.975564	0
11	21	1	0
10	18	0.492369	0
13	26	1	0
10	17	1	0
11	20	1	0
10	19	1	0
13	28	1	0
9	17	0.491699	0
11	20	1	0
10	19	0.492598	0
11	19	1	0
9	17	0.674207	0
10	17	1	0
12	22	1	0
12	22	1	0
9	16	1	0
8	13	1	0
14	26	1	0
10	18	1	10
9	16	1	0
10	18	0.689624	0
9	15	1	0
13	27	1	0
11	21	1	0
8	14	0.0477531	0
12	24	1	0
8	14	0.491699	0
8	14	0.492598	0
11	18	1	0
9	17	0.492369	0
12	22	1	0
7	11	0.492598	0
12	21	1	0
9	16	0.492598	0
9	16	0.689215	0
10	17	0.689215	0
11	20	0.238378	0
8	14	0.491699	0
14	29	1	0
9	17	1	0
11	20	0.492598	0
7	13	1	0
14	27	1	0
11	19	1	0
5	6	0.0477531	0
9	16	1	0
6	9	1	0
9	16	1	0
10	18	1	0
12	24	1	0
10	17	1	0
13	25	1	0
8	13	0.491469	0
10	18	0.689624	0
11	19	1	0
10	18	0.689764	0
13	26	0.689764	0
11	20	1	0
9	16	0.492598	0
11	21	1	0
7	11	1	0
10	19	0.492598	0
11	22	0.689624	0
10	19	1	0
10	18	1	0
10	18	1	0
11	19	1	0
12	22	1	0
10	18	1	0
9	15	1	0
8	15	0.491699	0
8	13	1	0
10	17	1	0
10	17	0.689215	0
12	24	0.492598	0
12	22	1	0
11	19	1	10
7	13	0.492598	0
11	22	1	0
13	26	1	0
13	24	1	0
10	17	0.238378	10
10	19	1	0
#>>result = 0.861715
