#Original graph size: 35 nodes, 66 edges
#Modified graph size: 27 nodes, 61 edges
#Probing for 5 times..................................................
#V	E	P	T
8	15	1	0
2	1	1	0
6	9	1	0
2	1	1	0
8	14	1	0
6	12	1	0
8	15	1	0
2	1	1	0
11	20	1	0
6	11	1	0
8	12	1	0
8	14	1	0
5	8	0.84015	0
7	12	1	0
8	15	1	0
8	13	1	0
8	17	1	0
9	16	1	0
12	24	1	0
10	17	1	0
10	19	1	0
5	9	1	0
9	17	1	0
7	11	1	0
5	8	1	0
16	30	1	0
7	11	1	0
13	28	1	0
6	9	1	0
11	20	1	0
2	1	1	0
8	13	1	0
5	8	1	0
13	26	1	0
14	28	1	0
13	27	1	0
5	7	1	0
8	14	1	0
8	13	1	0
8	15	1	0
8	15	1	0
8	13	1	0
6	9	1	0
4	6	1	0
9	14	1	0
11	20	1	0
8	15	1	0
11	20	1	0
9	14	1	0
9	14	1	0
10	18	1	0
2	1	1	0
11	23	1	0
2	1	1	0
9	17	1	0
2	1	1	0
7	13	1	0
14	28	1	0
5	7	1	0
5	9	1	0
2	1	1	0
6	9	1	0
2	1	1	0
4	5	1	0
10	17	1	10
6	8	1	0
8	14	1	0
8	15	1	0
7	12	1	0
2	1	1	0
5	7	1	0
8	13	1	0
10	19	1	0
5	7	1	0
8	16	1	0
6	11	1	0
6	11	1	0
14	27	1	0
6	11	1	0
9	16	1	0
8	15	1	0
11	21	1	0
2	1	1	0
8	14	1	0
8	13	1	0
7	13	1	0
5	7	1	0
8	13	1	0
7	11	1	0
7	12	1	0
6	10	1	0
7	11	1	0
10	20	1	0
8	15	1	0
6	12	1	0
12	23	1	0
9	16	1	0
11	21	1	0
8	13	1	0
2	1	1	0
2	0	0	0
8	13	1	0
4	6	1	0
7	12	1	0
2	1	1	0
7	13	1	0
12	22	1	0
2	1	1	0
9	16	1	0
2	1	1	0
8	15	1	0
12	21	1	0
12	23	1	0
5	7	1	0
5	9	1	0
10	19	1	0
9	15	1	0
5	8	1	0
7	12	1	0
5	8	1	0
6	8	1	0
10	21	1	0
9	16	1	0
7	13	1	0
9	17	1	0
13	26	1	0
11	19	1	0
6	10	1	0
2	1	1	0
6	9	1	0
2	1	1	0
12	23	1	0
6	9	0.84015	0
2	1	1	0
11	22	1	0
10	21	1	0
2	0	0	0
16	30	1	0
2	1	1	0
7	13	1	0
7	11	1	0
7	12	1	0
10	20	1	0
10	20	1	0
9	16	1	0
5	7	1	0
11	22	1	0
5	7	1	0
13	23	1	0
4	6	1	0
5	8	1	0
12	22	1	0
8	15	1	0
10	18	1	0
2	1	1	0
2	1	1	0
7	12	1	0
5	7	1	0
7	12	1	0
12	21	1	0
8	16	1	0
2	1	1	0
11	23	1	0
7	13	1	0
11	21	1	0
5	6	1	0
4	5	1	0
9	15	1	0
8	14	1	0
8	14	1	0
10	17	1	0
8	16	1	0
9	17	1	0
2	1	1	0
5	8	1	0
9	16	1	0
12	24	1	0
2	1	1	0
5	7	1	0
5	7	1	0
13	25	1	0
16	31	1	0
6	9	1	0
4	5	1	0
5	6	1	0
2	1	1	0
8	14	1	0
7	14	1	0
8	13	1	0
11	24	1	0
10	18	1	10
8	15	1	0
6	9	1	0
6	11	1	0
7	12	1	0
9	17	1	0
11	21	1	0
7	12	1	0
6	10	1	0
5	7	1	0
5	7	1	0
9	17	1	0
2	0	0	0
4	5	1	0
4	5	1	0
9	17	1	0
6	10	1	0
5	7	1	0
2	1	1	0
12	24	1	0
2	1	1	0
2	1	1	0
10	19	1	0
9	15	1	0
13	24	1	0
9	16	1	0
10	18	1	0
7	12	1	0
7	11	1	0
4	5	1	0
6	10	1	0
7	12	1	0
5	8	1	0
2	1	1	0
10	18	1	0
7	13	1	0
10	19	1	0
2	1	1	0
9	17	1	0
9	17	1	0
8	14	1	0
7	12	1	0
8	14	1	0
8	15	1	0
11	20	1	0
4	5	1	0
9	16	1	0
10	16	1	0
5	8	1	0
9	17	1	0
6	9	1	0
9	16	1	0
10	18	1	0
10	21	1	0
10	21	1	0
8	13	1	0
2	1	1	0
9	17	1	0
6	11	1	0
9	18	1	0
6	10	1	0
8	12	1	0
15	31	1	0
2	1	1	0
11	22	1	0
10	18	1	0
9	17	1	0
6	10	1	0
5	7	1	0
6	9	1	0
2	1	1	0
8	16	1	0
7	12	1	0
7	12	1	0
7	15	1	0
9	14	1	0
7	14	1	0
5	6	1	0
5	7	1	0
8	16	1	0
2	1	1	0
10	19	1	0
8	14	1	0
14	26	1	0
7	12	1	0
6	10	1	0
7	11	1	0
7	11	1	0
9	18	1	0
7	12	1	0
13	24	1	0
8	14	1	0
9	17	1	0
9	17	1	0
9	15	1	0
7	11	1	0
5	7	1	0
11	22	1	0
8	15	1	0
16	31	1	0
2	1	1	10
7	13	1	0
8	12	1	0
9	16	1	0
2	1	1	0
9	17	1	0
4	6	1	0
4	5	1	0
6	11	1	0
6	11	1	0
16	31	1	0
5	8	1	0
7	14	1	0
11	22	1	0
12	22	1	0
2	1	1	0
2	1	1	0
11	24	1	0
8	14	1	0
10	21	1	0
11	21	1	0
8	14	1	0
7	12	1	0
12	20	1	0
6	9	1	0
5	6	1	0
5	7	1	0
7	11	1	0
7	11	1	0
7	13	1	0
7	11	1	0
11	23	1	0
2	1	1	0
7	9	1	0
10	20	1	0
11	21	1	0
8	15	1	0
5	7	1	0
8	13	1	0
2	1	1	0
11	22	1	0
4	6	1	0
8	14	1	0
4	5	1	0
14	28	1	0
6	9	1	0
4	5	1	0
10	19	1	0
5	7	1	0
12	23	1	0
12	22	1	0
9	17	1	0
7	12	1	0
8	15	1	0
2	1	1	0
7	11	1	0
5	6	1	0
6	10	1	0
12	23	1	0
6	9	1	0
2	1	1	0
12	23	1	0
9	17	1	0
2	1	1	0
8	11	1	0
6	9	1	0
9	18	1	0
10	20	1	0
2	1	1	0
5	8	1	0
7	13	1	0
11	22	1	0
5	7	1	0
9	16	1	0
8	12	1	0
5	8	1	0
5	7	1	0
9	16	1	0
10	17	1	0
10	20	1	0
12	25	1	0
10	19	0.84015	0
8	15	1	0
2	1	1	0
8	15	1	0
7	12	1	0
9	17	1	0
2	1	1	0
2	0	0	0
10	19	1	0
7	12	1	0
13	25	1	0
7	13	1	0
10	20	1	0
5	7	1	0
2	0	0	0
5	8	1	0
7	13	1	0
5	7	1	0
6	9	1	0
7	12	1	0
11	22	1	0
10	18	1	0
7	12	1	0
7	14	1	0
7	13	1	0
8	15	1	0
8	15	1	0
8	15	1	0
6	10	1	0
5	9	1	0
9	16	1	0
10	19	1	0
8	15	1	0
2	1	1	0
6	8	1	0
2	1	1	0
8	13	1	0
8	14	1	10
5	8	1	0
7	12	1	0
4	5	1	0
10	18	1	0
8	15	1	0
9	17	1	0
2	1	1	0
8	11	1	0
11	18	1	0
4	5	1	0
2	1	1	0
2	1	1	0
11	24	1	0
10	21	1	0
9	16	1	0
5	7	1	0
7	12	1	0
9	16	1	0
2	1	1	0
2	1	1	0
4	5	1	0
6	9	1	0
9	16	1	0
8	15	1	0
6	10	1	0
8	14	1	0
8	15	1	0
4	5	1	0
7	13	1	0
10	18	1	0
2	1	1	0
2	1	1	0
9	16	1	0
10	20	1	0
2	1	1	0
7	11	1	0
2	1	1	0
6	11	1	0
8	14	1	0
5	8	1	0
2	1	1	0
11	19	1	0
8	16	1	0
10	21	1	0
12	23	1	0
8	14	1	0
2	1	1	0
6	9	1	0
7	12	1	0
2	1	1	0
7	10	1	0
14	28	1	0
11	20	1	0
7	13	1	0
10	19	1	0
6	10	1	0
12	23	1	0
8	13	1	0
4	6	1	0
10	18	1	0
4	5	1	0
11	21	1	0
2	1	1	0
2	1	1	0
6	9	1	0
9	18	1	0
11	22	1	0
9	16	1	0
8	14	1	0
15	29	1	0
7	12	1	0
7	14	1	0
11	21	1	0
5	8	1	0
12	23	1	0
7	11	1	0
9	16	1	0
9	18	1	0
9	14	1	0
8	13	1	0
12	22	1	0
6	11	1	0
2	1	1	0
10	20	1	0
8	14	1	0
6	11	1	0
7	12	1	0
9	15	1	0
6	9	1	0
7	13	1	0
8	15	1	0
6	10	1	0
6	9	0.441505	0
13	23	1	0
6	11	1	0
2	1	1	0
5	7	1	0
5	7	1	0
8	15	1	0
2	1	1	10
6	8	0.84015	0
2	1	1	0
10	18	1	0
9	17	1	0
13	26	1	0
7	11	1	0
5	7	1	0
2	1	1	0
14	27	1	0
11	20	1	0
8	15	1	0
2	1	1	0
6	9	1	0
9	17	1	0
8	12	1	0
6	9	1	0
7	12	1	0
10	20	1	0
8	15	1	0
8	13	1	0
5	7	1	0
7	13	1	0
11	22	1	0
11	22	1	0
8	14	1	0
4	5	1	0
10	19	1	0
2	1	1	0
7	13	1	0
7	10	1	0
7	12	1	0
6	9	1	0
11	18	1	0
8	15	1	0
8	15	1	0
9	17	1	0
6	11	1	0
5	6	1	0
5	8	1	0
7	11	1	0
2	1	1	0
8	13	1	0
8	12	1	0
5	8	1	0
9	16	1	0
10	17	1	0
8	15	1	0
2	1	1	0
11	20	1	0
9	16	1	0
2	1	1	0
8	13	1	0
7	14	1	0
8	13	1	0
9	17	1	0
8	13	1	0
2	1	1	0
2	1	1	0
4	5	1	0
13	24	1	0
7	13	1	0
8	15	1	0
11	23	1	0
9	19	1	0
7	12	1	0
2	1	1	0
13	23	1	0
4	5	1	0
2	1	1	0
10	20	1	0
8	14	1	0
8	13	1	0
5	7	1	0
7	13	1	0
7	12	1	0
4	5	1	0
5	6	1	0
4	5	1	0
11	23	1	0
11	21	1	0
2	1	1	0
12	22	1	0
8	15	1	0
4	5	1	0
5	7	1	0
4	5	1	0
12	23	1	0
12	23	1	0
8	15	1	0
6	8	0.441505	0
5	7	1	0
12	21	1	0
14	29	1	0
4	6	1	0
6	11	1	0
9	18	1	0
9	15	1	0
9	17	1	0
10	17	1	0
2	1	1	0
6	9	1	0
5	7	1	0
2	1	1	0
6	10	1	0
2	1	1	0
2	0	0	0
4	4	0.84015	0
7	12	1	0
9	16	1	0
10	19	1	0
4	5	1	0
6	9	1	0
4	7	1	0
7	12	1	0
12	22	1	10
10	17	1	0
7	12	1	0
4	5	1	0
2	1	1	0
6	11	1	0
5	7	1	0
5	7	1	0
4	5	1	0
9	16	1	0
9	14	1	0
2	1	1	0
9	16	1	0
13	24	1	0
9	16	1	0
13	22	1	0
10	20	1	0
6	10	1	0
6	11	1	0
5	8	1	0
5	8	1	0
8	16	1	0
10	16	1	0
10	20	1	0
2	1	1	0
6	11	1	0
13	24	1	0
15	28	1	0
8	15	1	0
10	18	1	0
8	15	1	0
6	11	1	0
5	6	1	0
4	5	1	0
14	26	1	0
12	23	1	0
10	20	1	0
7	11	1	0
11	19	1	0
8	14	1	0
13	24	1	0
8	13	1	0
8	15	1	0
7	13	1	0
4	6	1	0
5	7	1	0
7	10	1	0
5	7	1	0
8	12	1	0
10	18	1	0
12	22	1	0
4	5	1	0
11	22	1	0
9	16	1	0
2	1	1	0
2	1	1	0
6	9	1	0
11	21	1	0
9	17	1	0
5	9	1	0
8	12	1	0
2	1	1	0
2	1	1	0
15	29	1	0
10	19	1	0
14	25	1	0
6	10	1	0
12	20	1	0
10	18	1	0
6	9	1	0
6	9	1	0
6	9	1	0
12	22	1	0
9	16	1	0
8	16	1	0
6	8	1	0
8	14	1	0
11	19	1	0
5	7	1	0
12	24	1	0
2	1	1	0
7	11	1	0
8	15	1	0
10	21	1	0
9	15	1	0
13	26	1	0
8	15	1	0
6	10	1	0
2	1	1	0
5	6	1	0
6	10	1	0
8	13	1	0
9	18	1	0
2	1	1	0
9	15	1	0
5	6	1	0
10	19	1	0
12	21	1	0
9	17	1	0
7	12	1	0
6	11	1	0
11	21	1	0
13	24	1	0
7	11	1	0
8	16	1	0
9	17	1	0
2	1	1	0
10	17	1	0
2	1	1	10
10	20	1	0
4	5	1	0
10	19	1	0
6	10	1	0
2	1	1	0
7	13	1	0
8	15	1	0
2	1	1	0
7	11	1	0
4	5	1	0
4	5	1	0
5	7	1	0
7	10	1	0
6	9	1	0
9	17	1	0
5	8	1	0
6	10	1	0
2	1	1	0
13	26	1	0
9	18	1	0
5	6	1	0
5	7	1	0
7	13	1	0
4	5	1	0
13	25	1	0
9	17	1	0
10	19	1	0
9	15	1	0
13	25	1	0
12	21	1	0
4	6	1	0
9	17	1	0
2	1	1	0
10	19	1	0
5	8	1	0
9	16	1	0
5	7	1	0
11	21	1	0
10	20	1	0
5	7	1	0
7	13	1	0
13	24	1	0
9	15	1	0
5	7	1	0
5	7	1	0
8	13	1	0
10	18	1	0
6	10	1	0
8	13	1	0
7	13	1	0
12	23	1	0
9	15	1	0
9	17	1	0
5	7	1	0
12	23	1	0
9	16	1	0
2	0	0	0
13	25	1	0
8	15	1	0
2	1	1	0
5	8	1	0
8	16	1	0
12	25	1	0
13	26	1	0
5	7	1	0
2	1	1	0
2	1	1	0
9	16	1	0
7	13	1	0
18	34	1	0
6	10	1	0
10	17	1	0
5	7	1	0
7	12	1	0
7	11	1	0
4	5	1	0
8	14	1	0
5	7	1	0
8	14	1	0
6	11	1	0
6	10	1	0
7	13	1	0
12	23	1	0
11	24	1	0
10	21	1	0
13	27	1	0
9	16	1	0
6	8	1	0
4	5	1	0
12	23	1	0
2	0	0	0
15	27	1	0
6	9	1	0
6	9	1	0
11	21	1	0
12	20	1	0
9	16	1	10
6	10	1	0
9	18	1	0
6	10	1	0
7	13	1	0
8	14	1	0
5	8	1	0
2	1	1	0
6	9	1	0
10	20	1	0
2	1	1	0
2	1	1	0
7	12	1	0
11	20	1	0
9	14	1	0
5	7	1	0
7	12	1	0
12	24	1	0
13	27	1	0
7	13	1	0
2	1	1	0
5	7	1	10
7	12	1	0
9	18	1	0
2	1	1	0
10	18	1	0
6	10	1	0
6	9	1	0
11	22	1	0
12	22	1	0
11	21	1	0
6	11	1	0
4	6	1	0
6	9	1	0
2	1	1	0
8	13	1	0
2	1	1	0
6	10	0.84015	0
16	30	1	0
11	20	1	0
7	10	1	0
4	5	1	0
6	10	1	0
5	6	1	0
8	15	1	0
7	10	1	0
7	14	1	0
5	7	1	0
5	7	1	0
6	9	1	0
12	25	1	0
8	16	1	0
5	8	1	0
8	13	1	0
2	1	1	0
9	15	1	0
2	0	0	0
8	15	1	0
4	5	1	0
7	12	1	0
12	21	1	0
5	8	1	0
6	10	1	0
5	9	1	0
5	6	1	0
4	5	1	0
2	1	1	0
6	10	1	0
4	5	1	0
13	27	1	0
8	15	1	0
9	15	1	0
9	18	1	0
8	15	1	0
8	13	1	0
6	10	1	0
6	11	0.84015	0
11	19	1	0
12	23	1	0
2	1	1	0
5	7	1	0
6	10	1	0
12	25	1	0
10	19	1	0
5	7	1	0
10	19	1	0
8	14	1	0
8	12	1	0
4	6	1	0
14	27	1	0
11	20	1	0
2	1	1	0
2	1	1	0
9	15	1	0
10	19	1	0
9	17	1	0
7	12	1	0
2	1	1	0
2	1	1	0
7	10	1	0
6	10	1	0
2	1	0.84015	0
9	16	1	0
7	12	1	0
11	19	1	0
12	26	1	0
13	24	1	0
8	16	1	0
7	13	1	0
5	8	1	0
5	7	1	0
2	1	1	0
6	10	1	0
6	10	1	0
10	21	1	0
9	16	1	0
2	1	1	0
8	15	1	0
2	1	1	0
12	24	1	10
10	18	1	0
8	14	1	0
5	7	1	0
8	14	1	0
9	14	1	0
8	15	1	0
9	17	1	0
12	22	1	0
9	15	1	0
2	1	1	0
8	14	1	0
2	1	1	0
7	12	1	0
7	11	1	0
9	16	1	0
5	7	1	0
12	22	1	0
2	1	1	0
7	11	1	0
10	18	1	0
11	19	1	0
2	1	1	0
9	16	1	0
9	15	1	0
4	5	1	0
5	7	1	0
2	1	1	0
9	16	1	0
2	1	1	0
8	14	1	0
6	10	1	0
7	12	1	0
2	1	1	0
6	10	1	0
2	1	1	0
12	21	1	0
2	1	1	0
15	28	1	0
14	26	1	0
5	9	1	0
2	0	0	0
11	20	1	0
2	1	1	0
8	14	1	0
10	17	1	0
11	21	1	0
10	21	1	0
8	17	1	0
9	14	1	0
14	25	1	0
12	22	1	0
9	14	1	0
#>>result = 0.987604
