#Original graph size: 40 nodes, 77 edges
#Modified graph size: 35 nodes, 80 edges
#Probing for 5 times..................................................
#V	E	P	T
2	1	1	0
2	0	0	0
7	12	1	0
5	8	1	0
7	10	1	0
10	20	1	0
15	27	1	0
8	15	1	0
8	16	1	0
11	21	1	0
8	13	1	0
5	7	1	0
9	13	1	0
2	1	1	0
2	1	1	0
8	13	1	0
8	15	1	0
12	21	1	0
12	22	1	0
8	14	1	0
11	19	1	0
2	1	1	0
2	1	1	0
4	5	1	0
2	1	1	0
7	11	1	0
5	7	1	0
10	17	1	0
7	11	1	0
2	1	1	0
8	13	1	0
7	13	1	0
7	11	1	10
7	11	1	0
5	7	1	0
12	23	1	0
7	11	1	0
6	10	1	0
8	13	1	0
8	13	1	0
18	34	1	0
12	24	1	0
9	14	1	0
11	18	1	0
8	15	1	0
5	7	1	0
12	22	1	0
9	15	1	0
7	12	1	0
9	17	1	0
9	16	1	0
11	21	1	0
14	27	1	0
2	1	1	0
14	25	1	0
6	11	1	0
8	13	1	0
4	6	1	0
2	1	1	0
2	1	1	0
9	18	1	0
14	24	1	0
2	1	1	0
2	1	1	0
8	14	1	0
10	19	1	0
10	19	1	0
12	21	1	0
9	15	1	0
14	28	1	0
6	8	1	0
12	24	1	0
14	28	1	0
2	1	1	0
16	31	1	0
10	17	1	0
9	14	1	0
2	1	1	0
14	26	1	0
9	14	1	0
7	12	1	0
8	14	1	0
2	1	1	0
6	8	1	0
14	26	1	0
14	24	1	0
5	6	1	0
10	17	1	0
8	15	1	0
8	13	1	0
7	12	1	0
12	25	1	0
2	1	1	0
7	11	1	0
10	18	1	0
8	13	1	0
8	15	1	0
2	1	1	0
2	1	1	0
6	9	1	0
2	1	1	0
6	9	1	0
5	7	1	0
13	22	1	0
10	19	1	0
2	1	1	0
4	5	1	0
2	1	1	0
2	1	1	0
2	1	1	0
2	1	1	0
8	12	1	0
15	25	1	0
7	12	1	0
2	1	1	0
7	12	1	0
10	19	1	0
11	21	1	0
11	20	1	0
2	1	1	0
10	17	1	0
2	1	1	0
10	18	1	10
4	6	1	0
19	34	1	0
8	12	1	0
11	23	1	0
9	13	1	0
9	16	1	0
7	11	1	0
9	15	1	0
11	21	1	0
5	7	1	0
9	15	1	0
8	13	1	0
2	1	1	0
2	1	1	0
10	16	1	0
8	12	1	0
11	20	1	0
5	8	1	0
7	12	1	0
7	11	1	0
9	14	1	0
15	28	1	0
4	4	1	0
9	15	1	0
5	7	1	0
10	17	1	0
13	26	1	0
9	18	1	0
2	1	1	0
16	29	1	0
13	27	1	0
2	1	1	0
10	17	1	0
14	23	1	0
10	18	1	0
11	19	1	0
8	13	1	0
2	1	1	0
12	22	1	0
2	1	1	0
7	12	1	0
2	1	1	0
10	20	1	0
14	28	1	0
4	5	1	0
14	28	1	0
9	15	1	0
7	11	1	0
7	13	1	0
9	15	1	0
4	4	1	0
9	14	1	0
7	10	1	0
9	16	1	0
5	7	1	0
10	18	1	0
2	1	1	0
10	18	1	0
2	1	1	0
2	1	1	0
9	18	1	0
10	16	1	0
11	22	1	0
10	18	1	0
11	19	1	0
8	14	1	0
9	15	1	0
13	22	1	0
2	1	1	0
9	15	1	0
6	10	1	0
11	19	1	0
5	7	1	0
2	1	1	0
4	5	1	0
7	12	1	0
6	9	1	0
6	10	1	0
5	7	1	0
7	10	1	0
7	11	1	0
2	1	1	0
8	13	1	0
6	9	1	0
15	29	1	0
12	20	1	0
4	5	1	0
10	16	1	0
8	13	1	0
7	11	1	0
4	4	1	0
4	5	1	10
6	9	1	0
8	13	1	0
7	13	1	0
7	10	1	0
8	14	1	0
9	15	1	0
4	5	1	0
12	21	1	0
10	16	1	0
2	1	1	0
8	16	1	0
7	11	1	0
15	27	1	0
8	12	1	0
2	1	1	0
8	12	1	0
9	15	1	0
2	1	1	0
8	12	1	0
7	13	1	0
7	10	1	0
13	22	1	0
10	18	1	0
2	1	1	0
2	1	1	0
11	20	1	0
7	10	1	0
8	14	1	0
2	1	1	0
11	19	1	0
2	1	1	0
10	19	1	0
2	1	1	0
5	7	1	0
5	7	1	0
6	9	1	0
2	1	1	0
4	5	1	0
7	11	1	0
7	13	1	0
14	25	1	0
13	23	1	0
4	5	1	0
7	12	1	0
9	16	1	0
9	15	1	0
2	1	1	0
7	11	1	0
2	1	0.970068	0
7	11	1	0
7	14	1	0
2	0	0	0
8	14	1	0
13	24	1	0
13	23	1	0
14	25	1	0
10	16	1	0
10	20	1	0
9	15	1	0
9	17	1	0
2	1	1	0
6	9	1	0
11	21	1	0
2	1	1	0
9	15	1	0
2	1	1	0
5	7	1	0
7	12	1	0
7	12	1	0
4	5	1	0
2	1	1	0
6	8	1	0
9	15	1	0
16	28	1	0
8	13	1	0
7	11	1	0
2	1	1	0
9	14	1	0
8	14	1	0
10	16	1	0
16	31	1	0
15	26	1	0
2	1	1	0
8	16	1	0
10	16	1	0
6	8	1	0
9	18	1	0
17	31	1	0
7	11	1	0
7	11	1	0
6	10	1	0
7	11	1	0
7	12	1	0
8	14	1	0
9	15	1	0
12	23	1	0
2	1	1	0
2	1	1	0
6	8	1	0
2	1	1	0
13	22	1	0
2	1	1	0
16	29	1	0
13	23	1	10
8	13	1	0
11	19	1	0
5	7	1	0
2	1	1	0
12	21	1	0
10	17	1	0
10	18	1	0
4	5	1	0
2	1	1	0
4	5	1	0
15	29	1	0
9	14	1	0
6	9	1	0
12	22	1	0
5	7	1	0
5	7	1	0
14	24	1	0
2	1	1	0
7	12	1	0
6	9	1	0
10	20	1	0
2	1	1	0
5	8	1	0
12	23	1	0
4	6	1	0
9	15	1	0
13	24	1	0
2	1	1	0
12	21	1	0
5	7	1	0
8	15	1	0
4	5	1	0
9	17	1	0
7	10	1	0
2	1	1	0
9	16	1	0
2	1	1	0
13	25	1	0
12	21	1	0
10	15	1	0
2	1	1	0
13	26	1	0
2	1	1	0
10	19	1	0
7	12	1	0
9	17	1	0
9	16	1	0
10	17	1	0
5	7	1	0
2	1	1	0
13	24	1	0
10	15	1	0
6	9	1	0
8	12	1	0
12	21	1	0
9	16	1	0
2	1	1	0
13	24	1	0
9	15	1	0
12	24	1	0
8	13	1	0
11	21	1	0
12	22	1	0
7	11	1	0
11	20	1	0
5	7	1	0
9	16	1	0
8	12	1	0
11	20	1	0
2	1	1	0
7	10	1	0
11	20	1	0
6	10	1	0
13	22	1	0
12	22	1	0
5	7	1	0
12	26	1	0
8	13	1	0
10	19	1	0
2	1	1	0
7	11	1	0
2	1	1	0
5	7	1	0
10	21	1	0
11	21	1	0
11	18	1	0
7	11	1	0
10	16	1	0
2	1	1	0
8	13	1	0
9	16	1	0
9	16	1	0
2	1	1	0
11	20	1	0
2	1	1	0
2	1	1	0
4	5	1	0
6	8	1	0
8	15	1	0
11	18	1	0
2	1	1	0
6	11	1	0
12	21	1	0
11	18	1	0
13	25	1	0
5	7	1	0
10	14	1	0
16	29	1	10
6	7	1	0
6	8	1	0
2	1	1	0
13	24	1	0
9	16	1	0
10	16	1	0
7	10	1	0
8	14	1	0
5	7	1	0
6	8	1	0
5	7	1	0
5	7	1	0
12	24	1	0
6	10	1	0
12	20	1	0
11	20	1	0
2	1	1	0
8	14	1	0
4	5	1	0
4	5	1	0
8	14	1	0
9	16	1	0
4	4	1	0
6	11	1	0
2	1	1	0
10	19	1	0
7	10	1	0
7	10	1	0
8	14	1	0
8	14	1	0
2	1	1	0
12	24	1	0
13	22	1	0
8	14	1	0
2	1	1	0
2	1	1	0
9	17	1	0
5	7	1	0
14	27	1	0
19	40	1	0
2	1	1	0
5	7	1	0
2	1	1	0
10	17	1	0
5	7	1	0
16	30	1	0
10	18	1	0
8	13	1	0
10	17	1	0
15	27	1	0
2	1	1	0
9	15	1	0
14	27	1	0
4	5	1	0
7	12	1	0
7	10	1	0
2	1	1	0
7	10	1	0
13	26	1	0
6	8	1	0
15	28	1	0
14	25	1	0
2	1	1	0
2	1	1	0
14	24	1	0
2	1	1	0
11	21	1	0
15	27	1	0
10	19	1	0
8	11	1	0
9	15	1	0
5	7	1	0
7	11	1	0
7	11	1	0
16	31	1	0
14	26	1	0
8	14	1	0
10	17	1	0
11	20	1	0
10	18	1	0
10	19	1	0
6	9	1	0
9	15	1	0
9	14	1	0
11	22	1	0
10	17	1	0
5	7	1	0
7	11	1	0
10	18	1	0
7	11	1	0
12	22	1	10
8	13	1	0
2	1	1	0
2	1	1	0
12	19	1	0
7	11	1	0
10	19	1	0
9	14	1	0
5	7	1	0
10	17	1	0
6	10	1	0
17	32	1	0
11	22	1	0
13	23	1	0
11	22	1	0
9	17	1	0
9	16	1	0
17	35	1	0
2	1	1	0
9	14	1	0
7	11	1	0
6	9	1	0
8	13	1	0
2	1	1	0
13	25	1	0
2	1	1	0
12	21	1	0
13	24	1	0
2	1	1	0
9	16	1	0
7	10	1	0
7	10	1	0
12	22	1	0
8	12	1	0
5	7	1	0
14	26	1	0
2	1	1	0
4	4	1	0
13	23	1	0
7	12	1	0
2	1	1	0
5	7	1	0
8	13	1	0
5	7	1	0
2	1	1	0
2	1	1	0
8	15	1	0
11	18	1	0
11	18	1	0
5	7	1	0
7	11	1	0
2	1	1	0
10	17	1	0
13	25	1	0
2	1	1	0
2	1	1	0
6	10	1	0
8	13	1	0
5	7	1	0
2	0	0	0
6	9	1	0
2	1	1	0
5	7	1	0
2	1	1	0
4	5	1	0
7	12	1	0
9	13	1	0
4	6	1	0
9	14	1	0
12	21	1	0
12	22	1	0
2	1	1	0
11	19	1	0
10	19	1	0
7	13	1	0
2	1	1	0
16	29	1	0
6	10	1	0
6	8	1	0
12	21	1	0
2	1	1	0
13	23	1	0
2	1	1	0
9	16	1	0
7	11	1	0
14	22	1	0
10	15	1	0
4	5	1	0
7	10	1	0
10	16	1	0
10	16	1	0
12	21	1	0
2	1	1	0
2	1	1	0
5	8	1	0
13	23	1	0
11	20	1	0
9	13	1	0
2	0	0	0
6	10	1	0
9	16	1	0
2	1	1	0
4	5	1	0
9	17	1	10
8	15	1	0
6	9	1	0
9	18	1	0
7	11	1	0
7	13	1	0
4	5	1	0
13	22	1	0
2	1	1	0
2	1	1	0
13	22	1	0
2	1	1	0
7	11	1	0
4	5	1	0
8	15	1	0
4	5	1	0
11	19	1	0
6	9	1	0
4	5	1	0
10	19	1	0
6	10	1	0
10	20	1	0
11	18	1	0
9	14	1	0
2	1	1	0
8	14	1	0
12	22	1	0
4	5	1	0
9	16	1	0
8	13	1	0
8	13	1	0
15	30	1	0
10	17	1	0
15	29	1	0
10	18	1	0
9	14	1	0
11	19	1	0
10	18	1	0
5	7	1	0
12	22	1	0
2	1	1	0
12	23	1	0
9	16	1	0
10	17	1	0
5	7	1	0
5	7	1	0
2	1	1	0
11	23	1	0
7	12	1	0
8	12	1	0
4	5	1	0
10	17	1	0
4	5	1	0
12	22	1	0
2	1	1	0
5	7	1	0
13	26	1	0
2	1	1	0
4	5	1	0
8	13	1	0
15	28	1	0
9	17	1	0
8	12	1	0
12	25	1	0
7	10	1	0
11	20	1	0
5	7	1	0
10	16	1	0
4	5	1	0
4	6	1	0
4	5	1	0
16	30	1	0
2	1	1	0
10	18	1	0
11	20	1	0
2	1	1	0
4	5	1	0
8	13	1	0
10	17	1	0
4	5	1	0
10	20	1	0
5	7	1	0
10	21	1	0
7	11	1	0
12	23	1	0
9	16	1	0
11	20	1	0
5	7	1	10
12	20	1	0
4	5	1	0
6	10	1	0
9	14	1	0
2	1	1	0
2	1	1	0
2	1	1	0
5	6	1	0
5	7	1	0
2	1	1	0
10	18	1	0
2	1	1	0
9	16	1	0
2	1	1	0
12	24	1	0
8	16	1	0
2	1	1	0
12	23	1	0
4	5	1	0
6	10	1	0
9	17	1	0
2	1	1	0
7	12	1	0
5	8	1	0
12	22	1	0
11	19	1	0
10	20	1	0
10	17	1	0
9	17	1	0
10	15	1	0
13	22	1	0
9	17	1	0
9	15	1	0
8	11	1	0
9	16	1	0
17	33	1	0
10	19	1	0
12	21	1	0
2	1	1	0
12	21	1	0
5	7	1	0
2	1	1	0
5	7	1	0
11	19	1	0
5	7	1	0
5	8	1	0
9	17	1	0
14	30	1	0
8	13	1	0
8	14	1	0
10	17	1	0
2	1	1	0
12	23	1	0
15	29	1	0
13	27	1	0
5	7	1	0
4	5	1	0
10	18	1	0
6	11	1	0
9	15	1	0
8	14	1	0
9	13	1	0
4	6	1	0
9	15	1	0
4	5	1	0
6	11	1	0
7	12	1	0
12	24	1	0
5	7	1	0
4	5	1	0
9	14	1	0
7	12	1	0
8	12	1	0
2	1	1	0
2	1	1	0
15	30	1	0
7	11	1	0
9	16	1	0
7	10	1	0
9	15	1	0
10	18	1	0
8	15	1	0
9	16	1	0
5	7	1	0
2	0	0	0
5	6	1	0
9	15	1	0
2	1	1	0
6	11	1	0
10	18	1	0
6	10	1	0
9	16	1	0
8	13	1	0
4	5	1	0
12	22	1	0
2	1	1	0
5	7	1	0
6	9	1	0
14	27	1	0
8	13	1	0
10	20	1	0
12	21	1	10
17	30	1	0
2	1	1	0
2	1	1	0
6	9	1	0
5	7	1	0
8	13	1	0
10	18	1	0
2	1	1	0
6	8	1	0
13	25	1	0
10	18	1	0
15	30	1	0
2	0	0	0
2	1	1	0
6	9	1	0
12	25	1	0
13	22	1	0
2	1	1	0
12	21	1	0
7	13	1	0
9	16	1	0
7	12	1	0
9	17	1	0
9	17	1	0
8	13	1	0
5	7	1	0
19	35	1	0
10	20	1	0
10	17	1	0
10	17	1	0
10	18	1	0
13	25	1	0
7	12	1	0
11	20	1	0
12	21	1	0
13	24	1	0
2	0	0	0
4	6	1	0
4	5	1	0
5	7	1	0
14	25	1	0
5	7	1	0
13	25	1	0
10	19	1	0
8	14	1	0
5	7	1	0
9	17	1	0
8	14	1	0
2	1	1	0
10	17	1	0
2	1	1	0
7	13	1	0
13	24	1	0
8	13	1	0
2	0	0	0
10	20	1	0
4	5	1	0
8	16	1	0
6	9	1	0
4	5	1	0
9	15	1	0
2	1	1	0
2	1	1	0
8	14	1	0
10	18	1	0
2	1	1	0
9	18	1	0
11	20	1	0
8	14	1	0
12	23	1	0
6	9	1	0
7	12	1	0
5	7	1	0
16	29	1	0
9	17	1	0
9	16	1	0
8	13	1	0
13	24	1	0
2	1	1	0
10	18	1	0
2	1	1	0
4	5	1	0
12	22	1	0
9	16	1	0
7	12	1	0
4	5	1	0
2	1	1	0
2	1	1	0
14	28	1	0
12	21	1	0
9	14	1	0
2	1	1	0
6	9	1	0
2	0	0	0
9	16	1	10
17	33	1	0
2	1	1	0
7	12	1	0
8	12	1	0
2	1	1	0
10	19	1	0
8	14	1	0
7	10	1	0
8	12	1	0
5	7	1	0
5	7	1	0
8	13	1	0
10	17	1	0
5	6	1	0
11	19	1	0
11	22	1	0
6	9	1	0
9	14	1	0
11	23	1	0
10	17	1	0
9	15	1	0
5	6	1	0
8	13	1	0
7	11	1	0
10	16	1	0
12	20	1	0
2	1	1	0
4	5	1	0
14	27	1	0
6	11	1	0
13	25	1	0
2	1	1	0
10	18	1	0
4	5	1	0
7	12	1	0
2	1	1	0
12	20	1	0
2	1	1	0
12	20	1	0
12	21	1	0
2	1	1	0
7	12	1	0
13	24	1	0
10	18	1	0
11	20	1	0
12	20	1	0
8	13	1	0
7	13	1	0
2	0	0	0
10	18	1	0
9	17	1	0
8	14	1	0
14	24	1	0
6	10	1	0
10	18	1	0
7	11	1	0
9	14	1	0
8	12	1	0
14	24	1	0
12	21	1	0
6	9	1	0
2	1	1	0
11	20	1	0
2	1	1	0
2	1	1	0
7	11	1	0
2	1	1	0
8	12	1	0
9	16	1	0
17	32	1	0
2	1	1	0
4	5	1	0
12	23	1	0
7	10	1	0
2	1	1	0
10	18	1	0
9	17	1	0
12	21	1	0
7	12	1	0
10	17	1	0
4	5	1	0
8	15	1	0
2	1	1	0
8	13	1	0
12	22	1	0
9	19	1	0
8	15	1	0
10	18	1	0
4	5	1	0
4	5	1	0
11	19	1	10
2	1	1	0
8	12	1	0
13	22	1	0
12	22	1	0
#>>result = 0.98997
