#Original graph size: 25 nodes, 47 edges
#Modified graph size: 20 nodes, 45 edges
#Probing for 5 times..................................................
#V	E	P	T
12	21	1	0
2	1	0.211536	0
10	17	1	0
6	8	1	0
6	9	1	0
5	6	1	0
12	21	1	0
2	1	0.211536	0
9	15	1	0
5	6	1	0
6	9	1	10
12	21	1	0
10	18	1	0
12	20	1	0
5	6	0.211536	0
13	22	1	0
10	16	1	0
6	8	1	0
12	20	1	0
6	8	1	0
10	16	1	0
11	19	1	0
10	17	1	0
5	7	1	0
12	20	1	0
6	8	1	0
2	1	0.211536	0
9	14	1	0
7	11	1	0
8	14	1	0
6	8	1	0
9	15	1	0
8	13	1	0
9	13	1	0
2	1	0.211536	0
5	7	1	0
12	20	1	0
2	1	1	0
5	6	1	0
7	11	1	0
10	15	1	0
7	11	0.976399	0
10	17	1	0
11	18	1	0
7	10	1	0
12	21	1	0
5	6	1	0
7	11	1	0
2	1	1	0
10	17	1	0
6	8	1	0
10	15	0.988585	0
6	8	1	0
9	14	1	0
6	9	1	0
6	9	1	0
6	8	1	0
2	1	0.211536	0
11	19	1	0
6	9	1	0
8	12	1	0
6	8	1	0
6	8	1	0
8	12	1	0
2	1	1	0
10	15	1	0
10	17	1	0
5	6	0.211536	0
2	1	0.211536	0
7	10	1	0
5	7	1	0
2	1	1	10
10	17	1	0
12	21	1	0
7	10	1	0
14	25	1	0
9	14	1	0
2	1	1	0
6	8	1	0
7	12	1	0
9	15	1	0
11	19	1	0
7	10	0.976399	0
9	14	1	0
6	9	1	0
10	17	1	0
5	6	1	0
6	9	1	0
11	18	1	0
10	15	1	0
6	9	1	0
6	8	1	0
11	18	1	0
8	13	1	0
8	13	1	0
5	6	1	0
12	21	1	0
2	1	0.211536	0
6	8	1	0
12	20	1	0
12	20	1	0
5	6	1	0
5	6	1	0
12	20	1	0
2	1	1	0
11	19	1	0
5	6	0.211536	0
9	13	1	0
10	16	1	0
9	14	1	0
11	19	1	0
11	19	1	0
6	9	1	0
9	14	0.976399	0
11	18	1	0
11	18	1	0
5	6	0.211536	0
13	22	1	0
11	19	1	0
14	25	1	0
5	7	1	0
10	15	1	0
2	1	1	0
6	8	1	0
9	15	1	0
8	12	1	0
7	11	1	0
13	22	1	0
10	17	1	0
5	6	1	0
12	20	1	0
2	1	0.211536	0
11	19	1	0
6	8	1	0
6	8	1	0
11	19	1	0
11	19	1	0
8	12	1	10
9	15	1	0
13	23	1	0
11	18	1	0
6	9	1	0
2	1	0.211536	0
2	1	0.211536	0
6	8	1	0
9	14	1	0
11	18	1	0
12	20	1	0
11	17	1	0
8	12	1	0
6	8	1	0
13	22	1	0
8	15	1	0
8	11	0.211536	0
10	17	1	0
5	7	1	0
9	15	1	0
7	11	1	0
5	6	0.211536	0
6	9	1	0
7	11	1	0
2	1	0.211536	0
9	14	1	0
12	22	1	0
13	23	1	0
5	7	1	0
2	1	0.211536	0
12	21	1	0
12	20	1	0
8	12	1	0
8	12	1	0
11	19	1	0
2	1	0.211536	0
10	16	1	0
8	13	1	0
9	16	1	0
7	11	1	0
8	13	1	0
12	20	1	0
6	8	1	0
10	16	1	0
2	1	1	0
12	21	1	0
7	11	0.211536	0
14	26	1	0
5	6	0.211536	0
8	13	1	0
11	18	1	0
11	19	1	0
10	18	1	0
9	14	1	0
6	8	1	0
9	15	1	10
5	6	0.211536	0
7	11	0.976399	0
7	10	1	0
2	1	0.211536	0
12	20	1	0
7	10	0.645404	0
6	8	1	0
2	1	0.211536	0
7	10	1	0
8	12	1	0
2	1	0.211536	0
8	14	1	0
2	1	0.211536	0
8	14	1	0
12	21	1	0
2	1	0.211536	0
6	9	1	0
6	9	1	0
11	18	1	0
10	16	1	0
12	20	1	0
11	19	1	0
2	1	0.211536	0
2	1	0.211536	0
9	13	1	0
2	1	1	0
10	16	1	0
12	22	1	0
5	6	0.211536	0
9	15	1	0
6	9	1	0
13	22	1	0
5	6	1	0
7	11	1	0
7	12	1	0
2	1	0.211536	0
6	9	1	0
7	11	1	0
8	13	1	0
10	16	1	0
8	12	1	0
6	9	1	0
7	10	1	0
8	12	1	0
10	17	1	0
8	12	1	0
7	10	1	0
11	17	1	0
6	8	1	0
6	8	1	0
8	12	1	0
10	17	1	0
7	11	1	0
6	8	1	0
7	11	1	0
2	1	1	0
10	18	1	0
12	21	1	0
5	6	0.211536	0
7	11	1	0
8	15	1	0
8	12	1	0
11	19	1	0
11	19	1	0
6	9	1	0
7	11	1	0
11	18	1	0
6	9	1	0
7	11	1	0
11	18	1	0
2	1	0.211536	0
2	1	1	10
7	10	1	0
5	6	1	0
2	1	0.211536	0
6	8	1	0
8	12	1	0
2	1	1	0
11	17	1	0
13	24	1	0
13	23	1	0
12	20	1	0
6	9	1	0
5	6	0.211536	0
5	6	0.211536	0
7	10	1	0
6	10	1	0
2	1	0.211536	0
11	17	1	0
9	15	1	0
2	1	0.211536	0
6	8	1	0
9	14	1	0
10	16	1	0
5	6	1	0
5	7	1	0
12	21	1	0
2	1	0.211536	0
4	5	1	0
11	19	1	0
6	9	1	0
9	14	1	0
11	21	1	0
11	18	1	0
11	18	1	0
10	18	1	0
6	8	1	0
5	6	0.211536	0
9	16	1	0
6	8	1	0
5	6	1	0
8	12	1	0
12	19	1	0
9	15	1	0
12	21	1	0
6	8	1	0
11	19	1	0
11	19	1	0
8	12	1	0
8	12	1	0
2	1	1	0
5	6	0.211536	0
10	17	1	0
8	13	0.211536	0
5	6	1	0
8	12	0.976399	0
12	21	1	0
6	8	1	0
8	13	1	0
11	19	1	0
5	6	0.211536	0
9	14	0.211536	0
9	14	0.976399	0
10	16	1	0
5	6	0.211536	0
9	15	1	0
9	15	1	0
7	10	1	10
9	14	1	0
10	16	1	0
5	6	1	0
2	1	0.211536	0
6	8	1	0
6	9	1	0
2	1	1	0
2	1	0.211536	0
11	17	1	0
6	8	1	0
5	6	0.211536	0
9	15	1	0
5	6	0.211536	0
5	6	0.211536	0
10	15	1	0
2	1	0.211536	0
5	6	1	0
9	15	1	0
7	10	1	0
2	1	0.211536	0
5	6	0.211536	0
2	1	0.211536	0
12	20	1	0
10	17	0.976399	0
6	9	1	0
12	22	1	0
11	19	1	0
6	8	1	0
11	18	1	0
6	9	1	0
12	21	1	0
5	6	0.211536	0
12	20	1	0
5	6	1	0
11	18	1	0
12	21	1	0
7	9	0.379255	0
6	8	1	0
11	18	1	0
11	19	1	0
6	8	1	0
2	1	1	0
11	18	1	0
10	17	1	0
10	15	1	0
6	9	1	0
11	18	1	0
12	21	1	0
13	23	1	0
8	13	1	0
10	16	0.976399	0
9	15	1	0
2	1	0.211536	0
6	8	0.211536	0
9	14	1	0
2	1	1	0
10	18	1	0
9	13	1	0
9	14	1	0
2	1	0.211536	0
5	6	1	0
13	22	1	0
6	8	1	0
9	15	1	0
8	13	1	0
9	14	1	10
8	12	1	0
8	11	1	0
13	22	1	0
6	9	1	0
8	12	1	0
5	6	1	0
11	19	1	0
7	10	1	0
6	8	1	0
5	6	0.211536	0
2	1	0.211536	0
8	13	1	0
9	15	1	0
11	18	1	0
8	13	1	0
9	15	1	0
10	17	1	0
2	1	0.211536	0
11	19	1	0
7	11	0.976399	0
6	8	1	0
6	8	1	0
10	18	1	0
6	9	1	0
10	16	1	0
8	12	1	0
8	12	1	0
2	1	0.211536	0
2	1	1	0
10	17	0.988585	0
9	15	1	0
12	21	1	0
10	17	1	0
8	13	1	0
9	15	1	0
13	23	1	0
6	9	1	0
12	20	1	0
10	17	1	0
2	1	1	0
8	13	1	0
10	17	1	0
7	10	1	0
8	13	1	0
6	8	1	0
6	9	1	0
2	1	0.211536	0
2	1	0.0099047	0
9	14	0.976399	0
2	1	0.211536	0
11	19	1	0
11	18	1	0
12	20	1	0
2	1	1	0
9	16	1	0
11	19	1	0
9	14	1	0
11	21	1	10
11	19	1	0
8	13	1	0
2	1	0.211536	0
2	1	1	0
10	17	1	0
9	14	1	0
5	6	1	0
5	6	0.211536	0
14	22	1	0
6	9	1	0
6	8	0.976399	0
13	22	1	0
6	8	0.976399	0
10	15	1	0
2	1	1	0
6	8	1	0
11	20	1	0
12	22	1	0
10	16	1	0
2	1	0.211536	0
5	7	1	0
11	18	1	0
8	12	1	0
6	8	1	0
5	6	0.211536	0
7	11	1	0
6	8	0.976399	0
2	1	0.211536	0
6	8	1	0
4	5	1	0
11	18	1	0
6	8	1	0
5	6	0.211536	0
4	5	1	0
8	12	1	0
2	1	0.211536	0
8	12	1	0
2	1	0.211536	0
4	5	1	0
12	21	1	0
2	1	1	0
9	14	1	0
11	18	1	0
5	7	1	0
5	6	0.211536	0
6	8	1	0
12	20	1	0
5	6	0.211536	0
8	13	1	0
7	12	1	0
8	13	1	0
11	20	1	0
6	8	1	0
5	6	0.211536	0
10	16	1	0
6	8	1	0
10	16	1	0
6	9	1	0
9	16	1	0
11	20	1	0
7	11	1	0
9	15	1	0
10	15	1	0
10	17	1	0
6	8	1	0
6	9	1	0
9	14	1	10
5	7	1	0
5	6	1	0
2	1	0.211536	0
12	19	1	0
9	15	1	0
2	1	1	0
5	6	0.211536	0
5	6	1	0
8	13	1	0
12	20	1	0
5	6	0.211536	0
6	8	1	0
9	14	1	0
2	1	0.211536	0
9	15	1	0
5	6	0.211536	0
5	6	0.211536	0
5	6	1	0
11	19	1	0
12	20	1	0
11	19	1	0
2	1	0.211536	0
8	12	1	0
12	21	1	0
6	9	1	0
6	9	1	0
11	19	1	0
2	1	0.211536	0
7	10	1	0
10	15	0.988585	0
6	8	1	0
2	1	0.211536	0
8	14	1	0
5	6	0.211536	0
5	7	1	0
2	1	1	0
8	13	1	0
2	1	0.211536	0
5	7	1	0
12	20	1	0
2	1	1	0
2	1	0.211536	0
11	20	1	0
2	1	1	0
8	13	1	0
6	8	1	0
8	12	1	0
2	1	0.211536	0
10	18	1	0
2	1	0.211536	0
8	13	0.211536	0
8	13	1	0
7	11	1	0
11	20	1	0
2	1	0.211536	0
5	6	0.211536	0
6	8	1	0
7	10	1	0
2	1	0.211536	0
13	22	1	0
13	22	1	0
13	23	1	0
2	1	0.211536	0
10	16	1	0
11	19	1	0
6	8	1	0
9	14	1	0
7	10	1	0
2	1	0.211536	0
10	17	1	0
9	14	1	0
12	21	1	0
8	13	1	0
12	21	1	0
6	9	1	0
10	18	1	0
8	13	0.379255	0
11	18	1	0
5	6	1	0
6	8	1	0
2	1	1	0
12	20	1	10
2	1	0.211536	0
2	1	0.211536	0
6	8	1	0
10	15	1	0
5	7	1	0
7	10	0.211536	0
8	13	1	0
8	13	1	0
12	19	1	0
8	13	1	0
8	12	1	0
14	26	1	0
13	25	1	0
2	1	0.211536	0
2	1	0.211536	0
5	6	1	0
9	16	1	0
10	16	0.976399	0
8	12	1	0
2	1	0.211536	0
8	12	1	0
9	14	1	0
11	18	1	0
8	12	1	0
6	9	1	0
6	8	1	0
12	20	1	0
7	11	1	0
8	13	1	0
11	18	1	0
8	14	1	0
9	13	0.988585	0
8	12	1	0
10	16	1	0
5	6	1	0
7	10	0.976399	0
7	10	1	0
9	14	1	0
2	1	1	0
7	11	1	0
11	18	1	0
8	14	1	0
10	17	1	0
11	18	1	0
7	11	1	0
5	6	0.211536	0
6	8	1	0
2	1	1	0
8	14	1	0
8	12	1	0
7	10	0.976399	0
8	13	1	0
6	8	1	0
9	15	1	0
13	22	1	0
9	14	1	0
7	11	1	10
12	21	1	0
10	17	1	0
14	25	1	0
9	14	1	0
7	10	1	0
2	1	1	0
7	11	0.976399	0
12	21	1	0
2	1	0.211536	0
7	11	1	0
8	13	1	0
10	15	1	0
10	16	1	0
5	6	1	0
7	10	1	0
10	16	1	0
6	8	0.976399	0
12	22	1	0
5	6	1	0
2	1	1	0
10	15	1	0
6	9	0.970364	0
12	20	1	0
11	18	1	0
6	8	1	0
2	1	1	0
12	20	1	0
5	6	1	0
12	21	1	0
10	16	1	0
8	13	1	0
6	8	1	0
8	14	1	0
11	18	1	0
9	15	1	0
6	8	1	0
9	15	1	0
2	1	1	0
2	1	0.211536	0
5	6	1	0
12	20	1	0
13	23	1	0
6	8	1	0
5	6	0.211536	0
10	17	1	0
5	7	1	0
5	6	0.211536	0
2	1	0.211536	0
6	8	1	0
4	5	1	0
2	1	0.0099047	0
7	10	1	0
11	19	1	0
2	1	1	0
5	6	1	0
5	6	1	0
9	14	0.976399	0
7	10	1	0
11	19	1	0
8	12	1	0
8	13	1	0
2	1	1	0
5	7	1	0
5	6	1	0
8	12	1	0
2	1	1	0
9	16	1	0
5	6	1	0
11	18	1	10
7	10	1	0
7	10	1	0
11	20	1	0
6	8	1	0
5	7	1	0
10	16	1	0
10	16	1	0
10	16	0.988585	0
2	1	0.211536	0
15	24	1	0
10	16	1	0
6	9	1	0
6	9	1	0
10	16	1	0
8	11	1	0
8	13	1	0
6	8	1	0
2	1	1	0
6	9	1	0
6	8	1	0
8	12	1	0
11	19	1	0
12	20	1	0
8	13	1	0
11	18	1	0
7	10	1	0
7	10	1	0
9	16	1	0
4	5	1	0
2	1	1	0
8	13	1	0
12	20	1	0
10	18	1	0
13	22	1	0
8	14	1	0
6	8	1	0
6	9	1	0
14	23	1	0
5	6	1	0
2	1	0.211536	0
6	8	1	0
2	1	1	0
11	18	1	0
9	15	1	0
10	16	1	0
10	15	1	0
11	17	1	0
5	7	1	0
9	14	1	0
5	6	1	0
2	1	0.211536	0
5	6	0.211536	0
11	18	1	0
6	8	1	0
12	20	1	0
14	27	1	10
7	10	0.976399	0
13	24	1	0
6	9	1	0
9	14	1	0
6	9	1	0
2	1	1	0
11	18	1	0
10	17	1	0
15	25	1	0
2	1	0.211536	0
13	22	1	0
2	1	1	0
2	1	0.211536	0
6	10	1	0
11	18	1	0
12	21	1	0
8	13	1	0
12	20	1	0
5	6	1	0
2	1	0.211536	0
6	8	1	0
2	1	0.211536	0
10	15	1	0
11	17	1	0
12	20	1	0
6	8	0.976399	0
10	16	0.976399	0
9	16	1	0
6	8	1	0
11	18	1	0
9	14	1	0
6	8	1	0
11	19	1	0
9	15	1	0
5	7	1	0
8	13	1	0
11	19	1	0
11	20	1	0
10	17	1	0
7	10	1	0
7	11	1	0
7	11	1	0
6	8	1	0
6	9	1	0
6	8	1	0
2	1	0.211536	0
9	16	1	0
5	6	1	0
8	13	1	0
9	15	1	0
8	12	1	0
12	20	1	10
11	18	1	0
11	18	1	0
2	1	0.211536	0
9	14	1	0
5	6	1	0
6	8	1	0
6	8	1	0
9	15	1	0
11	18	1	0
8	13	0.379255	0
11	18	1	0
9	17	1	0
12	21	1	10
9	14	0.211536	0
2	1	0.211536	0
8	15	1	0
7	10	1	0
11	18	1	0
7	10	1	0
5	7	1	0
5	6	0.211536	0
10	16	1	0
5	6	0.211536	0
6	8	1	0
10	17	0.976399	0
6	8	1	0
2	1	0.211536	0
12	20	1	0
6	8	1	0
5	7	1	0
2	1	1	0
5	6	0.211536	0
10	17	1	0
9	15	1	0
2	1	0.211536	0
9	15	0.988585	0
11	18	1	0
6	8	1	0
10	17	1	0
2	1	0.211536	0
2	1	0.211536	0
9	14	1	0
9	15	0.976399	0
12	21	1	0
2	1	0.211536	0
2	1	1	0
2	1	0.211536	0
6	8	1	0
2	1	1	0
7	11	1	0
8	12	1	0
5	6	1	0
9	15	1	0
12	20	1	0
6	8	1	0
13	23	1	0
11	19	1	0
2	1	1	0
9	14	1	0
6	8	1	0
5	7	1	0
11	19	1	0
6	8	1	0
11	18	0.976399	0
11	18	1	10
2	1	1	0
10	17	1	0
5	7	1	0
7	10	1	0
12	20	1	0
10	16	1	0
2	1	0.211536	0
10	17	1	0
7	12	1	0
6	8	1	0
2	1	0.211536	0
11	18	1	0
9	15	1	0
11	19	1	0
11	18	1	0
8	13	1	0
8	13	1	0
10	17	1	0
7	10	1	0
7	10	1	0
10	17	1	0
11	18	1	0
12	22	1	0
12	20	1	0
8	11	1	0
12	21	1	0
11	19	1	0
9	15	1	0
5	6	1	0
10	16	1	0
7	11	1	0
7	10	1	0
12	21	1	0
12	19	1	0
5	6	1	0
6	8	1	0
2	1	0.211536	0
13	23	1	0
11	19	1	0
5	7	1	0
5	6	1	0
8	13	0.211536	0
11	18	1	0
8	12	1	0
9	14	1	0
5	6	0.211536	0
8	12	1	0
7	10	1	0
6	9	1	0
7	11	0.211536	0
6	8	1	0
11	18	1	0
7	11	1	0
12	20	1	0
2	1	0.211536	0
6	9	1	0
8	14	1	0
10	16	1	0
12	22	1	10
11	21	1	0
6	8	1	0
9	14	0.976399	0
6	8	1	0
10	16	1	0
10	17	1	0
6	9	1	0
6	8	1	0
12	20	1	0
11	17	1	0
7	11	1	0
10	16	1	0
5	6	1	0
5	7	1	0
4	5	1	0
6	8	1	0
7	10	1	0
11	19	1	0
2	1	1	0
13	24	1	0
10	17	1	0
10	15	1	0
2	1	1	0
2	1	0.211536	0
12	21	1	0
9	15	1	0
8	13	1	0
5	6	0.211536	0
10	18	1	0
6	8	1	0
6	10	1	0
2	1	1	0
2	1	1	0
12	20	1	0
12	23	1	0
5	6	1	0
5	6	0.211536	0
2	1	0.211536	0
#>>result = 0.885495
