#Original graph size: 30 nodes, 57 edges
#Modified graph size: 26 nodes, 62 edges
#Probing for 5 times..................................................
#V	E	P	T
16	31	1	0
15	27	1	0
9	16	1	0
16	30	1	10
11	20	1	0
10	17	1	0
18	34	1	0
15	29	1	0
6	9	1	0
9	16	1	0
10	18	1	0
14	26	1	0
14	28	1	0
16	30	1	0
13	25	1	0
19	34	1	0
10	18	1	0
12	22	1	0
10	19	1	0
12	22	1	0
16	31	1	0
20	40	1	10
13	24	1	0
10	18	1	0
9	16	1	0
8	14	1	0
11	21	1	0
16	29	1	0
14	26	1	0
13	23	1	0
9	16	1	0
7	13	1	0
16	31	1	0
14	25	1	0
9	16	1	0
7	11	1	0
6	9	0.893565	0
15	28	1	10
14	27	1	0
12	21	1	0
12	21	1	0
12	22	1	0
9	17	1	0
11	21	1	0
7	11	1	0
15	29	1	0
13	25	1	0
17	35	1	0
7	12	1	0
20	37	1	0
12	24	1	0
19	36	1	10
15	27	1	0
11	19	1	0
15	29	1	0
10	18	1	0
10	20	1	0
17	32	1	0
11	21	1	0
2	1	1	0
9	16	1	0
12	22	1	0
9	15	1	0
9	16	1	0
13	22	1	0
10	17	1	0
15	26	1	0
10	18	1	0
8	14	1	0
6	10	1	0
12	21	1	0
11	21	1	0
13	25	1	0
15	28	1	0
12	22	1	0
12	24	1	0
10	18	1	0
11	19	1	0
14	27	1	0
11	20	1	0
8	16	1	0
9	16	1	0
15	32	1	0
14	26	1	0
10	18	1	0
12	23	1	0
17	31	1	0
14	25	1	10
11	22	1	0
16	31	1	0
18	34	1	0
10	20	1	0
15	29	1	0
10	17	1	0
14	26	1	0
8	14	1	0
13	24	1	0
10	18	1	0
14	26	0.96052	0
13	25	1	0
11	22	1	0
14	24	1	0
15	30	1	0
13	26	1	0
10	18	1	0
13	26	1	0
15	29	1	0
13	24	1	0
10	19	1	10
9	16	1	0
13	25	1	0
14	26	1	0
12	21	1	0
15	28	1	0
14	25	1	0
10	18	1	0
14	27	1	0
16	32	1	0
7	13	1	0
11	22	1	0
15	27	1	0
14	27	1	0
10	18	1	0
12	24	1	0
16	28	1	10
10	18	1	0
14	26	1	0
9	17	1	0
18	34	1	0
7	12	1	0
11	21	1	0
13	26	1	0
16	30	1	0
17	29	1	0
13	25	1	0
9	16	1	0
15	30	1	0
6	10	1	0
12	23	1	0
9	16	1	0
10	18	1	0
15	29	1	0
12	24	1	0
12	23	1	0
16	31	1	0
12	25	1	0
15	29	1	0
15	28	1	10
12	21	1	0
11	19	1	0
16	32	1	0
17	32	1	0
13	24	1	0
16	32	1	0
13	25	1	0
11	19	1	0
12	22	1	0
12	24	1	0
13	25	1	0
13	26	1	0
15	30	1	0
10	19	1	0
7	13	1	0
13	27	1	0
17	34	1	0
7	13	1	0
17	34	1	0
9	16	1	0
14	28	1	0
16	33	1	0
14	25	1	0
9	16	1	0
10	18	1	0
15	29	1	0
11	20	1	0
10	16	1	0
12	22	1	0
16	32	1	10
12	24	1	0
15	29	1	0
9	17	1	0
9	17	1	0
14	27	1	0
11	20	1	0
11	20	1	0
15	29	1	0
16	31	1	0
18	35	1	0
9	17	1	0
8	13	1	0
11	20	1	0
13	26	1	0
11	20	1	0
11	20	1	0
10	18	1	0
13	26	1	0
15	27	1	0
10	18	1	0
17	33	1	0
15	29	1	0
17	32	1	0
13	25	1	0
9	17	1	0
12	21	1	0
16	30	1	10
11	21	1	0
10	18	1	0
10	19	1	0
12	23	1	0
13	23	1	0
13	23	1	0
16	29	1	0
14	26	1	0
14	26	1	0
9	18	1	0
11	20	1	0
6	11	1	0
15	27	1	0
17	34	1	0
16	31	1	10
13	25	1	0
13	26	1	0
9	16	1	0
12	24	1	0
11	20	1	0
11	20	1	0
16	32	1	0
6	10	1	0
13	26	1	0
15	27	1	0
4	5	1	0
12	24	1	0
15	30	1	0
11	20	1	0
12	23	1	0
15	30	1	0
15	28	1	0
10	19	1	0
16	30	1	10
14	27	1	0
14	27	1	0
13	24	1	0
4	6	1	0
11	19	1	0
16	30	1	0
10	18	1	0
13	24	1	0
14	27	1	0
14	28	1	0
7	13	1	0
13	26	1	0
8	14	1	0
11	22	1	10
11	20	1	0
6	9	1	0
17	32	1	0
11	20	1	0
13	25	1	0
20	40	1	0
12	21	1	0
16	30	1	0
8	14	1	0
13	24	1	0
10	19	1	0
16	30	1	0
20	40	1	10
14	29	1	0
9	16	1	0
15	29	1	0
12	24	1	0
12	23	1	0
13	26	1	0
15	29	1	0
12	20	1	0
12	22	1	0
6	9	1	0
12	24	1	0
14	26	1	0
13	24	1	0
18	34	1	0
15	28	1	0
11	19	1	10
13	22	1	0
11	20	1	0
11	21	1	0
14	26	1	0
7	11	1	0
11	20	1	0
16	30	1	0
19	37	1	0
19	39	1	0
13	25	1	0
16	30	1	0
13	25	1	0
10	19	1	0
15	29	1	0
9	16	1	0
8	13	1	0
6	11	1	0
16	33	1	0
15	28	1	0
7	13	1	0
17	31	1	10
10	18	1	0
17	34	1	0
13	23	1	0
13	26	1	0
13	24	1	0
6	11	1	0
7	10	0.931788	0
9	17	1	0
17	32	1	0
12	22	1	0
9	17	1	0
11	22	1	0
9	17	1	0
12	22	1	0
14	26	1	10
13	24	1	0
15	28	1	0
9	16	1	0
17	33	1	0
20	38	1	0
14	27	1	0
8	13	1	0
14	26	1	0
9	16	1	0
9	16	1	0
13	25	1	0
8	15	1	0
10	19	1	0
14	27	1	0
16	30	1	0
14	25	1	10
14	26	1	0
15	28	1	0
16	32	1	0
15	30	1	0
14	26	1	0
13	25	1	0
14	28	1	0
16	29	1	0
16	30	1	0
13	26	1	0
12	23	1	0
14	27	1	0
7	13	1	0
15	30	1	0
18	36	1	0
13	25	1	0
14	27	1	0
12	22	1	0
12	22	1	10
10	20	1	0
11	21	1	0
9	18	1	0
10	18	1	0
10	17	1	0
15	28	1	0
14	26	1	0
15	28	1	0
10	17	1	0
16	30	1	0
13	23	1	0
16	30	1	0
19	36	1	10
14	26	1	0
11	20	1	0
10	17	1	0
12	21	1	0
12	23	1	0
13	24	1	0
9	15	1	0
16	30	1	0
14	26	1	0
12	21	1	0
13	25	1	0
17	32	1	0
11	21	1	0
19	36	1	0
14	27	1	0
12	22	1	0
14	25	1	0
12	22	1	0
17	31	1	10
9	15	1	0
14	26	1	0
10	20	1	0
12	22	1	0
10	18	1	0
13	26	1	0
14	28	1	0
17	32	1	0
12	23	1	0
14	28	1	0
17	34	1	0
11	18	1	0
10	17	1	0
13	24	1	0
11	19	1	0
15	28	1	0
10	17	1	0
11	19	1	0
10	18	1	0
11	20	1	0
10	20	1	0
8	13	1	0
14	26	1	0
11	22	1	0
15	29	1	0
11	22	1	0
9	15	1	0
11	20	1	0
9	16	1	0
6	9	1	0
15	30	1	10
13	25	1	0
7	12	1	0
12	24	1	0
15	27	1	0
9	17	1	0
14	24	1	0
14	29	1	0
13	23	1	0
11	19	1	0
10	19	1	0
15	28	1	0
10	18	1	0
17	33	1	0
14	26	1	0
13	25	1	0
9	15	1	0
13	23	1	10
19	38	1	0
13	25	1	0
11	22	1	0
13	22	1	0
17	34	1	0
13	25	1	0
4	6	1	0
10	19	1	0
13	24	1	0
18	36	1	0
15	29	1	0
15	27	1	10
10	17	1	0
14	26	1	0
10	16	0.339584	0
13	23	1	0
5	9	1	0
9	15	1	0
17	31	1	0
12	21	1	0
16	29	1	0
14	26	1	0
11	20	1	0
11	22	1	0
12	21	1	0
20	39	1	0
2	1	0.922693	0
8	14	1	0
15	27	1	10
9	16	1	0
14	28	1	0
10	18	1	0
13	26	1	0
15	29	1	0
9	15	1	0
13	25	1	0
16	32	1	0
7	12	1	0
13	24	1	0
15	29	1	0
9	17	1	0
16	29	1	0
17	33	1	0
14	28	1	10
15	29	1	0
12	23	1	0
16	30	1	0
15	30	1	0
14	27	1	0
12	21	1	0
15	30	1	0
14	26	1	0
15	29	1	0
8	14	1	0
9	18	1	0
14	26	1	0
16	31	1	0
8	14	1	0
8	12	1	0
16	28	1	10
10	19	1	0
10	19	1	0
12	23	1	0
12	22	1	0
6	10	1	0
16	31	1	0
12	21	1	0
8	15	1	0
7	13	1	0
15	28	1	0
15	30	1	0
13	25	1	0
12	22	1	0
13	25	1	0
15	29	1	0
15	31	1	0
16	33	1	0
16	32	1	0
12	23	1	10
10	19	1	0
14	28	1	0
11	23	1	0
17	35	1	0
10	18	1	0
12	22	1	0
15	27	1	0
14	27	1	0
14	27	1	0
10	19	1	0
19	39	1	0
16	30	1	0
13	24	1	0
14	28	1	0
7	11	1	0
13	25	1	0
10	17	1	0
9	17	1	10
13	24	1	0
9	16	1	0
16	30	1	0
14	26	1	0
12	22	1	0
10	19	1	0
11	21	1	0
13	24	1	0
13	24	1	0
14	27	1	0
10	18	1	0
15	29	1	0
13	26	1	0
17	33	1	0
13	26	1	0
13	25	1	0
15	28	1	0
16	30	1	10
16	30	1	0
11	21	1	0
13	25	1	0
13	23	1	0
8	13	1	0
14	25	1	0
15	29	1	0
14	26	1	0
12	22	1	0
8	14	1	0
11	20	1	0
9	16	1	0
14	25	1	0
9	15	1	0
11	21	1	0
11	20	1	0
14	27	1	10
17	30	1	0
4	6	1	0
13	24	1	0
13	24	1	0
9	15	1	0
16	31	1	0
7	12	1	0
17	32	1	0
11	21	1	0
12	23	1	0
13	25	1	0
10	19	1	0
9	19	1	0
16	34	1	0
10	18	1	0
9	15	1	0
8	14	1	0
6	10	1	0
9	17	1	0
10	17	1	0
7	12	1	0
12	22	1	0
17	34	1	0
13	25	1	0
6	10	1	0
14	25	1	0
10	19	1	0
18	37	1	0
17	32	1	0
14	28	1	0
11	21	1	0
7	12	1	0
12	22	1	0
14	27	1	0
18	34	1	10
11	20	1	0
11	19	1	0
11	19	1	0
15	28	1	0
14	27	1	0
12	23	1	0
10	18	1	0
10	16	1	0
15	27	1	0
14	28	1	0
13	25	1	0
9	15	1	0
14	26	1	0
19	36	1	0
18	35	1	10
15	29	1	0
17	31	1	0
12	23	1	0
12	23	1	0
17	32	1	0
13	24	1	0
17	33	1	0
14	28	1	0
16	31	1	0
16	30	1	0
13	24	1	0
14	26	1	10
10	17	1	0
11	20	1	0
13	25	1	0
15	30	1	0
12	23	1	0
10	18	1	0
10	18	1	0
12	23	1	0
10	18	1	0
7	12	1	0
7	12	1	0
13	25	1	0
15	30	1	0
11	21	1	0
12	22	1	0
10	18	1	0
16	32	1	0
4	5	1	0
14	26	1	0
8	15	1	0
7	13	1	0
12	24	1	0
10	18	1	0
14	27	1	0
12	22	1	0
12	23	1	0
13	24	1	10
14	27	1	0
11	21	1	0
9	16	1	0
4	5	1	0
14	24	1	0
12	23	1	0
16	30	1	0
14	25	1	0
14	28	1	0
12	23	1	0
10	18	1	0
11	20	1	0
10	17	1	0
13	23	1	0
6	10	1	0
13	23	1	0
7	13	1	0
14	28	1	0
12	22	1	0
15	28	1	0
8	15	1	0
14	28	1	0
15	28	1	10
12	24	1	0
16	30	1	0
15	32	1	0
13	25	1	0
14	24	1	0
15	27	1	0
14	26	1	0
7	12	1	0
11	19	1	0
8	15	1	0
12	22	1	0
16	32	1	0
17	33	1	0
11	19	1	0
11	19	1	0
12	23	1	10
10	18	1	0
11	20	1	0
14	26	1	0
15	29	1	0
10	18	1	0
14	27	1	0
12	23	1	0
17	33	1	0
15	31	1	0
9	17	1	0
17	34	1	0
13	25	1	0
13	23	1	0
18	33	1	10
15	28	1	0
13	23	1	0
16	29	1	0
9	16	1	0
10	17	1	0
9	16	1	0
13	24	1	0
8	13	1	0
15	28	1	0
12	22	1	0
11	20	1	0
10	16	1	0
13	24	1	0
9	16	1	0
7	12	1	0
13	28	1	0
13	23	1	0
7	12	0.502931	0
14	26	1	0
11	20	1	0
15	27	1	10
12	22	1	0
10	18	1	0
12	23	1	0
15	30	1	0
12	21	1	0
13	26	1	0
12	21	1	0
13	25	1	0
8	14	1	0
14	26	1	0
10	16	1	0
13	24	1	0
12	23	1	0
9	16	1	0
18	36	1	0
15	27	1	0
14	25	1	0
15	28	1	10
11	22	1	0
19	36	1	0
14	26	1	0
8	15	1	0
17	33	1	0
14	27	1	0
17	32	1	0
12	21	1	0
8	15	1	0
12	23	1	0
2	1	1	0
17	33	1	0
11	22	1	0
9	16	1	0
13	25	1	0
7	12	1	0
14	26	1	0
14	28	1	0
17	33	1	0
10	20	1	0
14	28	1	0
12	21	1	0
9	15	1	0
10	18	1	0
15	29	1	0
7	14	1	0
13	24	1	0
14	27	1	0
13	23	1	0
17	34	1	0
9	16	1	0
12	21	1	0
11	21	1	0
6	8	0.967109	0
15	29	1	0
7	12	1	0
12	23	1	0
12	21	1	0
17	31	1	0
18	33	1	0
10	18	1	0
12	21	1	0
15	29	1	0
12	23	1	0
12	21	1	0
10	20	1	0
15	30	1	0
13	26	1	0
7	12	1	0
15	28	1	0
14	26	1	0
13	25	1	0
10	19	1	0
13	25	1	0
15	27	1	0
8	15	1	0
12	24	1	0
14	26	1	0
7	13	1	0
14	25	1	0
10	19	1	0
15	30	1	10
10	18	1	0
17	32	1	0
10	18	1	0
14	25	1	0
11	21	1	0
10	19	1	0
13	24	1	0
12	23	1	0
9	16	1	0
14	28	1	0
10	17	1	0
13	24	1	0
19	36	1	0
10	18	1	0
16	30	1	0
12	24	1	0
16	30	1	0
15	31	1	0
16	31	1	0
9	15	1	0
12	21	1	10
13	25	1	0
10	18	1	0
19	35	1	0
14	28	1	0
13	23	1	0
14	28	1	0
12	23	1	0
6	10	1	0
15	27	1	0
12	21	1	0
16	32	1	0
13	25	1	0
16	31	1	0
12	23	1	0
16	29	1	10
14	27	1	0
17	34	1	0
17	32	1	0
12	23	1	0
10	18	1	0
6	11	1	0
9	16	1	0
13	26	1	0
15	27	1	0
16	31	1	0
15	29	1	10
11	23	1	0
16	31	1	0
14	27	1	0
10	19	1	0
10	19	1	0
8	13	1	0
10	19	1	0
19	38	1	10
15	29	1	0
9	15	1	0
15	29	1	10
8	14	1	0
15	29	1	0
14	26	1	0
7	13	1	0
11	20	1	0
12	22	1	0
11	20	1	0
10	20	1	0
14	27	1	0
13	24	1	0
10	18	1	0
14	27	1	0
12	24	1	0
9	17	1	0
13	23	1	0
11	19	1	0
10	18	1	0
10	18	1	0
10	19	1	0
6	9	1	0
6	10	1	0
12	20	0.90607	0
10	19	1	0
12	21	1	0
15	27	1	0
14	27	1	0
11	21	1	0
14	27	1	0
12	22	1	0
15	28	1	0
17	33	1	0
10	17	1	0
15	29	1	0
17	33	1	10
9	17	1	0
11	22	1	0
9	16	1	0
11	20	1	0
16	29	1	0
15	28	1	0
12	21	1	0
10	17	1	0
13	25	1	0
9	15	1	0
8	14	1	0
15	29	1	0
8	15	1	0
9	16	1	0
15	29	1	0
14	27	1	0
15	28	1	0
13	24	1	0
15	28	1	0
19	36	1	10
4	6	1	0
9	16	1	0
15	27	1	0
7	12	1	0
12	22	1	0
13	24	1	0
4	6	1	0
12	22	1	0
12	22	1	0
4	6	1	0
15	27	1	0
14	26	1	0
7	12	1	0
17	34	1	0
13	23	1	0
11	20	1	0
13	25	1	0
18	34	1	0
12	22	1	0
13	25	1	0
12	25	1	0
9	16	0.978429	0
9	16	1	10
7	12	1	0
12	23	1	0
11	21	1	0
12	22	1	0
10	18	1	0
15	32	1	0
17	35	1	0
8	14	1	0
12	21	1	0
14	25	1	0
16	30	1	0
17	33	1	0
2	1	0.893692	0
14	25	1	0
14	28	1	0
12	24	1	0
13	24	1	10
13	26	1	0
10	17	1	0
13	25	1	0
8	13	1	0
9	18	1	0
8	14	1	0
8	13	1	0
12	21	1	0
18	34	1	0
15	29	1	0
11	21	1	0
6	10	1	0
10	19	1	0
13	25	1	0
16	31	1	0
16	31	1	0
15	28	1	10
17	33	1	0
17	34	1	0
13	24	1	0
9	16	1	0
11	20	1	0
8	13	1	0
7	12	1	0
12	22	1	0
16	30	1	10
11	21	1	0
11	20	1	0
19	35	1	0
11	19	1	0
12	22	1	0
12	23	1	0
12	23	1	0
13	26	1	0
14	27	1	0
14	25	1	0
11	20	1	0
14	27	1	0
12	23	1	0
7	12	1	0
#>>result = 0.998296
