#Original graph size: 30 nodes, 55 edges
#Modified graph size: 20 nodes, 48 edges
#Probing for 5 times..................................................
#V	E	P	T
10	19	1	0
9	16	1	0
9	18	0.73318	0
10	18	1	0
10	19	1	0
10	20	0.673629	0
11	21	1	0
14	28	1	0
13	24	1	0
9	17	1	0
12	24	1	0
11	23	1	0
8	13	1	0
9	16	1	0
7	13	1	0
11	21	1	0
2	1	0.466209	0
8	14	1	0
11	20	1	0
8	15	1	0
9	18	1	0
12	27	1	0
7	12	1	0
12	23	1	0
9	18	1	0
13	25	1	0
10	17	1	0
5	8	1	0
12	25	1	0
7	12	1	0
8	14	1	0
11	21	1	0
10	18	1	0
11	24	1	0
12	25	1	0
9	16	1	0
10	20	1	0
7	12	1	0
7	11	1	0
9	16	1	0
8	16	1	0
8	13	1	0
9	19	1	0
12	23	1	0
11	19	1	0
2	1	1	0
11	22	1	0
10	17	1	0
9	18	1	0
11	22	1	0
14	29	1	0
10	20	1	0
10	20	1	0
11	22	1	0
9	18	0.673629	0
10	21	1	0
8	15	1	0
9	17	1	0
10	21	1	0
11	21	1	0
9	15	1	0
2	1	1	0
10	22	1	0
16	31	1	0
11	20	1	0
10	23	1	0
11	18	1	0
8	13	1	0
10	20	1	0
2	1	0.466209	0
9	16	1	0
7	12	1	0
11	22	1	10
12	23	1	0
12	25	1	0
10	20	1	0
8	14	1	0
11	22	1	0
9	16	1	0
8	14	1	0
11	22	1	0
7	12	1	0
10	19	1	0
11	22	1	0
10	17	1	0
10	19	1	0
5	8	1	0
10	18	1	0
9	17	1	0
13	26	1	0
9	18	1	0
10	20	1	0
10	19	1	0
11	21	1	0
2	1	0.466209	0
10	19	1	0
11	21	1	0
11	21	1	0
7	15	1	0
9	15	1	0
11	20	1	0
10	22	1	0
9	16	1	0
9	17	0.563606	0
10	22	1	0
9	15	1	0
11	21	1	0
9	18	1	0
9	18	1	0
9	16	1	0
12	24	1	0
8	15	1	0
12	26	1	0
10	21	1	0
8	15	1	0
2	1	0.466209	0
2	1	0.466209	0
12	25	1	0
10	22	1	0
12	24	1	0
11	22	1	0
2	1	0.466209	0
2	1	0.466209	0
12	26	1	0
8	15	1	0
8	13	1	0
9	17	1	0
9	17	1	0
10	19	1	0
2	1	0.466209	0
15	32	1	0
7	13	1	0
10	21	1	0
10	20	1	0
11	20	1	0
11	22	1	0
7	11	0.975564	0
12	23	1	0
8	14	1	0
9	18	1	0
10	18	1	0
5	7	1	0
13	26	1	0
10	19	1	0
10	16	1	0
10	20	1	0
7	12	1	0
10	18	1	0
8	14	1	0
8	15	1	0
10	21	1	0
10	20	1	0
10	21	1	0
11	23	1	0
6	10	1	0
10	20	1	0
10	16	1	0
10	18	1	10
11	22	1	0
11	22	1	0
12	23	1	0
10	19	1	0
9	16	1	0
7	12	1	0
5	7	1	0
11	22	1	0
8	13	1	0
8	17	1	0
10	17	1	0
6	9	0.563606	0
9	16	1	0
10	19	1	0
9	16	1	0
9	16	1	0
8	16	1	0
10	19	1	0
2	1	1	0
10	19	1	0
8	14	1	0
11	22	1	0
13	25	1	0
6	10	1	0
6	9	1	0
10	18	1	0
4	5	1	0
9	17	1	0
9	17	1	0
14	30	1	0
10	21	1	0
9	18	1	0
11	21	1	0
7	12	1	0
8	14	1	0
9	18	1	0
4	5	1	0
9	16	1	0
11	22	1	0
11	22	1	0
9	19	1	0
10	19	1	0
9	18	1	0
9	14	0.563606	0
10	20	1	0
10	20	1	0
10	19	1	0
10	19	1	0
15	32	1	0
9	17	1	0
8	14	1	0
6	10	1	0
9	18	1	0
8	15	1	0
8	15	1	0
12	26	1	0
11	22	1	0
7	11	1	0
10	18	1	0
8	14	1	0
10	22	1	0
9	16	1	0
7	13	1	0
10	19	1	0
7	13	1	0
9	18	1	0
6	9	1	0
7	12	1	0
13	25	1	0
8	12	0.563606	0
13	27	1	0
8	13	1	0
10	20	1	0
10	19	1	0
10	18	1	0
10	20	1	0
9	18	1	10
10	19	1	0
12	27	1	0
9	15	1	0
12	26	1	0
9	18	1	0
8	14	1	0
9	17	1	0
9	18	1	0
11	22	1	0
10	19	1	0
8	12	1	0
9	19	1	0
9	16	1	0
9	15	1	0
10	21	1	0
4	5	1	0
8	15	1	0
11	22	1	0
9	17	1	0
10	22	1	0
9	16	1	0
10	19	1	0
8	13	1	0
9	17	1	0
8	14	1	0
10	21	1	0
10	21	1	0
11	26	1	0
9	17	1	0
10	21	1	0
9	20	1	0
10	18	1	0
8	13	1	0
2	1	0.466209	0
10	19	1	0
11	23	1	0
7	11	1	0
13	24	1	0
10	19	1	0
8	15	1	0
12	24	1	0
7	14	1	0
9	16	1	0
9	19	1	0
9	17	1	0
13	24	1	0
5	8	1	0
10	21	1	0
8	13	1	0
13	25	1	0
11	22	1	0
10	21	1	0
11	25	1	0
9	17	1	0
13	25	1	0
12	25	1	0
8	15	1	0
7	13	1	0
10	19	1	0
10	18	1	0
7	12	1	0
10	19	1	0
11	22	1	0
8	13	1	0
11	18	1	0
9	17	1	0
8	14	1	0
11	22	1	0
8	13	1	0
9	17	1	0
8	16	1	0
5	7	1	0
10	19	1	0
11	22	1	0
13	27	1	0
9	18	1	0
10	20	0.673629	0
9	18	1	0
9	17	1	0
9	18	1	0
10	19	1	10
13	25	1	0
8	16	1	0
11	21	1	0
10	19	1	0
11	21	1	0
12	23	1	0
8	13	1	0
12	28	1	0
9	19	1	0
8	16	1	0
11	21	1	0
2	1	0.38858	0
9	16	1	0
12	26	1	0
9	15	0.975564	0
8	16	1	0
10	18	1	0
8	17	1	0
8	15	1	0
2	1	0.466209	0
9	16	1	0
9	16	1	0
13	26	1	0
10	20	1	0
11	22	1	0
10	18	1	0
11	22	1	0
11	22	1	0
10	20	1	0
10	20	1	0
8	15	1	0
10	20	1	0
13	27	1	0
9	17	1	0
6	11	1	0
11	22	1	0
12	23	1	0
10	20	1	0
11	21	1	0
12	24	1	0
6	9	1	0
7	12	1	0
8	15	1	0
9	18	1	0
7	12	1	0
11	23	1	0
10	20	1	0
10	21	1	0
14	29	1	0
10	18	1	0
12	24	1	0
9	16	1	0
10	19	1	0
5	6	1	0
10	19	1	0
9	16	1	0
11	21	1	0
10	18	0.673629	0
12	24	1	0
10	19	1	0
12	24	1	0
10	18	1	0
11	22	1	0
7	13	1	0
6	10	1	0
9	19	1	0
8	16	1	0
11	20	1	0
9	15	1	0
14	27	1	0
11	20	1	0
9	17	1	10
7	10	1	0
6	9	1	0
8	14	1	0
5	7	1	0
15	30	1	0
12	24	1	0
7	13	0.936824	0
8	14	1	0
10	20	1	0
13	24	1	0
9	16	1	0
9	20	1	0
10	20	1	0
12	26	1	0
10	21	1	0
11	21	1	0
9	16	1	0
11	25	1	0
12	23	0.466209	0
12	25	1	0
5	8	1	0
11	24	1	0
9	19	1	0
9	16	1	0
12	25	1	0
11	24	1	0
10	20	1	0
12	25	1	0
9	16	1	0
12	24	1	0
11	21	1	0
10	20	1	0
8	15	1	0
10	20	1	0
9	19	1	0
11	20	1	0
9	15	1	0
11	21	1	0
6	10	1	0
12	28	1	0
11	21	1	0
11	19	1	0
8	13	1	0
2	1	0.466209	0
9	16	0.673629	0
11	22	1	0
8	15	1	0
9	15	1	0
9	17	1	0
8	16	1	0
10	17	1	0
12	23	1	0
8	14	1	0
7	11	1	0
9	17	1	0
10	18	1	0
7	13	1	0
9	19	1	0
10	18	1	0
9	15	1	0
7	11	1	0
10	18	1	0
5	7	1	0
10	20	1	0
9	16	1	0
9	15	1	0
8	15	1	0
16	32	1	0
7	11	1	0
10	19	1	0
8	16	1	0
9	16	1	0
10	18	1	0
9	16	1	10
11	21	1	0
8	15	1	0
11	25	1	0
9	20	1	0
9	16	1	0
7	11	1	0
9	18	1	0
11	22	1	0
9	18	1	0
12	25	1	0
11	22	1	0
8	13	1	0
10	19	1	0
12	24	1	0
10	19	1	0
10	21	1	0
11	20	1	0
9	17	1	0
8	13	1	0
12	24	1	0
9	18	1	0
8	13	1	0
10	19	1	0
9	17	1	0
7	11	1	0
8	15	1	0
9	16	1	0
12	24	1	0
12	26	1	0
10	19	1	0
9	18	1	0
10	19	1	0
7	12	1	0
8	13	0.746469	0
11	21	1	0
8	16	1	0
11	22	1	0
11	23	1	0
9	17	0.563606	0
7	10	1	0
11	22	1	0
8	15	1	0
6	12	1	0
10	18	1	0
12	23	1	0
11	22	1	0
10	17	1	0
8	12	1	0
9	16	1	0
7	13	1	0
6	10	1	0
8	14	0.980022	0
11	21	1	0
10	21	1	0
8	15	1	0
12	24	1	0
12	23	1	0
10	19	1	0
14	27	1	0
10	19	1	0
10	22	1	0
12	23	1	0
10	19	1	0
8	16	1	0
10	19	1	0
9	16	1	0
10	20	1	0
9	17	1	0
9	19	1	0
8	16	1	10
12	25	1	0
11	23	1	0
11	22	1	0
10	19	1	0
11	21	1	0
9	16	1	0
13	25	1	0
9	14	1	0
13	24	1	0
10	20	1	0
9	16	1	0
11	23	1	0
2	1	0.936824	0
9	16	1	0
9	17	1	0
13	26	1	0
9	18	1	0
10	19	1	0
8	15	1	0
7	12	1	0
9	16	1	0
9	19	1	0
14	26	1	0
7	11	1	0
11	24	1	0
10	18	1	0
9	20	1	0
10	21	1	0
9	16	1	0
7	12	1	0
6	10	1	0
12	25	1	0
8	15	1	0
9	18	1	0
6	10	1	0
9	17	1	0
11	23	1	0
4	5	0.563606	0
11	19	1	0
14	27	1	0
13	27	1	0
10	20	1	0
4	5	1	0
8	15	1	0
8	13	1	0
8	15	1	0
4	5	1	0
8	13	1	0
8	15	1	0
10	20	1	0
10	18	1	0
8	15	0.985059	0
12	24	1	0
9	15	0.466209	0
14	27	1	0
10	21	1	0
8	13	1	0
2	1	0.563606	0
9	16	1	0
10	23	1	0
8	13	1	0
11	21	1	0
6	8	1	0
9	16	1	0
13	26	1	0
7	12	1	0
9	17	1	0
11	23	1	0
11	21	1	0
7	11	1	0
2	1	0.525037	0
9	17	1	0
8	15	1	10
14	29	1	0
2	1	0.466209	0
8	15	1	0
9	17	1	0
8	13	1	0
7	12	1	0
12	21	1	0
9	16	1	0
9	16	1	0
11	23	1	0
8	14	1	0
10	19	1	0
10	18	1	0
8	15	1	0
12	24	1	0
8	16	1	0
10	18	1	0
8	14	0.980022	0
11	19	1	0
10	20	1	0
11	23	1	0
10	19	1	0
7	12	1	0
10	19	1	0
12	24	1	0
6	10	1	0
10	21	1	0
10	18	1	0
10	19	1	0
7	11	0.975564	0
8	14	1	0
14	28	1	0
10	20	1	0
11	22	1	0
10	19	1	0
7	12	1	0
11	24	1	0
9	17	1	0
8	14	1	0
11	20	1	0
11	24	1	0
11	22	1	0
10	18	1	0
10	20	1	0
9	18	1	0
8	15	1	0
9	16	1	0
2	1	0.466209	0
2	0	0	0
6	10	0.466209	0
9	16	1	0
7	11	1	0
8	16	1	0
7	12	1	0
6	10	1	0
9	19	1	0
8	16	1	0
9	17	1	0
10	19	1	0
11	21	1	0
10	18	1	0
10	18	1	0
9	15	1	0
7	12	1	0
10	17	1	0
10	21	1	0
8	15	1	0
12	25	1	0
11	23	1	0
15	30	1	0
7	12	0.563606	0
10	21	1	0
7	11	1	0
11	22	1	10
7	11	1	0
9	16	1	0
9	18	1	0
11	22	1	0
14	27	1	0
11	21	1	0
10	18	1	0
9	17	1	0
8	16	1	0
10	22	1	0
8	17	1	0
12	25	1	0
7	12	1	0
10	22	1	0
10	23	1	0
7	11	1	0
10	20	1	0
10	18	1	0
10	21	1	0
9	17	1	0
11	21	1	0
9	16	1	0
11	21	1	0
11	22	1	0
9	17	1	0
9	17	1	0
10	22	1	0
13	25	1	0
10	21	1	0
13	24	1	0
11	23	1	0
10	19	1	0
8	15	1	0
10	20	1	0
10	20	1	0
11	21	1	0
12	24	1	0
9	17	1	0
7	12	1	0
9	15	1	0
8	13	1	0
11	21	1	0
8	13	1	0
12	26	1	0
8	15	1	0
5	8	1	0
14	28	1	0
9	17	1	0
10	18	1	0
8	14	1	0
11	20	1	0
12	24	1	0
13	26	1	0
8	13	1	0
9	17	1	0
10	21	1	0
8	15	1	0
11	20	1	0
2	1	0.466209	0
6	10	1	0
11	22	1	0
10	18	0.466209	0
10	20	1	0
8	13	1	0
11	21	1	0
13	26	1	0
8	14	1	0
9	16	1	0
10	20	1	0
5	6	0.466209	0
8	13	1	0
10	18	1	0
9	15	1	10
9	19	1	0
9	18	1	0
10	18	1	0
9	18	1	0
11	23	1	0
10	18	1	0
10	18	1	0
7	10	1	0
12	24	1	0
9	19	1	0
4	5	1	0
10	20	1	0
10	18	1	0
8	13	0.563606	0
12	22	1	0
10	21	1	0
4	5	1	0
7	14	1	0
14	28	1	0
9	16	1	0
11	25	1	0
11	21	1	0
12	25	1	0
7	11	1	0
10	17	1	0
9	15	0.936824	0
9	18	1	0
6	10	1	0
10	20	1	0
8	14	1	0
10	18	1	0
10	19	1	0
9	14	1	0
10	20	1	0
8	14	1	0
8	15	1	0
13	24	1	0
12	24	1	0
10	19	1	0
9	18	1	0
8	15	1	0
10	22	1	0
14	30	1	0
7	12	1	0
9	17	0.975564	0
6	10	1	0
9	18	1	0
9	17	1	0
8	13	1	0
13	24	1	0
9	20	1	0
10	19	1	0
8	14	1	0
11	21	1	0
9	17	1	0
9	18	1	0
9	19	1	0
10	18	1	0
10	18	1	0
8	13	1	0
12	22	1	0
8	17	1	0
9	18	1	0
9	17	1	0
11	22	1	0
11	22	1	0
10	18	1	0
8	15	1	0
10	20	1	0
10	18	0.985059	0
9	16	1	0
10	19	1	0
10	20	1	0
11	20	1	0
9	15	1	0
6	11	1	0
9	17	1	0
11	21	1	10
9	15	1	0
9	16	1	0
7	14	1	0
7	11	1	0
12	24	1	0
9	17	1	0
10	21	1	0
10	19	1	0
12	27	1	0
10	20	1	0
8	16	1	0
9	20	1	0
10	19	1	0
13	23	1	0
11	22	1	0
6	8	1	0
7	11	1	0
8	16	1	0
11	24	1	0
11	23	1	0
5	8	1	0
9	17	1	0
13	27	1	0
11	21	1	0
6	9	1	0
7	11	1	0
9	21	1	0
12	24	1	0
11	24	1	0
10	19	1	0
9	16	1	0
10	18	1	0
10	18	1	0
11	21	1	0
4	5	1	0
11	20	1	0
9	18	1	0
10	20	1	0
11	21	1	0
9	17	1	0
5	7	0.563606	0
8	16	1	0
7	12	0.563606	0
8	15	1	0
9	16	1	0
10	19	0.466209	0
9	15	0.673629	0
10	17	1	0
11	20	1	0
12	25	1	0
9	18	1	0
8	13	1	0
8	15	1	0
8	17	1	0
10	19	1	0
10	19	1	0
10	21	1	0
11	19	1	0
11	21	1	0
8	14	1	0
11	21	1	0
10	23	1	0
8	13	1	0
8	14	1	0
8	13	0.746469	0
6	10	1	0
9	16	1	0
11	22	1	0
2	1	0.466209	0
10	18	1	0
10	19	1	0
9	16	1	0
8	14	1	0
12	24	1	0
8	15	1	0
10	19	1	0
12	22	1	0
8	14	1	0
9	18	1	0
15	31	1	0
12	25	1	0
11	21	1	0
9	17	1	0
10	19	1	0
9	17	1	0
12	23	1	0
13	27	1	10
8	14	1	0
11	21	1	0
10	20	1	0
9	16	1	0
11	23	1	0
10	19	1	0
7	13	1	0
4	5	1	0
10	19	1	0
9	17	1	0
8	16	1	0
8	16	1	0
7	11	1	0
11	19	1	0
8	16	1	0
11	23	1	0
6	9	1	0
10	20	1	0
2	1	1	0
9	18	1	0
11	24	1	0
12	24	1	0
10	16	1	0
8	14	1	0
7	12	1	0
8	15	1	0
11	22	1	0
7	11	1	0
11	21	1	0
10	19	1	0
9	17	1	0
8	14	1	0
10	20	1	0
9	17	1	0
9	17	1	0
7	12	1	0
10	20	1	0
4	5	1	0
10	20	1	0
10	20	1	0
10	20	1	0
10	21	1	0
9	17	1	0
10	20	1	0
9	15	1	0
10	20	1	0
7	13	1	0
6	9	1	0
10	17	1	0
10	18	1	0
11	22	1	0
9	18	1	0
15	30	1	0
11	22	1	0
12	21	1	0
5	6	1	0
6	11	1	0
8	15	1	0
10	19	1	0
12	25	1	0
12	26	1	0
10	19	1	0
10	20	1	0
9	18	1	0
9	17	1	0
12	23	1	0
11	21	1	0
10	19	1	0
9	17	1	0
2	1	1	0
14	27	1	0
10	20	1	0
7	12	1	0
11	21	1	0
2	1	0.466209	0
17	36	1	0
12	23	1	10
8	17	1	0
8	12	1	0
4	5	1	0
7	11	1	0
9	17	1	0
13	23	1	0
#>>result = 0.978281
