#Original graph size: 35 nodes, 63 edges
#Modified graph size: 26 nodes, 63 edges
#Probing for 5 times..................................................
#V	E	P	T
14	33	1	0
15	34	1	0
12	27	1	20
17	39	1	0
10	22	1	0
13	30	1	0
18	40	1	10
13	30	1	0
15	35	1	10
15	33	1	0
14	32	1	0
14	33	1	10
16	37	1	0
16	36	1	30
12	27	1	0
15	34	1	0
17	39	1	0
14	33	1	10
13	28	1	0
13	28	1	0
16	36	1	0
15	33	1	0
15	35	1	0
16	36	1	0
15	33	1	10
15	35	1	0
15	32	1	0
15	35	1	0
14	34	1	10
15	33	1	0
13	28	1	0
14	34	1	10
13	31	1	0
12	26	1	50
19	43	1	10
16	36	1	10
11	24	1	0
17	35	1	0
13	30	1	10
16	38	1	0
16	36	1	0
17	39	1	0
14	32	1	0
14	34	1	30
16	35	1	0
16	36	1	0
13	31	1	0
14	31	1	10
13	32	1	0
20	45	1	0
14	31	1	10
14	33	1	0
14	32	1	0
16	38	1	20
14	30	1	0
11	26	1	0
13	30	1	0
15	37	1	0
15	32	1	0
17	39	1	10
14	33	1	0
14	31	1	0
14	30	1	0
15	37	1	0
13	30	1	0
18	43	1	0
15	34	1	10
13	30	1	0
12	29	1	0
17	38	1	0
11	24	1	10
16	36	1	0
17	38	1	10
15	33	1	10
16	36	1	0
13	31	1	0
13	29	1	0
16	35	1	0
13	29	1	0
13	29	1	0
13	29	1	0
17	41	1	10
16	36	1	0
14	32	1	0
13	29	1	10
12	27	1	0
15	34	1	20
16	34	1	20
17	37	1	30
16	35	1	0
18	43	1	10
17	38	1	0
17	39	1	10
14	32	1	0
14	31	1	0
12	25	1	0
15	34	1	10
14	31	1	0
15	33	1	0
14	32	1	0
14	31	1	10
12	28	1	0
16	36	1	0
15	35	1	10
12	27	1	0
14	32	1	0
16	36	1	0
14	31	1	0
9	19	1	0
14	30	1	10
15	34	1	0
17	40	1	0
13	29	1	0
15	33	1	0
15	33	1	0
15	33	1	0
14	35	1	10
13	31	1	0
19	43	1	0
15	33	1	0
14	31	1	0
16	36	1	0
16	36	1	10
12	27	1	0
12	26	1	0
16	36	1	0
14	32	1	0
12	28	1	0
12	29	1	0
14	32	1	20
14	32	1	0
17	38	1	0
13	30	1	0
19	43	1	0
19	41	1	190
13	29	1	0
13	30	1	10
14	33	1	0
14	33	1	0
16	38	1	10
14	32	1	0
16	38	1	0
19	44	1	0
17	37	1	130
13	29	1	0
14	31	1	0
15	34	1	20
16	36	1	0
14	30	1	0
13	29	1	0
15	34	1	0
12	28	1	10
16	34	1	0
14	31	1	0
15	35	1	0
15	36	1	30
14	32	1	60
12	27	1	0
19	41	1	30
15	35	1	0
15	33	1	0
16	35	1	0
14	27	1	0
14	32	1	0
16	36	1	10
15	35	1	0
15	34	1	0
12	25	1	0
14	33	1	0
18	41	1	0
12	27	1	0
16	36	1	0
13	28	1	0
17	39	1	10
17	37	1	0
18	42	1	0
17	38	1	0
16	35	1	0
17	37	1	10
16	34	1	0
18	42	1	0
15	31	1	10
15	32	1	0
12	27	1	0
16	35	1	0
16	37	1	0
17	40	1	0
11	24	1	0
14	31	1	10
14	33	1	20
12	29	1	10
13	31	1	0
15	37	1	0
16	36	1	0
11	24	1	0
16	38	1	0
18	42	1	10
14	32	1	0
15	34	1	10
15	35	1	0
14	32	1	0
16	36	1	0
14	32	1	0
11	26	1	0
17	39	1	20
15	35	1	0
16	37	1	60
13	29	1	0
18	42	1	10
15	36	1	0
16	36	1	0
18	43	1	10
17	37	1	0
15	33	1	0
17	38	1	10
14	31	1	0
15	36	1	0
15	35	1	10
13	28	1	0
17	38	1	70
13	28	1	0
15	35	1	20
13	31	1	0
15	35	1	0
11	24	1	0
16	38	1	0
14	32	1	30
16	38	1	20
14	31	1	10
14	29	1	0
16	37	1	10
12	27	1	0
15	33	1	0
15	36	1	0
18	42	1	0
13	31	1	0
16	37	1	0
17	39	1	0
16	37	1	0
12	26	1	0
14	34	1	10
13	28	1	0
11	26	1	0
16	37	1	0
13	28	1	0
12	26	1	0
15	34	1	0
18	41	1	10
17	38	1	10
15	32	1	0
16	38	1	10
14	33	1	0
15	33	1	20
15	34	1	0
13	30	1	10
18	39	1	0
15	32	1	0
15	32	1	10
13	30	1	0
12	26	1	0
16	36	1	10
18	42	1	10
14	31	1	0
11	22	1	0
14	34	1	0
18	42	1	0
17	38	1	10
16	37	1	0
13	32	1	0
16	35	1	0
18	42	1	0
16	37	1	0
15	31	1	0
14	32	1	0
15	34	1	0
14	31	1	10
16	35	1	20
19	41	1	20
13	31	1	0
15	34	1	0
14	33	1	0
14	33	1	0
13	29	1	0
16	35	1	0
18	43	1	10
16	39	1	40
17	36	1	0
16	36	1	0
15	34	1	10
16	37	1	0
14	30	1	0
17	39	1	10
15	32	1	0
13	30	1	10
12	25	0.999801	10
17	40	1	10
15	34	1	0
13	31	1	0
14	32	1	0
16	37	1	10
15	32	1	0
17	38	1	0
14	31	1	0
18	42	1	10
16	37	1	0
18	40	1	0
16	36	1	0
15	34	1	0
12	27	1	10
13	28	1	0
18	40	1	20
13	29	1	0
13	29	1	0
14	32	1	10
15	35	1	0
12	28	1	0
18	41	1	0
15	33	1	0
14	31	1	0
17	37	1	0
16	38	1	10
13	27	1	0
15	33	1	0
16	37	1	0
16	36	1	0
11	25	1	0
13	29	1	0
14	31	1	0
13	30	1	0
16	34	1	0
14	32	1	10
14	32	1	0
15	33	1	0
12	27	1	0
15	33	1	0
17	40	1	10
15	36	1	30
15	35	1	10
15	35	1	0
14	31	1	0
20	45	1	30
13	30	1	0
16	35	1	0
17	39	1	0
13	31	1	0
14	32	1	0
16	37	1	100
18	39	1	0
15	33	1	0
14	31	1	0
18	42	1	0
15	35	1	0
15	35	1	10
14	31	1	0
13	32	1	0
15	33	1	0
17	38	1	0
15	35	1	0
17	40	1	0
15	35	1	20
17	41	1	0
12	25	1	0
13	30	1	0
12	28	1	0
15	35	1	0
17	40	1	10
16	36	1	60
16	36	1	10
15	35	1	0
14	30	1	10
14	30	1	0
13	28	1	0
16	34	1	0
16	35	1	0
17	37	1	0
16	34	1	0
18	40	1	0
14	31	1	10
12	26	1	0
13	27	1	0
14	31	1	0
14	32	1	20
15	34	1	0
15	32	1	0
14	32	1	0
14	30	1	0
12	28	1	0
16	36	1	0
13	30	1	0
14	33	1	10
18	41	1	0
16	34	1	0
15	35	1	0
14	31	1	0
16	37	1	0
17	39	1	10
18	40	1	0
14	33	1	0
18	40	1	0
13	30	1	0
15	34	1	40
14	31	1	0
17	38	1	10
16	35	1	0
17	38	1	10
14	32	1	10
17	38	1	0
14	30	1	0
15	32	1	0
14	30	1	0
14	31	1	0
13	30	1	10
13	28	1	0
18	43	1	30
18	41	1	10
16	35	1	0
12	29	1	0
15	33	1	0
13	28	1	10
14	31	1	0
12	28	1	0
18	40	1	10
13	31	1	0
13	30	1	0
18	38	1	20
14	32	0.999997	10
15	36	1	30
17	39	1	0
16	35	1	0
16	40	1	0
15	35	1	10
14	32	1	0
14	34	1	0
14	33	1	70
16	35	1	20
12	24	1	0
16	36	1	90
16	37	1	0
14	31	1	30
15	35	1	0
14	31	1	0
16	35	1	0
14	31	1	0
10	21	1	0
16	36	1	80
15	34	1	0
15	34	1	0
15	32	1	20
16	37	1	10
17	39	1	0
14	32	1	0
12	25	1	0
13	28	1	0
18	42	1	0
14	32	1	0
19	42	1	0
13	31	1	0
15	32	1	0
15	35	1	0
15	33	1	0
16	36	1	10
17	39	1	0
15	32	1	0
15	35	1	0
16	37	1	0
14	30	1	0
15	34	1	10
17	38	1	0
16	35	1	0
15	35	1	0
15	32	1	0
14	31	1	0
16	36	1	0
12	26	1	0
14	32	1	0
15	33	1	10
15	33	1	0
15	36	1	10
16	36	1	0
14	30	1	0
17	36	1	0
20	43	1	0
15	34	1	10
15	32	1	0
18	45	1	10
11	26	1	0
11	24	1	0
15	36	1	0
14	31	1	10
18	40	1	0
18	41	1	50
15	36	1	10
15	33	1	0
14	30	1	0
15	32	1	0
15	35	1	0
11	27	1	0
15	34	1	20
13	29	1	0
17	41	1	0
15	33	1	30
14	32	1	0
17	38	1	0
18	40	1	0
13	30	1	10
13	30	1	30
16	37	1	0
12	27	1	0
15	35	1	0
16	35	1	0
14	32	1	40
13	29	1	0
15	35	1	0
20	45	1	0
16	35	1	10
15	34	1	60
16	35	1	0
15	32	1	0
11	26	1	0
16	36	1	40
16	37	1	10
16	36	1	0
13	28	1	0
16	34	1	0
16	37	1	0
15	34	1	0
16	36	1	0
15	35	1	10
15	34	1	0
12	27	1	0
15	35	1	0
15	33	1	0
15	33	1	0
16	35	1	0
14	33	1	0
15	36	1	0
12	26	1	0
15	33	1	10
17	39	1	0
15	35	1	0
15	35	1	30
16	36	1	70
16	35	1	0
14	29	1	10
15	35	1	0
12	27	1	0
13	28	1	0
14	31	1	0
14	31	1	0
15	33	1	0
13	30	1	0
15	33	1	0
14	33	1	0
16	34	1	10
14	31	1	0
14	33	1	0
13	28	1	10
15	32	1	0
17	39	1	0
14	34	1	0
17	39	1	50
17	37	1	0
12	27	1	0
15	34	1	0
11	27	1	0
18	40	1	10
13	29	1	0
12	26	1	0
16	36	1	0
15	35	1	0
14	31	1	0
15	34	1	0
13	29	1	0
16	36	1	0
16	35	1	10
16	35	1	0
18	41	1	10
15	33	1	0
17	39	1	0
13	27	1	0
14	33	1	0
15	34	1	0
12	25	1	0
16	37	1	0
12	27	1	0
15	33	1	0
15	34	1	40
13	28	1	0
16	34	1	10
14	32	1	0
15	34	1	0
15	33	1	0
15	34	1	0
13	30	1	40
18	44	1	0
16	35	1	0
14	30	1	0
16	36	1	0
13	29	1	0
15	32	1	10
13	29	1	0
15	34	1	0
15	32	1	0
13	31	1	0
14	32	1	0
13	29	1	10
16	36	1	10
14	31	1	0
14	30	1	0
11	24	1	0
15	34	1	0
14	32	1	0
15	32	1	0
13	31	1	0
16	38	1	10
15	34	1	0
14	31	1	0
12	29	1	0
13	32	1	10
16	37	1	0
13	30	1	0
16	37	1	0
17	37	1	0
16	38	1	0
16	36	1	0
21	49	1	10
15	33	1	0
15	34	1	0
16	35	1	10
12	27	1	0
16	35	1	0
14	30	1	0
14	29	1	0
16	36	1	10
14	31	1	0
14	30	1	0
13	30	1	0
14	31	1	0
17	39	1	0
14	36	1	0
15	35	1	10
14	30	1	0
14	30	1	0
13	32	1	10
14	32	1	30
15	35	1	0
14	34	1	0
15	31	1	0
13	30	1	10
15	32	1	0
18	40	1	10
16	37	1	0
18	40	1	0
14	32	1	10
13	29	1	0
15	34	1	0
15	34	1	0
15	33	1	30
14	31	1	0
13	27	1	0
14	31	1	0
13	29	1	0
15	32	1	0
14	32	1	0
16	37	1	30
18	41	1	10
14	33	1	0
14	32	1	0
14	33	1	0
12	27	1	0
13	31	1	0
17	39	1	10
14	32	1	0
16	35	1	0
14	33	1	0
14	34	1	0
13	29	1	10
14	33	1	0
15	34	1	0
16	37	1	0
17	37	1	0
15	34	1	10
16	38	1	0
17	37	1	0
18	40	1	0
14	33	1	0
16	35	1	10
17	37	1	0
13	31	1	10
16	34	1	0
14	32	1	0
15	35	1	0
15	34	1	0
14	31	1	0
16	36	1	0
14	32	1	0
12	26	1	0
16	38	1	0
16	37	1	0
16	37	1	30
15	35	1	0
14	32	1	0
16	37	1	0
14	31	1	0
15	36	1	10
14	32	1	0
13	29	1	0
14	30	1	0
15	33	1	0
14	32	1	0
14	32	1	0
15	36	1	10
16	36	1	0
16	36	1	0
16	38	1	0
17	40	1	10
15	33	1	0
16	35	1	0
17	37	1	0
16	39	1	0
18	40	1	10
16	36	1	0
16	36	1	0
13	29	1	0
14	32	1	0
19	39	1	10
11	25	1	0
17	38	1	0
18	42	1	0
13	30	1	0
17	38	1	0
16	34	1	10
13	30	1	0
16	34	1	0
15	33	1	0
16	35	1	10
14	32	1	0
14	30	1	0
16	36	1	0
14	32	1	0
11	24	1	0
15	33	1	0
14	29	1	0
18	40	1	10
15	32	1	0
14	32	1	20
15	36	1	0
15	35	1	0
17	38	1	10
16	37	1	0
18	40	1	70
16	35	1	0
15	35	1	0
13	29	1	10
15	35	1	0
17	37	1	0
15	34	1	0
14	34	1	0
17	39	1	0
15	33	1	0
15	33	1	0
18	42	1	0
16	35	1	0
17	40	1	0
18	42	1	20
17	37	1	0
13	27	1	10
13	28	1	0
15	36	1	0
16	37	1	0
15	35	1	0
15	33	1	0
13	30	1	10
16	36	1	0
14	34	1	20
16	35	1	0
16	38	1	0
13	29	1	0
20	43	1	0
15	34	1	0
11	25	1	10
18	42	1	0
15	35	1	0
18	40	1	10
15	35	1	0
15	35	1	10
15	36	1	0
17	38	1	0
16	36	1	10
17	39	1	0
16	36	1	0
14	31	1	0
17	36	1	10
15	32	1	10
16	37	1	10
14	29	0.998797	0
17	41	1	0
12	30	1	0
14	31	1	0
14	32	1	0
11	25	1	0
12	28	1	20
14	31	1	0
19	42	1	10
18	41	1	10
18	41	1	0
14	32	1	0
15	35	1	20
13	31	1	0
16	35	1	0
15	35	1	0
15	33	1	0
16	38	1	10
15	33	1	0
18	40	1	0
16	35	1	0
17	38	1	10
15	33	1	0
15	34	1	0
15	34	1	0
12	30	1	0
15	34	1	40
13	29	1	0
18	40	1	10
11	24	1	0
16	36	1	0
11	27	1	0
15	32	1	0
14	32	1	0
16	36	1	0
16	36	1	10
14	32	1	0
18	42	1	0
15	34	1	0
14	32	1	0
14	30	1	0
13	30	1	0
13	29	1	0
13	30	1	10
15	33	1	0
12	27	1	0
15	33	1	0
16	37	1	0
15	35	1	0
14	30	1	0
13	29	1	10
17	38	1	10
13	29	1	0
20	45	1	0
12	28	1	0
15	35	1	0
15	32	1	0
15	34	1	10
19	42	1	20
14	30	1	10
15	35	1	0
16	35	1	0
15	36	1	0
11	24	1	0
18	41	1	20
15	34	1	0
14	32	1	0
15	34	1	10
15	34	1	0
16	35	1	0
14	30	1	0
17	39	1	0
16	35	1	0
16	34	1	40
14	33	1	0
13	29	1	10
14	32	1	0
15	35	1	0
18	41	1	10
14	31	1	0
14	32	1	0
13	30	1	0
14	30	1	0
12	28	1	10
15	32	1	0
16	36	0.999992	10
15	33	1	0
14	30	1	0
14	32	1	0
13	30	1	0
14	31	1	0
16	34	1	0
18	40	1	10
14	29	1	0
12	26	1	0
16	35	1	0
17	40	1	10
11	23	1	0
17	38	1	0
15	36	1	0
13	32	1	0
16	39	1	0
15	35	1	0
16	36	1	0
18	43	1	0
14	30	1	10
13	30	1	0
18	38	1	40
13	29	1	10
16	37	1	0
15	35	1	0
15	32	1	30
18	41	1	0
16	37	1	0
18	41	1	0
14	32	1	0
17	39	1	10
15	33	1	0
15	34	1	20
15	33	1	0
16	35	1	0
18	41	1	10
15	34	1	0
16	35	1	10
12	28	1	0
16	36	1	0
13	26	1	0
15	35	1	0
15	35	1	0
13	28	1	0
16	36	1	0
17	39	1	0
14	33	1	0
15	32	1	0
15	33	1	30
18	41	1	0
16	37	1	0
14	32	1	0
15	34	1	10
13	29	1	0
16	35	1	0
14	33	1	0
11	22	1	0
13	28	1	0
16	37	1	0
13	28	1	0
14	31	1	0
15	33	1	0
15	34	1	0
12	27	1	10
15	35	1	0
12	26	1	0
15	34	1	0
14	30	1	10
14	32	1	0
17	40	1	10
11	25	1	0
14	32	1	0
14	32	1	0
13	30	1	0
14	32	1	0
15	31	1	0
16	37	1	10
17	37	1	0
15	33	1	10
14	30	1	0
13	29	1	0
17	38	1	0
16	38	1	10
15	32	1	0
18	42	1	60
17	39	1	0
15	35	1	0
16	39	1	0
12	26	1	0
15	32	1	0
18	39	1	0
12	29	1	0
18	39	1	0
15	33	1	10
15	36	1	10
17	39	1	0
15	33	1	0
15	34	1	0
16	35	1	0
14	32	1	0
18	39	1	0
14	33	1	20
15	33	1	0
15	33	1	10
17	38	1	0
14	33	1	40
16	39	1	0
16	36	1	0
12	29	1	0
14	32	1	10
15	36	1	0
10	22	1	0
15	33	1	0
13	29	1	0
15	34	1	0
15	30	1	10
18	40	1	0
16	35	1	0
16	34	1	0
#>>result = 0.999999
