#Original graph size: 25 nodes, 46 edges
#Modified graph size: 19 nodes, 38 edges
#Probing for 5 times..................................................
#V	E	P	T
2	1	0.942523	0
11	20	0.908782	0
12	21	0.997435	0
9	15	0.942523	0
2	1	0.942523	0
2	1	0.942523	0
9	16	0.942523	0
8	14	0.691529	0
2	0	0	0
9	17	0.997435	0
8	15	0.942523	0
8	15	0.942523	0
11	21	0.997435	0
12	23	0.997435	0
2	1	0.942523	0
12	21	0.942523	0
10	18	0.942523	0
2	1	0.942523	0
12	22	0.942523	0
5	6	0.997435	0
10	18	0.942523	0
9	15	0.942523	0
8	14	0.942523	0
2	1	0.942523	0
13	22	0.997435	0
13	24	0.942523	0
7	13	0.942523	0
8	15	0.942523	0
8	15	0.942523	0
12	22	0.997435	0
9	16	0.942523	0
2	1	0.942523	0
2	1	0.942523	0
11	19	0.942523	0
2	1	0.942523	0
13	24	0.997435	0
12	21	0.997435	0
13	23	0.942523	0
2	1	0.942523	0
11	19	0.942523	0
12	22	0.997435	0
7	12	0.942523	0
2	1	0.942523	0
10	18	0.942523	0
11	21	0.942523	0
9	16	0.942523	0
2	1	0.942523	0
7	12	0.942523	0
5	6	0.997435	0
12	22	0.997435	10
10	20	0.942523	0
2	1	0.942523	0
8	11	0.942523	0
2	1	0.942523	0
2	1	0.942523	0
8	14	0.942523	0
12	20	0.942523	0
8	15	0.942523	0
5	6	0.997435	0
11	20	0.997435	0
12	23	0.997435	0
2	1	0.942523	0
2	1	0.942523	0
2	1	0.942523	0
6	10	0.942523	0
7	12	0.942523	0
8	14	0.942523	0
12	21	0.942523	0
2	1	0.942523	0
4	5	0.942523	0
2	1	0.942523	0
8	15	0.942523	0
10	17	0.99314	0
2	1	0.942523	0
8	14	0.942523	0
10	19	0.942523	0
9	15	0.942523	0
2	1	0.942523	0
13	24	0.942523	0
2	1	0.942523	0
8	15	0.942523	0
9	15	0.942523	0
10	18	0.942523	0
2	1	0.942523	0
13	22	0.942523	0
2	1	0.942523	0
5	6	0.997435	0
2	0	0	0
9	16	0.691529	0
7	13	0.942523	0
8	14	0.942523	0
2	1	0.942523	0
9	17	0.942523	0
7	12	0.942523	0
2	1	0.942523	0
9	16	0.942523	0
2	1	0.942523	0
2	1	0.942523	0
10	17	0.942523	0
11	20	0.942523	0
2	1	0.942523	0
2	0	0	0
2	1	0.942523	0
2	1	0.942523	0
2	1	0.942523	0
2	0	0	0
15	26	0.997435	0
11	20	0.942523	0
9	17	0.997435	0
11	20	0.942523	0
2	1	0.942523	0
2	1	0.942523	0
9	16	0.942523	0
2	1	0.942523	0
10	18	0.997435	0
5	6	0.997435	0
10	19	0.942523	0
5	6	0.997435	0
10	17	0.942523	0
2	1	0.942523	0
8	15	0.942523	0
6	8	0.997435	0
2	1	0.942523	0
6	10	0.942523	0
9	16	0.997435	0
12	21	0.942523	0
12	22	0.997435	0
8	14	0.942523	0
7	13	0.942523	0
2	1	0.942523	0
10	17	0.942523	0
11	21	0.997435	0
2	1	0.942523	0
10	17	0.997435	0
9	15	0.942523	0
9	17	0.942523	0
7	11	0.942523	0
11	19	0.942523	0
2	1	0.942523	0
8	13	0.942523	0
6	8	0.997435	0
13	23	0.997435	0
2	1	0.942523	0
8	15	0.942523	0
2	1	0.942523	0
2	1	0.942523	0
5	6	0.997435	0
2	1	0.942523	0
13	23	0.997435	0
11	20	0.942523	0
8	15	0.942523	0
10	18	0.942523	0
13	23	0.942523	0
9	15	0.942523	0
5	6	0.997435	0
2	1	0.942523	0
13	23	0.997435	10
2	1	0.942523	0
15	27	0.997435	0
13	23	0.997435	0
10	18	0.942523	0
5	6	0.997435	0
5	6	0.997435	0
10	17	0.942523	0
14	26	0.997435	0
14	25	0.997435	0
12	22	0.997435	0
8	14	0.942523	0
9	16	0.997435	0
2	1	0.942523	0
7	13	0.942523	0
8	14	0.942523	0
7	10	0.942523	0
9	15	0.997435	0
2	1	0.942523	0
2	1	0.942523	0
2	1	0.942523	0
2	1	0.942523	0
2	1	0.942523	0
2	1	0.942523	0
7	9	0.910551	0
9	17	0.942523	0
9	16	0.942523	0
8	14	0.942523	0
9	16	0.942523	0
10	18	0.942523	0
7	13	0.942523	0
8	15	0.942523	0
11	21	0.942523	0
9	16	0.942523	0
8	15	0.942523	0
2	1	0.942523	0
2	1	0.942523	0
8	14	0.787757	0
8	15	0.942523	0
2	1	0.942523	0
2	1	0.942523	0
13	24	0.997435	0
16	29	0.997435	0
13	24	0.997435	0
9	16	0.997435	0
2	1	0.942523	0
2	1	0.942523	0
2	1	0.942523	0
5	6	0.997435	0
5	6	0.997435	0
9	17	0.942523	0
2	1	0.942523	0
10	17	0.942523	0
2	1	0.942523	0
8	15	0.942523	0
8	15	0.942523	0
2	1	0.942523	0
11	20	0.942523	0
2	1	0.942523	0
2	1	0.942523	0
9	15	0.997435	0
2	1	0.942523	0
11	19	0.942523	0
2	1	0.942523	0
10	18	0.942523	0
5	6	0.997435	0
2	1	0.942523	0
2	1	0.942523	0
2	0	0	10
11	20	0.942523	0
12	22	0.997435	0
15	28	0.942523	0
12	23	0.942523	0
11	20	0.942523	0
15	25	0.997435	0
10	18	0.787757	0
5	6	0.997435	0
9	16	0.997435	0
5	6	0.997435	0
2	1	0.942523	0
11	20	0.942523	0
5	6	0.997435	0
8	13	0.787757	0
2	1	0.942523	0
5	6	0.997435	0
8	13	0.942523	0
7	13	0.942523	0
2	1	0.942523	0
10	18	0.997435	0
11	20	0.942523	0
8	14	0.942523	0
2	1	0.942523	0
8	15	0.942523	0
2	1	0.942523	0
10	18	0.942523	0
12	22	0.997435	0
2	1	0.942523	0
11	21	0.997435	0
2	1	0.942523	0
10	19	0.942523	0
9	17	0.942523	0
2	1	0.942523	0
11	20	0.942523	0
11	21	0.942523	0
2	1	0.942523	0
2	1	0.942523	0
5	6	0.997435	0
2	1	0.942523	0
5	6	0.997435	0
7	12	0.942523	0
2	1	0.942523	0
5	6	0.997435	0
2	1	0.942523	0
2	1	0.942523	0
8	14	0.997435	0
8	14	0.942523	0
9	16	0.942523	0
9	17	0.942523	0
13	22	0.997435	0
13	23	0.997435	0
13	22	0.997435	0
11	19	0.942523	0
2	1	0.942523	0
12	20	0.942523	0
2	1	0.942523	0
2	1	0.942523	0
2	1	0.942523	0
9	17	0.942523	0
10	18	0.942523	0
12	20	0.942523	0
9	16	0.997435	0
5	6	0.997435	0
2	1	0.942523	0
2	1	0.942523	0
10	18	0.997435	0
5	6	0.997435	0
11	19	0.997435	0
2	1	0.942523	0
9	14	0.942523	0
10	19	0.942523	0
5	6	0.997435	0
2	1	0.942523	0
10	19	0.942523	0
10	18	0.942523	0
11	20	0.997435	0
11	21	0.942523	10
2	1	0.942523	0
5	6	0.997435	0
14	25	0.997435	0
2	1	0.942523	0
11	19	0.997435	0
11	21	0.942523	0
9	16	0.997435	0
2	1	0.942523	0
5	6	0.997435	0
9	16	0.942523	0
5	6	0.997435	0
11	20	0.942523	0
15	29	0.942523	0
13	24	0.942523	0
12	23	0.997435	0
12	23	0.997435	0
5	6	0.996158	0
9	16	0.942523	0
2	1	0.942523	0
2	1	0.942523	0
10	19	0.942523	0
2	1	0.942523	0
4	5	0.942523	0
12	22	0.997435	0
8	15	0.942523	0
2	1	0.942523	0
8	15	0.942523	0
11	19	0.942523	0
7	12	0.942523	0
13	24	0.942523	0
13	25	0.942523	0
11	19	0.942523	0
8	14	0.942523	0
7	13	0.942523	0
2	1	0.942523	0
2	0	0	0
10	18	0.997435	0
8	15	0.942523	0
10	19	0.942523	0
8	13	0.923229	0
12	21	0.942523	0
2	1	0.942523	0
2	1	0.942523	0
11	19	0.942523	0
10	17	0.990992	0
11	21	0.997435	0
2	1	0.942523	0
10	18	0.997435	0
2	1	0.942523	0
10	18	0.942523	0
9	16	0.997435	0
7	13	0.942523	0
2	1	0.942523	0
11	19	0.997435	0
9	16	0.942523	0
2	1	0.942523	0
2	1	0.942523	0
5	6	0.997435	0
2	1	0.942523	0
9	16	0.997435	0
2	1	0.942523	0
2	1	0.942523	0
13	24	0.997435	0
12	20	0.997435	0
2	1	0.942523	0
10	18	0.942523	0
8	15	0.942523	0
10	19	0.942523	10
11	20	0.942523	0
7	11	0.691529	0
2	1	0.942523	0
15	28	0.942523	0
10	19	0.942523	0
2	1	0.942523	0
5	6	0.997435	0
10	18	0.942523	0
8	15	0.942523	0
2	1	0.942523	0
10	19	0.942523	0
2	1	0.942523	0
2	1	0.942523	0
7	12	0.691529	0
2	0	0	0
2	1	0.942523	0
8	15	0.942523	0
12	22	0.942523	0
8	15	0.942523	0
10	19	0.997095	0
2	1	0.942523	0
9	17	0.942523	0
10	19	0.942523	0
2	1	0.942523	0
9	16	0.997435	0
2	1	0.942523	0
2	1	0.942523	0
2	1	0.942523	0
5	6	0.997435	0
10	17	0.99314	0
10	18	0.997435	0
12	21	0.942523	0
10	17	0.997435	0
5	6	0.997435	0
10	18	0.997435	0
10	18	0.992426	0
13	24	0.997435	0
9	16	0.997435	0
11	19	0.942523	0
2	1	0.942523	0
9	15	0.997435	0
5	6	0.997435	0
12	22	0.997435	0
9	16	0.942523	0
2	1	0.942523	0
2	1	0.942523	0
2	1	0.942523	0
2	1	0.942523	0
2	1	0.942523	0
7	11	0.942523	0
13	23	0.942523	0
7	12	0.942523	0
7	12	0.942523	0
7	13	0.942523	0
2	1	0.942523	0
6	10	0.942523	0
2	1	0.942523	0
4	5	0.942523	0
2	1	0.942523	0
13	24	0.942523	0
11	20	0.942523	0
2	1	0.942523	0
11	20	0.997435	0
2	1	0.942523	0
5	8	0.942523	0
2	1	0.942523	0
5	6	0.997435	0
4	5	0.942523	0
10	18	0.942523	0
2	1	0.942523	0
10	18	0.942523	0
10	19	0.942523	0
2	1	0.942523	0
14	25	0.997435	0
2	1	0.942523	0
11	20	0.997435	0
9	17	0.691529	0
2	1	0.942523	0
2	1	0.942523	0
7	11	0.942523	0
2	1	0.942523	0
2	1	0.942523	0
10	16	0.942523	10
9	15	0.942523	0
2	1	0.942523	0
8	15	0.942523	0
2	1	0.942523	0
2	1	0.942523	0
2	1	0.942523	0
8	14	0.787757	0
5	6	0.997435	0
10	18	0.942523	0
10	18	0.997435	0
2	1	0.942523	0
5	6	0.997435	0
10	17	0.981306	0
5	6	0.997435	0
2	1	0.942523	0
2	1	0.942523	0
7	12	0.942523	0
7	11	0.691529	0
9	17	0.942523	0
7	12	0.942523	0
9	16	0.942523	0
10	18	0.942523	0
2	1	0.942523	0
2	1	0.942523	0
2	1	0.942523	0
2	1	0.942523	0
10	18	0.942523	0
4	5	0.942523	0
11	19	0.942523	0
10	19	0.942523	0
2	1	0.942523	0
8	13	0.997435	0
11	20	0.997435	0
11	20	0.942523	0
11	20	0.942523	0
2	1	0.942523	0
5	6	0.997435	0
2	1	0.942523	0
2	1	0.942523	0
2	1	0.942523	0
2	1	0.942523	0
11	20	0.942523	0
5	6	0.997435	0
2	1	0.942523	0
5	6	0.997435	0
5	6	0.997435	0
8	14	0.691529	0
10	18	0.942523	0
2	1	0.942523	0
2	1	0.942523	0
15	26	0.997435	0
5	6	0.997435	0
10	18	0.942523	0
2	1	0.942523	0
5	6	0.997435	0
2	1	0.942523	0
9	17	0.942523	0
12	22	0.997435	0
10	17	0.942523	0
10	18	0.953138	0
10	19	0.942523	0
2	1	0.942523	0
2	1	0.942523	0
5	6	0.997435	0
10	17	0.942523	0
2	0	0	0
5	6	0.997435	0
12	20	0.997435	0
10	18	0.942523	0
11	19	0.981306	0
11	20	0.997435	0
9	14	0.942523	0
10	18	0.942523	0
2	1	0.942523	0
11	20	0.691529	0
5	6	0.997435	0
7	12	0.942523	0
7	11	0.942523	0
10	18	0.942523	0
13	24	0.997435	10
11	18	0.997435	0
8	15	0.942523	0
2	1	0.942523	0
2	1	0.942523	0
2	1	0.942523	0
10	18	0.997435	0
5	6	0.997435	0
10	17	0.942523	0
11	20	0.942523	0
8	14	0.942523	0
9	14	0.942523	0
5	6	0.997435	0
5	6	0.997435	0
5	6	0.997435	0
10	18	0.942523	0
2	1	0.942523	0
11	19	0.997435	0
11	20	0.942523	0
11	19	0.942523	0
2	1	0.942523	0
2	1	0.942523	0
5	6	0.997435	0
2	1	0.942523	0
5	6	0.997435	0
5	6	0.997435	0
2	1	0.942523	0
5	6	0.997435	0
2	1	0.942523	0
7	12	0.942523	0
9	17	0.942523	0
11	20	0.997435	0
10	17	0.997435	0
10	18	0.942523	0
7	12	0.942523	0
2	1	0.942523	0
8	13	0.942523	0
11	21	0.942523	0
13	21	0.953138	0
7	12	0.942523	0
2	1	0.942523	0
10	18	0.997435	0
2	1	0.942523	0
16	30	0.997435	0
2	1	0.981306	0
7	13	0.942523	0
11	19	0.997435	0
11	20	0.997435	0
10	19	0.942523	0
2	1	0.942523	0
2	1	0.942523	0
7	11	0.691529	0
2	1	0.942523	0
2	1	0.942523	0
5	6	0.997435	0
13	23	0.997435	0
11	19	0.997435	0
2	1	0.942523	0
2	1	0.942523	0
16	29	0.997435	0
2	1	0.942523	0
8	15	0.942523	0
9	16	0.942523	0
12	20	0.997435	0
2	1	0.942523	0
13	23	0.942523	0
11	19	0.981306	0
8	15	0.942523	0
8	14	0.942523	0
2	1	0.942523	0
2	1	0.942523	0
9	16	0.942523	0
9	17	0.942523	0
12	21	0.942523	0
8	15	0.942523	0
10	19	0.942523	0
2	1	0.942523	0
5	6	0.997435	0
2	1	0.942523	0
2	1	0.942523	0
7	12	0.942523	0
2	1	0.942523	0
2	1	0.942523	0
12	23	0.997435	0
14	24	0.942523	0
7	11	0.942523	0
8	15	0.942523	0
2	1	0.942523	0
2	1	0.942523	0
8	14	0.942523	0
5	6	0.997435	0
8	15	0.942523	0
2	1	0.942523	0
2	1	0.942523	0
5	6	0.997435	0
2	1	0.942523	0
11	20	0.942523	0
9	16	0.787757	10
8	15	0.942523	0
2	1	0.942523	0
2	1	0.942523	0
2	1	0.942523	0
13	22	0.997435	0
2	1	0.942523	0
13	23	0.997435	0
11	19	0.942523	0
14	24	0.997435	0
2	1	0.942523	0
2	1	0.981306	0
2	1	0.942523	0
2	1	0.942523	0
9	15	0.942523	0
7	12	0.942523	0
10	18	0.942523	0
11	19	0.953138	0
9	16	0.942523	0
5	6	0.997435	0
7	12	0.942523	0
2	0	0	0
12	22	0.997435	0
5	6	0.997435	0
2	1	0.942523	0
6	8	0.997435	0
9	17	0.942523	0
10	19	0.942523	0
2	0	0	0
2	1	0.942523	0
2	0	0	0
11	19	0.997435	0
9	18	0.942523	0
2	1	0.942523	0
9	15	0.942523	0
2	1	0.942523	0
2	1	0.942523	0
2	1	0.942523	0
7	11	0.942523	0
2	1	0.942523	0
5	6	0.997435	0
9	16	0.942523	0
14	25	0.997435	0
11	19	0.942523	0
2	1	0.942523	0
9	15	0.942523	0
2	1	0.942523	0
8	14	0.942523	0
10	19	0.942523	0
10	16	0.942523	0
5	6	0.997435	0
2	1	0.942523	0
8	15	0.942523	0
13	24	0.997435	0
2	1	0.942523	0
2	1	0.942523	0
8	14	0.691529	0
2	1	0.942523	0
2	1	0.942523	0
2	1	0.942523	0
8	15	0.942523	0
12	22	0.942523	0
11	20	0.953138	0
2	1	0.942523	0
2	1	0.942523	0
9	15	0.997435	0
10	18	0.942523	0
7	11	0.691529	0
12	20	0.997435	0
12	23	0.997435	0
10	18	0.997435	0
11	19	0.942523	0
5	6	0.997435	0
2	1	0.942523	0
2	1	0.942523	0
5	6	0.997435	0
2	1	0.942523	0
9	16	0.942523	0
2	1	0.942523	0
2	1	0.942523	0
2	0	0	0
7	12	0.942523	0
7	13	0.942523	0
15	26	0.997435	10
15	27	0.997435	0
8	14	0.997435	0
2	1	0.942523	0
2	1	0.942523	0
5	6	0.997435	0
2	1	0.942523	0
2	1	0.942523	0
11	19	0.997435	0
13	22	0.997435	0
8	15	0.942523	0
8	14	0.942523	0
11	19	0.997435	0
2	1	0.942523	0
8	15	0.942523	0
11	20	0.942523	0
2	1	0.942523	0
10	17	0.942523	0
2	1	0.942523	0
9	16	0.942523	0
10	18	0.942523	0
2	1	0.942523	0
11	20	0.942523	0
9	16	0.942523	0
5	6	0.997435	0
2	1	0.942523	0
10	19	0.942523	0
11	19	0.942523	0
13	22	0.942523	0
2	1	0.942523	0
6	8	0.997435	0
2	1	0.942523	0
5	6	0.997435	0
16	29	0.997435	0
10	19	0.942523	0
2	1	0.942523	0
8	14	0.997435	0
9	16	0.942523	0
2	1	0.942523	0
12	22	0.942523	0
2	1	0.942523	0
8	14	0.691529	0
2	1	0.942523	0
2	1	0.942523	0
2	1	0.942523	0
11	21	0.997435	0
2	1	0.942523	0
11	20	0.942523	0
5	7	0.942523	0
2	1	0.942523	0
2	1	0.981306	0
12	22	0.997435	0
2	1	0.942523	0
2	1	0.942523	0
13	22	0.942523	0
2	1	0.942523	0
10	18	0.997435	0
2	1	0.942523	0
11	19	0.997435	0
5	6	0.997435	0
8	15	0.942523	0
7	13	0.942523	0
5	6	0.997435	0
12	19	0.942523	0
13	24	0.997435	0
14	25	0.997435	0
2	1	0.942523	0
10	17	0.942523	0
7	11	0.942523	0
2	1	0.942523	0
6	8	0.997435	10
8	15	0.942523	0
2	1	0.981306	0
10	18	0.942523	0
5	6	0.997435	0
13	24	0.942523	0
9	16	0.942523	0
2	1	0.942523	0
2	1	0.942523	0
5	6	0.997435	0
2	1	0.942523	0
2	1	0.942523	0
9	15	0.942523	0
9	16	0.997435	0
5	6	0.997435	0
2	0	0	0
15	27	0.997435	0
5	6	0.997435	0
2	1	0.942523	0
10	16	0.942523	0
13	23	0.997435	0
9	18	0.942523	0
4	5	0.942523	0
9	16	0.942523	0
10	17	0.908782	0
11	21	0.942523	0
7	13	0.942523	0
10	18	0.942523	0
2	1	0.942523	0
2	1	0.942523	0
2	1	0.942523	0
17	30	0.997435	0
4	4	0.547387	0
2	1	0.942523	0
4	5	0.942523	0
9	17	0.942523	0
8	14	0.942523	0
11	20	0.997435	0
9	17	0.942523	0
2	1	0.942523	0
9	17	0.942523	0
9	17	0.997435	0
5	6	0.997435	0
14	25	0.942523	0
8	14	0.942523	0
5	6	0.997435	0
8	12	0.981306	0
2	1	0.942523	0
9	15	0.997435	0
8	14	0.787757	0
2	1	0.942523	0
12	22	0.997435	0
2	1	0.942523	0
10	17	0.981306	0
10	18	0.997435	0
2	1	0.942523	0
6	8	0.942523	0
9	16	0.942523	0
7	11	0.942523	0
10	17	0.99314	0
9	15	0.942523	0
10	17	0.942523	0
7	12	0.942523	0
2	1	0.942523	0
5	6	0.997435	0
14	24	0.997435	0
5	6	0.997435	0
2	1	0.942523	0
6	10	0.942523	0
5	6	0.997435	10
9	17	0.997435	0
5	6	0.997435	0
13	25	0.942523	0
9	18	0.942523	0
7	12	0.942523	0
12	23	0.942523	0
2	1	0.942523	0
9	16	0.997435	0
2	1	0.942523	0
9	16	0.942523	0
5	6	0.997435	0
2	1	0.942523	0
2	1	0.942523	0
7	12	0.942523	0
10	18	0.942523	0
8	15	0.942523	0
8	15	0.942523	0
2	1	0.942523	0
8	15	0.942523	0
2	1	0.942523	0
5	6	0.997435	0
2	1	0.942523	0
9	17	0.942523	0
2	1	0.942523	0
7	10	0.942523	0
2	1	0.942523	0
10	18	0.942523	0
8	13	0.787757	0
12	21	0.994787	0
2	1	0.942523	0
2	1	0.942523	0
2	0	0	0
2	1	0.942523	0
5	6	0.997435	0
15	27	0.942523	0
11	19	0.942523	0
2	1	0.942523	0
11	20	0.942523	0
10	18	0.942523	0
8	14	0.942523	0
8	15	0.942523	0
8	15	0.942523	0
2	1	0.942523	0
2	1	0.942523	0
5	6	0.997435	0
8	14	0.942523	0
9	18	0.942523	0
8	14	0.942523	0
2	1	0.942523	0
10	17	0.942523	0
8	15	0.942523	0
10	18	0.942523	0
6	8	0.997435	0
13	22	0.997435	0
7	11	0.942523	0
2	1	0.942523	0
5	6	0.997435	0
14	27	0.997435	0
10	17	0.942523	0
6	8	0.997435	0
12	23	0.942523	0
9	16	0.942523	0
2	1	0.942523	0
2	0	0	0
9	17	0.997435	0
8	14	0.942523	0
9	15	0.942523	0
12	21	0.997435	0
10	18	0.997435	0
10	19	0.942523	0
10	19	0.942523	0
5	6	0.997435	0
7	12	0.942523	0
8	14	0.942523	0
11	20	0.997435	0
2	1	0.942523	0
2	1	0.942523	0
2	1	0.942523	0
2	1	0.942523	0
13	23	0.997435	0
6	9	0.691529	0
5	6	0.997435	0
8	15	0.942523	0
14	24	0.997435	0
9	17	0.942523	10
2	1	0.942523	0
2	1	0.942523	0
9	17	0.942523	0
10	18	0.942523	0
10	18	0.997435	0
2	1	0.942523	0
11	20	0.997435	0
2	1	0.942523	0
5	6	0.997435	0
2	1	0.942523	0
12	20	0.997435	0
10	17	0.997435	0
2	1	0.981306	0
10	18	0.942523	0
2	1	0.942523	0
2	1	0.942523	0
10	18	0.942523	0
12	23	0.997435	0
8	14	0.942523	0
7	12	0.942523	0
2	1	0.942523	0
2	1	0.942523	0
11	20	0.942523	0
2	1	0.942523	0
5	6	0.997435	0
13	25	0.997435	0
2	0	0	0
11	19	0.997435	0
2	1	0.942523	0
13	24	0.942523	0
12	22	0.991854	0
8	14	0.942523	0
11	20	0.942523	0
2	1	0.942523	0
13	23	0.942523	0
11	20	0.942523	0
10	19	0.942523	0
8	14	0.942523	0
10	19	0.942523	0
9	15	0.942523	0
2	1	0.942523	0
2	0	0	0
10	17	0.942523	0
7	11	0.942523	0
8	14	0.942523	0
4	5	0.942523	0
8	14	0.997435	0
11	21	0.997435	0
11	20	0.997435	0
10	18	0.997435	0
10	18	0.942523	0
7	12	0.942523	0
10	19	0.942523	0
12	22	0.997435	0
2	1	0.942523	0
2	1	0.942523	0
6	8	0.997435	0
2	1	0.942523	0
2	1	0.981306	0
11	19	0.942523	0
2	1	0.942523	0
10	18	0.942523	0
9	17	0.942523	0
#>>result = 0.936078
