#Original graph size: 30 nodes, 56 edges
#Modified graph size: 22 nodes, 48 edges
#Probing for 5 times..................................................
#V	E	P	T
2	1	0.942523	0
14	26	0.997435	0
2	1	0.942523	0
11	20	0.942523	0
9	19	0.942523	0
13	27	0.997435	0
13	23	0.939629	0
7	12	0.942523	0
5	6	0.997435	0
14	27	0.997122	0
2	1	0.942523	0
15	28	0.997435	0
2	1	0.942523	0
15	28	0.942523	0
2	1	0.942523	0
13	24	0.997435	0
12	23	0.942523	0
5	6	0.997435	0
13	24	0.942523	10
2	0	0	0
2	1	0.942523	0
10	17	0.997435	0
10	17	0.942523	0
18	36	0.997435	0
2	1	0.942523	0
5	6	0.997435	0
11	21	0.942523	0
5	6	0.997435	0
14	25	0.942523	0
11	21	0.942523	0
11	22	0.942523	0
14	27	0.942523	0
2	1	0.942523	0
10	19	0.942523	0
14	29	0.942523	0
9	16	0.942523	0
2	1	0.942523	0
9	16	0.91773	0
2	1	0.942523	0
2	1	0.942523	0
13	25	0.942523	0
2	1	0.942523	0
17	32	0.997435	0
11	21	0.942523	0
12	22	0.942523	0
2	1	0.942523	0
2	1	0.942523	0
12	21	0.942523	0
10	19	0.942523	0
18	32	0.997435	10
10	17	0.942523	0
12	24	0.942523	0
16	29	0.942523	0
15	29	0.942523	0
16	31	0.997435	0
13	24	0.942523	0
2	1	0.942523	0
2	1	0.942523	0
16	29	0.997435	0
11	20	0.942523	0
8	14	0.942523	0
12	24	0.942523	0
16	31	0.942523	0
2	0	0	0
2	1	0.942523	0
10	20	0.942523	0
13	27	0.942523	10
2	1	0.942523	0
2	1	0.942523	0
2	1	0.942523	0
11	22	0.997435	0
11	20	0.942523	0
12	22	0.942523	0
12	22	0.942523	0
18	35	0.997435	0
14	27	0.942523	0
17	34	0.942523	0
2	1	0.942523	0
5	6	0.997435	0
2	1	0.942523	0
11	19	0.942523	0
5	6	0.942523	0
15	30	0.997435	0
5	6	0.997435	0
16	30	0.997435	0
2	1	0.942523	0
2	1	0.942523	0
12	22	0.942523	20
2	1	0.942523	0
2	1	0.942523	0
2	1	0.942523	0
2	1	0.942523	0
13	26	0.942523	0
15	28	0.997435	0
14	26	0.942523	0
17	34	0.997435	0
11	22	0.942523	0
12	22	0.997435	0
2	1	0.942523	0
10	21	0.942523	0
2	1	0.942523	0
14	26	0.942523	0
13	24	0.942523	0
11	21	0.942523	0
13	26	0.997435	10
18	33	0.997435	0
14	27	0.942523	0
11	20	0.997435	0
2	1	0.942523	0
14	27	0.942523	0
13	26	0.942523	0
2	0	0	0
2	1	0.942523	0
11	21	0.942523	0
13	27	0.942523	0
2	1	0.942523	0
2	1	0.942523	0
2	1	0.942523	0
10	19	0.997435	0
12	23	0.942523	0
13	23	0.942523	0
5	6	0.997435	0
11	20	0.942523	0
10	19	0.924253	10
14	27	0.997435	0
5	6	0.997435	0
12	22	0.942523	0
12	24	0.942523	0
2	1	0.942523	0
2	1	0.942523	0
14	25	0.942523	0
15	27	0.997435	0
5	6	0.997435	0
12	24	0.942523	0
13	25	0.942523	0
8	12	0.997435	0
15	30	0.997435	0
2	0	0	0
13	25	0.942523	0
12	23	0.942523	0
13	26	0.942523	0
9	17	0.841882	0
9	16	0.997435	0
12	24	0.997435	0
2	1	0.942523	10
11	22	0.942523	0
15	28	0.942523	0
13	23	0.942523	0
5	6	0.997435	0
5	6	0.997435	0
12	23	0.997435	0
11	18	0.997435	0
12	21	0.924253	0
2	1	0.942523	0
12	24	0.942523	0
11	21	0.942523	0
2	1	0.942523	0
15	29	0.997435	0
13	24	0.942523	0
2	1	0.942523	0
2	1	0.942523	0
2	1	0.942523	0
12	22	0.942523	0
13	24	0.942523	0
15	29	0.942523	0
14	27	0.997435	0
2	1	0.942523	0
12	21	0.942523	0
2	1	0.942523	0
11	20	0.942523	0
15	28	0.997435	0
12	22	0.942523	0
2	1	0.942523	0
2	1	0.942523	0
12	21	0.942523	0
12	22	0.942523	0
16	30	0.942523	0
8	15	0.942523	0
2	1	0.942523	0
2	1	0.942523	0
2	1	0.942523	0
12	22	0.942523	0
15	25	0.997435	10
5	6	0.997435	0
10	21	0.942523	0
2	1	0.942523	0
18	34	0.997435	0
15	29	0.942523	0
2	1	0.942523	0
2	1	0.942523	0
7	14	0.942523	0
12	23	0.942523	10
14	27	0.942523	0
2	0	0	0
7	11	0.942523	0
13	25	0.997435	0
12	23	0.942523	0
13	24	0.942523	0
11	20	0.942523	10
8	13	0.997435	0
2	1	0.942523	0
10	20	0.942523	0
11	19	0.942523	0
2	0	0	0
2	1	0.942523	0
2	1	0.981306	0
12	23	0.942523	0
2	1	0.942523	0
2	1	0.942523	0
2	1	0.942523	0
11	20	0.997435	0
2	1	0.942523	0
12	23	0.942523	10
10	19	0.942523	0
15	30	0.942523	0
2	1	0.942523	0
10	18	0.942523	0
12	22	0.942523	0
2	1	0.942523	0
2	1	0.942523	0
2	1	0.942523	0
2	1	0.942523	0
10	17	0.942523	0
15	28	0.997435	0
11	21	0.942523	0
13	27	0.942523	0
10	18	0.942523	0
10	18	0.997435	10
8	12	0.997435	0
2	1	0.942523	0
12	22	0.942523	10
2	1	0.942523	0
16	29	0.942523	0
5	6	0.997435	0
13	25	0.942523	0
14	28	0.942523	0
11	21	0.942523	0
15	30	0.997119	0
5	6	0.997435	0
13	23	0.997435	0
2	1	0.942523	0
5	6	0.997435	0
10	19	0.942523	0
14	29	0.997435	0
2	1	0.942523	0
2	1	0.942523	0
12	22	0.942523	10
11	20	0.942523	0
2	1	0.942523	0
13	24	0.942523	0
2	0	0	0
12	22	0.997435	0
2	1	0.942523	0
5	6	0.997435	0
2	1	0.942523	0
11	20	0.997435	0
7	10	0.997435	0
5	6	0.997435	0
15	28	0.942523	0
2	1	0.942523	0
13	27	0.942523	0
8	12	0.997435	0
15	29	0.942523	0
2	1	0.942523	0
2	1	0.942523	0
13	25	0.942523	0
7	10	0.997435	0
15	29	0.942523	0
10	20	0.942523	0
11	22	0.997435	0
13	25	0.942523	10
10	18	0.942523	0
2	1	0.942523	0
2	1	0.942523	0
15	30	0.942523	0
12	24	0.942523	0
2	1	0.942523	0
11	20	0.942523	0
13	25	0.942523	0
2	1	0.942523	0
14	26	0.942523	0
14	27	0.942523	0
11	23	0.942523	0
10	21	0.942523	0
14	29	0.997435	0
13	25	0.942523	0
2	1	0.942523	0
2	1	0.942523	0
11	20	0.942523	0
9	18	0.942523	0
15	29	0.997435	0
12	22	0.942523	0
2	1	0.942523	0
2	1	0.942523	0
11	20	0.942523	0
12	24	0.997435	0
10	20	0.942523	0
15	28	0.942523	0
11	21	0.942523	0
10	17	0.942523	0
2	1	0.942523	0
2	0	0	0
2	1	0.942523	0
11	21	0.942523	0
12	24	0.942523	10
2	1	0.942523	0
2	1	0.942523	0
2	0	0	0
2	1	0.942523	0
8	15	0.942523	0
2	1	0.942523	0
2	1	0.942523	0
2	1	0.942523	0
10	20	0.942523	0
2	1	0.942523	0
13	25	0.997435	0
11	20	0.942523	0
14	27	0.997435	0
11	21	0.942523	0
2	1	0.942523	0
10	19	0.942523	0
17	34	0.997435	0
2	1	0.942523	0
13	25	0.942523	0
8	12	0.997435	0
13	24	0.942523	0
10	21	0.942523	0
12	22	0.942523	0
2	1	0.942523	0
12	25	0.942523	0
9	16	0.942523	0
5	6	0.997435	0
17	32	0.997435	0
13	26	0.924253	0
11	21	0.942523	0
15	28	0.942523	10
8	16	0.942523	0
5	6	0.942523	0
13	25	0.942523	0
10	19	0.924253	0
15	27	0.942523	0
14	27	0.942523	0
5	6	0.997435	0
5	6	0.997435	0
2	1	0.942523	0
2	1	0.942523	0
12	22	0.942523	0
7	10	0.991345	0
14	27	0.997435	0
5	6	0.997435	0
10	18	0.942523	0
11	23	0.942523	0
14	27	0.997435	0
14	27	0.997435	0
12	22	0.942523	0
12	20	0.942523	0
14	29	0.942523	0
10	18	0.942523	0
10	19	0.942523	0
16	30	0.942523	0
2	1	0.942523	0
15	30	0.997435	10
8	15	0.942523	0
12	21	0.942523	0
11	19	0.942523	0
14	28	0.997435	0
5	6	0.997435	0
10	17	0.942523	0
13	25	0.942523	0
2	1	0.942523	0
2	1	0.942523	0
13	23	0.942523	0
11	22	0.942523	0
14	26	0.942523	0
11	20	0.942523	0
12	24	0.997435	0
5	6	0.997435	0
12	22	0.942523	0
2	1	0.942523	0
5	6	0.997435	0
5	6	0.997435	0
13	25	0.997435	0
16	30	0.997435	0
12	22	0.997435	10
2	1	0.942523	0
13	26	0.997435	0
2	1	0.942523	0
9	18	0.942523	0
5	6	0.997435	0
2	1	0.942523	0
2	1	0.867884	0
16	30	0.997435	0
12	24	0.942523	0
13	25	0.942523	0
18	35	0.997435	0
2	1	0.942523	0
13	23	0.997435	0
5	6	0.997435	0
9	17	0.942523	0
11	23	0.942523	0
11	20	0.942523	0
2	1	0.942523	0
14	25	0.997435	10
8	12	0.997435	0
2	1	0.942523	0
2	1	0.942523	0
9	16	0.942523	0
15	28	0.942523	0
11	23	0.942523	0
13	24	0.942523	0
2	1	0.942523	0
2	1	0.942523	0
11	20	0.942523	0
16	32	0.997119	0
13	23	0.942523	0
16	30	0.997435	0
14	25	0.942523	10
2	1	0.942523	0
2	1	0.942523	0
13	24	0.997435	0
12	21	0.942523	0
10	19	0.997435	0
14	28	0.942523	0
10	18	0.942523	0
13	24	0.997435	10
2	1	0.942523	0
2	1	0.942523	0
15	29	0.997435	0
2	1	0.942523	0
16	32	0.997435	0
13	25	0.997435	0
11	20	0.942523	0
9	17	0.942523	0
15	30	0.997435	0
12	23	0.942523	10
2	0	0	0
2	1	0.942523	0
13	25	0.997435	0
2	1	0.942523	0
2	1	0.942523	0
2	1	0.942523	0
2	1	0.942523	0
5	6	0.997435	0
12	23	0.997435	0
2	1	0.942523	0
14	26	0.942523	0
2	1	0.942523	0
13	24	0.942523	0
12	21	0.997435	0
2	1	0.942523	0
14	29	0.942523	0
5	6	0.997435	0
11	21	0.942523	0
13	27	0.997435	0
12	24	0.997435	0
2	1	0.942523	0
10	19	0.942523	0
13	25	0.942523	0
11	21	0.942523	0
2	1	0.942523	0
13	24	0.997435	0
2	1	0.942523	0
12	24	0.942523	0
2	1	0.942523	0
7	11	0.942523	0
13	25	0.942523	10
12	23	0.997435	0
9	18	0.841882	0
14	27	0.942523	0
12	23	0.942523	0
14	24	0.997435	0
15	30	0.997435	0
2	1	0.942523	0
11	22	0.942523	0
10	17	0.997435	0
5	6	0.997435	0
13	26	0.997435	0
13	26	0.942523	0
14	25	0.942523	0
2	1	0.942523	0
5	6	0.942523	0
12	22	0.942523	0
10	21	0.942523	0
12	23	0.942523	20
9	16	0.942523	0
5	6	0.997435	0
13	26	0.942523	0
12	23	0.997435	0
2	1	0.942523	0
2	1	0.942523	0
11	21	0.997435	0
11	21	0.942523	0
12	25	0.942523	0
13	24	0.942523	0
2	1	0.942523	0
12	22	0.942523	10
2	1	0.942523	0
12	22	0.942523	10
15	29	0.997435	0
13	25	0.942523	0
5	6	0.997435	0
5	6	0.997435	0
5	6	0.997435	0
13	26	0.942523	0
2	1	0.942523	0
5	6	0.942523	0
17	32	0.997435	0
13	25	0.942523	0
12	23	0.942523	0
12	24	0.942523	0
2	1	0.981306	0
12	22	0.942523	0
13	24	0.942523	0
16	31	0.942523	0
7	10	0.997435	0
5	6	0.997435	0
14	27	0.942523	0
13	25	0.997435	0
5	6	0.997435	0
11	21	0.997435	0
15	28	0.942523	0
14	28	0.942523	10
14	27	0.942523	10
12	24	0.942523	0
2	1	0.942523	0
2	1	0.942523	0
14	28	0.997435	0
15	29	0.942523	0
16	30	0.997435	0
2	1	0.942523	0
15	28	0.942523	10
2	1	0.942523	0
2	1	0.942523	0
9	15	0.942523	0
2	1	0.942523	0
14	27	0.942523	0
10	20	0.942523	0
13	24	0.942523	0
12	23	0.942523	0
8	14	0.942523	0
17	33	0.997435	0
11	20	0.942523	0
14	27	0.942523	0
12	23	0.942523	0
12	23	0.942523	10
12	23	0.942523	0
14	27	0.997435	0
11	23	0.942523	0
2	1	0.981306	0
11	22	0.942523	0
11	21	0.997435	10
7	12	0.942523	0
15	28	0.997435	0
5	6	0.997435	0
11	21	0.942523	0
2	0	0	0
14	25	0.997435	0
10	19	0.997435	0
2	1	0.942523	0
2	1	0.942523	0
2	1	0.942523	0
13	24	0.942523	0
8	11	0.997435	0
2	1	0.942523	0
2	1	0.942523	0
15	28	0.942523	0
9	17	0.942523	0
11	22	0.942523	0
2	1	0.942523	0
13	25	0.942523	0
5	6	0.997435	0
9	15	0.942523	0
2	1	0.942523	0
13	26	0.997435	0
11	21	0.942523	0
10	18	0.942523	10
11	23	0.942523	0
12	23	0.997435	0
16	31	0.997435	0
7	11	0.942523	0
5	6	0.997435	0
9	16	0.997435	0
10	18	0.997435	0
11	21	0.942523	0
11	24	0.942523	0
8	11	0.997435	0
11	22	0.942523	0
15	27	0.942523	0
15	28	0.942523	0
2	1	0.942523	0
14	27	0.997435	0
2	1	0.942523	0
16	31	0.997435	0
14	27	0.942523	0
12	24	0.997435	0
12	24	0.942523	0
2	1	0.942523	0
15	27	0.942523	10
10	18	0.942523	0
14	27	0.997435	0
14	27	0.942523	0
16	32	0.997435	0
12	24	0.997435	0
2	0	0	0
11	22	0.926579	0
12	22	0.924253	0
16	32	0.997435	0
5	6	0.997435	0
10	20	0.942523	0
8	14	0.942523	0
2	1	0.942523	0
13	25	0.997435	0
11	20	0.942523	0
16	30	0.997435	10
2	1	0.942523	0
13	25	0.942523	10
15	29	0.942523	0
2	1	0.942523	0
9	17	0.942523	0
2	1	0.942523	0
20	39	0.997435	10
11	22	0.942523	0
9	17	0.942523	0
2	1	0.942523	0
2	1	0.942523	0
17	31	0.997435	0
5	6	0.942523	0
2	1	0.942523	0
13	22	0.942523	0
14	27	0.942523	0
14	28	0.942523	0
5	6	0.997435	0
14	26	0.997435	0
14	26	0.942523	0
13	24	0.942523	0
5	6	0.942523	0
2	1	0.942523	0
8	12	0.942523	0
16	29	0.997435	0
13	26	0.997435	0
2	1	0.942523	0
17	34	0.997435	10
5	6	0.942523	0
2	1	0.942523	0
15	28	0.942523	0
14	27	0.942523	0
12	23	0.942523	0
15	29	0.997435	0
2	1	0.942523	0
11	20	0.942523	0
13	25	0.942523	0
2	1	0.942523	0
15	28	0.942523	0
11	20	0.942523	0
13	24	0.942523	0
5	6	0.997435	0
2	1	0.942523	0
13	27	0.997435	0
11	21	0.942523	0
12	22	0.942523	20
13	25	0.942523	0
2	1	0.942523	0
11	20	0.942523	0
13	24	0.997435	0
2	1	0.942523	0
17	32	0.942523	0
8	13	0.942523	0
13	22	0.942523	0
2	1	0.942523	0
2	1	0.942523	0
14	28	0.942523	0
14	29	0.942523	0
15	28	0.997435	0
11	20	0.942523	0
16	30	0.997435	10
8	15	0.942523	0
2	1	0.942523	0
5	6	0.997435	0
2	1	0.942523	0
2	1	0.942523	0
12	23	0.942523	0
17	34	0.997435	0
14	26	0.942523	0
10	17	0.942523	0
2	1	0.942523	0
17	32	0.997435	0
10	18	0.942523	0
2	1	0.942523	0
5	6	0.942523	0
8	15	0.942523	0
2	1	0.942523	0
12	24	0.997435	0
14	27	0.942523	0
9	16	0.942523	0
12	23	0.924024	0
13	26	0.942523	0
10	19	0.942523	10
17	34	0.997435	0
2	1	0.942523	0
11	20	0.942523	0
13	24	0.997435	10
11	22	0.942523	0
9	15	0.942523	0
11	24	0.942523	0
12	22	0.942523	0
2	0	0	0
11	22	0.997435	0
11	21	0.942523	0
2	1	0.942523	0
14	28	0.942523	0
2	1	0.942523	0
2	1	0.942523	0
12	22	0.997435	0
5	6	0.997435	0
12	24	0.997435	10
14	27	0.942523	0
14	27	0.942523	0
12	22	0.942523	0
13	25	0.942523	0
14	27	0.997435	0
13	25	0.942523	0
8	15	0.942523	0
10	18	0.942523	0
2	0	0	0
15	29	0.997122	0
2	1	0.942523	0
2	1	0.942523	0
8	15	0.942523	0
9	17	0.942523	0
14	25	0.942523	0
12	24	0.942523	0
5	6	0.942523	0
5	6	0.997435	0
12	23	0.942523	0
13	25	0.942523	10
10	20	0.942523	0
13	24	0.942523	0
10	18	0.789585	0
9	17	0.942523	0
12	25	0.997435	0
12	23	0.942523	0
2	1	0.942523	0
15	31	0.942523	0
9	18	0.942523	0
5	6	0.997435	0
17	33	0.997435	0
12	24	0.942523	0
13	24	0.942523	0
13	24	0.997435	0
14	28	0.942523	0
12	24	0.942523	0
12	21	0.942523	20
12	21	0.997435	0
10	18	0.942523	0
15	29	0.942523	0
12	24	0.942523	0
14	27	0.942523	0
14	26	0.942523	0
13	25	0.942523	0
15	30	0.942523	0
11	22	0.942523	0
10	18	0.942523	0
2	1	0.942523	0
2	1	0.942523	0
15	29	0.942523	0
17	34	0.997435	10
2	1	0.942523	0
10	18	0.942523	0
2	1	0.942523	0
2	1	0.942523	0
14	26	0.942523	0
6	10	0.942523	0
12	23	0.942523	0
11	21	0.942523	0
11	21	0.942523	0
2	1	0.942523	0
5	6	0.997435	0
2	0	0	0
13	24	0.942523	0
16	30	0.997435	0
11	21	0.942523	0
2	1	0.942523	0
7	10	0.997435	0
2	1	0.942523	0
2	1	0.942523	0
13	25	0.942523	0
5	6	0.997435	0
2	1	0.942523	0
5	6	0.997435	0
2	1	0.942523	0
14	26	0.942523	0
12	22	0.997435	0
10	19	0.942523	0
12	22	0.942523	0
2	1	0.942523	0
17	34	0.997435	0
16	30	0.997435	0
14	27	0.997435	0
11	21	0.942523	0
14	29	0.942523	0
2	1	0.942523	0
11	23	0.942523	0
14	27	0.997435	0
13	26	0.942523	10
2	1	0.942523	0
15	28	0.942523	0
11	21	0.997435	0
2	1	0.942523	0
12	23	0.942523	0
16	32	0.942523	0
11	21	0.942523	0
12	25	0.942523	0
2	1	0.942523	0
2	1	0.942523	0
5	6	0.997435	0
13	26	0.942523	0
15	28	0.942523	0
2	1	0.942523	0
5	6	0.997435	0
15	29	0.997435	0
13	26	0.997435	0
13	25	0.942523	0
14	29	0.942523	0
16	30	0.997435	0
2	1	0.942523	0
2	1	0.942523	10
2	1	0.942523	0
2	0	0	0
10	18	0.942523	0
8	14	0.997435	0
16	29	0.997435	0
2	1	0.942523	0
9	16	0.942523	0
5	6	0.997435	0
11	20	0.942523	0
14	27	0.942523	0
11	23	0.942523	0
2	1	0.942523	0
10	19	0.942523	0
15	27	0.997435	0
13	26	0.942523	10
11	21	0.997435	0
2	1	0.942523	0
15	29	0.997435	10
2	1	0.942523	0
15	28	0.942523	0
2	1	0.942523	0
12	24	0.997435	0
2	1	0.942523	0
12	22	0.942523	0
12	24	0.942523	0
9	17	0.942523	10
2	1	0.942523	0
12	21	0.942523	0
14	24	0.997435	0
11	20	0.942523	0
10	20	0.942523	0
10	18	0.924253	0
14	27	0.942523	0
15	29	0.942523	0
10	17	0.942523	0
16	31	0.997435	0
10	17	0.942523	0
11	22	0.942523	0
2	1	0.942523	0
12	21	0.997435	0
10	20	0.942523	0
2	1	0.942523	0
9	16	0.942523	0
14	27	0.942523	0
10	18	0.997435	0
11	21	0.942523	0
16	29	0.997435	0
11	20	0.942523	10
11	20	0.942523	0
16	30	0.942523	0
11	22	0.942523	0
2	1	0.942523	0
2	1	0.942523	0
8	14	0.942523	0
11	22	0.942523	0
16	30	0.997435	0
10	17	0.997082	0
10	19	0.942523	0
2	1	0.942523	0
6	10	0.942523	0
12	24	0.942523	0
2	1	0.942523	0
2	1	0.942523	0
2	1	0.942523	0
18	35	0.997435	0
13	25	0.942523	0
17	35	0.997435	0
10	19	0.942523	0
2	1	0.942523	0
5	6	0.997435	0
9	19	0.942523	0
14	25	0.997435	10
2	1	0.942523	0
2	1	0.942523	0
15	28	0.997435	0
12	24	0.997435	0
13	27	0.942523	0
5	6	0.997435	0
12	22	0.942523	0
2	1	0.942523	0
15	29	0.997435	0
2	1	0.942523	0
13	25	0.942523	0
12	23	0.942523	0
16	31	0.997435	0
2	1	0.942523	0
11	21	0.942523	0
2	1	0.942523	0
12	24	0.942523	0
12	23	0.942523	0
13	24	0.997435	0
16	29	0.997435	0
5	6	0.997435	0
14	28	0.942523	0
11	21	0.924253	0
12	21	0.942523	0
14	27	0.942523	10
2	1	0.942523	0
2	1	0.942523	0
10	20	0.942523	0
2	1	0.942523	0
13	26	0.942523	0
2	1	0.942523	0
15	30	0.997435	0
2	1	0.942523	0
8	15	0.942523	0
2	1	0.942523	0
5	6	0.942523	0
13	25	0.997435	0
14	28	0.997435	0
9	16	0.942523	0
16	31	0.942523	0
2	1	0.942523	0
2	1	0.942523	0
10	20	0.942523	0
11	20	0.942523	0
15	31	0.942523	0
8	14	0.942523	0
11	22	0.997435	0
11	21	0.942523	0
11	20	0.942523	0
8	14	0.942523	0
13	24	0.942523	0
10	18	0.942523	10
2	1	0.942523	0
2	1	0.942523	0
11	22	0.942523	0
10	19	0.997435	0
14	27	0.942523	0
13	24	0.997435	0
13	23	0.942523	0
5	6	0.942523	0
5	6	0.996158	0
2	1	0.942523	0
2	1	0.942523	0
5	6	0.942523	0
9	16	0.942523	0
2	1	0.942523	0
15	30	0.942523	0
2	1	0.942523	0
15	28	0.942523	0
17	33	0.997435	0
11	22	0.942523	0
15	29	0.924253	0
2	1	0.942523	0
13	26	0.997435	0
12	24	0.942523	0
17	34	0.997435	0
13	25	0.997435	0
12	23	0.942523	0
13	25	0.942523	10
14	26	0.942523	0
12	23	0.942523	0
11	22	0.942523	0
2	1	0.942523	0
2	0	0	0
15	29	0.942523	0
11	22	0.942523	0
15	28	0.942523	0
2	1	0.942523	0
10	16	0.942523	0
2	1	0.942523	0
2	1	0.942523	0
13	26	0.942523	0
14	25	0.997435	0
13	25	0.942523	0
2	1	0.942523	0
16	30	0.997435	0
2	1	0.942523	0
2	1	0.942523	0
15	28	0.942523	0
16	29	0.997435	0
14	27	0.942523	0
15	30	0.997435	10
#>>result = 0.939918
