#Original graph size: 35 nodes, 63 edges
#Modified graph size: 22 nodes, 53 edges
#Probing for 5 times..................................................
#V	E	P	T
13	26	1	0
11	21	1	0
12	24	0.502392	0
10	19	1	0
13	27	1	0
14	26	1	0
13	25	1	0
13	25	1	0
13	26	1	0
10	20	0.502392	0
10	19	1	0
4	5	1	0
5	7	1	0
13	24	1	0
16	32	1	0
12	24	1	0
10	17	0.819628	0
14	29	1	0
10	16	1	0
9	18	1	0
9	15	1	0
13	24	1	0
10	20	1	0
10	18	0.831657	0
11	21	1	0
9	17	1	0
12	22	1	0
10	18	1	0
11	23	1	0
11	20	1	0
9	17	1	0
12	24	1	0
12	23	1	0
10	17	1	0
12	23	1	0
8	14	1	0
14	25	1	0
11	21	1	0
8	15	0.831657	0
10	18	1	0
12	25	1	0
12	25	1	0
7	13	1	0
11	21	1	0
7	11	1	0
9	18	0.831657	0
10	18	1	0
8	13	1	10
12	27	1	0
8	14	1	0
12	25	1	0
14	28	1	0
14	28	1	0
13	24	1	0
10	17	1	0
8	14	1	0
7	11	1	0
9	15	1	0
15	27	1	0
13	26	1	0
11	22	1	0
12	22	1	0
13	30	1	0
11	21	1	0
12	23	1	0
10	18	1	0
2	1	0.466209	0
12	20	1	0
13	25	1	0
13	25	1	0
8	15	1	0
12	23	1	0
12	22	1	0
10	18	1	0
16	33	1	0
6	9	1	0
10	21	1	0
12	21	1	0
13	28	1	0
14	29	1	0
11	19	1	0
13	25	1	0
9	18	1	0
11	22	1	0
11	20	1	0
11	22	1	0
11	25	1	0
13	27	1	0
13	23	1	0
15	29	1	0
11	19	1	0
12	25	1	0
9	18	1	0
10	19	1	0
10	18	1	0
12	24	0.831657	0
11	21	1	0
11	22	1	0
8	14	1	0
15	28	1	0
13	23	1	0
10	19	1	0
11	22	1	10
6	10	1	0
10	22	1	0
11	21	1	0
10	18	1	0
10	20	0.467153	0
8	14	1	0
12	22	1	0
10	19	1	0
8	13	1	0
12	24	1	0
10	20	1	0
10	20	1	0
9	17	1	0
14	32	1	0
12	25	1	0
12	22	1	0
9	17	1	0
12	24	1	0
11	19	1	0
11	21	1	0
12	21	1	0
7	12	1	0
11	22	1	0
11	24	1	0
9	15	1	0
10	19	1	0
16	31	1	0
9	17	1	0
12	22	1	0
16	33	1	0
13	27	1	0
8	13	1	0
12	24	1	0
13	24	1	0
8	14	1	0
10	17	0.466209	0
10	19	1	0
10	20	1	0
7	13	1	0
7	12	1	0
11	23	1	0
11	22	1	0
10	20	1	0
9	18	1	0
11	23	1	0
4	5	1	0
14	27	1	0
11	22	1	0
12	23	1	0
11	22	1	0
12	21	1	0
10	21	1	0
8	14	1	0
10	18	1	0
5	7	1	0
13	27	1	0
12	25	1	0
6	9	0.466834	0
9	18	1	0
13	23	1	0
15	29	1	0
14	29	1	0
9	16	0.466834	0
8	14	1	0
10	18	1	0
10	19	1	0
14	26	1	10
6	10	1	0
11	19	0.819628	0
13	26	1	0
11	21	1	0
13	24	1	0
11	22	1	0
13	28	1	0
12	22	1	0
10	19	1	0
13	24	1	0
10	19	1	0
12	27	1	0
13	27	1	0
13	26	1	0
15	31	1	0
11	20	0.819628	0
11	21	1	0
11	23	1	0
12	22	1	0
8	13	1	0
10	20	1	0
9	17	1	0
11	22	1	0
9	16	1	0
12	23	1	0
15	27	1	0
13	24	1	0
11	22	1	0
12	23	1	0
10	18	1	0
11	19	1	0
2	1	1	0
13	23	1	0
8	15	1	0
13	29	1	0
9	18	1	0
8	14	1	0
15	32	1	0
12	23	1	0
9	15	1	0
11	21	1	0
8	14	1	0
10	18	1	0
13	25	1	0
10	18	1	0
12	24	0.466834	0
10	18	0.50269	0
8	15	1	0
6	10	1	0
8	14	1	0
11	23	1	0
10	22	1	0
10	19	1	0
15	30	1	0
4	5	1	0
14	26	1	0
9	17	1	0
9	17	1	0
11	24	1	0
7	12	1	0
13	28	1	10
10	18	1	0
8	14	1	0
6	9	1	0
12	22	1	0
8	12	1	0
13	24	1	0
11	21	1	0
11	20	1	0
12	24	1	0
15	29	1	0
12	24	1	0
14	26	1	0
13	23	1	0
10	19	1	0
10	18	1	0
9	17	1	0
13	26	1	0
6	9	1	0
7	11	0.662093	0
13	27	1	0
11	22	1	0
13	28	1	0
9	17	1	0
12	22	1	0
11	21	1	0
14	30	1	0
11	21	1	0
13	26	1	0
8	14	1	0
12	23	1	0
10	20	1	0
7	11	1	0
13	26	1	0
12	22	0.819628	0
14	27	1	0
10	18	1	0
7	11	0.466834	0
13	24	1	0
11	20	1	0
13	25	1	0
12	21	1	0
11	23	1	0
10	18	1	0
13	25	1	0
14	29	1	0
9	17	1	0
9	14	1	0
6	10	1	0
8	15	1	0
12	26	1	10
6	10	1	0
12	23	1	0
10	22	1	0
16	33	1	0
6	8	0.466834	0
7	11	1	0
9	16	1	0
10	20	1	0
9	16	1	0
12	24	1	0
10	18	1	0
11	22	1	0
10	20	1	0
5	9	1	0
13	26	1	0
8	15	1	0
11	20	1	0
11	20	1	0
13	26	1	0
8	15	1	0
14	30	1	0
12	21	1	0
7	12	1	0
9	15	1	0
10	18	1	0
11	23	1	0
7	12	0.831657	0
12	21	1	0
13	25	1	0
7	12	1	0
5	7	1	0
12	23	1	0
12	22	1	0
4	6	1	0
12	23	1	0
14	27	1	0
11	20	1	0
6	9	0.501808	0
11	21	1	0
9	16	1	0
6	9	1	0
12	24	1	0
6	9	1	0
9	18	1	0
10	19	1	0
9	15	1	0
11	23	1	0
7	11	1	0
8	13	1	0
12	23	1	0
15	32	1	0
12	22	1	0
10	19	1	0
11	19	1	0
13	27	1	0
11	19	1	0
14	27	1	0
6	10	1	0
12	22	1	0
10	18	1	10
14	26	1	0
14	28	1	0
12	25	1	0
10	20	1	0
5	9	1	0
11	22	1	0
13	27	1	0
12	24	1	0
11	23	1	0
7	11	1	0
13	27	1	0
13	24	1	0
5	7	1	0
13	26	1	0
10	20	1	0
7	13	1	0
9	17	1	0
11	22	0.831657	0
9	17	1	0
11	20	1	0
12	23	1	0
6	9	1	0
8	15	1	0
13	25	1	0
9	16	0.831657	0
13	23	1	0
13	26	1	0
11	20	1	0
10	19	1	0
12	24	1	0
10	17	1	0
9	15	1	0
16	32	1	0
2	0	0	0
10	17	1	0
10	18	1	0
10	19	1	0
10	19	1	0
6	11	1	0
11	19	1	0
14	27	1	0
15	31	1	0
14	27	1	0
12	25	1	0
12	23	0.466834	0
10	18	1	0
9	14	1	0
10	19	1	0
11	23	1	0
14	31	1	0
15	30	1	0
15	27	1	0
7	12	1	0
16	35	1	0
12	25	1	0
14	28	1	0
10	17	1	0
12	25	1	0
11	23	1	0
9	15	1	0
13	28	1	0
10	19	1	0
12	22	1	0
9	15	1	0
11	22	1	0
10	18	1	0
10	19	1	0
11	20	0.466209	0
12	23	1	0
7	14	1	0
12	23	1	0
8	14	1	0
12	23	1	0
5	7	1	0
10	20	1	0
9	15	1	0
7	12	1	0
14	29	1	0
10	18	1	0
11	20	1	0
12	26	1	0
11	22	1	0
12	21	1	0
13	26	1	0
11	22	1	0
7	12	1	0
15	32	1	0
7	13	0.819628	0
14	28	1	0
7	12	1	0
13	25	1	0
9	16	1	0
11	21	1	0
11	22	1	0
10	17	1	0
11	23	1	0
10	18	1	0
8	14	1	0
13	27	1	0
14	27	1	0
12	26	1	0
13	26	1	0
7	12	1	0
11	20	1	0
10	16	1	0
10	19	1	0
10	21	1	0
12	24	1	10
13	26	1	0
8	17	1	0
14	27	1	0
11	21	1	0
12	21	1	0
12	23	1	0
13	26	1	0
11	23	1	0
13	24	1	0
13	24	1	0
7	12	1	0
10	18	1	0
14	26	1	0
11	23	1	0
10	18	1	0
14	28	1	0
11	19	1	0
11	22	1	0
10	19	1	0
11	20	1	0
10	21	1	0
12	26	1	0
7	13	1	0
11	21	1	0
15	30	1	0
10	19	1	0
13	24	1	0
5	6	1	0
6	9	1	0
11	22	1	0
10	17	1	0
13	26	1	0
12	24	1	0
10	19	1	0
10	18	1	0
14	27	1	0
13	30	1	0
12	24	1	0
14	26	1	0
11	23	1	0
12	25	1	0
14	27	1	0
12	23	1	0
12	24	1	0
13	25	1	0
13	25	1	0
11	22	1	0
12	22	1	0
10	20	1	0
8	13	1	0
11	20	1	10
11	20	1	0
6	11	1	0
12	22	1	0
12	23	1	0
12	26	1	0
2	1	1	0
9	19	1	0
12	21	1	0
10	19	1	0
11	19	1	0
13	26	1	0
10	18	1	0
14	29	1	0
9	17	1	0
15	31	1	0
9	20	1	0
12	24	1	0
12	24	1	0
8	14	1	0
4	5	1	0
9	15	1	0
9	16	1	0
13	27	1	0
6	10	1	0
13	27	1	0
8	15	1	0
14	30	1	0
11	24	1	0
12	23	1	0
13	24	1	0
8	14	1	0
6	10	0.466834	0
10	18	1	0
10	18	1	0
13	25	1	0
14	25	1	0
8	14	1	0
10	18	1	0
14	28	1	0
8	13	0.831657	0
10	18	0.466209	0
14	26	1	0
11	23	1	0
15	31	1	0
11	23	1	0
10	19	1	0
13	24	1	0
13	27	1	0
10	19	1	0
10	18	1	0
7	11	1	0
12	21	1	0
10	21	1	0
13	25	1	0
11	20	1	0
11	20	1	0
8	13	1	0
11	21	1	0
7	13	1	0
9	18	1	0
12	24	1	0
7	11	1	0
8	14	1	0
11	22	1	0
15	32	1	0
12	20	1	0
9	15	0.308673	0
7	12	1	0
11	23	1	0
11	23	1	0
9	17	0.819628	0
12	24	1	0
7	11	1	0
6	10	1	0
9	17	1	0
10	17	1	0
9	19	1	0
14	28	1	0
9	17	1	0
14	28	1	0
12	23	1	0
14	28	1	0
14	27	1	0
11	20	1	0
12	25	1	0
11	21	1	0
14	28	1	0
10	17	1	0
10	18	1	0
12	22	1	0
12	24	1	0
13	26	1	0
10	19	1	0
8	13	1	0
7	13	1	0
9	15	1	0
12	24	1	0
5	6	1	0
11	22	1	0
10	20	1	0
13	22	1	0
13	25	1	0
12	22	1	0
7	12	1	0
11	23	1	0
14	26	1	0
11	21	1	0
9	16	1	0
9	16	1	0
7	11	1	0
11	20	1	0
12	22	1	0
9	15	1	0
15	31	1	10
12	24	1	0
16	33	1	0
11	22	1	0
7	11	1	0
6	10	1	0
13	28	1	0
7	12	1	0
4	5	1	0
12	23	0.819628	0
9	17	1	0
10	19	1	0
9	17	1	0
12	24	1	0
14	26	1	0
13	26	1	0
10	19	1	0
9	20	1	0
13	26	1	0
13	25	1	0
11	19	1	0
12	23	1	0
13	25	1	0
13	24	1	0
10	19	1	0
4	5	1	0
14	27	1	0
12	23	1	0
13	25	1	0
14	25	1	0
9	15	1	0
9	15	0.466209	0
9	15	1	0
9	16	1	0
11	23	1	0
13	26	1	0
4	5	1	0
9	16	1	0
11	23	1	0
12	25	1	0
11	20	1	0
15	27	1	0
10	19	1	0
12	24	1	0
11	23	1	0
9	17	1	0
10	17	1	0
7	12	1	0
10	19	1	0
15	31	1	0
11	20	1	0
13	26	1	10
13	27	1	0
12	24	1	0
16	32	1	0
11	21	1	0
9	14	1	0
11	20	1	0
9	15	1	0
11	19	1	0
15	30	1	0
8	14	1	0
12	22	1	0
11	23	1	0
8	14	1	0
12	23	1	0
9	18	1	0
10	21	1	0
9	18	1	0
10	20	1	0
12	22	1	0
6	10	1	0
7	13	1	0
13	25	1	0
8	12	1	0
9	18	1	0
6	10	1	0
13	27	1	0
16	32	1	0
9	15	1	0
10	19	1	0
12	22	1	0
11	21	1	0
6	11	1	0
9	15	1	0
9	16	1	0
14	28	1	0
10	16	0.466834	0
13	28	1	0
13	24	1	0
12	22	1	0
11	23	1	0
9	15	1	0
7	12	1	0
11	20	0.831657	0
12	24	1	0
10	19	1	0
15	29	1	0
9	17	1	0
10	18	1	0
15	30	1	0
8	15	1	0
11	20	1	0
12	25	1	10
11	20	1	0
8	14	1	0
13	25	1	0
6	8	0.466209	0
11	20	0.819628	0
7	12	1	0
7	14	1	0
7	11	1	0
10	18	1	0
15	31	1	0
11	20	1	0
10	18	1	0
11	21	1	0
11	20	1	0
6	9	1	0
10	20	1	0
10	20	1	0
10	20	1	0
14	29	1	0
14	33	1	0
13	25	1	0
11	21	1	0
10	17	1	0
6	9	1	0
11	22	1	0
10	22	1	0
6	10	1	0
9	16	1	0
13	25	1	0
12	24	1	0
8	13	1	0
5	6	1	0
12	24	1	0
9	17	1	0
12	25	1	0
9	15	1	0
8	14	1	0
13	24	1	0
13	28	1	0
13	25	1	0
13	26	1	0
6	10	1	0
10	17	1	0
7	12	1	0
10	17	1	0
8	15	1	0
9	16	0.831657	0
10	20	1	0
14	26	1	0
7	10	1	0
15	28	1	0
8	16	1	0
11	22	1	0
12	23	1	0
11	20	1	0
11	22	1	0
8	13	1	0
9	16	1	0
8	15	1	0
11	23	1	0
8	15	1	0
9	16	0.466834	10
7	13	1	0
13	28	1	0
5	7	1	0
11	24	0.466209	0
12	23	1	0
10	17	1	0
13	27	1	0
10	17	0.466834	0
10	18	1	0
9	17	1	0
12	22	1	0
9	18	1	0
8	13	1	0
2	1	0.466209	0
8	13	1	0
10	17	1	0
10	16	1	0
13	29	1	0
8	15	1	0
9	16	1	0
14	28	1	0
12	23	1	0
11	23	1	0
14	29	1	0
12	24	1	0
8	13	1	0
12	23	1	0
10	20	1	0
7	11	1	0
9	16	1	0
13	23	1	0
13	29	1	0
10	19	1	0
10	22	1	0
7	12	1	0
10	17	1	0
10	22	1	0
12	22	1	0
10	19	1	0
14	27	1	0
15	30	1	0
12	24	1	0
14	28	0.466209	0
10	19	0.819628	0
11	21	1	0
11	20	1	0
12	25	1	0
12	22	1	0
7	13	1	0
14	28	1	0
9	15	1	0
12	25	1	0
7	12	1	0
13	23	1	0
14	28	1	0
7	11	0.819628	0
11	22	1	10
8	12	1	0
8	14	1	0
9	16	1	0
14	26	1	0
14	28	1	0
14	29	1	0
13	26	1	0
12	23	1	0
9	17	1	0
13	27	1	0
7	12	1	0
12	22	1	0
11	21	1	0
12	28	1	0
10	18	1	0
8	14	1	0
9	17	1	0
10	20	1	0
8	15	1	0
13	25	1	0
2	1	0.466209	0
14	28	1	0
6	8	0.308673	0
12	23	1	0
11	20	1	0
12	21	1	0
11	22	1	0
7	10	1	0
10	19	1	0
14	30	1	0
12	22	1	0
15	28	1	0
10	19	1	0
11	21	1	0
13	26	1	0
15	28	0.466834	0
12	22	0.467153	0
14	29	1	0
11	24	1	0
15	33	1	0
13	27	1	0
9	14	1	0
9	17	0.831657	0
10	18	1	0
13	27	1	0
9	16	1	0
13	29	1	0
10	18	1	0
15	28	1	10
11	21	1	0
13	28	1	0
9	18	0.831657	0
15	29	1	0
9	16	0.466209	0
10	21	1	0
8	17	1	0
13	25	1	0
13	28	1	0
7	12	1	0
10	17	1	0
11	23	1	0
12	23	1	0
14	29	1	0
14	29	1	0
11	19	1	0
12	21	1	0
11	21	1	0
4	5	1	0
12	23	1	0
9	16	1	0
7	13	1	0
10	19	1	0
16	31	1	0
13	26	1	0
9	17	1	0
10	21	1	0
10	19	1	0
13	24	1	0
12	25	1	0
13	26	1	0
12	25	1	0
8	15	1	0
6	9	1	0
6	9	1	0
10	18	1	0
10	18	1	0
10	20	1	0
12	25	1	0
8	14	1	0
4	5	1	0
12	25	1	0
12	24	1	0
7	11	1	0
6	9	1	0
12	23	1	0
11	21	1	10
12	23	1	0
10	19	1	0
13	26	1	0
14	28	1	0
11	22	1	0
11	22	1	0
9	16	1	0
13	27	1	0
4	5	1	0
11	22	1	0
7	12	1	0
11	20	1	0
6	10	0.466834	0
11	20	1	0
14	28	1	0
9	15	1	0
10	18	1	0
10	21	1	0
9	20	1	0
12	26	1	0
12	23	1	0
10	19	1	0
12	24	0.466834	0
15	27	1	0
10	20	1	0
11	22	1	0
14	28	1	0
9	16	1	0
10	21	1	0
15	29	1	0
11	23	1	0
10	18	1	0
11	20	1	0
7	12	1	0
8	12	1	0
10	17	1	0
10	20	1	0
11	21	1	0
14	25	1	0
8	14	1	0
13	28	1	0
15	26	1	0
11	21	1	0
7	12	1	0
10	19	1	0
9	15	1	0
16	34	1	0
12	23	1	0
12	25	1	0
9	18	1	0
9	18	1	0
9	18	1	0
11	19	1	0
4	5	1	0
9	17	1	0
11	24	1	0
9	18	1	0
11	20	0.831657	0
9	16	1	0
7	12	1	10
9	17	1	0
13	26	1	0
9	16	1	0
12	24	1	0
14	31	1	0
9	17	1	0
9	15	1	0
10	19	1	0
#>>result = 0.977428
