#Original graph size: 45 nodes, 82 edges
#Modified graph size: 35 nodes, 84 edges
#Probing for 5 times..................................................
#V	E	P	T
16	36	1	10
20	44	1	10
24	52	1	1070
13	30	0.999997	20
18	41	1	220
18	42	1	10
19	41	0.999999	220
18	43	1	20
23	52	1	760
18	41	0.999997	340
16	36	1	60
13	28	0.999983	10
21	43	0.999995	150
17	38	0.999999	10
21	45	0.999999	1010
19	43	1	20
14	31	1	80
18	40	1	0
16	35	0.999994	30
20	44	0.999994	40
20	42	1	20
18	40	1	10
23	52	1	4430
21	43	0.999998	210
18	39	1	20
19	42	0.999998	140
21	44	0.999999	10
21	47	1	150
17	37	1	0
23	51	1	210
16	34	1	20
20	44	1	140
18	41	1	30
18	40	0.999997	80
14	32	1	330
21	47	0.999997	3770
18	40	1	0
19	41	0.999994	130
16	34	1	0
24	53	1	9880
17	36	0.999997	10
21	46	1	1010
23	49	0.999999	190
19	41	1	40
14	33	1	10
14	30	0.99987	40
18	37	0.999993	10
16	37	0.999999	320
22	49	0.999996	390
19	42	1	210
19	43	1	480
23	52	1	130
21	47	1	130
26	56	1	2150
16	38	0.999999	200
16	36	0.999818	870
26	58	1	5930
20	44	0.999999	110
21	48	1	120
16	35	1	20
25	53	1	590
13	29	0.999857	10
16	37	1	40
20	46	1	3950
18	41	0.999987	760
21	45	0.999997	490
15	33	0.999999	20
19	41	0.99997	50
16	36	0.999999	850
20	47	1	180
20	45	1	20
25	57	1	11650
18	40	0.999999	940
24	52	1	1020
20	44	1	0
16	36	1	1310
19	43	1	130
17	39	1	60
17	40	1	750
22	49	1	2320
25	55	1	2500
20	45	1	10
19	45	0.999999	140
20	43	0.999969	110
21	48	1	260
20	42	0.999997	840
19	40	0.999971	50
24	51	1	40
17	37	0.999999	220
20	45	1	50
17	38	0.999992	30
20	43	1	150
19	42	0.999997	770
21	45	1	90
17	40	0.999999	190
20	42	0.999986	30
21	47	1	4020
21	47	1	870
16	37	1	120
21	47	1	2870
20	46	1	1390
13	28	0.999906	0
22	48	1	50
14	29	0.971649	20
17	41	1	280
18	40	0.999999	50
14	33	1	0
17	42	1	460
21	45	1	2390
17	38	0.999982	10
19	44	0.999997	940
18	41	1	40
12	26	0.999946	10
15	34	0.999993	120
17	40	0.999998	180
19	41	1	60
17	36	0.999994	220
21	46	1	1210
19	41	1	10
12	26	0.99999	0
22	48	1	2770
19	41	1	160
16	35	1	20
17	40	1	190
13	30	1	70
18	42	1	1370
21	45	1	170
14	31	0.999994	10
24	51	0.999999	1090
21	47	1	190
22	48	1	2580
22	49	0.999999	830
17	38	1	20
22	48	1	480
17	38	1	30
24	52	0.999997	3120
23	49	1	700
21	47	1	670
20	45	1	20
17	36	0.999992	0
22	46	0.999995	140
22	48	1	840
19	43	1	130
20	42	0.999997	40
14	31	1	0
21	45	0.999997	400
17	39	1	680
16	37	1	70
16	35	0.999993	130
22	48	0.999999	40
17	38	0.999997	40
21	47	1	720
17	40	1	530
12	25	0.999964	0
19	45	1	10
18	40	0.999986	250
15	35	0.999995	60
20	46	1	90
19	44	1	550
15	32	0.999994	0
21	42	0.999974	90
21	47	1	110
19	42	1	540
15	32	1	10
17	36	0.999994	10
16	36	0.999997	370
22	49	1	1960
20	46	1	1390
28	62	1	6470
22	48	1	6460
15	33	0.999999	10
19	41	0.999994	20
22	48	1	1160
20	48	1	19190
15	34	1	140
19	41	0.999997	400
22	49	1	50
17	38	0.999995	10
22	49	1	10
13	28	0.999989	10
14	32	1	120
14	30	0.999987	10
26	58	1	590
20	47	1	920
21	48	1	60
19	43	0.999998	210
17	36	1	40
19	38	0.999992	40
22	48	1	0
19	41	1	20
18	39	0.999996	310
25	56	1	120
19	44	1	520
17	38	1	50
19	41	1	990
17	39	1	180
19	42	0.999997	100
16	35	0.999998	60
22	50	1	830
18	38	1	20
20	44	1	870
22	52	1	1220
19	43	1	3550
17	40	1	90
18	39	0.829614	50
23	53	1	9270
17	39	1	10
18	42	1	270
23	54	1	23040
15	34	1	0
15	34	0.999997	30
21	48	0.999998	570
18	41	0.999987	120
27	61	1	25430
21	46	1	1340
18	42	1	330
20	44	1	190
20	46	0.999999	600
21	48	1	580
24	54	1	1190
19	39	0.999992	170
19	40	1	130
19	43	1	10
21	46	0.999994	240
17	41	1	30
17	37	1	70
16	38	1	10
15	34	1	0
19	42	1	10
16	37	1	10
22	48	1	710
15	35	1	170
15	34	0.999998	10
14	32	1	190
16	35	0.999998	440
19	43	1	60
19	42	1	10
19	41	0.999997	10
19	42	1	1560
18	42	1	210
19	42	0.999999	380
16	38	1	560
14	31	1	0
21	45	1	40
24	53	0.999985	74460
21	47	1	8390
24	53	1	2230
17	38	1	160
25	53	0.999998	630
19	42	1	20
21	45	0.999997	650
17	35	0.999982	30
23	50	1	270
17	37	0.999997	10
19	40	0.999998	50
19	39	0.999994	10
20	45	1	10
21	47	1	1400
21	46	1	590
20	41	0.99999	140
19	41	1	70
21	45	0.999994	3640
17	41	1	540
19	43	1	40
18	41	1	50
16	36	0.999992	10
16	38	1	60
18	40	1	50
21	50	1	18420
20	45	0.999997	100
17	40	1	890
23	54	1	89060
24	56	1	190
15	33	1	40
17	38	0.999978	1100
21	45	1	130
24	54	1	240
23	47	1	3240
20	44	0.999997	1880
19	42	0.999999	1810
17	39	0.999994	110
21	44	1	80
19	43	1	1960
13	28	0.999994	20
19	41	1	20
13	28	0.999943	10
20	46	1	130
20	45	0.999997	90
19	45	1	1540
15	33	0.990393	390
20	43	1	30
17	38	0.999999	100
17	37	0.999985	110
21	45	0.999998	250
18	40	0.999997	100
18	39	1	10
18	42	1	190
17	36	0.999997	40
26	55	1	3360
20	48	1	2100
23	49	1	480
22	48	0.999995	3950
17	37	0.999991	20
21	46	0.999997	3550
21	45	0.999996	810
16	34	0.999999	20
21	45	0.999997	50
21	47	0.999929	4560
22	49	1	260
17	39	1	80
18	37	1	0
19	42	0.999999	430
18	42	0.999999	160
19	44	1	3950
24	51	0.999999	4050
16	33	0.999994	40
23	50	0.999995	2680
19	44	1	20
20	42	1	750
21	48	1	10
25	55	1	650
21	46	0.999994	1070
19	41	0.999992	20
20	46	1	60
21	48	1	60
19	44	1	1090
22	50	1	50
17	36	0.999998	10
21	48	1	1410
17	38	1	0
19	40	0.999994	10
21	47	1	260
15	35	0.999999	40
18	42	1	130
18	40	1	10
19	41	0.999996	20
20	43	1	1460
18	44	1	120
21	46	0.994893	1620
17	36	0.999947	10
17	38	0.999998	200
15	33	1	0
15	35	0.999821	140
21	47	1	60
20	43	1	1530
13	30	0.829614	190
25	55	1	5470
17	39	1	540
17	36	1	330
12	26	1	0
19	44	0.999998	280
16	34	0.980422	40
19	40	0.999994	10
22	49	1	20
18	41	1	80
18	42	1	170
18	40	0.999999	800
17	38	0.999997	360
19	44	0.999992	1050
20	44	0.999998	4100
15	34	1	10
21	45	1	30
18	38	0.999997	30
20	43	0.999999	320
19	43	1	450
15	31	0.99997	20
20	43	0.999993	310
20	45	1	2080
18	40	0.999999	70
20	43	0.999997	540
16	36	1	40
20	47	1	480
23	52	1	5030
21	46	0.999999	5290
20	44	1	3620
20	43	0.999958	70
18	39	1	910
18	40	0.999997	60
19	42	0.999999	770
18	40	1	0
17	40	0.999988	100
18	42	1	50
14	33	1	20
17	38	0.999994	130
15	35	0.999994	330
17	38	0.999997	50
14	31	1	30
19	43	1	40
21	45	0.999998	700
15	32	0.999998	10
23	53	1	240
21	44	1	520
17	38	0.999998	440
20	46	1	10
16	36	0.999999	860
19	42	0.999803	250
14	34	1	0
17	36	0.999981	40
20	43	0.999952	720
19	45	1	17860
20	45	1	1060
22	47	1	60
25	56	1	45800
17	38	1	40
21	47	1	1920
15	31	0.999992	70
24	50	1	7590
19	41	1	170
18	41	1	30
20	43	0.999999	710
15	34	0.999999	20
17	38	1	480
20	44	1	30
19	41	0.999996	10
14	30	0.99998	10
18	40	1	110
19	41	1	110
20	44	1	550
20	46	1	1200
20	46	1	1080
25	55	0.981366	166210
17	37	0.971573	3510
23	49	1	5030
16	35	1	20
21	50	1	350
20	45	1	100
20	43	0.999995	520
18	39	0.999994	330
19	41	1	60
19	42	1	10
14	31	0.999972	40
17	37	1	70
20	42	0.999994	3160
18	40	0.999997	170
19	44	1	1420
20	45	0.999994	2810
26	57	1	35830
21	48	0.999993	800
17	36	1	0
15	35	1	10
18	39	0.999999	10
19	39	0.999998	10
20	46	1	340
18	40	0.999995	30
16	35	0.999993	120
15	35	1	110
17	38	0.99987	4030
17	37	0.999989	40
20	45	1	20
18	39	0.999995	140
14	32	1	20
19	44	0.999996	490
21	45	0.999996	230
16	36	0.999997	320
18	45	1	130
18	42	0.999858	940
17	36	1	70
23	49	1	20
16	36	1	30
20	45	0.999998	90
18	41	1	40
17	39	1	420
21	49	1	2140
22	50	1	5270
17	38	1	250
18	41	1	50
19	43	1	1090
12	25	1	0
16	38	1	10
22	49	1	2640
19	44	0.999998	720
18	40	1	10
17	36	0.999969	120
17	39	1	3830
18	41	0.999998	30
19	44	1	100
20	42	0.999997	170
19	42	1	10
19	42	1	30
16	37	1	200
21	47	1	70
23	53	1	8530
17	38	0.999999	680
18	41	1	90
20	46	1	1260
21	47	1	20
22	51	1	120
16	36	0.999973	30
17	37	1	0
20	43	1	1160
15	35	1	80
16	39	1	670
18	41	1	40
18	41	0.999995	440
14	30	0.999967	10
16	36	1	390
20	43	1	10
18	42	1	360
19	42	0.999999	340
12	27	0.999879	380
15	32	0.999998	0
21	48	0.999998	370
16	35	0.999999	830
20	47	0.999998	220
16	34	0.999998	20
17	35	0.999994	70
17	37	0.999994	350
17	40	1	10
22	49	1	240
17	38	0.999994	100
20	42	0.999995	320
22	47	0.999996	300
16	35	0.999995	20
23	51	1	5000
18	43	1	900
18	40	0.999991	110
16	34	0.999997	10
21	46	1	1470
19	43	1	0
19	41	0.999997	30
22	50	1	2370
19	40	0.999992	160
13	27	0.999991	10
22	49	0.999956	1630
20	46	0.999999	900
19	43	0.999999	90
16	36	1	80
26	58	1	1090
17	39	0.999999	160
15	34	0.999994	60
14	31	0.999985	10
25	56	1	760
26	57	1	120
20	46	1	110
17	39	0.999999	140
25	55	1	4800
17	39	1	100
17	41	1	20
17	39	1	1460
17	38	1	0
18	39	1	40
19	44	1	340
13	28	0.999991	10
15	35	0.999996	10
15	33	0.999945	30
16	34	0.999994	20
20	44	0.999999	300
20	47	1	510
19	40	0.999999	60
18	41	1	110
27	59	1	10540
17	37	1	290
18	41	0.999996	400
19	43	1	270
14	31	0.999993	20
19	39	1	150
19	47	1	1440
21	45	1	50
17	37	0.999999	10
21	47	1	2380
22	49	1	540
22	47	1	0
15	31	0.999992	20
23	50	1	1880
20	46	0.999999	4280
20	42	0.999998	30
16	37	1	1290
18	41	0.999981	260
16	35	1	10
17	36	0.999958	30
18	42	1	100
20	45	1	550
19	41	0.999993	310
19	46	1	1240
15	32	0.999939	10
16	36	0.999991	30
17	38	0.999999	1030
20	43	0.999998	470
17	38	0.999994	20
16	37	0.999999	990
17	38	1	430
16	35	0.999998	50
19	44	1	440
16	35	0.999991	30
17	37	0.999999	390
16	33	1	130
19	41	0.999974	330
19	43	1	260
22	46	0.999997	810
24	51	1	150
17	39	1	1970
17	39	1	170
17	38	0.999994	570
18	40	0.999999	50
16	35	0.999999	340
20	44	0.999999	2120
20	43	0.999992	30
20	42	1	1610
20	44	0.999997	360
21	44	1	430
22	48	1	360
18	43	1	210
23	49	1	360
16	35	1	0
22	49	1	230
15	33	1	80
18	40	0.999999	230
18	40	0.999996	510
19	42	0.999999	870
23	51	1	110
16	34	1	30
14	32	0.999997	30
22	49	0.999999	4720
18	39	1	1760
19	42	1	2780
17	39	0.999999	140
16	36	1	40
22	46	0.99999	740
21	49	1	260
16	37	1	460
19	41	0.999968	110
14	32	0.99986	10
21	48	1	40
20	46	0.999942	930
17	39	0.999999	690
16	37	0.999997	110
22	49	1	60
17	39	1	3750
17	36	0.999976	20
16	37	0.811666	0
23	50	1	1300
19	45	1	70
22	48	1	180
13	28	0.999992	20
17	40	1	90
14	29	0.999999	40
20	46	1	40
16	35	0.99997	30
15	34	1	190
19	43	1	2240
19	44	1	260
18	43	1	70
23	49	1	600
13	29	0.999999	10
23	49	0.999997	3640
24	51	1	220
19	42	1	970
16	35	1	50
18	40	1	610
18	42	0.999946	1180
22	50	1	110
22	47	1	390
21	45	1	2020
17	37	1	160
22	54	1	4040
16	37	1	80
22	53	1	1420
22	47	1	10
23	53	1	3270
17	40	1	70
18	41	0.999994	820
18	43	1	110
17	40	0.999999	200
18	42	1	10
21	50	1	90
17	38	0.999994	70
22	50	1	110
18	36	0.999983	10
15	34	1	70
16	37	0.999994	100
16	35	0.999994	50
20	46	1	200
20	43	1	30
22	48	1	120
19	43	1	20
17	38	0.999991	130
20	45	1	1090
16	35	0.993066	0
16	34	0.999994	10
23	49	0.999999	150
18	39	0.999995	0
23	52	1	130
22	47	0.999999	160
14	29	0.999998	40
19	43	1	10
15	33	1	10
16	34	0.999995	10
25	56	1	9520
14	32	0.999994	20
21	45	0.999998	490
23	49	1	370
18	40	1	260
15	33	1	40
20	44	1	3560
16	35	1	230
21	48	1	60
14	31	0.999993	20
21	46	1	110
20	42	0.999998	10
21	46	1	220
16	35	1	110
22	51	1	500
18	37	0.999981	100
21	46	1	60
17	37	0.999992	0
24	51	1	50
22	49	0.999998	1990
20	45	0.999998	630
24	52	1	60
19	41	0.999994	20
20	45	1	260
23	51	1	1310
17	36	0.999997	40
13	29	0.999989	150
15	32	0.999994	0
18	40	1	30
16	37	1	220
17	39	0.999994	220
17	41	1	20
16	36	0.999997	30
20	46	1	9770
19	44	0.999997	310
17	38	1	210
18	38	0.999999	60
14	32	1	10
19	41	1	30
19	41	0.999998	110
22	51	1	4250
17	38	1	250
18	40	1	10
18	41	1	520
22	51	1	6510
24	52	0.999996	1410
18	41	0.999999	40
24	51	0.999999	980
22	50	0.999999	3990
18	40	0.999999	10
23	50	1	5010
16	35	1	10
20	44	1	10
12	28	0.999847	0
22	48	1	60
17	38	0.999999	30
17	38	1	30
18	40	1	580
20	44	1	50
23	51	1	8730
19	42	0.99999	340
20	44	1	240
15	34	1	210
23	48	1	2220
14	32	0.999997	170
25	56	1	890
16	35	1	40
16	34	0.999991	10
18	38	0.999994	100
16	39	1	440
16	34	0.999973	20
14	31	1	40
16	36	0.999991	10
20	45	1	10
21	48	1	30
17	40	1	640
20	49	1	540
19	43	0.999998	260
21	49	1	4060
17	38	0.999997	330
17	39	0.999997	50
12	28	0.999896	20
21	48	0.999994	360
14	30	0.999981	70
22	48	1	490
17	37	0.999998	0
20	44	0.999994	250
22	44	1	2480
19	42	1	150
12	25	0.99999	0
19	41	0.999999	70
19	42	0.999999	2890
19	41	0.999998	3620
15	35	1	1000
19	44	1	1420
20	46	1	160
19	45	1	20
20	46	1	1110
17	37	1	0
22	48	1	1410
17	36	0.999991	240
17	37	0.999999	120
22	48	0.999999	470
17	40	1	190
16	34	0.999959	20
18	41	0.999997	90
18	41	1	70
20	44	1	100
20	48	1	9100
14	30	0.999994	0
16	35	0.999993	20
18	38	0.999994	10
17	38	1	160
18	38	1	810
14	30	0.998668	0
23	51	0.999999	430
15	32	0.99999	20
16	36	0.999996	230
23	50	1	1670
17	40	1	210
17	36	1	20
14	31	0.999999	20
24	53	1	1600
17	38	0.999999	100
19	45	1	540
17	37	1	40
14	32	0.999994	20
23	49	0.999996	500
15	31	0.999998	10
19	43	1	680
18	38	0.999994	10
26	55	1	2410
19	42	0.999999	650
24	50	1	2300
21	45	1	210
19	41	1	560
22	46	1	640
21	46	0.999993	120
19	43	1	100
21	46	1	390
17	38	1	160
22	48	1	640
18	41	0.999993	3930
13	29	0.999997	50
20	48	1	1530
17	38	0.999999	790
19	42	0.999991	10
26	55	1	650
23	50	1	1530
17	38	1	260
16	36	1	0
17	36	0.999998	10
19	43	1	0
20	44	1	320
19	40	0.999818	130
21	49	1	5970
17	39	0.99997	940
18	41	1	460
19	40	1	0
19	43	1	10
21	46	0.999995	340
15	32	0.999998	30
18	39	1	20
18	43	1	120
16	39	1	120
15	34	0.999994	30
23	49	1	1430
18	42	1	390
25	54	1	1950
22	51	1	390
21	43	0.999999	40
25	55	1	580
25	57	1	2880
22	49	1	2170
21	47	1	230
23	50	1	150
19	41	0.999998	230
17	39	1	810
17	38	1	840
24	50	1	3790
15	34	0.999998	30
20	43	1	480
16	34	0.999951	30
19	44	0.999999	70
17	40	1	310
21	47	1	1290
17	40	1	1820
18	41	0.999999	770
15	34	0.999998	10
17	40	1	40
19	39	1	90
18	40	1	0
21	46	1	480
20	45	0.999994	1480
19	41	1	30
13	29	0.999993	20
20	42	0.999996	10
20	46	1	4230
15	34	0.999991	120
16	35	0.999993	30
18	40	1	100
17	39	1	260
18	44	1	130
14	30	0.999986	10
19	43	0.999998	120
14	31	0.999998	0
19	43	1	400
20	42	1	90
17	38	1	80
16	34	0.99999	0
17	39	1	260
17	37	0.999989	350
20	45	0.999999	520
17	36	1	310
18	41	0.999999	670
16	36	0.999998	10
15	32	0.999871	120
17	38	1	50
18	38	1	1590
20	42	1	1430
16	34	0.999997	40
17	39	1	30
21	46	1	480
16	35	0.999999	20
23	51	1	80
26	59	1	360
13	30	0.999996	20
19	44	1	2520
18	43	1	10
24	52	1	17880
23	49	0.999996	120
17	39	1	30
22	49	1	2180
15	35	0.999993	130
16	36	0.999999	100
13	27	0.999998	10
17	37	0.999999	10
24	52	1	2240
24	51	1	13250
18	43	1	100
14	33	0.999998	490
18	39	0.999994	340
19	42	0.999999	790
18	38	0.999999	20
21	47	1	950
19	43	1	50
20	48	1	330
17	40	1	0
20	46	1	1950
23	48	0.999987	430
20	45	1	1870
19	42	0.96877	290
20	46	1	290
15	34	1	3160
17	38	1	70
17	39	1	40
18	40	1	110
19	42	0.993101	90
19	43	1	2000
23	49	1	720
20	49	1	80
21	47	0.999999	1450
21	46	0.999999	50
19	42	1	40
18	41	1	230
14	30	0.999998	0
25	53	1	250
18	38	0.999992	20
13	30	0.999999	10
16	35	0.999998	150
19	44	1	750
16	37	1	20
17	36	0.999994	70
22	52	1	580
12	25	0.999994	10
17	38	0.99919	60
21	48	1	1400
20	43	1	280
19	41	0.999999	150
17	38	1	610
21	47	1	71190
20	42	0.99999	840
20	46	1	40
17	38	0.99997	360
14	30	0.999994	0
22	51	1	1610
16	34	0.999971	210
16	35	0.999994	30
13	27	0.999986	0
21	48	1	2610
16	36	0.999994	80
16	38	0.999996	900
21	47	1	30
21	47	1	1500
21	48	1	4290
15	34	1	110
20	47	1	20
16	36	1	90
20	48	1	4600
17	41	1	620
22	50	1	1510
19	43	1	320
15	33	0.999991	10
14	30	0.999981	40
25	56	1	2310
23	49	0.999998	270
25	55	1	3480
17	39	1	1840
24	54	1	3010
16	36	1	10
19	42	1	10
19	42	0.999997	140
18	41	1	60
#>>result = 0.999309
