#Original graph size: 25 nodes, 47 edges
#Modified graph size: 24 nodes, 54 edges
#Probing for 5 times..................................................
#V	E	P	T
11	22	1	0
15	30	1	0
13	24	1	0
13	25	1	0
8	13	1	0
14	24	1	0
9	16	1	0
9	16	1	0
11	19	1	0
6	11	1	10
16	32	1	0
10	17	1	0
14	26	1	0
14	31	1	0
11	20	1	0
13	24	1	0
14	25	1	0
7	12	1	0
10	18	1	0
8	13	1	0
9	15	1	0
13	25	1	0
7	13	1	0
10	18	1	0
15	28	1	0
10	18	1	0
10	17	1	0
12	23	1	0
8	12	1	0
15	28	1	0
11	20	1	0
11	21	1	0
5	7	1	0
13	25	1	0
13	24	1	10
9	15	1	0
6	9	1	0
12	22	1	0
9	16	1	0
13	25	1	0
8	14	1	0
12	23	1	0
16	31	1	0
11	18	1	0
10	19	1	0
11	20	1	0
13	24	1	0
8	16	1	0
5	7	1	0
13	25	1	10
9	17	1	0
8	13	1	0
10	17	1	0
11	22	1	0
7	12	1	0
10	17	1	0
8	14	1	0
12	22	1	0
11	20	1	0
17	32	1	0
8	13	1	0
13	23	1	0
7	11	1	0
10	19	1	0
11	20	1	0
12	21	1	0
10	17	1	0
11	22	1	0
11	21	1	0
11	21	1	0
9	16	1	0
7	12	1	0
9	16	1	10
12	22	1	0
7	12	1	0
15	29	1	0
15	31	1	0
6	10	1	0
14	27	1	0
13	23	1	0
12	22	1	0
4	5	1	0
11	22	1	0
14	28	1	0
10	17	1	0
11	19	1	0
10	17	1	0
6	10	1	0
10	18	1	0
9	16	1	0
16	30	1	0
11	19	1	0
13	22	1	0
13	24	1	0
11	20	1	0
15	29	1	0
9	16	1	0
12	21	1	0
11	20	1	0
8	15	1	0
5	8	1	0
9	15	1	0
11	19	1	0
8	13	1	0
11	18	1	0
8	13	1	0
9	16	1	0
6	10	1	0
12	21	1	0
12	22	1	0
11	19	1	0
7	11	1	0
9	14	1	0
7	12	1	0
8	12	1	0
11	22	1	0
12	21	1	0
8	14	1	0
11	20	1	0
12	22	1	0
9	15	1	0
9	15	1	0
11	18	1	0
12	21	1	0
10	20	1	0
8	13	1	0
8	12	1	0
13	25	1	0
11	20	1	0
7	12	1	0
10	19	1	0
11	20	1	0
11	19	1	0
9	15	1	10
12	22	1	0
8	12	1	0
6	10	1	0
6	9	1	0
12	22	1	0
11	18	1	0
11	20	1	0
16	28	1	0
12	22	1	0
8	13	1	0
13	25	1	0
13	24	1	0
10	17	1	0
13	23	1	0
7	11	1	0
10	19	1	0
6	9	1	0
11	19	1	0
7	11	1	0
9	15	1	0
9	16	1	0
13	24	1	0
13	23	1	0
9	16	1	0
14	26	1	0
13	25	1	0
10	19	1	10
6	9	1	0
6	9	1	0
10	18	1	0
12	21	1	0
6	10	1	0
9	17	1	0
12	22	1	0
13	24	1	0
10	17	1	0
10	19	1	0
12	24	1	0
12	22	1	0
8	14	1	0
10	16	1	0
7	11	1	0
11	18	1	0
13	24	1	0
8	14	1	0
12	20	1	0
14	25	1	0
12	20	1	0
8	14	1	0
11	21	1	0
8	14	1	0
11	22	1	0
12	23	1	0
14	26	1	0
15	30	1	10
8	13	1	0
11	17	1	0
7	12	1	0
14	27	1	0
8	14	1	0
10	18	1	0
12	23	1	0
10	18	1	0
8	13	1	0
12	21	1	0
13	24	1	0
11	18	1	0
11	19	1	0
8	12	0.799715	0
14	26	1	0
10	16	1	0
10	18	1	0
9	14	0.87687	0
8	14	1	0
4	6	1	0
10	18	1	0
10	19	1	0
9	15	1	0
6	9	1	0
10	17	1	0
13	24	1	10
11	19	1	0
6	9	1	0
13	25	1	0
10	21	1	0
13	24	1	0
9	16	1	0
8	13	1	0
10	19	1	0
10	17	1	0
9	15	1	0
9	17	1	0
10	18	1	0
9	16	1	0
16	27	1	0
10	17	1	0
11	17	1	0
6	10	1	0
13	23	1	0
11	22	1	0
8	13	1	0
7	12	0.893079	0
13	24	1	0
12	22	1	0
5	7	0.57847	10
14	27	1	0
15	30	1	0
11	18	1	0
8	13	1	0
9	15	1	0
10	19	1	0
12	22	1	0
11	22	1	0
12	22	1	0
11	19	1	0
13	24	1	0
10	16	1	0
12	19	1	0
11	22	1	0
7	13	1	0
10	17	1	10
7	11	1	0
11	21	1	0
12	22	1	0
10	19	1	0
7	11	1	0
9	16	1	0
6	9	1	0
8	14	1	0
13	21	1	0
10	18	1	0
10	17	1	0
11	22	1	0
9	16	1	0
5	7	1	0
8	13	1	0
12	22	1	0
12	20	1	0
10	17	1	0
10	17	1	0
12	21	1	0
9	16	1	0
13	26	1	0
13	26	1	0
9	16	1	0
13	24	1	0
8	13	1	0
10	16	1	0
10	16	1	10
12	22	1	0
6	9	1	0
13	23	1	0
9	15	1	0
10	17	1	0
10	17	1	0
16	29	1	0
8	13	1	0
11	22	1	0
9	16	1	0
8	14	1	0
11	20	1	0
6	11	1	0
13	26	1	0
8	15	1	0
10	17	1	0
9	17	1	0
11	20	1	0
8	14	1	0
9	16	1	0
11	20	1	0
8	13	1	0
12	22	1	0
11	19	1	0
9	16	1	0
7	11	1	0
5	7	0.211782	0
9	16	1	0
6	11	1	0
12	23	1	0
7	11	1	0
12	21	1	0
8	12	1	0
12	21	1	10
8	13	1	0
9	16	1	0
12	22	1	0
13	24	1	0
10	19	1	0
12	22	1	0
9	15	1	0
5	7	1	0
12	23	1	0
11	20	1	0
8	12	1	0
9	17	1	0
7	10	0.437843	0
12	23	1	0
8	14	1	0
8	13	1	0
12	22	1	0
11	21	1	0
9	17	1	0
11	21	1	0
11	19	1	0
10	18	1	0
10	19	1	0
11	21	1	0
14	26	1	10
11	22	1	0
11	21	1	0
6	9	1	0
13	22	1	0
10	18	1	0
9	16	1	0
12	22	1	0
15	29	1	0
14	26	1	0
10	19	1	0
10	18	1	0
11	21	1	0
15	27	1	0
6	9	1	0
13	25	1	0
11	19	1	0
8	12	1	0
13	23	1	0
9	16	1	0
11	19	1	0
12	21	1	0
11	22	1	0
12	23	1	0
14	25	1	10
7	13	1	0
4	5	1	0
13	25	1	0
5	7	1	0
8	13	1	0
11	21	1	0
8	13	1	0
11	21	1	0
8	12	1	0
6	10	0.50394	0
11	17	0.90681	0
13	24	1	0
12	22	1	0
5	7	1	0
11	19	1	0
13	24	1	0
5	7	1	0
11	18	1	0
7	11	1	0
10	18	1	0
10	19	1	0
10	18	1	0
8	14	1	0
9	16	1	0
10	18	1	0
11	21	1	0
13	22	1	0
10	17	1	0
12	21	1	0
13	25	1	0
11	22	1	10
5	7	1	0
13	25	1	0
13	21	1	0
11	19	1	0
11	18	1	0
13	23	1	0
9	15	1	0
13	24	1	0
13	23	1	0
8	14	1	0
10	17	1	0
12	24	1	0
9	16	1	0
6	9	1	0
12	21	1	0
11	22	1	0
10	18	1	0
8	12	1	0
10	18	1	0
11	20	1	0
13	26	1	0
12	24	1	0
15	27	1	0
5	7	1	0
9	17	1	0
9	16	1	0
12	20	1	0
7	12	1	0
7	12	1	0
13	25	1	10
9	15	1	0
11	22	1	0
10	18	1	0
10	18	1	0
6	10	1	0
8	13	1	0
7	13	1	0
11	20	1	0
10	18	1	0
13	23	1	0
11	20	1	0
13	26	1	10
11	19	1	0
10	17	1	0
8	14	1	0
11	20	1	0
12	22	1	0
12	23	1	0
10	17	1	0
7	12	1	0
8	13	1	0
12	21	1	0
8	14	1	0
9	15	1	0
10	19	1	0
14	26	1	0
7	12	1	0
7	12	1	0
11	21	1	0
9	15	1	0
11	21	1	0
12	21	1	0
12	22	1	10
11	22	1	0
11	21	1	0
6	9	1	0
12	22	1	0
11	19	1	0
11	20	1	0
14	27	1	0
10	16	1	0
10	18	1	0
8	15	1	0
11	21	1	0
10	18	1	0
10	16	1	0
9	14	1	0
10	18	1	0
13	24	1	0
10	16	1	0
14	23	1	0
12	20	1	0
13	24	1	0
11	20	1	0
11	20	1	0
9	16	1	0
7	12	1	0
8	15	1	0
12	22	1	0
12	21	1	0
12	23	1	0
14	27	1	10
8	15	1	0
9	18	1	0
10	19	1	0
10	17	1	0
11	17	1	0
12	22	1	0
7	11	1	0
6	9	1	0
13	24	1	0
10	19	1	0
10	20	1	0
14	28	1	0
11	21	1	0
12	22	1	0
7	13	1	0
8	12	1	0
14	26	1	0
9	14	1	10
10	18	1	0
8	14	1	0
10	18	1	0
13	25	1	0
10	19	1	0
13	23	1	0
11	21	1	0
5	6	0.773051	0
9	17	1	0
11	19	1	0
11	19	1	0
14	26	1	0
7	13	1	0
10	19	1	0
15	27	1	0
11	20	1	0
9	15	1	0
11	18	1	0
6	10	1	0
10	19	1	0
8	13	1	0
9	15	1	0
12	22	1	0
13	24	1	0
7	12	1	0
14	24	1	0
8	13	1	0
12	22	1	0
10	20	1	0
8	13	0.848416	0
13	24	1	0
10	20	1	10
9	16	1	0
8	13	1	0
12	25	1	0
6	9	1	0
6	9	1	0
10	18	1	0
8	12	1	0
15	27	1	0
6	9	1	0
4	5	1	0
6	11	1	0
10	17	1	0
13	24	1	0
13	24	1	0
11	20	1	0
7	12	1	0
8	14	1	0
12	22	1	0
6	9	1	0
9	16	1	0
12	22	1	0
6	9	1	0
14	27	1	0
14	26	1	0
13	23	1	0
11	18	1	0
11	21	1	0
11	21	1	0
8	13	1	0
12	22	1	0
12	22	1	10
10	17	1	0
11	22	1	0
10	16	1	0
10	18	1	0
15	28	1	0
14	25	1	0
11	21	1	0
11	20	1	0
5	7	1	0
13	24	1	0
14	27	1	0
13	25	1	0
13	24	1	0
12	22	1	0
11	20	1	0
13	25	1	0
12	23	1	0
15	26	1	0
10	18	1	0
7	12	1	0
10	17	1	0
14	26	1	10
10	16	0.854353	0
9	16	1	0
9	16	1	0
14	26	1	0
12	23	1	0
10	18	1	0
13	24	1	0
11	19	1	0
5	7	1	0
7	12	1	0
11	21	1	0
11	19	1	0
6	10	1	0
9	17	1	0
11	21	1	0
13	25	1	0
12	22	1	0
11	23	1	0
14	27	1	0
11	18	1	0
14	28	1	0
9	16	1	0
16	29	1	0
6	9	1	0
9	15	1	0
13	24	1	10
8	12	1	0
8	12	1	0
13	25	1	0
13	25	1	0
12	21	1	0
8	13	1	0
7	11	1	0
8	12	1	0
13	25	1	0
11	18	1	0
13	23	1	0
10	20	1	0
7	10	0.87687	0
11	20	1	0
13	25	1	0
12	20	1	0
10	17	1	0
5	8	1	0
6	12	1	0
10	16	1	10
14	22	1	0
8	13	1	0
6	10	1	0
10	17	1	0
2	1	1	0
8	12	1	0
12	22	1	0
8	13	1	0
11	19	1	0
6	9	1	0
7	12	1	0
12	23	1	0
13	23	1	0
7	12	1	0
11	21	1	0
2	1	1	0
15	31	1	0
11	22	1	0
6	9	1	0
12	22	1	0
10	18	1	0
10	19	1	0
9	16	1	0
14	26	1	0
6	9	1	0
8	13	1	0
9	15	1	0
12	22	1	0
6	8	1	0
12	23	1	10
13	24	1	0
6	10	1	0
5	8	1	0
12	21	1	0
16	29	1	0
12	21	1	0
11	20	1	0
7	9	1	0
5	6	0.773051	0
6	11	1	0
11	20	1	0
11	20	1	0
10	18	1	0
2	1	1	0
15	26	1	0
14	25	1	0
9	14	1	0
7	11	1	0
16	29	1	0
9	15	1	0
10	19	1	0
7	12	1	0
15	30	1	0
15	30	1	0
8	12	1	0
9	17	1	0
10	16	1	0
10	17	1	0
11	19	1	0
9	17	1	0
10	17	1	0
15	27	1	0
8	15	1	10
8	15	1	0
9	15	1	0
11	20	1	0
9	17	1	0
11	20	1	0
13	25	1	0
10	18	1	0
8	13	1	0
12	24	1	0
6	9	1	0
14	27	1	0
2	1	1	0
9	15	1	0
9	16	1	0
14	25	1	0
14	26	1	0
14	27	1	0
11	19	1	0
11	20	1	0
7	12	1	0
5	6	0.773051	0
13	25	1	0
9	17	1	0
6	10	1	0
8	14	1	0
10	18	1	0
10	18	1	0
11	20	1	0
11	20	1	0
12	22	1	0
12	23	1	0
11	21	1	10
6	9	1	0
13	26	1	0
11	18	1	0
13	24	1	0
14	25	1	0
10	19	1	0
10	20	1	0
8	13	1	0
7	12	1	0
14	25	1	0
12	22	1	0
10	18	1	0
10	17	1	0
12	23	1	0
14	28	1	0
10	18	1	0
12	21	1	0
7	13	1	0
16	29	1	0
11	20	1	0
9	15	1	10
11	21	1	0
12	25	1	0
14	26	1	0
7	11	0.437843	0
13	22	1	0
12	23	1	0
8	13	1	0
11	20	1	0
15	27	1	0
5	6	0.773051	0
12	22	1	0
6	11	1	0
11	22	1	0
10	19	1	0
9	17	1	0
7	12	1	0
11	20	1	0
9	15	1	0
8	13	1	0
5	7	0.826081	0
9	15	1	0
6	9	0.198631	0
10	18	1	0
9	16	1	0
13	22	1	0
10	19	1	0
11	19	1	10
12	23	1	0
13	26	1	0
11	19	1	0
10	18	1	0
14	25	1	0
9	15	1	0
6	10	1	0
10	17	1	0
12	21	1	0
13	27	1	0
12	22	1	0
10	19	1	0
13	24	1	0
12	22	1	0
9	16	1	0
10	20	1	0
17	29	1	0
10	17	1	0
14	28	1	0
9	16	1	0
13	24	1	10
10	18	1	0
13	24	1	0
8	12	1	0
11	20	1	0
10	19	1	0
11	21	1	0
5	7	1	0
11	22	1	0
8	14	1	0
15	29	1	0
11	20	1	0
9	16	1	0
13	22	1	0
8	14	1	0
9	15	1	0
7	11	1	0
9	16	1	0
15	29	1	0
10	20	1	0
10	17	1	0
13	24	1	0
12	22	1	0
8	12	1	0
13	25	1	0
13	23	1	10
12	21	1	0
12	22	1	0
2	1	1	0
11	20	1	0
14	25	1	0
9	16	1	0
5	7	1	0
12	21	1	0
5	7	1	0
12	21	1	0
15	31	1	0
16	29	1	0
8	14	1	0
9	16	1	0
10	16	1	0
8	14	1	0
8	13	1	0
13	24	1	0
13	24	1	0
13	24	1	10
13	24	1	0
7	10	1	0
11	19	1	0
11	20	1	0
11	19	1	0
13	27	1	0
2	1	1	0
8	12	0.845507	0
11	18	1	0
7	13	1	0
13	25	1	0
14	28	1	10
10	17	1	0
8	14	1	0
13	25	1	0
8	12	1	0
11	21	1	0
15	27	1	0
11	19	1	0
12	23	1	0
9	15	1	0
9	17	1	0
7	11	1	0
9	17	1	0
14	26	1	0
12	21	1	0
12	21	1	0
4	6	1	0
13	23	1	0
6	9	1	0
8	13	1	0
9	15	1	0
11	19	1	0
12	23	1	0
10	20	1	0
12	22	1	0
11	18	1	10
14	25	1	0
10	16	1	0
14	28	1	0
14	28	1	0
6	10	1	0
12	21	1	0
12	23	1	0
5	7	1	0
9	17	1	0
12	23	1	0
10	17	1	0
11	19	1	0
13	22	1	0
12	22	1	0
11	18	1	0
10	19	1	0
9	15	1	10
5	8	1	0
12	23	1	0
12	22	1	0
8	13	1	0
10	18	1	0
12	22	1	0
8	13	1	0
8	13	1	0
10	17	1	0
9	16	1	0
9	17	1	0
9	13	0.827355	0
10	19	1	0
10	19	1	0
13	24	1	0
10	18	1	0
16	30	1	0
10	17	1	0
9	16	1	0
5	8	1	0
15	28	1	0
13	22	1	10
14	26	1	0
12	22	1	0
5	8	1	0
7	10	1	0
2	1	1	0
8	14	1	0
8	12	1	0
9	14	1	0
8	15	1	0
13	24	1	0
11	19	1	0
13	25	1	0
11	21	1	0
8	15	1	0
13	22	1	0
6	9	1	0
9	17	1	0
10	19	1	0
10	19	1	0
14	24	1	0
14	27	1	0
8	13	1	0
6	9	1	0
10	18	1	0
8	14	1	0
12	22	1	0
6	9	1	0
9	15	1	0
7	12	1	0
6	10	1	0
12	20	1	10
11	21	1	0
11	20	1	0
11	20	1	0
9	15	1	0
7	12	1	0
10	17	1	0
12	22	1	0
10	16	1	0
9	17	1	0
9	16	1	0
11	20	1	0
11	19	1	0
12	22	1	0
7	11	1	0
10	16	1	0
5	7	1	0
13	26	1	0
9	16	1	0
8	14	1	0
7	13	1	0
9	15	1	0
8	13	1	0
12	22	1	0
6	9	1	0
8	14	1	0
9	15	1	0
10	19	1	0
15	28	1	0
5	8	1	0
7	13	1	0
12	22	1	10
6	10	1	0
10	17	1	0
11	21	1	0
11	20	1	0
9	16	1	0
14	26	1	0
10	18	1	0
9	16	1	0
10	18	1	0
5	7	1	0
12	23	1	0
10	17	1	0
13	27	1	0
10	16	1	0
15	29	1	0
#>>result = 0.994016
