5	1	1	2	0.11
5	1	1	3	0.09
5	1	3	2	0.08
5	1	1	4	0.06
5	1	3	4	0.05
5	1	2	4	0.05
5	1	3	3	0.05
5	1	2	3	0.05
5	1	4	3	0.04
5	1	1	5	0.05
5	1	3	5	0.05
5	1	2	5	0.04
5	1	4	5	0.05
5	1	4	4	0.05
5	1	5	4	0.0499999999999999
5	2	1	2	0.05
5	2	1	3	0.05
5	2	3	2	0.05
5	2	1	4	0.07
5	2	3	4	0.06
5	2	2	4	0.06
5	2	5	1	0.0599999999999999
5	2	1	5	0.05
5	2	3	5	0.06
5	2	2	5	0.06
5	2	5	4	0.0599999999999999
5	3	2	1	0.03
5	3	3	1	0.05
5	3	3	2	0.04
5	3	4	1	0.05
5	3	4	2	0.0599999999999999
5	3	4	3	0.04
5	3	5	1	0.04
5	3	5	2	0.04
5	3	5	3	0.04
5	3	4	5	0.03
5	4	1	2	0.08
5	4	1	3	0.0799999999999998
5	4	3	2	0.07
5	4	1	4	0.05
5	4	3	4	0.0600000000000001
5	4	2	4	0.06
5	4	3	3	0.05
5	4	2	3	0.0600000000000001
5	4	4	3	0.0599999999999998
5	4	1	5	0.0700000000000001
5	4	3	5	0.0600000000000001
5	4	2	5	0.0600000000000001
5	4	5	3	0.0699999999999999
5	4	5	4	0.0600000000000001
5	5	1	2	0.0599999999999998
5	5	3	1	0.0600000000000001
5	5	1	3	0.07
5	5	2	3	0.06
5	5	4	1	0.0600000000000001
5	5	4	2	0.0600000000000001
5	5	1	4	0.05
5	5	2	4	0.0499999999999999
5	5	3	4	0.0699999999999998
5	5	5	1	0.05
5	5	1	5	0.05
5	5	4	5	0.05
5	5	2	5	0.08
5	5	3	5	0.0399999999999998
10	1	1	2	0.16
10	1	1	3	0.14
10	1	3	2	0.0700000000000003
10	1	1	4	0.2
10	1	3	4	0.0800000000000001
10	1	2	4	0.12
10	1	3	3	0.05
10	1	2	3	0.11
10	1	4	3	0.0700000000000003
10	1	1	5	0.16
10	1	3	5	0.0799999999999997
10	1	2	5	0.0899999999999999
10	1	4	5	0.11
10	1	4	4	0.0699999999999997
10	1	5	4	0.07
10	1	1	6	0.14
10	1	3	6	0.0800000000000001
10	1	2	6	0.0999999999999996
10	1	4	6	0.0700000000000001
10	1	5	6	0.1
10	1	1	1	0.0600000000000001
10	1	3	1	0.0799999999999997
10	1	2	1	0.0900000000000001
10	1	4	1	0.0699999999999998
10	1	5	1	0.0600000000000001
10	1	6	1	0.0700000000000003
10	1	7	2	0.0699999999999998
10	1	7	6	0.0799999999999996
10	1	1	7	0.0700000000000001
10	1	3	7	0.07
10	1	7	7	0.0600000000000007
10	1	2	7	0.0600000000000001
10	1	7	3	0.0799999999999992
10	1	1	8	0.39
10	1	3	8	0.0900000000000003
10	1	2	8	0.1
10	1	4	8	0.0600000000000001
10	1	7	8	0.0900000000000003
10	1	5	8	0.0899999999999999
10	1	6	8	0.15
10	1	1	9	0.0599999999999998
10	1	3	9	0.0699999999999998
10	1	7	9	0.13
10	1	2	9	0.14
10	1	7	1	0.14
10	1	9	1	0.159999999999999
10	1	7	5	0.16
10	1	9	5	0.0700000000000005
10	1	1	10	0.13
10	1	3	10	0.0799999999999996
10	1	2	10	0.1
10	1	4	10	0.0799999999999998
10	1	7	10	0.0700000000000007
10	1	5	10	0.0899999999999996
10	1	6	10	0.11
10	1	8	10	0.0600000000000001
10	1	6	6	0.0600000000000001
10	1	8	6	0.0700000000000001
10	1	10	6	0.0599999999999998
10	1	5	5	0.0699999999999998
10	1	6	5	0.11
10	1	8	5	0.0699999999999998
10	1	10	5	0.0699999999999998
10	2	1	2	0.16
10	2	1	3	0.13
10	2	3	2	0.13
10	2	1	4	0.18
10	2	3	4	0.24
10	2	2	4	0.27
10	2	5	1	0.0899999999999994
10	2	1	5	0.15
10	2	3	5	0.120000000000001
10	2	2	5	0.18
10	2	5	4	0.169999999999999
10	2	1	6	0.140000000000001
10	2	3	6	0.149999999999999
10	2	3	3	0.0700000000000007
10	2	6	3	0.0800000000000005
10	2	1	1	0.0899999999999987
10	2	3	1	0.150000000000001
10	2	6	1	0.12
10	2	6	6	0.0800000000000007
10	2	1	7	0.139999999999999
10	2	3	7	0.209999999999999
10	2	6	7	0.120000000000001
10	2	2	7	0.22
10	2	2	6	0.19
10	2	7	6	0.0700000000000005
10	2	7	7	0.0800000000000003
10	2	1	8	0.139999999999999
10	2	3	8	0.170000000000001
10	2	2	8	0.19
10	2	8	5	0.11
10	2	6	8	0.13
10	2	7	8	0.129999999999999
10	2	8	6	0.160000000000001
10	2	1	9	0.18
10	2	3	9	0.429999999999998
10	2	2	9	0.18
10	2	5	9	0.150000000000001
10	2	4	9	0.0499999999999996
10	2	6	9	0.16
10	2	7	9	0.180000000000001
10	2	8	9	0.179999999999999
10	2	1	10	0.0600000000000007
10	2	3	10	0.0499999999999996
10	2	6	10	0.0600000000000007
10	2	10	1	0.12
10	2	10	6	0.0899999999999987
10	3	2	1	0.0999999999999999
10	3	3	1	0.070000000000001
10	3	3	2	0.159999999999999
10	3	4	1	0.330000000000001
10	3	4	2	0.11
10	3	4	3	0.16
10	3	5	1	0.21
10	3	5	2	0.0899999999999985
10	3	5	3	0.0800000000000005
10	3	4	5	0.27
10	3	6	5	0.100000000000001
10	3	6	2	0.079999999999999
10	3	2	6	0.12
10	3	3	6	0.0899999999999999
10	3	4	6	0.28
10	3	5	6	0.11
10	3	1	6	0.130000000000001
10	3	1	1	0.069999999999999
10	3	6	1	0.139999999999999
10	3	4	7	0.230000000000002
10	3	6	7	0.0899999999999999
10	3	5	7	0.11
10	3	7	1	0.13
10	3	6	6	0.0699999999999985
10	3	7	6	0.0900000000000007
10	3	6	3	0.1
10	3	7	3	0.12
10	3	4	8	0.31
10	3	6	8	0.0999999999999996
10	3	5	8	0.119999999999999
10	3	7	8	0.13
10	3	8	1	0.0700000000000007
10	3	2	8	0.239999999999999
10	3	3	8	0.170000000000001
10	3	1	8	0.140000000000001
10	3	8	8	0.0999999999999988
10	3	9	5	0.0699999999999985
10	3	4	9	0.28
10	3	6	9	0.1
10	3	5	9	0.110000000000001
10	3	7	9	0.14
10	3	3	9	0.100000000000002
10	3	2	9	0.149999999999997
10	3	9	6	0.120000000000001
10	3	10	5	0.12
10	3	4	10	0.2
10	3	6	10	0.1
10	3	5	10	0.109999999999998
10	3	7	10	0.0800000000000027
10	3	5	5	0.139999999999998
10	3	7	5	0.160000000000003
10	3	7	7	0.0699999999999972
10	3	10	7	0.0800000000000018
10	4	1	2	0.639999999999998
10	4	1	3	0.610000000000002
10	4	3	2	0.399999999999999
10	4	1	4	0.790000000000002
10	4	3	4	0.329999999999998
10	4	2	4	0.590000000000001
10	4	3	3	0.0899999999999985
10	4	2	3	0.460000000000001
10	4	4	3	0.259999999999998
10	4	1	5	0.480000000000001
10	4	3	5	0.770000000000002
10	4	2	5	0.319999999999997
10	4	5	3	0.250000000000002
10	4	5	4	0.34
10	4	6	4	0.199999999999998
10	4	1	6	0.790000000000002
10	4	3	6	0.25
10	4	2	6	0.45
10	4	5	6	0.249999999999997
10	4	6	6	0.0899999999999999
10	4	4	6	0.389999999999999
10	4	6	3	0.210000000000002
10	4	7	2	0.139999999999999
10	4	7	3	0.150000000000003
10	4	7	4	0.499999999999997
10	4	1	7	0.730000000000001
10	4	3	7	0.749999999999999
10	4	2	7	0.410000000000002
10	4	4	7	0.52
10	4	5	7	0.55
10	4	6	7	0.229999999999999
10	4	7	7	0.0799999999999992
10	4	1	8	0.77
10	4	3	8	0.400000000000001
10	4	2	8	0.419999999999999
10	4	5	8	0.26
10	4	6	8	0.240000000000002
10	4	7	8	0.299999999999998
10	4	4	8	0.339999999999999
10	4	7	6	0.300000000000003
10	4	8	6	0.46
10	4	8	3	0.209999999999998
10	4	9	1	0.0800000000000045
10	4	9	4	0.199999999999999
10	4	1	9	0.779999999999998
10	4	3	9	0.310000000000001
10	4	7	9	0.259999999999997
10	4	2	9	0.650000000000001
10	4	9	7	0.249999999999999
10	4	10	3	0.150000000000002
10	4	1	10	0.0999999999999983
10	4	3	10	0.0800000000000023
10	4	2	10	0.1
10	4	4	10	0.0800000000000023
10	4	5	10	0.169999999999997
10	4	6	10	0.139999999999999
10	4	7	10	0.0799999999999974
10	4	9	10	0.0800000000000042
10	4	9	6	0.500000000000002
10	4	10	6	0.239999999999996
10	5	1	2	0.150000000000003
10	5	3	1	0.0599999999999992
10	5	1	3	0.109999999999996
10	5	2	3	0.110000000000003
10	5	4	1	0.170000000000001
10	5	4	2	0.109999999999999
10	5	1	4	0.0999999999999979
10	5	2	4	0.160000000000005
10	5	3	4	0.0900000000000005
10	5	5	1	0.0599999999999992
10	5	1	5	0.129999999999999
10	5	4	5	0.189999999999997
10	5	2	5	0.110000000000003
10	5	3	5	0.0799999999999974
10	5	1	6	0.120000000000003
10	5	2	6	0.120000000000001
10	5	3	6	0.0699999999999972
10	5	4	6	0.160000000000001
10	5	4	4	0.0699999999999967
10	5	6	4	0.180000000000005
10	5	5	6	0.0900000000000001
10	5	7	6	0.0999999999999988
10	5	1	7	0.109999999999996
10	5	2	7	0.120000000000001
10	5	3	7	0.100000000000001
10	5	4	7	0.169999999999999
10	5	5	7	0.100000000000005
10	5	7	7	0.0699999999999972
10	5	6	7	0.119999999999999
10	5	6	6	0.0799999999999992
10	5	1	8	0.0900000000000003
10	5	2	8	0.0999999999999979
10	5	3	8	0.0900000000000047
10	5	4	8	0.249999999999997
10	5	5	8	0.0899999999999999
10	5	7	8	0.090000000000003
10	5	6	8	0.0900000000000019
10	5	8	7	0.0999999999999983
10	5	5	4	0.0899999999999976
10	5	7	4	0.0899999999999999
10	5	8	4	0.0800000000000023
10	5	1	9	0.109999999999999
10	5	4	9	0.169999999999999
10	5	2	9	0.120000000000001
10	5	9	4	0.0799999999999979
10	5	3	9	0.0900000000000021
10	5	6	9	0.110000000000003
10	5	5	9	0.119999999999996
10	5	7	9	0.180000000000004
10	5	8	9	0.109999999999996
10	5	9	9	0.0599999999999992
10	5	10	4	0.0900000000000021
10	5	1	10	0.0599999999999978
10	5	4	10	0.130000000000003
10	5	2	10	0.0800000000000018
10	5	10	5	0.0699999999999954
15	1	1	2	0.310000000000004
15	1	1	3	0.349999999999998
15	1	3	2	0.160000000000001
15	1	1	4	0.390000000000003
15	1	3	4	0.399999999999995
15	1	2	4	0.240000000000001
15	1	3	3	0.0900000000000021
15	1	2	3	0.169999999999999
15	1	4	3	0.1
15	1	1	5	0.319999999999997
15	1	3	5	0.290000000000004
15	1	2	5	0.169999999999998
15	1	4	5	0.109999999999998
15	1	4	4	0.100000000000003
15	1	5	4	0.0999999999999979
15	1	1	6	0.560000000000002
15	1	3	6	0.320000000000002
15	1	2	6	0.279999999999996
15	1	4	6	0.0800000000000021
15	1	5	6	0.109999999999998
15	1	1	1	0.0700000000000047
15	1	3	1	0.219999999999998
15	1	2	1	0.150000000000002
15	1	4	1	0.0799999999999947
15	1	5	1	0.100000000000001
15	1	6	1	0.0700000000000021
15	1	7	2	0.109999999999998
15	1	7	6	0.120000000000002
15	1	1	7	0.150000000000003
15	1	3	7	0.149999999999999
15	1	7	7	0.0699999999999996
15	1	2	7	0.149999999999996
15	1	7	3	0.230000000000004
15	1	1	8	0.509999999999995
15	1	3	8	1.1
15	1	2	8	0.299999999999997
15	1	4	8	0.0800000000000001
15	1	7	8	0.130000000000001
15	1	5	8	0.149999999999997
15	1	6	8	0.16
15	1	1	9	0.380000000000004
15	1	3	9	0.0800000000000018
15	1	7	9	0.0799999999999965
15	1	2	9	0.0800000000000036
15	1	7	1	0.0999999999999979
15	1	9	1	0.0800000000000018
15	1	7	5	0.170000000000001
15	1	9	5	0.119999999999995
15	1	1	10	0.370000000000005
15	1	3	10	0.249999999999997
15	1	2	10	0.230000000000003
15	1	4	10	0.119999999999994
15	1	7	10	0.180000000000006
15	1	5	10	0.119999999999996
15	1	6	10	0.140000000000001
15	1	8	10	0.130000000000002
15	1	6	6	0.159999999999997
15	1	8	6	0.149999999999999
15	1	10	6	0.11
15	1	5	5	0.0700000000000047
15	1	6	5	0.159999999999997
15	1	8	5	0.0999999999999979
15	1	10	5	0.130000000000002
15	1	1	11	0.299999999999996
15	1	3	11	0.400000000000002
15	1	2	11	0.240000000000001
15	1	4	11	0.0999999999999988
15	1	5	11	0.340000000000002
15	1	6	11	0.179999999999996
15	1	7	11	0.190000000000005
15	1	9	11	0.209999999999999
15	1	11	5	0.22
15	1	12	5	0.119999999999997
15	1	1	12	0.31
15	1	3	12	0.380000000000001
15	1	2	12	0.270000000000001
15	1	4	12	0.159999999999997
15	1	7	12	0.190000000000006
15	1	12	3	0.100000000000001
15	1	9	12	0.159999999999995
15	1	5	12	0.120000000000002
15	1	6	12	0.149999999999998
15	1	8	12	0.0800000000000036
15	1	10	12	0.0800000000000027
15	1	11	12	0.089999999999999
15	1	12	12	0.0799999999999947
15	1	1	13	0.210000000000001
15	1	3	13	0.0800000000000054
15	1	7	13	0.0599999999999969
15	1	2	13	0.0699999999999967
15	1	9	13	0.0700000000000056
15	1	13	1	0.140000000000001
15	1	2	2	0.0899999999999948
15	1	9	2	0.110000000000003
15	1	13	2	0.14
15	1	14	3	0.330000000000002
15	1	14	2	0.259999999999999
15	1	14	4	0.620000000000002
15	1	15	12	1.03
15	1	15	6	0.989999999999998
15	1	15	10	0.710000000000001
15	1	15	9	0.130000000000003
15	2	1	2	1.64
15	2	1	3	3.48999999999999
15	2	3	2	0.370000000000004
15	2	1	4	3.2
15	2	3	4	0.799999999999995
15	2	2	4	1.87
15	2	5	1	0.219999999999997
15	2	1	5	2.38000000000001
15	2	3	5	0.430000000000006
15	2	2	5	0.609999999999998
15	2	5	4	2.03999999999999
15	2	1	6	4.73000000000001
15	2	3	6	1.42
15	2	3	3	0.159999999999991
15	2	6	3	0.650000000000005
15	2	1	1	0.119999999999998
15	2	3	1	0.560000000000007
15	2	6	1	0.279999999999999
15	2	6	6	0.0999999999999988
15	2	1	7	5.34
15	2	3	7	0.480000000000002
15	2	6	7	0.319999999999992
15	2	2	7	0.909999999999996
15	2	2	6	1.03
15	2	7	6	0.199999999999996
15	2	7	7	0.11
15	2	1	8	2.55
15	2	3	8	0.600000000000001
15	2	2	8	0.620000000000005
15	2	8	5	0.16
15	2	6	8	0.559999999999991
15	2	7	8	0.500000000000004
15	2	8	6	0.329999999999997
15	2	1	9	2.88
15	2	3	9	0.670000000000001
15	2	2	9	0.81
15	2	5	9	1.16
15	2	4	9	0.369999999999999
15	2	6	9	0.81
15	2	7	9	0.869999999999998
15	2	8	9	0.66000000000001
15	2	1	10	1.42999999999999
15	2	3	10	0.770000000000008
15	2	6	10	0.489999999999998
15	2	10	1	0.25
15	2	10	6	0.539999999999999
15	2	1	11	4.24000000000001
15	2	3	11	0.979999999999989
15	2	2	11	1.46
15	2	2	3	1.08
15	2	11	3	0.380000000000004
15	2	11	7	0.280000000000005
15	2	5	11	1.99
15	2	6	11	1.03
15	2	10	11	1.21
15	2	12	10	0.54000000000001
15	2	1	12	2.73
15	2	3	12	1.00999999999999
15	2	2	12	0.660000000000005
15	2	8	12	0.250000000000004
15	2	5	12	0.269999999999994
15	2	6	12	0.329999999999997
15	2	7	12	1.02
15	2	11	12	0.31000000000001
15	2	2	2	0.0899999999999839
15	2	8	2	0.580000000000012
15	2	5	2	1.38999999999999
15	2	6	2	0.489999999999998
15	2	7	2	1.04
15	2	11	2	0.790000000000019
15	2	12	2	0.139999999999994
15	2	13	6	0.979999999999989
15	2	1	13	0.839999999999992
15	2	3	13	0.600000000000012
15	2	2	13	0.449999999999998
15	2	8	13	0.219999999999997
15	2	5	13	0.910000000000005
15	2	5	6	1.77999999999999
15	2	2	10	0.700000000000006
15	2	8	10	0.28999999999999
15	2	5	10	1.46000000000001
15	2	13	10	0.0999999999999934
15	2	14	6	0.760000000000018
15	2	14	5	0.370000000000004
15	2	14	10	0.969999999999997
15	2	1	14	0.869999999999993
15	2	3	14	0.209999999999998
15	2	6	14	0.129999999999994
15	2	2	14	0.220000000000018
15	2	7	14	0.159999999999995
15	2	8	14	0.109999999999985
15	2	10	14	0.120000000000004
15	2	13	14	0.159999999999995
15	2	5	14	0.350000000000023
15	2	14	14	0.0900000000000016
15	2	1	15	3.31999999999998
15	2	3	15	0.600000000000022
15	2	2	15	1.25999999999999
15	2	5	15	1.35
15	2	4	15	0.300000000000001
15	2	8	15	0.409999999999997
15	2	6	15	0.479999999999988
15	2	7	15	1.36000000000002
15	2	11	15	7.31999999999999
15	2	12	15	0.459999999999998
15	2	4	10	0.249999999999998
15	2	7	10	1.6
15	2	11	10	0.620000000000003
15	2	15	10	0.159999999999986
15	2	5	3	1.06
15	2	4	3	0.170000000000015
15	2	8	3	0.439999999999996
15	2	7	3	1.67999999999999
15	2	12	3	0.52
15	2	15	3	0.57
15	3	2	1	0.460000000000008
15	3	3	1	0.320000000000002
15	3	3	2	1.12999999999999
15	3	4	1	0.900000000000005
15	3	4	2	0.470000000000007
15	3	4	3	1.75
15	3	5	1	0.359999999999984
15	3	5	2	0.51000000000001
15	3	5	3	0.489999999999998
15	3	4	5	1.94000000000001
15	3	6	5	0.210000000000007
15	3	6	2	0.580000000000003
15	3	2	6	1.96999999999998
15	3	3	6	1.43000000000001
15	3	4	6	3.57000000000001
15	3	5	6	0.799999999999981
15	3	1	6	2.09000000000001
15	3	1	1	0.139999999999994
15	3	6	1	0.239999999999998
15	3	4	7	4.33999999999999
15	3	6	7	1.24000000000001
15	3	5	7	0.78999999999999
15	3	7	1	0.270000000000008
15	3	6	6	0.0999999999999925
15	3	7	6	0.330000000000012
15	3	6	3	0.900000000000006
15	3	7	3	0.320000000000001
15	3	4	8	3.55999999999998
15	3	6	8	0.470000000000018
15	3	5	8	1.07999999999998
15	3	7	8	0.660000000000015
15	3	8	1	0.229999999999988
15	3	2	8	1.67000000000001
15	3	3	8	1.74000000000001
15	3	1	8	1.70999999999999
15	3	8	8	0.100000000000021
15	3	9	5	0.129999999999986
15	3	4	9	4.47000000000001
15	3	6	9	1.38999999999998
15	3	5	9	1.10000000000002
15	3	7	9	0.649999999999975
15	3	3	9	1.89
15	3	2	9	1.75000000000002
15	3	9	6	0.439999999999988
15	3	10	5	0.240000000000008
15	3	4	10	2.54000000000001
15	3	6	10	0.899999999999977
15	3	5	10	0.760000000000018
15	3	7	10	0.349999999999984
15	3	5	5	0.0900000000000212
15	3	7	5	0.379999999999995
15	3	7	7	0.0900000000000016
15	3	10	7	0.169999999999997
15	3	4	11	2.28
15	3	6	11	0.55000000000001
15	3	5	11	0.77999999999998
15	3	7	11	0.459999999999998
15	3	2	11	3.5
15	3	3	11	2.36
15	3	1	11	0.980000000000017
15	3	8	11	0.26999999999998
15	3	2	10	0.970000000000017
15	3	3	10	1.40999999999999
15	3	1	10	1.45000000000001
15	3	8	10	0.299999999999983
15	3	11	10	0.120000000000022
15	3	9	11	0.629999999999974
15	3	10	11	0.540000000000019
15	3	12	7	1.76000000000001
15	3	12	2	0.739999999999979
15	3	12	6	0.890000000000015
15	3	4	13	1.93
15	3	6	13	0.78999999999999
15	3	9	13	0.240000000000009
15	3	10	13	0.330000000000002
15	3	5	13	0.479999999999997
15	3	7	13	1.53
15	3	9	2	0.379999999999985
15	3	10	2	0.429999999999996
15	3	7	2	0.890000000000013
15	3	13	2	0.199999999999989
15	3	2	13	1.13999999999999
15	3	3	13	1.06000000000001
15	3	1	13	0.919999999999996
15	3	8	13	0.31000000000002
15	3	4	14	0.0499999999999918
15	3	14	2	0.330000000000002
15	3	14	1	0.140000000000004
15	3	15	2	0.22999999999999
15	3	15	8	0.850000000000012
15	3	2	15	1.02
15	3	3	15	1.36999999999999
15	3	4	15	5.32999999999997
15	3	5	15	1.47
15	3	1	15	1.59
15	3	6	15	1.25000000000003
15	3	7	15	1.73000000000002
15	3	8	15	1.76999999999997
15	3	14	15	2.00000000000004
15	3	15	1	0.229999999999949
15	4	1	2	27.27
15	4	1	3	35.38
15	4	3	2	0.730000000000045
15	4	1	4	52.1099999999999
15	4	3	4	1.68
15	4	2	4	17.63
15	4	3	3	0.159999999999997
15	4	2	3	11.03
15	4	4	3	0.750000000000036
15	4	1	5	35.16
15	4	3	5	2.51999999999998
15	4	2	5	12.29
15	4	5	3	1.96000000000001
15	4	5	4	1.02000000000002
15	4	6	4	1.05999999999997
15	4	1	6	30.96
15	4	3	6	4.32
15	4	2	6	9.86999999999997
15	4	5	6	2.67999999999999
15	4	6	6	0.140000000000022
15	4	4	6	1.74999999999993
15	4	6	3	0.490000000000036
15	4	7	2	0.950000000000063
15	4	7	3	0.769999999999914
15	4	7	4	0.810000000000088
15	4	1	7	45.21
15	4	3	7	7.42999999999991
15	4	2	7	11.94
15	4	4	7	2.25000000000003
15	4	5	7	2.33999999999998
15	4	6	7	1.22000000000006
15	4	7	7	0.0999999999999286
15	4	1	8	44.66
15	4	3	8	2.03000000000001
15	4	2	8	11.44
15	4	5	8	2.31999999999999
15	4	6	8	1.73999999999997
15	4	7	8	2.03000000000001
15	4	4	8	0.819999999999956
15	4	7	6	3.28000000000002
15	4	8	6	5.38000000000005
15	4	8	3	0.63999999999991
15	4	9	1	0.160000000000108
15	4	9	4	1.10999999999994
15	4	1	9	44.1
15	4	3	9	3.63000000000003
15	4	7	9	5.84999999999999
15	4	2	9	2.40000000000004
15	4	9	7	1.69999999999997
15	4	10	3	0.860000000000051
15	4	1	10	36.51
15	4	3	10	4.28000000000002
15	4	2	10	10.74
15	4	4	10	5.00999999999994
15	4	5	10	1.71000000000007
15	4	6	10	8.04000000000003
15	4	7	10	7.2799999999999
15	4	9	10	5.55000000000007
15	4	9	6	1.04999999999999
15	4	10	6	4.49999999999993
15	4	11	8	0.460000000000056
15	4	1	11	47.11
15	4	3	11	3.28999999999992
15	4	7	11	2.32000000000011
15	4	2	11	13.27
15	4	11	10	0.189999999999969
15	4	9	11	6.35999999999999
15	4	12	9	2.95000000000002
15	4	12	5	0.730000000000038
15	4	1	12	38.6699999999999
15	4	3	12	3.97
15	4	2	12	11.35
15	4	5	12	5.58999999999999
15	4	6	12	5.25999999999995
15	4	4	12	3.93000000000005
15	4	7	12	8.38000000000001
15	4	8	12	2.59999999999994
15	4	9	12	6.46000000000003
15	4	10	12	11.3600000000001
15	4	1	13	38.1
15	4	3	13	1.34999999999995
15	4	2	13	14.6800000000001
15	4	4	13	1.61999999999992
15	4	5	13	1.36999999999994
15	4	6	13	2.49000000000006
15	4	7	13	1.14000000000013
15	4	9	13	2.70999999999987
15	4	12	13	1.58999999999996
15	4	4	11	2.31
15	4	5	11	1.84000000000018
15	4	6	11	5.48999999999992
15	4	12	11	2.54000000000002
15	4	13	11	0.750000000000055
15	4	14	3	5.82999999999992
15	4	1	14	41.27
15	4	3	14	1.92999999999987
15	4	7	14	1.8
15	4	2	14	13.9300000000002
15	4	4	14	3.31999999999997
15	4	5	14	0.689999999999856
15	4	6	14	1.53
15	4	8	14	1.37000000000015
15	4	10	14	1.45999999999984
15	4	14	14	0.100000000000165
15	4	9	14	4.04000000000001
15	4	15	7	5.61999999999983
15	4	9	15	8.22000000000004
15	4	1	15	44.4500000000001
15	4	9	3	1.43000000000011
15	4	15	3	0.270000000000003
15	4	3	15	5.95999999999985
15	4	2	15	8.01000000000005
15	4	4	15	5.93999999999988
15	4	5	15	4.45000000000011
15	4	6	15	5.43999999999991
15	4	7	15	4.57000000000005
15	4	11	15	1.63999999999994
15	4	10	15	0.830000000000192
15	5	1	2	1.16999999999988
15	5	3	1	0.510000000000018
15	5	1	3	6.02000000000007
15	5	2	3	1.3
15	5	4	1	0.729999999999817
15	5	4	2	0.470000000000052
15	5	1	4	4.61000000000003
15	5	2	4	1.80999999999998
15	5	3	4	1.51000000000004
15	5	5	1	0.230000000000049
15	5	1	5	4.40000000000001
15	5	4	5	8.74999999999985
15	5	2	5	2.38000000000016
15	5	3	5	2.23999999999984
15	5	1	6	5.59000000000009
15	5	2	6	1.3999999999999
15	5	3	6	1.43000000000012
15	5	4	6	1.40999999999989
15	5	4	4	0.100000000000152
15	5	6	4	0.319999999999965
15	5	5	6	0.450000000000065
15	5	7	6	1.50999999999982
15	5	1	7	4.50000000000009
15	5	2	7	1.33999999999994
15	5	3	7	1.96000000000006
15	5	4	7	1.44000000000008
15	5	5	7	0.389999999999889
15	5	7	7	0.0799999999999486
15	5	6	7	0.450000000000071
15	5	6	6	0.109999999999927
15	5	1	8	3.66000000000017
15	5	2	8	1.01000000000002
15	5	3	8	1.53999999999978
15	5	4	8	1.94000000000008
15	5	5	8	0.720000000000063
15	5	7	8	4.57999999999998
15	5	6	8	6.32000000000002
15	5	8	7	0.579999999999965
15	5	5	4	0.309999999999972
15	5	7	4	0.50000000000002
15	5	8	4	0.220000000000054
15	5	1	9	11.83
15	5	4	9	4.4299999999999
15	5	2	9	1.59999999999996
15	5	9	4	0.740000000000036
15	5	3	9	3.29000000000005
15	5	6	9	5.60999999999997
15	5	5	9	0.569999999999961
15	5	7	9	2.27000000000001
15	5	8	9	0.780000000000008
15	5	9	9	0.100000000000156
15	5	10	4	1.57999999999979
15	5	1	10	4.87
15	5	4	10	3.40000000000014
15	5	2	10	1.16999999999988
15	5	10	5	1.02000000000001
15	5	11	10	1.1700000000001
15	5	3	11	2.26000000000007
15	5	4	11	5.30000000000001
15	5	5	11	0.399999999999901
15	5	1	11	1.80999999999998
15	5	11	4	0.700000000000074
15	5	2	11	1.22000000000005
15	5	10	11	3.24999999999984
15	5	1	12	10.6800000000002
15	5	4	12	4.33999999999996
15	5	2	12	2.68999999999987
15	5	12	8	0.200000000000065
15	5	2	2	0.0999999999999377
15	5	12	2	0.279999999999999
15	5	1	13	7.30000000000005
15	5	4	13	3.82999999999997
15	5	2	13	1.51000000000002
15	5	3	13	2.89999999999995
15	5	6	13	1.28
15	5	5	13	0.69000000000008
15	5	7	13	0.930000000000094
15	5	8	13	2.10999999999993
15	5	9	13	1.06999999999997
15	5	3	2	0.839999999999971
15	5	6	2	0.540000000000003
15	5	5	2	0.260000000000014
15	5	7	2	0.879999999999937
15	5	8	2	0.72000000000005
15	5	9	2	0.390000000000125
15	5	13	2	0.139999999999896
15	5	11	13	2.49000000000006
15	5	10	13	4.17999999999989
15	5	1	14	7.02000000000009
15	5	4	14	3.84999999999995
15	5	2	14	1.45000000000008
15	5	3	14	2.71999999999989
15	5	6	14	2.02000000000001
15	5	5	14	1.15000000000012
15	5	7	14	3.38999999999995
15	5	8	14	1.49000000000006
15	5	9	14	3.67999999999988
15	5	11	14	1.89000000000013
15	5	10	14	0.709999999999839
15	5	13	14	0.40000000000013
15	5	13	4	0.409999999999872
15	5	14	4	0.0800000000001777
15	5	12	14	0.709999999999857
15	5	1	15	6.14999999999999
15	5	2	15	1.60999999999994
15	5	3	15	2.57
15	5	4	15	1.62000000000016
15	5	5	15	0.579999999999943
15	5	7	15	0.510000000000014
15	5	6	15	1.10999999999993
15	5	8	15	1.30999999999998
15	5	15	4	0.269999999999998
15	5	10	15	2.71000000000007
15	5	10	9	2.93000000000011
15	5	15	9	2.11999999999993
20	1	1	2	2.43999999999989
20	1	1	3	1.05000000000001
20	1	3	2	0.730000000000057
20	1	1	4	3.17999999999994
20	1	3	4	0.62000000000015
20	1	2	4	0.229999999999814
20	1	3	3	0.110000000000159
20	1	2	3	0.359999999999916
20	1	4	3	0.309999999999985
20	1	1	5	0.520000000000014
20	1	3	5	0.619999999999932
20	1	2	5	0.250000000000009
20	1	4	5	0.22000000000005
20	1	4	4	0.0999999999999412
20	1	5	4	0.190000000000079
20	1	1	6	2.60999999999994
20	1	3	6	0.440000000000079
20	1	2	6	0.389999999999905
20	1	4	6	0.520000000000007
20	1	5	6	0.340000000000183
20	1	1	1	0.0899999999999341
20	1	3	1	0.319999999999976
20	1	2	1	0.500000000000025
20	1	4	1	0.24000000000003
20	1	5	1	0.339999999999952
20	1	6	1	0.149999999999888
20	1	7	2	0.539999999999994
20	1	7	6	0.490000000000039
20	1	1	7	0.510000000000032
20	1	3	7	0.339999999999934
20	1	7	7	0.0800000000001866
20	1	2	7	0.199999999999843
20	1	7	3	0.450000000000061
20	1	1	8	3.85999999999998
20	1	3	8	0.700000000000083
20	1	2	8	1.03
20	1	4	8	0.510000000000016
20	1	7	8	0.369999999999921
20	1	5	8	1.9500000000001
20	1	6	8	0.499999999999812
20	1	1	9	0.580000000000178
20	1	3	9	0.199999999999834
20	1	7	9	0.350000000000167
20	1	2	9	0.399999999999896
20	1	7	1	0.430000000000096
20	1	9	1	0.14999999999988
20	1	7	5	0.260000000000021
20	1	9	5	0.339999999999966
20	1	1	10	1.41000000000013
20	1	3	10	1.28000000000002
20	1	2	10	0.769999999999996
20	1	4	10	0.259999999999803
20	1	7	10	0.250000000000016
20	1	5	10	0.470000000000043
20	1	6	10	1.06999999999998
20	1	8	10	0.250000000000039
20	1	6	6	0.0899999999999359
20	1	8	6	0.289999999999994
20	1	10	6	0.880000000000155
20	1	5	5	0.0799999999999432
20	1	6	5	0.539999999999996
20	1	8	5	0.160000000000112
20	1	10	5	0.479999999999832
20	1	1	11	1.26000000000006
20	1	3	11	1.24000000000004
20	1	2	11	3.03
20	1	4	11	0.569999999999967
20	1	5	11	0.700000000000083
20	1	6	11	0.969999999999834
20	1	7	11	1.95000000000008
20	1	9	11	0.669999999999892
20	1	11	5	0.170000000000112
20	1	12	5	0.270000000000005
20	1	1	12	0.940000000000071
20	1	3	12	0.209999999999839
20	1	2	12	0.620000000000152
20	1	4	12	0.309999999999977
20	1	7	12	0.519999999999998
20	1	12	3	0.169999999999861
20	1	9	12	0.299999999999986
20	1	5	12	0.240000000000039
20	1	6	12	0.630000000000146
20	1	8	12	0.260000000000014
20	1	10	12	0.259999999999797
20	1	11	12	0.210000000000052
20	1	12	12	0.0899999999999361
20	1	1	13	0.120000000000148
20	1	3	13	0.179999999999861
20	1	7	13	0.14000000000013
20	1	2	13	0.0599999999999561
20	1	9	13	0.0799999999999432
20	1	13	1	0.750000000000046
20	1	2	2	0.109999999999925
20	1	9	2	0.350000000000167
20	1	13	2	1.02000000000004
20	1	14	3	1.22999999999984
20	1	14	2	0.670000000000121
20	1	14	4	4.24999999999985
20	1	15	12	1.73000000000006
20	1	15	6	5.75000000000005
20	1	15	10	2.58999999999998
20	1	15	9	0.849999999999961
20	1	16	6	0.630000000000143
20	1	16	3	1.38999999999992
20	1	16	11	1.90999999999996
20	1	1	16	0.160000000000098
20	1	3	16	0.139999999999905
20	1	7	16	0.0999999999999341
20	1	2	16	0.0800000000001724
20	1	15	16	0.169999999999861
20	1	9	16	0.0799999999999503
20	1	17	2	0.450000000000069
20	1	15	17	0.0399999999999958
20	1	17	9	0.279999999999996
20	1	1	18	0.910000000000112
20	1	3	18	0.359999999999923
20	1	2	18	0.270000000000005
20	1	4	18	0.22000000000005
20	1	7	18	0.299999999999972
20	1	5	18	0.270000000000007
20	1	6	18	0.649999999999894
20	1	8	18	0.0900000000001615
20	1	18	6	1.59999999999999
20	1	9	18	0.399999999999894
20	1	10	18	0.160000000000107
20	1	11	18	0.379999999999912
20	1	12	18	0.269999999999998
20	1	19	3	0.139999999999914
20	1	1	19	1.45000000000011
20	1	3	19	2.83999999999996
20	1	7	19	0.440000000000078
20	1	2	19	0.299999999999987
20	1	9	19	1.37999999999993
20	1	13	19	1.16000000000011
20	1	14	19	1.53000000000001
20	1	17	19	0.469999999999839
20	1	4	19	0.130000000000125
20	1	5	19	0.389999999999898
20	1	20	12	0.440000000000085
20	1	1	20	1.06999999999999
20	1	3	20	0.319999999999952
20	1	7	20	0.120000000000136
20	1	2	20	0.369999999999916
20	1	15	20	0.78000000000001
20	1	17	20	0.669999999999876
20	1	9	20	0.18000000000009
20	1	15	2	4.47000000000011
20	1	20	2	0.309999999999961
20	1	4	20	0.119999999999914
20	1	5	20	0.20000000000007
20	1	14	20	0.409999999999892
20	2	1	2	34.7100000000001
20	2	1	3	117.43
20	2	3	2	5.9999999999999
20	2	1	4	64.12
20	2	3	4	9.25000000000007
20	2	2	4	18.8200000000001
20	2	5	1	0.899999999999901
20	2	1	5	51.8700000000001
20	2	3	5	6.64
20	2	2	5	16.3799999999998
20	2	5	4	33.8900000000001
20	2	1	6	219.51
20	2	3	6	51.2200000000002
20	2	3	3	0.119999999999907
20	2	6	3	19.7100000000003
20	2	1	1	0.129999999999905
20	2	3	1	4.68999999999968
20	2	6	1	1.28
20	2	6	6	0.130000000000368
20	2	1	7	108.0
20	2	3	7	15.67
20	2	6	7	2.32999999999996
20	2	2	7	32.3700000000003
20	2	2	6	44.5399999999997
20	2	7	6	0.590000000000185
20	2	7	7	0.119999999999907
20	2	1	8	96.3100000000001
20	2	3	8	10.86
20	2	2	8	54.5799999999999
20	2	8	5	0.349999999999925
20	2	6	8	12.34
20	2	7	8	23.5400000000002
20	2	8	6	8.66999999999973
20	2	1	9	86.7300000000002
20	2	3	9	11.7800000000001
20	2	2	9	17.0099999999999
20	2	5	9	25.9100000000002
20	2	4	9	7.66999999999974
20	2	6	9	9.49000000000011
20	2	7	9	10.7900000000001
20	2	8	9	3.44999999999966
20	2	1	10	81.33
20	2	3	10	10.5400000000001
20	2	6	10	21.0199999999999
20	2	10	1	1.0900000000002
20	2	10	6	9.33000000000007
20	2	1	11	291.7
20	2	3	11	31.3599999999999
20	2	2	11	83.7300000000001
20	2	2	3	15.3899999999999
20	2	11	3	3.14000000000022
20	2	11	7	3.47999999999986
20	2	5	11	68.6099999999999
20	2	6	11	20.5999999999999
20	2	10	11	64.3900000000003
20	2	12	10	14.27
20	2	1	12	65.3699999999999
20	2	3	12	8.24999999999987
20	2	2	12	99.2600000000001
20	2	8	12	3.48999999999987
20	2	5	12	1.65000000000013
20	2	6	12	3.51000000000004
20	2	7	12	3.00000000000006
20	2	11	12	8.81999999999969
20	2	2	2	0.140000000000361
20	2	8	2	4.63999999999973
20	2	5	2	25.0500000000003
20	2	6	2	9.45999999999995
20	2	7	2	19.6099999999999
20	2	11	2	27.68
20	2	12	2	0.63000000000017
20	2	13	6	22.1199999999999
20	2	1	13	56.6899999999999
20	2	3	13	2.70999999999987
20	2	2	13	12.0700000000001
20	2	8	13	1.09000000000017
20	2	5	13	4.12999999999972
20	2	5	6	115.38
20	2	2	10	49.2199999999998
20	2	8	10	3.94999999999987
20	2	5	10	19.3500000000001
20	2	13	10	0.989999999999835
20	2	14	6	19.6800000000002
20	2	14	5	3.64999999999974
20	2	14	10	15.1800000000001
20	2	1	14	22.9500000000003
20	2	3	14	2.2799999999996
20	2	6	14	0.860000000000614
20	2	2	14	2.39999999999927
20	2	7	14	0.510000000000476
20	2	8	14	0.30999999999953
20	2	10	14	4.27000000000062
20	2	13	14	0.739999999999378
20	2	5	14	17.8400000000001
20	2	14	14	0.0900000000003978
20	2	1	15	61.9700000000001
20	2	3	15	14.4199999999995
20	2	2	15	18.9699999999999
20	2	5	15	37.5800000000003
20	2	4	15	9.68999999999993
20	2	8	15	5.40999999999992
20	2	6	15	40.6100000000004
20	2	7	15	22.6399999999998
20	2	11	15	24.2000000000002
20	2	12	15	19.9699999999999
20	2	4	10	35.1800000000003
20	2	7	10	19.4999999999999
20	2	11	10	7.5099999999996
20	2	15	10	1.4200000000004
20	2	5	3	68.2300000000001
20	2	4	3	2.07999999999931
20	2	8	3	2.39000000000018
20	2	7	3	1.32999999999974
20	2	12	3	18.8200000000007
20	2	15	3	20.5899999999997
20	2	16	4	0.239999999999821
20	2	1	16	89.3300000000002
20	2	3	16	11.6199999999995
20	2	2	16	33.6800000000003
20	2	5	16	31.0500000000001
20	2	16	16	0.140000000000367
20	2	4	16	5.42999999999946
20	2	6	16	12.3500000000003
20	2	12	16	27.3599999999995
20	2	8	16	3.47000000000076
20	2	13	16	2.90999999999923
20	2	14	16	32.8299999999999
20	2	7	16	16.9600000000001
20	2	11	16	10.37
20	2	15	16	15.4900000000007
20	2	10	16	10.6399999999997
20	2	1	17	104.4
20	2	3	17	8.89999999999997
20	2	2	17	19.41
20	2	5	17	24.2400000000002
20	2	4	17	4.76000000000004
20	2	8	17	3.89999999999992
20	2	6	17	12.4700000000004
20	2	7	17	16.3199999999999
20	2	11	17	11.3099999999998
20	2	12	17	7.39000000000044
20	2	15	17	5.17999999999949
20	2	10	17	16.7400000000004
20	2	13	17	9.96999999999996
20	2	14	17	35.2099999999994
20	2	5	5	0.13000000000037
20	2	4	5	2.16999999999967
20	2	6	5	3.21000000000032
20	2	7	5	6.42999999999993
20	2	11	5	3.60999999999953
20	2	12	5	8.7600000000008
20	2	15	5	2.20999999999986
20	2	10	5	22.1399999999994
20	2	13	5	1.5200000000003
20	2	17	5	3.65000000000044
20	2	1	18	61.42
20	2	3	18	8.26999999999937
20	2	6	18	2.65999999999989
20	2	2	18	29.5800000000006
20	2	11	18	4.2399999999996
20	2	5	18	37.8200000000002
20	2	4	18	3.34
20	2	8	18	1.52999999999978
20	2	7	18	7.70000000000062
20	2	12	18	22.1999999999993
20	2	15	18	18.5900000000002
20	2	6	4	13.4699999999997
20	2	11	4	25.4700000000002
20	2	4	4	0.120000000000136
20	2	8	4	6.23000000000007
20	2	7	4	19.0300000000001
20	2	12	4	40.5900000000001
20	2	15	4	8.26999999999997
20	2	18	4	1.84999999999952
20	2	10	18	6.28000000000029
20	2	13	18	2.48999999999986
20	2	14	18	8.95999999999971
20	2	16	18	0.920000000000325
20	2	18	18	0.139999999999677
20	2	1	19	111.760000000001
20	2	3	19	2.85999999999996
20	2	6	19	2.00999999999982
20	2	2	19	23.5399999999999
20	2	11	19	7.47999999999992
20	2	5	19	31.4700000000003
20	2	4	19	2.12999999999992
20	2	8	19	0.999999999999821
20	2	7	19	2.59999999999975
20	2	12	19	19.9200000000008
20	2	15	19	10.0999999999995
20	2	10	19	8.09999999999982
20	2	13	19	2.38000000000018
20	2	14	19	10.8199999999999
20	2	16	19	2.45000000000032
20	2	18	19	0.399999999999903
20	2	10	3	5.27000000000033
20	2	13	3	6.55999999999944
20	2	14	3	16.5000000000001
20	2	16	3	1.64000000000019
20	2	18	3	1.36999999999949
20	2	19	3	0.130000000000589
20	2	1	20	8.7
20	2	3	20	0.799999999999525
20	2	2	20	7.37000000000003
20	2	5	20	4.88000000000025
20	2	16	20	0.150000000000116
20	2	6	20	0.940000000000328
20	2	11	20	1.68999999999967
20	2	4	20	0.329999999999959
20	2	8	20	0.469999999999821
20	2	7	20	1.70999999999989
20	2	12	20	0.940000000000143
20	2	15	20	0.61999999999993
20	2	18	20	0.210000000000296
20	2	20	18	2.79999999999982
20	3	2	1	56.0299999999998
20	3	3	1	31.7699999999999
20	3	3	2	46.78
20	3	4	1	104.77
20	3	4	2	72.2099999999999
20	3	4	3	84.5400000000006
20	3	5	1	31.5299999999995
20	3	5	2	33.5799999999998
20	3	5	3	24.3100000000001
20	3	4	5	186.71
20	3	6	5	7.62999999999979
20	3	6	2	10.9800000000004
20	3	2	6	64.4700000000001
20	3	3	6	93.1599999999997
20	3	4	6	195.56
20	3	5	6	95.8500000000003
20	3	1	6	73.9099999999999
20	3	1	1	0.120000000000143
20	3	6	1	4.43999999999989
20	3	4	7	317.7
20	3	6	7	23.3099999999992
20	3	5	7	58.04
20	3	7	1	6.37000000000048
20	3	6	6	0.100000000000147
20	3	7	6	10.1099999999994
20	3	6	3	13.89
20	3	7	3	2.83000000000022
20	3	4	8	294.74
20	3	6	8	30.2599999999996
20	3	5	8	75.8700000000001
20	3	7	8	16.9099999999999
20	3	8	1	4.3400000000007
20	3	2	8	172.03
20	3	3	8	185.31
20	3	1	8	55.3699999999994
20	3	8	8	0.120000000000154
20	3	9	5	1.07999999999926
20	3	4	9	479.010000000001
20	3	6	9	62.25
20	3	5	9	98.5399999999991
20	3	7	9	35.3900000000006
20	3	3	9	120.530000000001
20	3	2	9	279.859999999999
20	3	9	6	49.6799999999988
20	3	10	5	2.49000000000008
20	3	4	10	255.420000000001
20	3	6	10	25.9499999999998
20	3	5	10	43.3700000000007
20	3	7	10	22.0799999999999
20	3	5	5	0.129999999998549
20	3	7	5	12.420000000001
20	3	7	7	0.130000000000575
20	3	10	7	0.69999999999985
20	3	4	11	288.25
20	3	6	11	25.0000000000002
20	3	5	11	72.2599999999996
20	3	7	11	10.0899999999993
20	3	2	11	111.320000000001
20	3	3	11	87.5000000000001
20	3	1	11	43.6399999999999
20	3	8	11	2.9499999999992
20	3	2	10	145.24
20	3	3	10	83.1099999999995
20	3	1	10	69.1800000000018
20	3	8	10	10.7399999999988
20	3	11	10	5.54000000000035
20	3	9	11	11.2400000000004
20	3	10	11	7.36000000000043
20	3	12	7	39.6699999999995
20	3	12	2	18.1300000000006
20	3	12	6	10.6799999999985
20	3	4	13	146.000000000001
20	3	6	13	28.2899999999997
20	3	9	13	15.0599999999999
20	3	10	13	24.0499999999998
20	3	5	13	30.8899999999999
20	3	7	13	20.9100000000003
20	3	9	2	20.6799999999995
20	3	10	2	6.50000000000007
20	3	7	2	12.7800000000005
20	3	13	2	1.30999999999978
20	3	2	13	43.2499999999996
20	3	3	13	60.2399999999998
20	3	1	13	38.6100000000001
20	3	8	13	18.3700000000008
20	3	4	14	229.679999999999
20	3	14	2	6.18000000000058
20	3	14	1	4.11999999999957
20	3	15	2	19.5099999999997
20	3	15	8	49.6300000000009
20	3	2	15	72.82
20	3	3	15	131.88
20	3	4	15	363.31
20	3	5	15	127.000000000001
20	3	1	15	197.52
20	3	6	15	93.4199999999999
20	3	7	15	89.4399999999985
20	3	8	15	80.4399999999999
20	3	14	15	179.08
20	3	15	1	9.14000000000095
20	3	16	7	93.5600000000002
20	3	4	16	278.669999999999
20	3	6	16	13.2400000000001
20	3	5	16	54.7200000000001
20	3	7	16	3.58000000000066
20	3	2	16	88.7400000000004
20	3	3	16	145.429999999999
20	3	1	16	110.190000000001
20	3	8	16	3.04000000000051
20	3	15	16	32.2099999999996
20	3	14	16	48.1499999999995
20	3	2	2	0.130000000000127
20	3	1	2	68.2499999999995
20	3	8	2	9.75000000000067
20	3	16	2	2.89999999999949
20	3	17	7	54.9099999999998
20	3	17	2	8.34000000000001
20	3	4	17	126.050000000002
20	3	6	17	18.3899999999987
20	3	5	17	15.8899999999996
20	3	7	17	6.76000000000028
20	3	2	17	56.5500000000013
20	3	3	17	61.2299999999984
20	3	1	17	44.5300000000017
20	3	8	17	12.3099999999999
20	3	11	17	4.73999999999949
20	3	10	17	0.829999999999064
20	3	8	6	28.2000000000001
20	3	11	6	20.4800000000011
20	3	10	6	17.4400000000004
20	3	17	6	49.8799999999996
20	3	4	18	264.82
20	3	5	18	215.26
20	3	6	18	29.7100000000001
20	3	7	18	67.159999999999
20	3	3	18	71.69
20	3	2	18	148.160000000001
20	3	1	18	96.9900000000002
20	3	8	18	62.6199999999997
20	3	14	18	163.299999999999
20	3	15	18	5.05000000000006
20	3	3	5	123.300000000001
20	3	2	5	80.0500000000001
20	3	1	5	46.4899999999995
20	3	8	5	15.5200000000009
20	3	14	5	197.57
20	3	15	5	14.8599999999996
20	3	18	5	1.22999999999985
20	3	4	19	210.63
20	3	6	19	26.349999999999
20	3	5	19	49.8900000000003
20	3	7	19	15.92
20	3	2	19	45.3000000000001
20	3	3	19	65.7099999999989
20	3	1	19	71.3799999999997
20	3	8	19	4.54000000000074
20	3	11	19	8.22000000000044
20	3	10	19	6.3100000000019
20	3	15	19	28.16
20	3	14	19	44.5799999999983
20	3	16	19	10.5699999999997
20	3	6	14	22.6100000000012
20	3	5	14	59.7400000000003
20	3	7	14	13.4299999999972
20	3	2	14	93.350000000003
20	3	3	14	81.8199999999991
20	3	1	14	101.89
20	3	8	14	6.56999999999869
20	3	11	14	14.7899999999997
20	3	10	14	5.26999999999986
20	3	15	14	20.4100000000026
20	3	14	14	0.109999999999693
20	3	16	14	1.1700000000006
20	3	19	14	0.219999999998254
20	3	9	19	14.4700000000015
20	3	18	19	52.0399999999972
20	3	2	20	142.210000000002
20	3	3	20	127.97
20	3	4	20	286.329999999999
20	3	5	20	76.5499999999993
20	3	1	20	96.0000000000015
20	3	6	20	20.1499999999985
20	3	7	20	14.4200000000004
20	3	8	20	38.5700000000025
20	3	14	20	78.4299999999987
20	3	15	20	10.9699999999993
20	3	9	20	37.1200000000015
20	3	12	20	24.1399999999977
20	3	11	20	12.1899999999996
20	3	10	20	11.7100000000025
20	3	17	20	42.3999999999997
20	3	12	5	19.1300000000006
20	3	11	5	3.52999999999709
20	3	17	5	37.5400000000013
20	3	20	5	0.509999999998703
20	4	1	2	358.460000000001
20	4	1	3	831.25
20	4	3	2	4.49000000000146
20	4	1	4	1712.83
20	4	3	4	39.5500000000016
20	4	2	4	98.45
20	4	3	3	0.130000000000571
20	4	2	3	219.079999999999
20	4	4	3	5.89999999999869
20	4	1	5	592.500000000003
20	4	3	5	92.1299999999994
20	4	2	5	63.0499999999993
20	4	5	3	3.54
20	4	5	4	31.55
20	4	6	4	13.3600000000012
20	4	1	6	802.859999999999
20	4	3	6	322.660000000001
20	4	2	6	176.319999999999
20	4	5	6	45.3100000000013
20	4	6	6	0.26000000000073
20	4	4	6	52.4999999999996
20	4	6	3	3.92999999999883
20	4	7	2	0.969999999999128
20	4	7	3	2.55000000000159
20	4	7	4	15.3499999999982
20	4	1	7	699.72
20	4	3	7	149.870000000001
20	4	2	7	129.959999999998
20	4	4	7	19.3500000000012
20	4	5	7	75.0600000000008
20	4	6	7	16.7299999999981
20	4	7	7	0.130000000000571
20	4	1	8	1581.65
20	4	3	8	33.3699999999978
20	4	2	8	82.25
20	4	5	8	28.129999999999
20	4	6	8	25.66
20	4	7	8	15.6500000000019
20	4	4	8	12.9800000000005
20	4	7	6	35.9599999999984
20	4	8	6	115.520000000002
20	4	8	3	1.86999999999837
20	4	9	1	1.75000000000076
20	4	9	4	7.28000000000084
20	4	1	9	769.849999999999
20	4	3	9	139.649999999999
20	4	7	9	100.950000000002
20	4	2	9	90.8199999999997
20	4	9	7	31.0899999999991
20	4	10	3	22.0399999999994
20	4	1	10	631.36
20	4	3	10	81.9300000000005
20	4	2	10	110.39
20	4	4	10	58.7800000000016
20	4	5	10	68.2499999999997
20	4	6	10	47.0899999999994
20	4	7	10	48.9999999999984
20	4	9	10	40.5600000000013
20	4	9	6	24.3999999999987
20	4	10	6	72.3200000000018
20	4	11	8	9.48999999999826
20	4	1	11	906.85
20	4	3	11	67.8000000000009
20	4	7	11	45.1699999999996
20	4	2	11	172.090000000001
20	4	11	10	0.410000000000611
20	4	9	11	69.699999999999
20	4	12	9	50.3700000000013
20	4	12	5	7.86000000000088
20	4	1	12	788.219999999998
20	4	3	12	121.239999999999
20	4	2	12	248.680000000003
20	4	5	12	207.31
20	4	6	12	150.859999999999
20	4	4	12	204.87
20	4	7	12	106.549999999998
20	4	8	12	158.730000000003
20	4	9	12	175.549999999999
20	4	10	12	378.25
20	4	1	13	687.94
20	4	3	13	43.3999999999997
20	4	2	13	75.8499999999988
20	4	4	13	12.41
20	4	5	13	33.4799999999983
20	4	6	13	48.2900000000012
20	4	7	13	6.34000000000027
20	4	9	13	38.6099999999991
20	4	12	13	18.1600000000032
20	4	4	11	20.1400000000015
20	4	5	11	28.5099999999977
20	4	6	11	63.8600000000031
20	4	12	11	34.4899999999971
20	4	13	11	85.5000000000017
20	4	14	3	8.46999999999856
20	4	1	14	633.850000000001
20	4	3	14	49.2400000000003
20	4	7	14	12.9099999999959
20	4	2	14	147.949999999999
20	4	4	14	13.9100000000012
20	4	5	14	29.1800000000003
20	4	6	14	27.5899999999988
20	4	8	14	15.9200000000009
20	4	10	14	22.4300000000003
20	4	14	14	0.119999999998537
20	4	9	14	38.0300000000049
20	4	15	7	16.3599999999948
20	4	9	15	125.180000000005
20	4	1	15	1743.84
20	4	9	3	6.07000000000142
20	4	15	3	25.7100000000018
20	4	3	15	92.6999999999959
20	4	2	15	141.5
20	4	4	15	158.490000000004
20	4	5	15	93.6599999999953
20	4	6	15	131.740000000001
20	4	7	15	54.4500000000009
20	4	11	15	71.9800000000026
20	4	10	15	16.8499999999971
20	4	1	16	560.069999999999
20	4	3	16	70.4300000000021
20	4	2	16	125.660000000003
20	4	4	16	25.7799999999942
20	4	5	16	56.3600000000055
20	4	6	16	12.7199999999998
20	4	7	16	25.2700000000006
20	4	9	16	17.5399999999959
20	4	11	16	16.5500000000038
20	4	10	16	34.2600000000011
20	4	8	16	39.8999999999935
20	4	11	14	19.1600000000029
20	4	16	14	22.8899999999972
20	4	14	16	72.9299999999996
20	4	15	16	34.2000000000068
20	4	1	17	1126.23999999999
20	4	3	17	34.0600000000059
20	4	2	17	70.4499999999962
20	4	4	17	12.7299999999986
20	4	5	17	35.4900000000053
20	4	6	17	21.6899999999964
20	4	7	17	16.6599999999998
20	4	9	17	25.1400000000041
20	4	11	17	11.9299999999968
20	4	10	17	45.7099999999999
20	4	8	17	46.2399999999968
20	4	14	17	23.8800000000015
20	4	15	17	36.7200000000046
20	4	16	17	4.2999999999986
20	4	4	5	30.6399999999963
20	4	5	5	0.210000000005511
20	4	6	5	58.9699999999939
20	4	7	5	30.6699999999994
20	4	9	5	19.2500000000047
20	4	11	5	61.4499999999979
20	4	10	5	100.689999999999
20	4	8	5	51.5400000000009
20	4	14	5	49.8899999999989
20	4	15	5	41.0599999999983
20	4	16	5	20.4400000000003
20	4	17	5	0.260000000003181
20	4	12	17	8.36999999999888
20	4	13	17	182.590000000002
20	4	18	1	8.97000000000265
20	4	18	17	395.189999999997
20	4	1	18	431.049999999998
20	4	3	18	77.120000000003
20	4	2	18	72.4799999999962
20	4	4	18	13.5900000000035
20	4	5	18	12.86
20	4	6	18	23.7099999999962
20	4	7	18	15.4600000000064
20	4	9	18	6.08999999999506
20	4	12	18	5.43999999999972
20	4	13	18	0.260000000003192
20	4	13	13	0.119999999998537
20	4	18	13	236.13
20	4	1	19	574.28
20	4	3	19	59.7499999999976
20	4	2	19	65.890000000003
20	4	4	19	16.3799999999994
20	4	5	19	25.910000000002
20	4	6	19	62.5599999999957
20	4	7	19	26.5600000000061
20	4	9	19	5.3499999999947
20	4	11	19	28.0199999999998
20	4	10	19	63.6700000000035
20	4	8	19	26.2899999999996
20	4	14	19	18.920000000002
20	4	15	19	21.3199999999969
20	4	16	19	69.989999999998
20	4	15	14	83.6800000000005
20	4	19	14	16.1500000000015
20	4	4	9	75.2599999999965
20	4	5	9	43.48
20	4	6	9	63.7100000000032
20	4	9	9	0.140000000002622
20	4	11	9	53.6499999999944
20	4	10	9	211.46
20	4	8	9	58.3900000000017
20	4	14	9	43.8700000000049
20	4	15	9	73.0499999999988
20	4	16	9	94.8700000000004
20	4	19	9	33.6699999999976
20	4	12	19	12.2400000000032
20	4	19	19	0.239999999997071
20	4	20	8	184.849999999999
20	4	20	14	166.359999999998
20	4	20	17	64.5400000000003
20	4	20	19	248.260000000003
20	5	1	2	22.5500000000033
20	5	3	1	2.06999999999471
20	5	1	3	32.9899999999991
20	5	2	3	12.5900000000006
20	5	4	1	2.57000000000006
20	5	4	2	4.26999999999932
20	5	1	4	35.75
20	5	2	4	27.6700000000006
20	5	3	4	19.4400000000023
20	5	5	1	0.630000000000571
20	5	1	5	58.0799999999999
20	5	4	5	36.5000000000006
20	5	2	5	32.9400000000006
20	5	3	5	29.419999999995
20	5	1	6	95.3400000000038
20	5	2	6	32.2699999999985
20	5	3	6	14.1599999999981
20	5	4	6	13.4900000000005
20	5	4	4	0.119999999998544
20	5	6	4	2.20000000000062
20	5	5	6	3.04000000000442
20	5	7	6	26.2199999999979
20	5	1	7	22.2599999999977
20	5	2	7	9.72000000000198
20	5	3	7	10.7300000000038
20	5	4	7	3.71999999999425
20	5	5	7	2.47000000000265
20	5	7	7	0.0999999999997017
20	5	6	7	2.94000000000257
20	5	6	6	0.130000000000571
20	5	1	8	41.4099999999994
20	5	2	8	47.7599999999959
20	5	3	8	35.0100000000024
20	5	4	8	15.1300000000032
20	5	5	8	3.16999999999849
20	5	7	8	245.859999999999
20	5	6	8	78.1100000000023
20	5	8	7	3.35999999999571
20	5	5	4	0.770000000001136
20	5	7	4	8.08000000000346
20	5	8	4	1.55999999999394
20	5	1	9	48.3499999999997
20	5	4	9	12.0800000000064
20	5	2	9	23.4099999999994
20	5	9	4	8.93999999999904
20	5	3	9	16.6499999999972
20	5	6	9	9.77999999999829
20	5	5	9	4.7200000000005
20	5	7	9	43.8900000000044
20	5	8	9	15.2399999999945
20	5	9	9	0.120000000003763
20	5	10	4	5.20999999999767
20	5	1	10	32.1699999999992
20	5	4	10	18.460000000002
20	5	2	10	10.8600000000021
20	5	10	5	3.6599999999985
20	5	11	10	9.41999999999975
20	5	3	11	20.78
20	5	4	11	9.10000000000004
20	5	5	11	1.58000000000198
20	5	1	11	27.5
20	5	11	4	2.69999999999676
20	5	2	11	16.6700000000046
20	5	10	11	4.12999999999978
20	5	1	12	36.9999999999991
20	5	4	12	30.2699999999953
20	5	2	12	15.8200000000003
20	5	12	8	1.60000000000083
20	5	2	2	0.120000000003888
20	5	12	2	0.299999999998828
20	5	1	13	54.2999999999988
20	5	4	13	16.3600000000032
20	5	2	13	16.5599999999985
20	5	3	13	25.3799999999954
20	5	6	13	21.9100000000056
20	5	5	13	3.0799999999979
20	5	7	13	4.34999999999776
20	5	8	13	14.1100000000023
20	5	9	13	1.36999999999967
20	5	3	2	12.4099999999988
20	5	6	2	8.64999999999886
20	5	5	2	2.17000000000577
20	5	7	2	2.58999999999686
20	5	8	2	2.75999999999819
20	5	9	2	3.78999999999952
20	5	13	2	0.140000000002608
20	5	11	13	3.23999999999616
20	5	10	13	2.97000000000345
20	5	1	14	51.5800000000021
20	5	4	14	18.3599999999959
20	5	2	14	12.0400000000026
20	5	3	14	18.2000000000012
20	5	6	14	17.8799999999948
20	5	5	14	3.67000000000373
20	5	7	14	66.8300000000029
20	5	8	14	14.2199999999956
20	5	9	14	12.5400000000035
20	5	11	14	11.3499999999959
20	5	10	14	2.87000000000093
20	5	13	14	6.50000000000137
20	5	13	4	11.280000000002
20	5	14	4	0.0899999999997085
20	5	12	14	5.37999999999773
20	5	1	15	67.5599999999968
20	5	2	15	8.53000000000352
20	5	3	15	18.9200000000009
20	5	4	15	10.1100000000021
20	5	5	15	1.63999999999648
20	5	7	15	4.32000000000313
20	5	6	15	7.53000000000033
20	5	8	15	28.4799999999965
20	5	15	4	3.24999999999853
20	5	10	15	1.79999999999997
20	5	10	9	7.36999999999889
20	5	15	9	22.9400000000029
20	5	1	16	87.089999999998
20	5	4	16	23.5900000000023
20	5	2	16	22.4600000000012
20	5	12	16	11.5400000000015
20	5	3	16	14.7999999999981
20	5	6	16	20.689999999998
20	5	5	16	2.310000000002
20	5	7	16	166.269999999995
20	5	8	16	44.7199999999999
20	5	9	16	10.3300000000012
20	5	13	16	3.20000000000063
20	5	10	16	22.9800000000003
20	5	15	16	17.4700000000038
20	5	11	16	11.5999999999959
20	5	17	3	1.71000000000142
20	5	1	17	30.7500000000012
20	5	2	17	10.6100000000003
20	5	3	17	14.6499999999971
20	5	4	17	13.8000000000024
20	5	6	17	28.1499999999959
20	5	5	17	6.78000000000669
20	5	7	17	65.2799999999976
20	5	8	17	23.8500000000004
20	5	9	17	7.0799999999971
20	5	10	17	4.80999999999825
20	5	11	17	7.64000000000603
20	5	13	17	3.92999999999974
20	5	14	17	6.96999999999765
20	5	15	17	11.7500000000035
20	5	3	10	14.4499999999979
20	5	6	10	19.8000000000006
20	5	5	10	3.88999999999557
20	5	7	10	29.3399999999991
20	5	8	10	30.5900000000056
20	5	9	10	14.8099999999994
20	5	10	10	0.11000000000173
20	5	13	10	15.9799999999986
20	5	14	10	0.349999999997651
20	5	15	10	13.089999999998
20	5	17	10	4.07999999999995
20	5	17	4	6.36000000000298
20	5	18	15	20.7300000000029
20	5	18	4	9.13999999999625
20	5	18	6	16.8799999999985
20	5	18	2	4.02999999999942
20	5	19	10	0.25000000000319
20	5	1	19	76.8
20	5	2	19	13.3700000000012
20	5	3	19	17.7799999999968
20	5	4	19	6.4800000000015
20	5	5	19	1.15999999999647
20	5	7	19	15.3000000000055
20	5	6	19	6.89999999999964
20	5	8	19	18.5299999999994
20	5	10	19	2.41000000000066
20	5	18	19	137.29
20	5	15	19	2.5999999999948
20	5	10	7	4.10000000000412
20	5	18	7	19.8700000000014
20	5	15	7	9.80999999999655
20	5	19	7	2.08000000000199
20	5	20	5	11.5399999999971
20	5	1	20	40.6000000000032
20	5	2	20	4.05999999999587
20	5	3	20	23.6000000000058
20	5	4	20	6.62999999999365
20	5	6	20	27.8300000000023
20	5	5	20	7.01999999999738
20	5	7	20	56.780000000002
20	5	8	20	22.7899999999994
20	5	9	20	7.21000000000141
20	5	10	20	14.4899999999997
20	5	11	20	6.34000000000437
20	5	13	20	7.14999999999453
20	5	14	20	1.16000000000169
20	5	15	20	14.1500000000009
20	5	17	20	4.76999999999829
20	5	18	20	39.0000000000046
20	5	20	20	0.109999999999804
20	5	13	13	0.0899999999997014
20	5	14	13	1.13999999999442
20	5	15	13	18.1400000000011
20	5	17	13	2.90000000000386
20	5	18	13	57.2699999999961
20	5	20	13	5.1300000000032
25	1	1	2	19.1300000000006
25	1	1	3	18.8799999999998
25	1	3	2	2.11999999999673
25	1	1	4	25.0100000000007
25	1	3	4	1.59000000000083
25	1	2	4	0.53000000000203
25	1	3	3	0.1099999999965
25	1	2	3	1.72000000000346
25	1	4	3	0.759999999999202
25	1	1	5	3.90999999999999
25	1	3	5	2.00000000000024
25	1	2	5	1.86999999999775
25	1	4	5	0.620000000001721
25	1	4	4	0.130000000000571
25	1	5	4	0.509999999995916
25	1	1	6	9.75000000000207
25	1	3	6	0.970000000002308
25	1	2	6	2.28999999999589
25	1	4	6	1.37000000000501
25	1	5	6	1.75999999999705
25	1	1	1	0.100000000001739
25	1	3	1	0.759999999997051
25	1	2	1	0.820000000004161
25	1	4	1	0.319999999995627
25	1	5	1	0.660000000000547
25	1	6	1	0.250000000001155
25	1	7	2	0.950000000001417
25	1	7	6	6.5800000000012
25	1	1	7	1.31999999999473
25	1	3	7	1.28000000000123
25	1	7	7	0.0899999999996979
25	1	2	7	2.01999999999829
25	1	7	3	0.420000000004631
25	1	1	8	10.9599999999991
25	1	3	8	1.93000000000053
25	1	2	8	1.40000000000056
25	1	4	8	1.07999999999483
25	1	7	8	1.87000000000172
25	1	5	8	3.12000000000412
25	1	6	8	4.84999999999878
25	1	1	9	44.1100000000015
25	1	3	9	1.59999999999878
25	1	7	9	2.73000000000173
25	1	2	9	11.9199999999962
25	1	7	1	1.6699999999994
25	1	9	1	0.600000000004133
25	1	7	5	1.15000000000056
25	1	9	5	1.99999999999627
25	1	1	10	17.7399999999971
25	1	3	10	1.79999999999997
25	1	2	10	0.860000000001726
25	1	4	10	0.580000000002903
25	1	7	10	1.39999999999863
25	1	5	10	0.820000000002899
25	1	6	10	5.73999999999729
25	1	8	10	1.07999999999892
25	1	6	6	0.110000000003776
25	1	8	6	0.119999999998534
25	1	10	6	0.55999999999678
25	1	5	5	0.119999999998537
25	1	6	5	6.28000000000464
25	1	8	5	1.65999999999658
25	1	10	5	2.16000000000282
25	1	1	11	38.0100000000006
25	1	3	11	16.9499999999989
25	1	2	11	7.6300000000032
25	1	4	11	11.6399999999961
25	1	5	11	25.1300000000018
25	1	6	11	6.02999999999885
25	1	7	11	3.81999999999699
25	1	9	11	38.7400000000021
25	1	11	5	0.229999999997078
25	1	12	5	1.08000000000415
25	1	1	12	4.03999999999701
25	1	3	12	1.13000000000172
25	1	2	12	1.48999999999718
25	1	4	12	1.19000000000667
25	1	7	12	1.35999999999968
25	1	12	3	0.299999999998828
25	1	9	12	3.84999999999481
25	1	5	12	0.670000000001448
25	1	6	12	9.15999999999963
25	1	8	12	1.08000000000211
25	1	10	12	2.60999999999799
25	1	11	12	0.81999999999881
25	1	12	12	0.190000000003483
25	1	1	13	2.39999999999647
25	1	3	13	3.37000000000092
25	1	7	13	2.76000000000023
25	1	2	13	7.21000000000062
25	1	9	13	8.13000000000433
25	1	13	1	0.169999999999524
25	1	2	2	0.119999999998544
25	1	9	2	1.46999999999822
25	1	13	2	2.69000000000257
25	1	14	3	1.24000000000036
25	1	14	2	3.32999999999505
25	1	14	4	6.93000000000202
25	1	15	12	3.76000000000433
25	1	15	6	13.4399999999936
25	1	15	10	7.00000000000262
25	1	15	9	6.25999999999853
25	1	16	6	2.27000000000352
25	1	16	3	5.72999999999651
25	1	16	11	1.87000000000092
25	1	1	16	0.850000000002872
25	1	3	16	0.590000000000847
25	1	7	16	0.169999999999398
25	1	2	16	0.609999999999793
25	1	15	16	1.44999999999528
25	1	9	16	0.15000000000261
25	1	17	2	1.43999999999745
25	1	15	17	0.0300000000020262
25	1	17	9	1.77999999999907
25	1	1	18	10.2900000000026
25	1	3	18	1.98999999999922
25	1	2	18	2.22999999999822
25	1	4	18	1.7300000000014
25	1	7	18	1.2999999999969
25	1	5	18	0.400000000002599
25	1	6	18	4.34000000000197
25	1	8	18	0.259999999997955
25	1	18	6	10.8700000000026
25	1	9	18	2.19999999999744
25	1	10	18	1.62000000000195
25	1	11	18	2.14999999999657
25	1	12	18	0.620000000004911
25	1	19	3	0.210000000000274
25	1	1	19	8.70999999999767
25	1	3	19	1.76000000000035
25	1	7	19	0.750000000001144
25	1	2	19	1.41999999999531
25	1	9	19	2.10000000000414
25	1	13	19	1.8299999999988
25	1	14	19	0.670000000002595
25	1	17	19	3.53999999999804
25	1	4	19	0.339999999995618
25	1	5	19	1.04999999999996
25	1	20	12	1.44000000000462
25	1	1	20	12.0199999999992
25	1	3	20	1.58999999999879
25	1	7	20	0.620000000003763
25	1	2	20	0.959999999994249
25	1	15	20	3.65000000000489
25	1	17	20	2.66999999999974
25	1	9	20	1.46999999999822
25	1	15	2	6.93999999999678
25	1	20	2	2.0000000000015
25	1	4	20	0.700000000001417
25	1	5	20	0.310000000000969
25	1	14	20	1.45000000000257
25	1	1	21	16.1499999999933
25	1	3	21	3.41000000000293
25	1	2	21	2.04000000000317
25	1	4	21	0.289999999994741
25	1	5	21	1.16000000000066
25	1	6	21	7.48000000000378
25	1	7	21	0.839999999995616
25	1	9	21	29.2599999999991
25	1	13	21	3.73000000000674
25	1	14	21	4.58999999999789
25	1	17	21	6.11999999999604
25	1	15	21	9.52000000000261
25	1	20	21	0.949999999998234
25	1	22	6	5.64000000000286
25	1	22	8	11.3499999999989
25	1	22	12	0.590000000000844
25	1	22	3	0.570000000000856
25	1	1	23	5.80999999999917
25	1	3	23	6.82000000000028
25	1	2	23	8.36999999999593
25	1	4	23	1.97000000000664
25	1	5	23	2.74999999999421
25	1	6	23	38.3399999999988
25	1	7	23	2.91000000000703
25	1	9	23	4.75999999999625
25	1	16	23	6.53999999999964
25	1	11	23	0.260000000003192
25	1	16	12	2.64999999999566
25	1	23	12	1.81000000000519
25	1	4	13	2.79999999999952
25	1	5	13	2.12999999999671
25	1	6	13	1.3400000000021
25	1	16	13	2.02999999999624
25	1	11	13	0.540000000002017
25	1	23	13	0.150000000002603
25	1	12	23	1.91999999999531
25	1	14	23	3.55000000000462
25	1	19	23	2.74999999999831
25	1	22	23	4.93999999999882
25	1	1	24	5.46000000000062
25	1	3	24	1.62999999999967
25	1	7	24	1.05000000000202
25	1	2	24	0.519999999997946
25	1	15	24	15.6500000000024
25	1	17	24	6.40000000000091
25	1	9	24	13.8800000000002
25	1	4	24	0.479999999995034
25	1	5	24	2.39999999999976
25	1	14	24	0.630000000003765
25	1	20	24	0.21000000000028
25	1	13	24	2.6899999999995
25	1	6	24	1.62999999999967
25	1	8	24	0.319999999998817
25	1	10	24	0.269999999999989
25	1	16	24	2.22999999999629
25	1	18	24	2.49000000000139
25	1	22	24	3.56000000000325
25	1	4	2	1.25999999999705
25	1	5	2	6.14000000000113
25	1	6	2	28.0299999999971
25	1	8	2	2.54000000000429
25	1	10	2	2.03999999999622
25	1	16	2	1.65000000000181
25	1	18	2	9.17999999999996
25	1	22	2	12.0399999999994
25	1	24	2	0.300000000002012
25	1	25	14	0.119999999996601
25	1	1	25	21.160000000002
25	1	3	25	3.55999999999791
25	1	2	25	2.26000000000035
25	1	4	25	3.66000000000579
25	1	5	25	3.51999999999419
25	1	6	25	15.3400000000058
25	1	7	25	3.70999999999732
25	1	9	25	5.01999999999648
25	1	16	25	5.63000000000648
25	1	11	25	1.01999999999705
25	1	15	25	22.2200000000003
25	1	17	25	8.04999999999827
25	1	13	25	1.83000000000414
25	1	14	25	0.929999999997353
25	1	20	25	1.86999999999967
25	1	8	25	1.49999999999705
25	1	10	25	2.51000000000068
25	1	18	25	3.52999999999908
25	1	22	25	5.82000000000665
25	1	24	25	3.88999999999659
25	2	1	2	1418.4
25	2	1	3	2683.66
25	2	3	2	169.159999999997
25	2	1	4	3134.95
25	2	3	4	129.940000000004
25	2	2	4	709.76
25	2	5	1	7.82999999999495
25	2	1	5	1502.69
25	2	3	5	92.5699999999959
25	2	2	5	147.030000000004
25	2	5	4	802.27
25	2	1	6	4791.31
25	2	3	6	695.269999999999
25	2	3	3	0.229999999997073
25	2	6	3	109.480000000004
25	2	1	1	0.15000000000261
25	2	3	1	31.4799999999971
25	2	6	1	4.52000000000022
25	2	6	6	0.150000000000573
25	2	1	7	2972.75
25	2	3	7	135.269999999997
25	2	6	7	229.349999999998
25	2	2	7	455.78
25	2	2	6	768.099999999999
25	2	7	6	27.4400000000105
25	2	7	7	0.129999999991259
25	2	1	8	3352.1
25	2	3	8	205.739999999995
25	2	2	8	243.710000000004
25	2	8	5	3.52999999999658
25	2	6	8	875.270000000007
25	2	7	8	163.119999999995
25	2	8	6	63.2200000000005
25	2	1	9	3029.78000000001
25	2	3	9	451.250000000003
25	2	2	9	933.569999999994
25	2	5	9	515.000000000006
25	2	4	9	175.99
25	2	6	9	418.209999999991
25	2	7	9	404.950000000001
25	2	8	9	377.880000000007
25	2	1	10	2379.82999999999
25	2	3	10	110.390000000003
25	2	6	10	219.089999999999
25	2	10	1	49.7600000000052
25	2	10	6	555.11
25	2	1	11	1654.22
25	2	3	11	504.960000000001
25	2	2	11	1716.00999999999
25	2	2	3	807.320000000001
25	2	11	3	20.3499999999972
25	2	11	7	147.20000000001
25	2	5	11	382.439999999991
25	2	6	11	722.23
25	2	10	11	3014.05
25	2	12	10	245.099999999998
25	2	1	12	2208.2
25	2	3	12	97.4200000000133
25	2	2	12	592.769999999988
25	2	8	12	92.0900000000043
25	2	5	12	42.9300000000078
25	2	6	12	94.5599999999997
25	2	7	12	64.029999999995
25	2	11	12	105.420000000004
25	2	2	2	0.159999999990323
25	2	8	2	299.79000000001
25	2	5	2	309.269999999989
25	2	6	2	819.300000000004
25	2	7	2	285.090000000003
25	2	11	2	120.979999999993
25	2	12	2	140.430000000011
25	2	13	6	1169.44999999999
25	2	1	13	3621.7
25	2	3	13	116.060000000006
25	2	2	13	1469.74
25	2	8	13	97.8299999999999
25	2	5	13	754.500000000004
25	2	5	6	469.67999999999
25	2	2	10	319.280000000001
25	2	8	10	167.920000000001
25	2	5	10	200.910000000001
25	2	13	10	372.400000000003
25	2	14	6	290.31
25	2	14	5	210.690000000005
25	2	14	10	694.349999999996
25	2	1	14	269.239999999995
25	2	3	14	25.6000000000004
25	2	6	14	3.60000000000948
25	2	2	14	119.489999999998
25	2	7	14	20.6599999999935
25	2	8	14	13.1500000000103
25	2	10	14	61.869999999989
25	2	13	14	95.5999999999999
25	2	5	14	252.850000000003
25	2	14	14	0.100000000007203
25	2	1	15	2426.31
25	2	3	15	100.4
25	2	2	15	452.599999999997
25	2	5	15	508.819999999997
25	2	4	15	317.020000000005
25	2	8	15	662.699999999997
25	2	6	15	340.369999999994
25	2	7	15	513.540000000004
25	2	11	15	663.000000000008
25	2	12	15	333.239999999994
25	2	4	10	88.8700000000006
25	2	7	10	227.469999999995
25	2	11	10	88.4799999999962
25	2	15	10	67.1000000000099
25	2	5	3	479.58999999999
25	2	4	3	189.580000000009
25	2	8	3	91.2899999999918
25	2	7	3	35.7100000000069
25	2	12	3	257.690000000005
25	2	15	3	484.789999999988
25	2	16	4	0.160000000004878
25	2	1	16	2232.24
25	2	3	16	128.909999999999
25	2	2	16	348.669999999999
25	2	5	16	411.080000000011
25	2	16	16	0.129999999996489
25	2	4	16	48.2400000000021
25	2	6	16	400.489999999994
25	2	12	16	420.780000000002
25	2	8	16	391.620000000002
25	2	13	16	359.159999999993
25	2	14	16	2029.6
25	2	7	16	229.829999999999
25	2	11	16	99.5899999999993
25	2	15	16	507.72
25	2	10	16	107.700000000009
25	2	1	17	980.810000000002
25	2	3	17	189.519999999993
25	2	2	17	494.130000000003
25	2	5	17	168.950000000005
25	2	4	17	700.439999999999
25	2	8	17	177.269999999989
25	2	6	17	263.810000000006
25	2	7	17	119.429999999997
25	2	11	17	152.559999999998
25	2	12	17	213.72000000001
25	2	15	17	36.5199999999879
25	2	10	17	626.200000000003
25	2	13	17	108.430000000001
25	2	14	17	829.800000000004
25	2	5	5	0.139999999995563
25	2	4	5	36.4300000000071
25	2	6	5	35.2599999999916
25	2	7	5	52.8100000000013
25	2	11	5	113.720000000002
25	2	12	5	128.199999999999
25	2	15	5	81.0799999999965
25	2	10	5	428.510000000012
25	2	13	5	89.3399999999999
25	2	17	5	410.199999999999
25	2	1	18	1593.32
25	2	3	18	53.9600000000026
25	2	6	18	135.099999999992
25	2	2	18	344.840000000006
25	2	11	18	40.0099999999864
25	2	5	18	368.210000000011
25	2	4	18	24.5900000000024
25	2	8	18	102.439999999988
25	2	7	18	101.570000000002
25	2	12	18	556.210000000008
25	2	15	18	141.230000000004
25	2	6	4	257.809999999987
25	2	11	4	214.269999999996
25	2	4	4	0.150000000004876
25	2	8	4	860.650000000002
25	2	7	4	110.719999999994
25	2	12	4	269.300000000002
25	2	15	4	328.080000000018
25	2	18	4	43.8399999999972
25	2	10	18	302.099999999986
25	2	13	18	112.979999999995
25	2	14	18	640.700000000024
25	2	16	18	11.6400000000038
25	2	18	18	0.13999999999556
25	2	1	19	2543.41999999998
25	2	3	19	58.8200000000102
25	2	6	19	19.350000000012
25	2	2	19	670.629999999984
25	2	11	19	58.6800000000055
25	2	5	19	440.380000000008
25	2	4	19	366.729999999984
25	2	8	19	74.5300000000004
25	2	7	19	103.9
25	2	12	19	148.060000000003
25	2	15	19	121.750000000002
25	2	10	19	463.929999999994
25	2	13	19	270.940000000018
25	2	14	19	285.529999999995
25	2	16	19	71.459999999978
25	2	18	19	15.1500000000194
25	2	10	3	465.019999999992
25	2	13	3	299.139999999987
25	2	14	3	509.08000000001
25	2	16	3	58.3899999999999
25	2	18	3	59.3600000000129
25	2	19	3	5.04999999999814
25	2	1	20	438.059999999991
25	2	3	20	3.1599999999885
25	2	2	20	23.7700000000209
25	2	5	20	5.42999999997824
25	2	16	20	0.120000000025826
25	2	6	20	9.40000000000215
25	2	11	20	6.7899999999861
25	2	4	20	0.390000000005351
25	2	8	20	15.7499999999807
25	2	7	20	6.11000000001106
25	2	12	20	3.95000000000779
25	2	15	20	6.99999999999683
25	2	18	20	0.459999999984136
25	2	20	18	694.020000000027
25	2	21	5	0.869999999978752
25	2	1	21	1581.62000000001
25	2	3	21	86.2400000000012
25	2	6	21	92.8000000000134
25	2	12	21	187.15999999998
25	2	2	21	360.30000000001
25	2	8	21	132.759999999994
25	2	5	21	503.629999999994
25	2	13	21	27.4199999999962
25	2	14	21	404.620000000005
25	2	4	21	54.9100000000124
25	2	7	21	135.580000000009
25	2	11	21	79.2099999999921
25	2	15	21	226.319999999996
25	2	10	21	170.26999999999
25	2	16	21	11.3900000000219
25	2	18	21	19.8799999999858
25	2	5	22	418.520000000013
25	2	1	22	2674.45999999999
25	2	3	22	180.919999999987
25	2	6	22	290.180000000006
25	2	10	22	529.349999999988
25	2	10	9	416.37000000002
25	2	22	9	37.0899999999797
25	2	2	22	457.989999999998
25	2	4	22	222.600000000025
25	2	7	22	603.71999999998
25	2	8	22	529.980000000024
25	2	22	22	0.159999999975085
25	2	9	22	1.02000000001273
25	2	6	13	420.880000000005
25	2	10	13	637.530000000007
25	2	4	13	58.4599999999771
25	2	7	13	205.860000000005
25	2	22	13	4.40999999999669
25	2	9	13	19.3599999999976
25	2	1	23	962.530000000016
25	2	3	23	39.0299999999866
25	2	6	23	94.009999999997
25	2	2	23	292.160000000013
25	2	11	23	25.9299999999928
25	2	5	23	903.240000000006
25	2	4	23	53.4399999999985
25	2	8	23	58.1299999999906
25	2	7	23	124.550000000021
25	2	12	23	338.19999999998
25	2	15	23	149.940000000015
25	2	10	23	366.780000000001
25	2	13	23	118.540000000001
25	2	14	23	829.639999999998
25	2	16	23	39.8399999999797
25	2	18	23	22.2600000000209
25	2	20	23	185.739999999991
25	2	19	23	34.969999999998
25	2	20	3	171.569999999988
25	2	23	3	114.900000000024
25	2	11	6	113.059999999977
25	2	4	6	702.980000000005
25	2	12	6	560.140000000007
25	2	15	6	305.410000000007
25	2	16	6	758.990000000005
25	2	18	6	135.289999999975
25	2	20	6	485.23000000002
25	2	19	6	473.379999999981
25	2	23	6	166.329999999998
25	2	1	24	2051.10000000002
25	2	3	24	91.7700000000082
25	2	2	24	335.469999999991
25	2	8	24	65.2700000000011
25	2	5	24	242.210000000004
25	2	6	24	254.999999999987
25	2	10	24	212.819999999998
25	2	4	24	108.709999999994
25	2	7	24	236.300000000021
25	2	22	24	318.750000000006
25	2	9	24	28.089999999987
25	2	13	24	62.7999999999906
25	2	22	6	367.620000000013
25	2	9	6	525.809999999992
25	2	24	6	68.2699999999984
25	2	11	24	58.0700000000175
25	2	16	24	26.0399999999959
25	2	12	24	341.189999999981
25	2	15	24	534.799999999998
25	2	18	24	13.1500000000028
25	2	1	25	18540.03
25	2	3	25	80.1000000000006
25	2	2	25	762.039999999993
25	2	8	25	252.580000000001
25	2	5	25	324.080000000002
25	2	6	25	117.200000000001
25	2	7	25	136.190000000007
25	2	11	25	49.2599999999955
25	2	12	25	634.109999999985
25	2	4	25	302.660000000007
25	2	10	25	508.069999999992
25	2	22	25	170.480000000005
25	2	9	25	117.08000000001
25	2	15	25	185.18
25	2	13	25	198.999999999985
25	2	14	25	778.970000000023
25	2	16	25	226.949999999995
25	2	18	25	78.4999999999832
25	2	20	25	127.500000000017
25	3	2	1	966.169999999988
25	3	3	1	812.519999999997
25	3	3	2	310.100000000017
25	3	4	1	1854.55
25	3	4	2	1062.42
25	3	4	3	2258.36000000001
25	3	5	1	232.649999999991
25	3	5	2	274.019999999995
25	3	5	3	158.65999999999
25	3	4	5	8172.66000000001
25	3	6	5	52.1299999999933
25	3	6	2	144.420000000025
25	3	2	6	3419.22999999998
25	3	3	6	2007.20999999999
25	3	4	6	4721.48
25	3	5	6	200.270000000019
25	3	1	6	1314.62999999999
25	3	1	1	0.15000000000488
25	3	6	1	89.0500000000079
25	3	4	7	11525.55
25	3	6	7	409.629999999982
25	3	5	7	450.489999999992
25	3	7	1	41.920000000016
25	3	6	6	0.160000000004873
25	3	7	6	178.189999999982
25	3	6	3	47.1800000000071
25	3	7	3	34.469999999988
25	3	4	8	5489.71000000001
25	3	6	8	324.589999999991
25	3	5	8	480.620000000004
25	3	7	8	55.9200000000124
25	3	8	1	172.269999999987
25	3	2	8	954.010000000016
25	3	3	8	970.760000000002
25	3	1	8	568.239999999992
25	3	8	8	0.149999999986465
25	3	9	5	1.21000000002234
25	3	4	9	7007.29999999998
25	3	6	9	468.560000000028
25	3	5	9	1079.06999999998
25	3	7	9	255.630000000006
25	3	3	9	1661.42000000002
25	3	2	9	2320.48999999999
25	3	9	6	428.549999999999
25	3	10	5	15.4499999999876
25	3	4	10	4154.93000000002
25	3	6	10	501.430000000005
25	3	5	10	621.479999999995
25	3	7	10	330.349999999989
25	3	5	5	0.13999999999556
25	3	7	5	68.6499999999994
25	3	7	7	0.149999999995559
25	3	10	7	10.9100000000031
25	3	4	11	3437.41000000002
25	3	6	11	427.569999999994
25	3	5	11	684.069999999996
25	3	7	11	69.9699999999935
25	3	2	11	3425.41000000004
25	3	3	11	1103.68999999996
25	3	1	11	839.440000000015
25	3	8	11	70.609999999984
25	3	2	10	7051.19000000004
25	3	3	10	1431.24999999996
25	3	1	10	1436.27999999999
25	3	8	10	298.259999999996
25	3	11	10	79.7600000000528
25	3	9	11	262.529999999951
25	3	10	11	68.4600000000426
25	3	12	7	1437.08999999997
25	3	12	2	230.880000000019
25	3	12	6	795.019999999987
25	3	4	13	2098.95000000002
25	3	6	13	360.740000000016
25	3	9	13	169.139999999948
25	3	10	13	187.449999999997
25	3	5	13	296.139999999999
25	3	7	13	209.250000000054
25	3	9	2	217.609999999978
25	3	10	2	25.0700000000229
25	3	7	2	75.2399999999793
25	3	13	2	128.019999999993
25	3	2	13	1921.53999999999
25	3	3	13	1119.29000000003
25	3	1	13	948.379999999986
25	3	8	13	319.000000000016
25	3	4	14	3644.11
25	3	14	2	26.80999999999
25	3	14	1	40.0299999999786
25	3	15	2	57.7199999999825
25	3	15	8	241.880000000019
25	3	2	15	1919.49
25	3	3	15	3413.75
25	3	4	15	7178.53000000002
25	3	5	15	939.569999999979
25	3	1	15	4507.17
25	3	6	15	697.290000000002
25	3	7	15	486.320000000003
25	3	8	15	857.379999999971
25	3	14	15	1695.75000000003
25	3	15	1	96.3200000000213
25	3	16	7	1028.08999999997
25	3	4	16	3532.96999999998
25	3	6	16	266.390000000037
25	3	5	16	488.159999999976
25	3	7	16	38.4100000000105
25	3	2	16	2539.43999999997
25	3	3	16	2308.42000000005
25	3	1	16	450.25999999998
25	3	8	16	34.3799999999751
25	3	15	16	236.160000000009
25	3	14	16	750.58000000001
25	3	2	2	0.149999999995565
25	3	1	2	187.429999999996
25	3	8	2	60.8000000000009
25	3	16	2	23.1800000000144
25	3	17	7	2316.20999999999
25	3	17	2	86.5299999999748
25	3	4	17	3466.99
25	3	6	17	505.490000000023
25	3	5	17	228.760000000033
25	3	7	17	56.7599999999673
25	3	2	17	2954.65000000003
25	3	3	17	753.639999999996
25	3	1	17	657.059999999979
25	3	8	17	661.220000000008
25	3	11	17	81.3400000000163
25	3	10	17	2.55999999999884
25	3	8	6	835.969999999985
25	3	11	6	99.0900000000143
25	3	10	6	136.059999999981
25	3	17	6	697.36999999998
25	3	4	18	4092.72999999999
25	3	5	18	1619.33000000001
25	3	6	18	352.660000000036
25	3	7	18	369.539999999953
25	3	3	18	1697.76000000003
25	3	2	18	3949.58000000003
25	3	1	18	1219.11999999995
25	3	8	18	899.820000000016
25	3	14	18	2650.59000000001
25	3	15	18	7.10999999998399
25	3	3	5	1530.85
25	3	2	5	2392.11999999999
25	3	1	5	2322.39000000001
25	3	8	5	554.010000000025
25	3	14	5	1594.15999999999
25	3	15	5	31.2500000000178
25	3	18	5	26.1899999999801
25	3	4	19	3324.26999999997
25	3	6	19	264.79000000005
25	3	5	19	454.349999999998
25	3	7	19	56.8999999999628
25	3	2	19	2955.03000000001
25	3	3	19	1827.82
25	3	1	19	423.429999999985
25	3	8	19	393.999999999992
25	3	11	19	144.440000000042
25	3	10	19	87.2599999999907
25	3	15	19	180.700000000002
25	3	14	19	1618.77
25	3	16	19	228.080000000001
25	3	6	14	183.099999999998
25	3	5	14	475.629999999983
25	3	7	14	35.1899999999744
25	3	2	14	2703.19000000005
25	3	3	14	802.659999999954
25	3	1	14	714.75000000004
25	3	8	14	35.6699999999762
25	3	11	14	66.1300000000151
25	3	10	14	52.8499999999983
25	3	15	14	325.099999999991
25	3	14	14	0.200000000023715
25	3	16	14	31.0899999999963
25	3	19	14	0.129999999986254
25	3	9	19	314.880000000024
25	3	18	19	154.199999999991
25	3	2	20	3124.99999999997
25	3	3	20	1763.97999999998
25	3	4	20	3464.00000000002
25	3	5	20	1472.99000000002
25	3	1	20	749.329999999998
25	3	6	20	468.759999999985
25	3	7	20	65.689999999998
25	3	8	20	478.020000000022
25	3	14	20	1172.68000000001
25	3	15	20	271.639999999968
25	3	9	20	407.030000000013
25	3	12	20	858.389999999975
25	3	11	20	123.220000000021
25	3	10	20	37.8399999999815
25	3	17	20	1443.50000000001
25	3	12	5	567.310000000013
25	3	11	5	31.1699999999726
25	3	17	5	764.370000000008
25	3	20	5	2.52000000002365
25	3	4	21	3169.53000000001
25	3	6	21	504.09
25	3	9	21	306.28999999999
25	3	10	21	227.920000000012
25	3	5	21	441.06999999999
25	3	7	21	291.589999999969
25	3	3	21	2564.35000000003
25	3	2	21	1348.25999999996
25	3	1	21	486.979999999999
25	3	8	21	412.710000000053
25	3	14	21	1434.14999999999
25	3	15	21	172.409999999967
25	3	18	21	21.1600000000051
25	3	12	21	1164.96000000004
25	3	11	21	105.13999999999
25	3	17	21	854.850000000002
25	3	20	21	409.949999999997
25	3	9	7	1292.99000000001
25	3	3	7	3221.90999999996
25	3	2	7	2150.63000000002
25	3	1	7	2450.36000000001
25	3	8	7	456.400000000016
25	3	14	7	891.279999999984
25	3	15	7	178.329999999989
25	3	18	7	158.099999999996
25	3	11	7	157.539999999984
25	3	20	7	219.150000000052
25	3	21	7	24.0299999999693
25	3	16	21	462.550000000002
25	3	21	21	0.179999999976431
25	3	22	20	0.240000000012076
25	3	3	22	1044.56000000003
25	3	4	22	5884.09999999998
25	3	5	22	686.250000000008
25	3	6	22	219.049999999979
25	3	12	22	959.880000000026
25	3	9	22	330.140000000005
25	3	10	22	355.559999999963
25	3	7	22	141.340000000022
25	3	13	22	2788.91999999999
25	3	14	22	1613.45999999999
25	3	15	22	460.390000000014
25	3	2	22	1637.55000000001
25	3	1	22	786.630000000019
25	3	8	22	131.939999999995
25	3	16	22	937.150000000001
25	3	17	22	1286.79999999999
25	3	11	22	15.6200000000022
25	3	23	15	587.799999999972
25	3	4	23	5475.72000000005
25	3	6	23	65.089999999969
25	3	9	23	578.560000000008
25	3	10	23	247.190000000003
25	3	5	23	354.000000000005
25	3	7	23	127.369999999986
25	3	3	23	1486.67000000001
25	3	2	23	1787.04999999997
25	3	1	23	710.420000000056
25	3	8	23	515.05999999995
25	3	14	23	1023.61000000001
25	3	15	23	351.580000000027
25	3	18	23	242.529999999984
25	3	12	23	584.380000000022
25	3	11	23	144.889999999952
25	3	17	23	1617.20000000004
25	3	20	23	587.720000000004
25	3	16	23	1022.04
25	3	21	23	59.9900000000012
25	3	23	7	8.53999999997701
25	3	3	24	3371.50000000001
25	3	4	24	7222.71999999997
25	3	5	24	862.100000000013
25	3	6	24	1233.35000000001
25	3	12	24	2080.72000000001
25	3	9	24	1014.74999999999
25	3	10	24	393.249999999998
25	3	7	24	415.090000000018
25	3	13	24	2091.84999999999
25	3	14	24	2255.61000000002
25	3	15	24	1332.73999999997
25	3	2	24	4084.27000000002
25	3	1	24	1906.63999999997
25	3	8	24	1165.78000000002
25	3	16	24	986.530000000013
25	3	17	24	2072.01
25	3	12	10	1289.22999999997
25	3	9	10	734.409999999998
25	3	10	10	0.170000000003059
25	3	13	10	2175.78000000002
25	3	14	10	1252.35000000002
25	3	15	10	457.199999999942
25	3	16	10	1093.56000000002
25	3	17	10	1036.55000000004
25	3	24	10	6.26999999999112
