5	1	2	1	0.06
5	1	3	1	0.06
5	1	3	2	0.07
5	1	2	4	0.04
5	1	3	4	0.07
5	1	1	4	0.08
5	1	2	2	0.05
5	1	1	2	0.1
5	1	4	2	0.05
5	1	2	3	0.05
5	1	3	3	0.06
5	1	1	3	0.07
5	1	4	3	0.05
5	1	5	3	0.0699999999999999
5	1	5	4	0.04
5	1	3	5	0.05
5	1	2	5	0.04
5	1	1	5	0.08
5	1	4	5	0.03
5	2	2	1	0.04
5	2	2	3	0.04
5	2	1	3	0.0399999999999999
5	2	2	2	0.04
5	2	1	2	0.04
5	2	3	2	0.06
5	2	4	1	0.05
5	2	4	2	0.0399999999999999
5	2	4	3	0.0700000000000001
5	2	5	2	0.03
5	3	2	1	0.05
5	3	2	3	0.05
5	3	1	3	0.05
5	3	2	4	0.0599999999999998
5	3	1	4	0.07
5	3	3	4	0.04
5	3	2	5	0.05
5	3	1	5	0.05
5	3	2	2	0.04
5	3	1	2	0.04
5	3	5	2	0.06
5	4	1	2	0.05
5	4	1	3	0.0499999999999998
5	4	2	3	0.06
5	4	4	1	0.04
5	4	1	4	0.0600000000000001
5	4	2	4	0.05
5	4	3	4	0.05
5	4	5	3	0.05
5	4	1	5	0.06
5	4	2	5	0.0799999999999998
5	4	3	5	0.05
5	4	4	5	0.05
5	4	3	3	0.04
5	4	4	3	0.05
5	5	2	1	0.0600000000000001
5	5	2	3	0.0600000000000001
5	5	1	3	0.0799999999999998
5	5	2	4	0.07
5	5	1	4	0.05
5	5	2	2	0.0599999999999998
5	5	1	2	0.0600000000000001
5	5	4	2	0.0600000000000001
5	5	4	3	0.0700000000000003
5	5	5	2	0.0399999999999998
5	5	2	5	0.1
5	5	1	5	0.0799999999999998
5	5	4	5	0.0800000000000003
5	5	5	5	0.0499999999999997
5	5	3	5	0.0600000000000001
10	1	2	1	0.32
10	1	3	1	0.25
10	1	3	2	0.29
10	1	2	4	0.26
10	1	3	4	0.66
10	1	1	4	0.42
10	1	2	2	0.0699999999999998
10	1	1	2	0.26
10	1	4	2	0.24
10	1	2	3	0.160000000000001
10	1	3	3	0.0799999999999997
10	1	1	3	0.36
10	1	4	3	0.0799999999999996
10	1	5	3	0.0699999999999998
10	1	5	4	0.290000000000001
10	1	3	5	0.35
10	1	2	5	0.12
10	1	1	5	0.43
10	1	4	5	0.44
10	1	6	3	0.0900000000000001
10	1	2	6	0.1
10	1	3	6	0.4
10	1	1	6	0.389999999999999
10	1	4	6	0.17
10	1	5	6	0.570000000000001
10	1	6	6	0.0599999999999989
10	1	2	7	0.170000000000001
10	1	3	7	0.35
10	1	1	7	0.37
10	1	4	7	0.330000000000001
10	1	5	7	0.36
10	1	6	7	0.399999999999999
10	1	7	6	0.1
10	1	5	5	0.0600000000000009
10	1	6	5	0.309999999999999
10	1	7	5	0.12
10	1	2	8	0.21
10	1	3	8	0.51
10	1	1	8	0.45
10	1	4	8	0.389999999999999
10	1	5	8	0.51
10	1	6	8	0.220000000000001
10	1	8	7	0.27
10	1	9	5	0.0499999999999994
10	1	2	9	0.1
10	1	3	9	0.1
10	1	1	9	0.11
10	1	4	9	0.0799999999999985
10	1	5	9	0.120000000000002
10	1	6	9	0.0499999999999994
10	1	7	9	0.0800000000000005
10	1	2	10	0.239999999999999
10	1	3	10	0.420000000000001
10	1	1	10	0.22
10	1	4	10	0.230000000000001
10	1	5	10	0.21
10	1	6	10	0.0999999999999996
10	1	8	10	0.0900000000000003
10	1	5	2	0.18
10	1	6	2	0.27
10	1	8	2	0.179999999999998
10	1	10	2	0.140000000000001
10	1	8	3	0.139999999999999
10	1	10	3	0.159999999999999
10	2	2	1	0.0700000000000027
10	2	2	3	0.0499999999999976
10	2	1	3	0.0600000000000007
10	2	2	2	0.0600000000000012
10	2	1	2	0.0799999999999987
10	2	3	2	0.0599999999999992
10	2	4	1	0.0800000000000023
10	2	4	2	0.0800000000000007
10	2	4	3	0.069999999999997
10	2	5	2	0.0500000000000012
10	2	2	6	0.0600000000000012
10	2	1	6	0.0699999999999992
10	2	4	6	0.0499999999999992
10	2	3	6	0.0699999999999992
10	2	1	1	0.0500000000000012
10	2	3	1	0.0599999999999992
10	2	6	1	0.0700000000000025
10	2	2	4	0.0499999999999992
10	2	1	4	0.0899999999999987
10	2	4	4	0.0599999999999992
10	2	3	4	0.0700000000000027
10	2	6	4	0.0599999999999992
10	2	7	5	0.0399999999999996
10	2	7	2	0.0400000000000011
10	2	7	7	0.0499999999999996
10	2	5	7	0.0299999999999996
10	2	2	8	0.0700000000000007
10	2	1	8	0.1
10	2	4	8	0.0700000000000007
10	2	3	8	0.0799999999999987
10	2	3	3	0.0500000000000012
10	2	8	3	0.0499999999999976
10	2	9	2	0.0700000000000007
10	2	9	4	0.0700000000000007
10	2	10	2	0.0500000000000012
10	2	2	10	0.069999999999997
10	2	1	10	0.0900000000000003
10	2	3	10	0.0599999999999992
10	2	4	10	0.0800000000000023
10	2	5	10	0.0999999999999981
10	2	7	10	0.0800000000000023
10	2	9	10	0.0999999999999983
10	2	10	10	0.0600000000000012
10	3	2	1	0.0499999999999992
10	3	2	3	0.0599999999999992
10	3	1	3	0.0700000000000007
10	3	2	4	0.11
10	3	1	4	0.1
10	3	3	4	0.0900000000000003
10	3	2	5	0.0700000000000007
10	3	1	5	0.0499999999999976
10	3	2	2	0.0500000000000027
10	3	1	2	0.069999999999999
10	3	5	2	0.0599999999999994
10	3	2	6	0.120000000000001
10	3	1	6	0.11
10	3	6	4	0.0399999999999994
10	3	3	6	0.069999999999999
10	3	6	6	0.0399999999999994
10	3	4	6	0.0400000000000034
10	3	2	7	0.0699999999999989
10	3	1	7	0.0599999999999994
10	3	5	7	0.0800000000000005
10	3	7	2	0.0500000000000014
10	3	3	7	0.0499999999999974
10	3	8	5	0.0600000000000009
10	3	8	7	0.0700000000000003
10	3	8	4	0.13
10	3	9	6	0.0599999999999989
10	3	8	9	0.0399999999999998
10	3	9	4	0.0600000000000009
10	3	10	1	0.0599999999999994
10	3	10	3	0.0900000000000023
10	4	1	2	0.159999999999997
10	4	1	3	0.200000000000004
10	4	2	3	0.269999999999998
10	4	4	1	0.11
10	4	1	4	0.170000000000001
10	4	2	4	0.249999999999999
10	4	3	4	0.150000000000001
10	4	5	3	0.0999999999999983
10	4	1	5	0.410000000000001
10	4	2	5	0.280000000000002
10	4	3	5	0.229999999999999
10	4	4	5	0.0800000000000005
10	4	3	3	0.0599999999999996
10	4	4	3	0.13
10	4	4	6	0.129999999999999
10	4	1	6	0.400000000000003
10	4	2	6	0.2
10	4	3	6	0.309999999999998
10	4	5	6	0.140000000000001
10	4	6	3	0.0600000000000005
10	4	7	1	0.0599999999999992
10	4	7	5	0.0799999999999987
10	4	1	7	0.150000000000003
10	4	2	7	0.169999999999999
10	4	5	7	0.45
10	4	3	7	0.26
10	4	4	7	0.150000000000001
10	4	6	7	0.13
10	4	8	4	0.11
10	4	1	8	0.0799999999999983
10	4	2	8	0.230000000000001
10	4	3	8	0.229999999999999
10	4	8	8	0.0599999999999996
10	4	4	8	0.0500000000000025
10	4	8	7	0.0800000000000007
10	4	1	9	0.27
10	4	2	9	0.329999999999997
10	4	3	9	0.240000000000001
10	4	4	9	0.100000000000002
10	4	7	9	0.079999999999997
10	4	5	9	0.0700000000000012
10	4	10	8	0.0500000000000007
10	4	1	10	0.220000000000002
10	4	2	10	0.499999999999997
10	4	5	10	0.650000000000002
10	4	3	10	0.399999999999997
10	4	4	10	0.150000000000001
10	4	6	10	0.190000000000001
10	5	2	1	0.189999999999999
10	5	2	3	0.400000000000001
10	5	1	3	0.250000000000001
10	5	2	4	0.17
10	5	1	4	0.15
10	5	2	2	0.0599999999999987
10	5	1	2	0.120000000000002
10	5	4	2	0.0700000000000003
10	5	4	3	0.0899999999999985
10	5	5	2	0.0500000000000007
10	5	2	5	0.31
10	5	1	5	0.190000000000002
10	5	4	5	0.119999999999997
10	5	5	5	0.0700000000000012
10	5	3	5	0.12
10	5	2	6	0.24
10	5	1	6	0.160000000000001
10	5	4	6	0.109999999999999
10	5	3	6	0.109999999999998
10	5	3	3	0.0600000000000032
10	5	6	3	0.0899999999999983
10	5	2	7	0.259999999999998
10	5	1	7	0.200000000000002
10	5	4	7	0.130000000000001
10	5	5	7	0.129999999999999
10	5	5	6	0.180000000000001
10	5	7	6	0.0399999999999991
10	5	2	8	0.140000000000001
10	5	1	8	0.139999999999999
10	5	4	8	0.0999999999999983
10	5	3	8	0.140000000000001
10	5	6	8	0.14
10	5	4	4	0.0499999999999989
10	5	3	4	0.0800000000000023
10	5	6	4	0.0900000000000003
10	5	8	4	0.0699999999999992
10	5	9	6	0.0599999999999987
10	5	2	9	0.13
10	5	1	9	0.109999999999998
10	5	2	10	0.190000000000002
10	5	1	10	0.120000000000001
10	5	4	10	0.0999999999999983
10	5	3	10	0.0900000000000021
10	5	6	10	0.0900000000000023
10	5	8	10	0.0699999999999954
15	1	2	1	6.89
15	1	3	1	1.46999999999999
15	1	3	2	0.400000000000002
15	1	2	4	3.43
15	1	3	4	1.87
15	1	1	4	1.02
15	1	2	2	0.0699999999999974
15	1	1	2	0.760000000000004
15	1	4	2	0.549999999999996
15	1	2	3	3.79
15	1	3	3	0.0800000000000018
15	1	1	3	2.46
15	1	4	3	0.139999999999995
15	1	5	3	0.310000000000003
15	1	5	4	0.52
15	1	3	5	1.22
15	1	2	5	9.97000000000001
15	1	1	5	2.16
15	1	4	5	1.22999999999999
15	1	6	3	0.28
15	1	2	6	1.53000000000001
15	1	3	6	1.38999999999999
15	1	1	6	4.37999999999999
15	1	4	6	1.53000000000001
15	1	5	6	0.900000000000004
15	1	6	6	0.0799999999999974
15	1	2	7	5.63999999999999
15	1	3	7	1.54
15	1	1	7	1.08
15	1	4	7	0.750000000000004
15	1	5	7	0.940000000000001
15	1	6	7	0.600000000000003
15	1	7	6	0.580000000000002
15	1	5	5	0.0599999999999969
15	1	6	5	0.820000000000002
15	1	7	5	0.319999999999997
15	1	2	8	2.39999999999999
15	1	3	8	3.86
15	1	1	8	0.750000000000008
15	1	4	8	1.64999999999999
15	1	5	8	0.689999999999997
15	1	6	8	0.390000000000013
15	1	8	7	1.84999999999999
15	1	9	5	0.0600000000000063
15	1	2	9	7.15
15	1	3	9	0.42
15	1	1	9	0.280000000000005
15	1	4	9	0.239999999999994
15	1	5	9	0.79
15	1	6	9	0.0599999999999969
15	1	7	9	0.290000000000001
15	1	2	10	1.04000000000001
15	1	3	10	0.340000000000002
15	1	1	10	0.599999999999998
15	1	4	10	0.809999999999996
15	1	5	10	0.689999999999997
15	1	6	10	1.09
15	1	8	10	0.100000000000013
15	1	5	2	0.439999999999987
15	1	6	2	0.26000000000001
15	1	8	2	0.720000000000002
15	1	10	2	0.239999999999999
15	1	8	3	1.07999999999999
15	1	10	3	0.520000000000009
15	1	11	1	0.149999999999995
15	1	3	11	1.31
15	1	2	11	3.08
15	1	1	11	1.19
15	1	4	11	1.61000000000001
15	1	5	11	3.28999999999999
15	1	6	11	2.71000000000001
15	1	7	11	3.34
15	1	9	11	0.299999999999982
15	1	8	11	2.34
15	1	10	11	2.23000000000001
15	1	3	12	2.41999999999999
15	1	2	12	7.98000000000001
15	1	1	12	1.00000000000001
15	1	4	12	1.70000000000001
15	1	5	12	2.21999999999998
15	1	6	12	1.73
15	1	7	12	0.970000000000016
15	1	9	12	0.439999999999986
15	1	8	12	1.75
15	1	10	12	5.62
15	1	13	5	0.960000000000005
15	1	2	13	5.07
15	1	3	13	2.08
15	1	11	13	2.54000000000001
15	1	1	13	4.02999999999999
15	1	11	2	1.18
15	1	13	2	0.170000000000014
15	1	2	14	3.25
15	1	3	14	2.70000000000001
15	1	1	14	1.07999999999999
15	1	4	14	0.769999999999991
15	1	5	14	0.709999999999997
15	1	6	14	0.610000000000012
15	1	8	14	0.0599999999999925
15	1	10	14	4.01
15	1	3	15	1.4
15	1	2	15	1.14999999999999
15	1	1	15	2.22000000000001
15	1	4	15	1.74
15	1	5	15	1.03
15	1	6	15	0.779999999999999
15	1	7	15	0.399999999999994
15	1	9	15	0.140000000000024
15	1	8	15	0.309999999999983
15	1	10	15	1.63
15	1	12	15	0.0599999999999925
15	1	4	4	0.0800000000000027
15	1	6	4	0.760000000000018
15	1	7	4	2.24
15	1	9	4	0.189999999999988
15	1	8	4	0.77000000000001
15	1	10	4	2.69999999999999
15	1	12	4	0.06000000000002
15	1	15	4	0.489999999999998
15	2	2	1	0.179999999999978
15	2	2	3	0.190000000000015
15	2	1	3	0.159999999999986
15	2	2	2	0.0500000000000203
15	2	1	2	0.0999999999999848
15	2	3	2	0.0800000000000018
15	2	4	1	0.0899999999999936
15	2	4	2	0.0900000000000212
15	2	4	3	0.139999999999995
15	2	5	2	0.130000000000004
15	2	2	6	0.0899999999999936
15	2	1	6	0.0800000000000021
15	2	4	6	0.149999999999995
15	2	3	6	0.0700000000000118
15	2	1	1	0.0699999999999834
15	2	3	1	0.0800000000000018
15	2	6	1	0.0800000000000018
15	2	2	4	0.0900000000000123
15	2	1	4	0.169999999999979
15	2	4	4	0.06000000000002
15	2	3	4	0.140000000000004
15	2	6	4	0.0799999999999923
15	2	7	5	0.0599999999999925
15	2	7	2	0.110000000000003
15	2	7	7	0.0500000000000007
15	2	5	7	0.080000000000003
15	2	2	8	0.120000000000004
15	2	1	8	0.0999999999999837
15	2	4	8	0.170000000000005
15	2	3	8	0.0599999999999916
15	2	3	3	0.0600000000000218
15	2	8	3	0.0499999999999918
15	2	9	2	0.130000000000003
15	2	9	4	0.149999999999986
15	2	10	2	0.0600000000000209
15	2	2	10	0.0599999999999827
15	2	1	10	0.160000000000005
15	2	3	10	0.0899999999999936
15	2	4	10	0.140000000000004
15	2	5	10	0.150000000000015
15	2	7	10	0.289999999999991
15	2	9	10	0.270000000000009
15	2	10	10	0.0599999999999916
15	2	7	11	0.140000000000004
15	2	5	11	0.0900000000000027
15	2	11	2	0.0999999999999845
15	2	7	1	0.0600000000000112
15	2	5	1	0.209999999999988
15	2	11	1	0.0700000000000109
15	2	2	12	0.129999999999986
15	2	1	12	0.120000000000022
15	2	4	12	0.179999999999987
15	2	3	12	0.139999999999995
15	2	8	12	0.0700000000000118
15	2	2	5	0.110000000000003
15	2	1	5	0.0599999999999916
15	2	4	5	0.0699999999999923
15	2	3	5	0.0400000000000018
15	2	8	5	0.0600000000000007
15	2	12	5	0.0500000000000007
15	2	13	9	0.03000000000001
15	2	13	7	0.0900000000000027
15	2	13	13	0.0399999999999823
15	2	9	13	0.0400000000000009
15	2	7	14	0.340000000000002
15	2	2	14	0.130000000000013
15	2	1	14	0.119999999999985
15	2	4	14	0.170000000000006
15	2	3	14	0.100000000000012
15	2	8	14	0.0599999999999925
15	2	12	14	0.240000000000007
15	2	5	14	0.669999999999978
15	2	13	14	0.170000000000024
15	2	9	14	0.229999999999979
15	2	10	14	0.0899999999999936
15	2	15	10	0.180000000000025
15	2	15	13	0.0600000000000006
15	2	15	8	0.109999999999975
15	3	2	1	0.26000000000001
15	3	2	3	0.110000000000003
15	3	1	3	0.140000000000014
15	3	2	4	0.469999999999997
15	3	1	4	0.179999999999996
15	3	3	4	0.27999999999999
15	3	2	5	0.290000000000011
15	3	1	5	0.139999999999986
15	3	2	2	0.0599999999999916
15	3	1	2	0.150000000000024
15	3	5	2	0.0899999999999928
15	3	2	6	0.419999999999986
15	3	1	6	0.450000000000006
15	3	6	4	0.0500000000000105
15	3	3	6	0.299999999999983
15	3	6	6	0.0300000000000189
15	3	4	6	0.0500000000000007
15	3	2	7	0.209999999999998
15	3	1	7	0.170000000000005
15	3	5	7	0.139999999999985
15	3	7	2	0.080000000000011
15	3	3	7	0.0999999999999845
15	3	8	5	0.100000000000014
15	3	8	7	0.149999999999995
15	3	8	4	0.249999999999989
15	3	9	6	0.0700000000000012
15	3	8	9	0.0600000000000203
15	3	9	4	0.0599999999999916
15	3	10	1	0.0900000000000025
15	3	10	3	0.149999999999995
15	3	11	4	0.589999999999995
15	3	11	10	0.0399999999999905
15	3	11	2	0.100000000000013
15	3	8	12	0.130000000000013
15	3	2	12	0.27999999999999
15	3	1	12	0.180000000000005
15	3	5	12	0.299999999999992
15	3	7	12	0.31000000000001
15	3	11	12	0.319999999999984
15	3	10	12	0.260000000000009
15	3	3	12	0.170000000000006
15	3	13	2	0.0800000000000018
15	3	2	13	0.159999999999986
15	3	1	13	0.100000000000012
15	3	10	13	0.139999999999977
15	3	3	13	0.170000000000014
15	3	2	8	0.179999999999996
15	3	1	8	0.119999999999996
15	3	10	8	0.119999999999995
15	3	3	8	0.100000000000021
15	3	13	8	0.0699999999999825
15	3	2	14	0.170000000000014
15	3	1	14	0.119999999999986
15	3	10	14	0.170000000000014
15	3	3	14	0.140000000000004
15	3	13	14	0.120000000000005
15	3	3	3	0.0499999999999918
15	3	13	3	0.199999999999988
15	3	14	3	0.06000000000002
15	3	2	15	0.629999999999985
15	3	1	15	0.380000000000005
15	3	3	15	0.369999999999994
15	3	6	15	0.0600000000000005
15	3	8	15	0.279999999999991
15	3	9	15	0.06000000000002
15	3	11	15	1.08
15	3	4	15	0.0800000000000003
15	3	10	15	0.619999999999995
15	3	13	15	0.559999999999992
15	3	14	15	0.399999999999995
15	3	8	6	0.480000000000017
15	3	11	6	1.50999999999999
15	3	10	6	0.27
15	3	13	6	0.289999999999991
15	3	14	6	0.370000000000013
15	3	15	6	0.0599999999999916
15	4	1	2	0.51999999999999
15	4	1	3	1.40000000000001
15	4	2	3	0.699999999999987
15	4	4	1	0.260000000000018
15	4	1	4	1.49999999999999
15	4	2	4	0.720000000000006
15	4	3	4	2.58999999999999
15	4	5	3	0.31000000000002
15	4	1	5	1.40999999999998
15	4	2	5	1.69000000000002
15	4	3	5	0.679999999999976
15	4	4	5	0.580000000000002
15	4	3	3	0.0800000000000018
15	4	4	3	0.439999999999996
15	4	4	6	0.510000000000027
15	4	1	6	3.07999999999999
15	4	2	6	0.619999999999984
15	4	3	6	1.12000000000001
15	4	5	6	0.759999999999987
15	4	6	3	0.160000000000005
15	4	7	1	0.0700000000000109
15	4	7	5	0.290000000000001
15	4	1	7	0.930000000000004
15	4	2	7	1.32999999999999
15	4	5	7	1.10999999999999
15	4	3	7	0.51000000000001
15	4	4	7	1.46999999999997
15	4	6	7	0.210000000000006
15	4	8	4	3.90000000000003
15	4	1	8	0.440000000000006
15	4	2	8	0.27999999999999
15	4	3	8	0.279999999999999
15	4	8	8	0.0600000000000209
15	4	4	8	0.149999999999947
15	4	8	7	0.260000000000009
15	4	1	9	0.910000000000033
15	4	2	9	0.760000000000009
15	4	3	9	0.98999999999995
15	4	4	9	0.710000000000034
15	4	7	9	0.179999999999968
15	4	5	9	0.0800000000000018
15	4	10	8	0.250000000000038
15	4	1	10	1.89000000000001
15	4	2	10	1.05999999999999
15	4	5	10	1.61999999999999
15	4	3	10	11.26
15	4	4	10	2.29999999999999
15	4	6	10	0.790000000000008
15	4	11	5	0.590000000000011
15	4	11	6	1.08999999999999
15	4	1	11	0.639999999999976
15	4	2	11	1.29000000000001
15	4	5	11	0.32000000000002
15	4	3	11	4.08000000000001
15	4	4	11	0.759999999999962
15	4	6	11	0.150000000000005
15	4	10	11	0.0800000000000018
15	4	12	5	1.06000000000001
15	4	4	12	0.349999999999993
15	4	1	12	1.30999999999999
15	4	2	12	0.630000000000022
15	4	3	12	0.309999999999975
15	4	5	12	0.61000000000004
15	4	11	12	0.649999999999995
15	4	6	12	0.199999999999998
15	4	11	3	1.04999999999999
15	4	12	3	2.11999999999999
15	4	1	13	0.939999999999987
15	4	2	13	0.530000000000047
15	4	3	13	0.850000000000002
15	4	8	13	0.599999999999994
15	4	4	13	0.319999999999972
15	4	10	13	0.250000000000019
15	4	8	5	0.879999999999992
15	4	10	5	0.109999999999976
15	4	13	5	0.290000000000038
15	4	5	13	0.569999999999955
15	4	11	13	1.35
15	4	6	13	0.31000000000002
15	4	14	9	1.01000000000001
15	4	14	2	0.29
15	4	14	3	0.679999999999968
15	4	1	15	1.37
15	4	2	15	2.16000000000004
15	4	3	15	1.96999999999996
15	4	8	15	5.35
15	4	4	15	3.69000000000001
15	4	5	15	1.19000000000002
15	4	11	15	3.67999999999998
15	4	6	15	0.27999999999999
15	4	12	15	1.5
15	4	10	15	3.91000000000001
15	5	2	1	2.13000000000001
15	5	2	3	1.02000000000002
15	5	1	3	0.299999999999983
15	5	2	4	4.88
15	5	1	4	0.289999999999982
15	5	2	2	0.0700000000000021
15	5	1	2	0.27000000000001
15	5	4	2	0.109999999999975
15	5	4	3	0.180000000000025
15	5	5	2	0.0600000000000112
15	5	2	5	2.06999999999999
15	5	1	5	0.700000000000018
15	5	4	5	0.27999999999999
15	5	5	5	0.0700000000000109
15	5	3	5	0.600000000000002
15	5	2	6	1.73
15	5	1	6	0.23999999999997
15	5	4	6	0.370000000000024
15	5	3	6	0.679999999999968
15	5	3	3	0.0800000000000027
15	5	6	3	0.0999999999999925
15	5	2	7	2.28000000000001
15	5	1	7	0.399999999999996
15	5	4	7	0.580000000000011
15	5	5	7	1.19
15	5	5	6	1.33000000000003
15	5	7	6	0.0599999999999632
15	5	2	8	3.00000000000005
15	5	1	8	0.449999999999958
15	5	4	8	0.920000000000005
15	5	3	8	1.66999999999999
15	5	6	8	0.490000000000036
15	5	4	4	0.0699999999999541
15	5	3	4	0.50000000000001
15	5	6	4	0.54999999999999
15	5	8	4	0.0700000000000127
15	5	9	6	0.110000000000032
15	5	2	9	1.75999999999999
15	5	1	9	0.169999999999977
15	5	2	10	2.23000000000002
15	5	1	10	0.750000000000027
15	5	4	10	1.65999999999997
15	5	3	10	0.440000000000035
15	5	6	10	0.209999999999949
15	5	8	10	0.600000000000049
15	5	11	2	0.109999999999975
15	5	2	11	1.85000000000001
15	5	1	11	1.68000000000001
15	5	4	11	1.05999999999999
15	5	5	11	1.97000000000001
15	5	11	11	0.0699999999999541
15	5	5	8	2.02000000000005
15	5	11	8	0.459999999999997
15	5	12	5	0.179999999999977
15	5	12	3	0.479999999999988
15	5	2	12	4.86000000000003
15	5	1	12	0.639999999999974
15	5	2	13	1.38000000000002
15	5	1	13	0.469999999999988
15	5	12	13	0.359999999999975
15	5	4	13	0.230000000000036
15	5	3	13	0.669999999999995
15	5	6	13	0.209999999999998
15	5	8	13	0.299999999999974
15	5	12	8	0.82000000000003
15	5	8	8	0.0900000000000019
15	5	13	8	0.0700000000000109
15	5	2	14	5.13999999999998
15	5	1	14	0.440000000000015
15	5	4	14	0.21999999999999
15	5	3	14	0.239999999999979
15	5	5	14	1.20000000000002
15	5	7	14	0.130000000000022
15	5	9	14	0.0999999999999748
15	5	6	14	0.220000000000008
15	5	8	14	0.140000000000004
15	5	3	7	1.05
15	5	7	7	0.0800000000000125
15	5	9	7	0.189999999999959
15	5	6	7	0.530000000000001
15	5	8	7	0.790000000000047
15	5	14	7	0.0599999999999721
15	5	2	15	2.25000000000002
15	5	1	15	0.27999999999999
15	5	4	15	0.530000000000001
15	5	3	15	1.93999999999998
15	5	6	15	0.140000000000015
15	5	8	15	0.430000000000025
15	5	3	11	2.03999999999999
15	5	6	11	0.599999999999984
15	5	8	11	2.99999999999998
15	5	15	11	0.0600000000000218
20	1	2	1	52.33
20	1	3	1	11.52
20	1	3	2	3.2
20	1	2	4	35.8
20	1	3	4	17.2399999999999
20	1	1	4	24.1200000000001
20	1	2	2	0.0899999999999341
20	1	1	2	4.24999999999997
20	1	4	2	2.36000000000008
20	1	2	3	80.2399999999999
20	1	3	3	0.110000000000048
20	1	1	3	41.04
20	1	4	3	5.59000000000004
20	1	5	3	1.51999999999996
20	1	5	4	8.88999999999997
20	1	3	5	16.31
20	1	2	5	22.99
20	1	1	5	15.7200000000001
20	1	4	5	13.83
20	1	6	3	2.77999999999999
20	1	2	6	9.88
20	1	3	6	2.73
20	1	1	6	4.32999999999994
20	1	4	6	4.95000000000005
20	1	5	6	2.88000000000005
20	1	6	6	0.0999999999999377
20	1	2	7	39.8600000000001
20	1	3	7	7.97999999999991
20	1	1	7	10.0300000000001
20	1	4	7	2.75999999999997
20	1	5	7	4.94999999999997
20	1	6	7	14.77
20	1	7	6	0.27000000000001
20	1	5	5	0.0800000000000569
20	1	6	5	12.59
20	1	7	5	3.08999999999999
20	1	2	8	34.9
20	1	3	8	22.41
20	1	1	8	9.50999999999989
20	1	4	8	19.9200000000001
20	1	5	8	4.68999999999992
20	1	6	8	9.74000000000005
20	1	8	7	9.75999999999993
20	1	9	5	9.73000000000008
20	1	2	9	32.6299999999999
20	1	3	9	7.27000000000008
20	1	1	9	17.1499999999999
20	1	4	9	25.63
20	1	5	9	13.5500000000001
20	1	6	9	17.15
20	1	7	9	5.61000000000001
20	1	2	10	12.91
20	1	3	10	8.08000000000005
20	1	1	10	30.81
20	1	4	10	14.0899999999999
20	1	5	10	3.75000000000008
20	1	6	10	4.73999999999988
20	1	8	10	2.28000000000005
20	1	5	2	4.63999999999995
20	1	6	2	3.15000000000015
20	1	8	2	4.54999999999989
20	1	10	2	2.86999999999997
20	1	8	3	4.0
20	1	10	3	10.6300000000001
20	1	11	1	0.949999999999855
20	1	3	11	13.6200000000001
20	1	2	11	16.9799999999999
20	1	1	11	11.95
20	1	4	11	28.8000000000001
20	1	5	11	24.7999999999999
20	1	6	11	9.5300000000001
20	1	7	11	18.21
20	1	9	11	10.8099999999999
20	1	8	11	14.72
20	1	10	11	35.9299999999999
20	1	3	12	23.58
20	1	2	12	63.6299999999999
20	1	1	12	12.15
20	1	4	12	45.5699999999999
20	1	5	12	11.9000000000001
20	1	6	12	13.7900000000001
20	1	7	12	31.1599999999998
20	1	9	12	24.77
20	1	8	12	13.6200000000001
20	1	10	12	21.68
20	1	13	5	3.24999999999989
20	1	2	13	93.33
20	1	3	13	16.5
20	1	11	13	17.12
20	1	1	13	76.6300000000001
20	1	11	2	19.2299999999999
20	1	13	2	0.710000000000068
20	1	2	14	46.1699999999999
20	1	3	14	10.12
20	1	1	14	5.96999999999991
20	1	4	14	24.36
20	1	5	14	6.73000000000017
20	1	6	14	4.59000000000001
20	1	8	14	6.75999999999982
20	1	10	14	48.2700000000001
20	1	3	15	6.62999999999986
20	1	2	15	25.25
20	1	1	15	4.63000000000022
20	1	4	15	6.21999999999998
20	1	5	15	2.63000000000004
20	1	6	15	5.09999999999985
20	1	7	15	2.77999999999981
20	1	9	15	3.92
20	1	8	15	11.8900000000004
20	1	10	15	16.5999999999997
20	1	12	15	0.0700000000001797
20	1	4	4	0.079999999999709
20	1	6	4	22.8300000000004
20	1	7	4	5.80999999999984
20	1	9	4	7.89999999999998
20	1	8	4	22.12
20	1	10	4	27.8700000000002
20	1	12	4	0.079999999999725
20	1	15	4	7.75000000000006
20	1	16	14	0.0399999999999796
20	1	3	16	33.4800000000001
20	1	2	16	232.89
20	1	1	16	15.96
20	1	4	16	3.41000000000017
20	1	5	16	9.56000000000012
20	1	6	16	9.73999999999994
20	1	8	16	25.74
20	1	10	16	38.8800000000001
20	1	11	16	11.5599999999998
20	1	13	16	14.9200000000002
20	1	7	16	5.35000000000004
20	1	9	16	16.42
20	1	12	16	1.74000000000009
20	1	15	16	3.03999999999983
20	1	17	5	8.71000000000017
20	1	17	7	7.64999999999964
20	1	17	13	26.2500000000001
20	1	2	18	142.91
20	1	3	18	9.06000000000016
20	1	1	18	24.3799999999998
20	1	4	18	11.8400000000004
20	1	5	18	10.8999999999998
20	1	6	18	15.8499999999999
20	1	8	18	10.7900000000002
20	1	10	18	11.3299999999998
20	1	8	9	111.33
20	1	10	9	24.3099999999999
20	1	18	9	17.4300000000002
20	1	10	10	0.0900000000001651
20	1	18	10	2.66999999999975
20	1	19	9	7.44000000000001
20	1	19	10	6.72000000000012
20	1	2	19	79.8699999999999
20	1	3	19	5.09000000000005
20	1	1	19	20.1199999999999
20	1	4	19	6.74000000000015
20	1	5	19	3.70999999999994
20	1	6	19	0.710000000000059
20	1	7	19	0.849999999999918
20	1	20	2	2.64999999999978
20	1	2	20	10.9700000000002
20	1	3	20	7.46999999999991
20	1	1	20	8.36000000000019
20	1	4	20	8.06999999999992
20	1	5	20	23.4600000000002
20	1	6	20	7.32999999999962
20	1	7	20	2.87000000000044
20	1	8	20	7.80999999999971
20	1	10	20	94.9100000000001
20	1	18	20	5.50999999999989
20	1	19	20	4.78000000000011
20	1	9	20	0.149999999999896
20	1	9	9	0.0799999999999503
20	1	20	9	8.90000000000025
20	2	2	1	1.8199999999998
20	2	2	3	0.4400000000003
20	2	1	3	0.349999999999705
20	2	2	2	0.0700000000001868
20	2	1	2	0.32999999999995
20	2	3	2	0.189999999999845
20	2	4	1	0.35000000000017
20	2	4	2	0.250000000000023
20	2	4	3	0.919999999999868
20	2	5	2	0.169999999999877
20	2	2	6	0.860000000000378
20	2	1	6	0.629999999999692
20	2	4	6	0.639999999999882
20	2	3	6	0.390000000000137
20	2	1	1	0.0699999999999543
20	2	3	1	0.790000000000228
20	2	6	1	0.130000000000118
20	2	2	4	0.659999999999901
20	2	1	4	0.74999999999981
20	2	4	4	0.0600000000001817
20	2	3	4	0.930000000000089
20	2	6	4	0.279999999999792
20	2	7	5	0.560000000000196
20	2	7	2	0.0899999999997139
20	2	7	7	0.0599999999999543
20	2	5	7	0.11000000000016
20	2	2	8	1.48000000000006
20	2	1	8	0.66000000000013
20	2	4	8	0.639999999999896
20	2	3	8	0.430000000000087
20	2	3	3	0.0699999999997321
20	2	8	3	0.220000000000059
20	2	9	2	0.390000000000123
20	2	9	4	0.35999999999971
20	2	10	2	0.0700000000001726
20	2	2	10	0.660000000000135
20	2	1	10	0.899999999999668
20	2	3	10	0.760000000000014
20	2	4	10	0.660000000000119
20	2	5	10	0.710000000000301
20	2	7	10	0.429999999999655
20	2	9	10	3.73999999999995
20	2	10	10	0.0699999999999701
20	2	7	11	0.340000000000382
20	2	5	11	0.129999999999663
20	2	11	2	0.140000000000351
20	2	7	1	1.04000000000002
20	2	5	1	0.979999999999814
20	2	11	1	0.319999999999959
20	2	2	12	0.950000000000079
20	2	1	12	0.509999999999801
20	2	4	12	0.870000000000165
20	2	3	12	1.38000000000015
20	2	8	12	0.3499999999997
20	2	2	5	0.539999999999987
20	2	1	5	0.270000000000209
20	2	4	5	0.849999999999728
20	2	3	5	0.470000000000059
20	2	8	5	0.200000000000298
20	2	12	5	0.0699999999999597
20	2	13	9	0.0399999999999867
20	2	13	7	0.930000000000101
20	2	13	13	0.0299999999999869
20	2	9	13	0.0299999999999727
20	2	7	14	1.70999999999989
20	2	2	14	1.97999999999983
20	2	1	14	1.02
20	2	4	14	1.78000000000002
20	2	3	14	1.58999999999998
20	2	8	14	0.539999999999996
20	2	12	14	1.13999999999991
20	2	5	14	1.79000000000027
20	2	13	14	1.02000000000006
20	2	9	14	3.00999999999985
20	2	10	14	2.93999999999996
20	2	15	10	3.01999999999989
20	2	15	13	0.0399999999999867
20	2	15	8	3.56000000000039
20	2	16	4	0.499999999999577
20	2	16	11	0.170000000000096
20	2	17	7	0.190000000000079
20	2	7	17	0.220000000000045
20	2	2	17	0.390000000000137
20	2	1	17	0.369999999999687
20	2	4	17	0.319999999999977
20	2	3	17	0.370000000000369
20	2	8	17	0.209999999999592
20	2	12	17	0.150000000000114
20	2	5	17	0.119999999999914
20	2	7	8	0.700000000000063
20	2	8	8	0.0700000000001868
20	2	12	8	0.57999999999995
20	2	5	8	0.719999999999809
20	2	17	8	0.34000000000017
20	2	18	4	0.0799999999999503
20	2	2	18	0.630000000000141
20	2	1	18	1.05999999999976
20	2	4	18	0.75000000000025
20	2	3	18	1.71999999999986
20	2	15	18	3.99999999999998
20	2	7	18	1.02000000000002
20	2	8	18	0.179999999999845
20	2	12	18	1.20000000000011
20	2	5	18	1.36999999999995
20	2	17	18	0.460000000000068
20	2	9	18	3.65000000000019
20	2	10	18	0.129999999999679
20	2	11	18	1.22000000000006
20	2	2	19	1.25000000000004
20	2	4	19	0.629999999999928
20	2	1	19	1.29000000000002
20	2	3	19	3.10000000000028
20	2	6	19	1.00999999999982
20	2	7	19	1.04999999999998
20	2	5	19	1.28000000000003
20	2	11	19	0.589999999999955
20	2	6	12	0.550000000000191
20	2	7	12	1.01999999999981
20	2	5	12	1.24000000000027
20	2	11	12	2.14999999999977
20	2	19	12	0.150000000000102
20	2	13	19	0.420000000000119
20	2	9	19	1.72999999999984
20	2	15	20	0.0399999999999867
20	2	15	3	2.43000000000014
20	2	20	3	0.609999999999946
20	2	15	11	3.53999999999984
20	2	20	11	0.260000000000252
20	3	2	1	8.95999999999969
20	3	2	3	7.04000000000016
20	3	1	3	3.09000000000008
20	3	2	4	10.1399999999997
20	3	1	4	1.24000000000031
20	3	3	4	1.55999999999997
20	3	2	5	7.90999999999972
20	3	1	5	1.33000000000019
20	3	2	2	0.0799999999999361
20	3	1	2	0.619999999999914
20	3	5	2	0.260000000000227
20	3	2	6	3.62000000000004
20	3	1	6	0.819999999999732
20	3	6	4	0.050000000000205
20	3	3	6	0.98000000000005
20	3	6	6	0.0499999999997502
20	3	4	6	0.0299999999999816
20	3	2	7	12.5400000000001
20	3	1	7	2.11999999999994
20	3	5	7	2.71000000000032
20	3	7	2	0.189999999999836
20	3	3	7	1.34999999999995
20	3	8	5	1.11000000000019
20	3	8	7	0.97000000000005
20	3	8	4	3.54999999999968
20	3	9	6	0.0599999999999632
20	3	8	9	0.0800000000001777
20	3	9	4	0.0400000000001999
20	3	10	1	0.299999999999987
20	3	10	3	4.92999999999976
20	3	11	4	22.8999999999999
20	3	11	10	0.0399999999999867
20	3	11	2	0.440000000000078
20	3	8	12	1.76000000000003
20	3	2	12	13.8699999999999
20	3	1	12	3.87999999999995
20	3	5	12	3.3800000000002
20	3	7	12	4.27999999999981
20	3	11	12	18.3100000000004
20	3	10	12	2.78999999999957
20	3	3	12	3.26000000000026
20	3	13	2	0.190000000000063
20	3	2	13	13.32
20	3	1	13	1.01000000000002
20	3	10	13	1.67999999999963
20	3	3	13	1.39000000000037
20	3	2	8	7.42999999999972
20	3	1	8	0.680000000000096
20	3	10	8	0.760000000000241
20	3	3	8	0.719999999999596
20	3	13	8	0.110000000000373
20	3	2	14	8.62999999999973
20	3	1	14	0.669999999999877
20	3	10	14	0.730000000000027
20	3	3	14	0.950000000000307
20	3	13	14	0.32999999999995
20	3	3	3	0.0699999999999452
20	3	13	3	1.87999999999993
20	3	14	3	0.409999999999886
20	3	2	15	10.7999999999999
20	3	1	15	1.70000000000031
20	3	3	15	1.06999999999998
20	3	6	15	0.0499999999997502
20	3	8	15	2.13000000000039
20	3	9	15	0.0599999999999685
20	3	11	15	59.0799999999997
20	3	4	15	0.0699999999999559
20	3	10	15	1.90000000000034
20	3	13	15	2.21999999999984
20	3	14	15	0.860000000000174
20	3	8	6	39.3599999999998
20	3	11	6	144.41
20	3	10	6	4.38999999999998
20	3	13	6	2.26000000000003
20	3	14	6	0.589999999999936
20	3	15	6	0.0699999999999736
20	3	16	3	1.75999999999977
20	3	16	1	0.450000000000083
20	3	2	16	6.36000000000011
20	3	1	16	0.540000000000211
20	3	10	16	0.719999999999809
20	3	3	16	0.709999999999855
20	3	13	16	0.210000000000273
20	3	17	1	0.219999999999809
20	3	2	17	3.8100000000001
20	3	1	17	0.190000000000073
20	3	10	17	0.250000000000037
20	3	3	17	0.579999999999947
20	3	13	17	0.229999999999837
20	3	14	17	0.0800000000001635
20	3	13	12	1.12999999999992
20	3	14	12	1.49999999999981
20	3	17	12	2.46000000000037
20	3	18	7	0.54000000000001
20	3	18	1	1.40999999999972
20	3	8	18	1.10999999999991
20	3	2	18	19.0000000000001
20	3	1	18	1.85000000000017
20	3	5	18	3.1899999999999
20	3	7	18	8.15999999999992
20	3	11	18	9.18999999999997
20	3	10	18	3.46000000000007
20	3	3	18	1.16999999999988
20	3	13	18	1.45000000000032
20	3	14	18	2.25999999999958
20	3	17	18	0.720000000000065
20	3	12	18	0.0900000000001544
20	3	19	1	1.31000000000001
20	3	19	10	0.0499999999999741
20	3	19	13	0.809999999999954
20	3	20	6	0.0500000000002192
20	3	2	20	3.19999999999994
20	3	1	20	0.729999999999828
20	3	10	20	0.409999999999901
20	3	3	20	0.289999999999973
20	3	13	20	0.110000000000392
20	3	14	20	0.119999999999902
20	3	17	20	0.0699999999997178
20	3	10	4	1.52000000000003
20	3	13	4	1.59999999999992
20	3	14	4	1.47000000000007
20	3	17	4	0.460000000000045
20	3	20	4	0.0500000000001908
20	4	1	2	27.0699999999999
20	4	1	3	55.41
20	4	2	3	22.9999999999999
20	4	4	1	3.44999999999986
20	4	1	4	56.7999999999998
20	4	2	4	29.3300000000003
20	4	3	4	11.8599999999999
20	4	5	3	2.55000000000048
20	4	1	5	56.8100000000001
20	4	2	5	29.1299999999996
20	4	3	5	20.7499999999998
20	4	4	5	25.5400000000004
20	4	3	3	0.0899999999996997
20	4	4	3	16.6500000000006
20	4	4	6	48.6599999999992
20	4	1	6	241.41
20	4	2	6	57.0600000000001
20	4	3	6	13.2500000000003
20	4	5	6	1.98000000000015
20	4	6	3	0.829999999999737
20	4	7	1	0.110000000000136
20	4	7	5	0.589999999999984
20	4	1	7	21.2100000000003
20	4	2	7	27.4899999999995
20	4	5	7	3.66000000000063
20	4	3	7	1.39999999999968
20	4	4	7	11.2299999999998
20	4	6	7	14.4399999999999
20	4	8	4	12.9600000000004
20	4	1	8	17.1099999999995
20	4	2	8	8.8800000000005
20	4	3	8	1.9699999999999
20	4	8	8	0.0700000000001726
20	4	4	8	8.72999999999957
20	4	8	7	4.16999999999995
20	4	1	9	40.8500000000004
20	4	2	9	37.1800000000002
20	4	3	9	34.0300000000001
20	4	4	9	24.0899999999996
20	4	7	9	2.27000000000036
20	4	5	9	0.109999999999227
20	4	10	8	4.30000000000033
20	4	1	10	228.17
20	4	2	10	494.2
20	4	5	10	128.619999999999
20	4	3	10	123.92
20	4	4	10	34.0400000000003
20	4	6	10	25.8400000000004
20	4	11	5	3.33999999999978
20	4	11	6	7.91999999999946
20	4	1	11	45.0400000000005
20	4	2	11	39.6800000000003
20	4	5	11	2.36999999999947
20	4	3	11	93.9100000000005
20	4	4	11	113.65
20	4	6	11	4.3299999999994
20	4	10	11	0.200000000000065
20	4	12	5	6.07000000000012
20	4	4	12	37.64
20	4	1	12	144.25
20	4	2	12	28.98
20	4	3	12	4.12999999999983
20	4	5	12	15.5499999999996
20	4	11	12	2.17000000000038
20	4	6	12	0.229999999999828
20	4	11	3	1.50000000000026
20	4	12	3	0.580000000000163
20	4	1	13	64.5099999999995
20	4	2	13	11.78
20	4	3	13	8.01999999999973
20	4	8	13	0.590000000000677
20	4	4	13	10.15
20	4	10	13	11.9099999999997
20	4	8	5	23.7000000000001
20	4	10	5	4.97999999999978
20	4	13	5	4.79999999999982
20	4	5	13	7.31000000000035
20	4	11	13	4.85999999999958
20	4	6	13	2.52999999999987
20	4	14	9	17.6
20	4	14	2	0.450000000000756
20	4	14	3	12.2099999999994
20	4	1	15	55.5700000000001
20	4	2	15	42.9799999999998
20	4	3	15	4.88000000000001
20	4	8	15	82.6200000000005
20	4	4	15	47.6199999999999
20	4	5	15	2.19000000000009
20	4	11	15	39.3799999999995
20	4	6	15	2.88000000000023
20	4	12	15	13.8399999999999
20	4	10	15	3.27999999999987
20	4	16	5	5.07000000000032
20	4	1	16	143.04
20	4	2	16	118.43
20	4	5	16	0.760000000000057
20	4	3	16	6.81999999999995
20	4	4	16	13.7100000000002
20	4	6	16	5.48999999999991
20	4	11	16	10.1700000000003
20	4	12	16	3.0600000000003
20	4	14	16	21.2899999999995
20	4	5	5	0.0999999999999179
20	4	6	5	5.92000000000032
20	4	14	5	22.2600000000003
20	4	1	17	41.3699999999996
20	4	2	17	48.0799999999995
20	4	3	17	3.72000000000009
20	4	8	17	16.1600000000006
20	4	4	17	3.77999999999959
20	4	17	5	9.94000000000058
20	4	4	4	0.0999999999997012
20	4	17	4	1.29999999999985
20	4	18	4	48.9399999999999
20	4	1	18	25.2200000000004
20	4	2	18	95.6199999999994
20	4	5	18	2.12000000000019
20	4	3	18	6.09000000000056
20	4	4	18	21.6299999999995
20	4	6	18	6.12000000000002
20	4	10	18	9.33000000000033
20	4	8	18	28.9700000000001
20	4	17	18	3.37999999999932
20	4	18	18	0.100000000000609
20	4	19	10	9.44999999999989
20	4	1	19	62.8000000000001
20	4	2	19	31.2299999999998
20	4	5	19	1.70000000000034
20	4	3	19	6.84999999999963
20	4	4	19	29.86
20	4	6	19	2.6700000000002
20	4	8	19	54.4099999999994
20	4	7	19	19.3000000000002
20	4	11	19	56.7000000000004
20	4	12	19	14.3900000000001
20	4	10	19	10.9799999999992
20	4	15	19	0.230000000000482
20	4	1	20	42.0300000000003
20	4	2	20	29.2199999999998
20	4	5	20	7.36999999999945
20	4	3	20	13.7200000000004
20	4	4	20	46.3699999999998
20	4	6	20	2.40000000000045
20	4	11	20	9.36999999999945
20	4	12	20	30.7400000000004
20	4	14	20	9.28000000000015
20	4	20	3	2.83999999999924
20	4	7	20	2.24000000000054
20	4	8	20	20.94
20	4	10	20	31.3899999999996
20	4	13	20	6.15000000000022
20	4	16	20	0.999999999999611
20	4	17	20	12.2100000000004
20	5	2	1	19.0999999999996
20	5	2	3	5.44000000000041
20	5	1	3	1.67999999999967
20	5	2	4	7.13999999999955
20	5	1	4	0.630000000000355
20	5	2	2	0.0700000000010821
20	5	1	2	0.309999999998826
20	5	4	2	0.130000000000573
20	5	4	3	1.90999999999998
20	5	5	2	0.0799999999994814
20	5	2	5	5.88000000000064
20	5	1	5	0.900000000000563
20	5	4	5	2.21999999999941
20	5	5	5	0.0799999999995382
20	5	3	5	0.689999999999618
20	5	2	6	2.4900000000003
20	5	1	6	0.859999999999907
20	5	4	6	1.35000000000089
20	5	3	6	0.96999999999982
20	5	3	3	0.0599999999993202
20	5	6	3	0.0799999999997087
20	5	2	7	18.3300000000001
20	5	1	7	0.880000000000173
20	5	4	7	1.02000000000114
20	5	5	7	1.62999999999927
20	5	5	6	1.59000000000045
20	5	7	6	0.059999999999274
20	5	2	8	10.5200000000003
20	5	1	8	0.790000000000031
20	5	4	8	1.52999999999932
20	5	3	8	2.19000000000063
20	5	6	8	1.21000000000005
20	5	4	4	0.0799999999994832
20	5	3	4	0.619999999999958
20	5	6	4	0.400000000001008
20	5	8	4	0.0799999999994832
20	5	9	6	0.250000000000746
20	5	2	9	8.03999999999873
20	5	1	9	1.81000000000093
20	5	2	10	7.95999999999976
20	5	1	10	2.28999999999997
20	5	4	10	2.38999999999994
20	5	3	10	0.599999999999017
20	5	6	10	0.710000000001701
20	5	8	10	0.309999999999036
20	5	11	2	0.100000000000136
20	5	2	11	8.19999999999939
20	5	1	11	6.18000000000013
20	5	4	11	16.8300000000011
20	5	5	11	6.52999999999988
20	5	11	11	0.0799999999992558
20	5	5	8	4.8900000000009
20	5	11	8	2.21999999999919
20	5	12	5	0.40000000000078
20	5	12	3	3.64999999999931
20	5	2	12	1.97999999999941
20	5	1	12	0.470000000000044
20	5	2	13	2.17000000000037
20	5	1	13	0.949999999999438
20	5	12	13	0.640000000000562
20	5	4	13	0.359999999999911
20	5	3	13	0.820000000000693
20	5	6	13	0.229999999999119
20	5	8	13	0.230000000000707
20	5	12	8	2.73999999999986
20	5	8	8	0.0799999999994796
20	5	13	8	0.0700000000011407
20	5	2	14	3.25000000000029
20	5	1	14	0.759999999998875
20	5	4	14	3.91999999999952
20	5	3	14	0.410000000001002
20	5	5	14	2.61999999999927
20	5	7	14	0.220000000000493
20	5	9	14	0.679999999999227
20	5	6	14	0.180000000001446
20	5	8	14	0.829999999999028
20	5	3	7	0.470000000000322
20	5	7	7	0.0699999999992613
20	5	9	7	0.519999999999992
20	5	6	7	0.48000000000054
20	5	8	7	1.34000000000083
20	5	14	7	0.0599999999988761
20	5	2	15	17.4499999999996
20	5	1	15	0.890000000000177
20	5	4	15	0.300000000000644
20	5	3	15	0.749999999999329
20	5	6	15	0.340000000001298
20	5	8	15	0.499999999999336
20	5	3	11	5.82000000000012
20	5	6	11	1.75999999999932
20	5	8	11	4.12000000000139
20	5	15	11	0.609999999999465
20	5	2	16	14.67
20	5	1	16	1.49999999999888
20	5	4	16	0.600000000001341
20	5	3	16	1.91999999999992
20	5	6	16	0.550000000000193
20	5	5	16	9.27999999999988
20	5	11	16	1.07999999999925
20	5	12	16	2.83999999999959
20	5	8	16	1.58000000000063
20	5	13	16	0.979999999999855
20	5	2	17	24.5600000000001
20	5	1	17	1.76000000000005
20	5	4	17	1.37000000000047
20	5	3	17	1.17999999999917
20	5	6	17	0.160000000001286
20	5	8	17	2.91999999999924
20	5	17	8	0.059999999999274
20	5	5	17	8.22000000000111
20	5	11	17	3.09999999999952
20	5	2	18	6.65000000000045
20	5	1	18	1.30000000000026
20	5	4	18	3.10999999999861
20	5	3	18	2.52000000000073
20	5	6	18	1.01999999999954
20	5	5	18	2.26000000000097
20	5	11	18	2.43999999999938
20	5	12	18	5.58000000000097
20	5	8	18	0.829999999999037
20	5	13	18	0.950000000000053
20	5	16	18	0.0300000000004381
20	5	17	18	0.390000000000402
20	5	19	10	0.259999999999547
20	5	19	12	0.630000000000173
20	5	19	13	1.34999999999975
20	5	2	20	1.179999999999
20	5	1	20	1.32000000000138
20	5	4	20	0.280000000000207
20	5	3	20	0.799999999999802
20	5	6	20	0.389999999998974
20	5	8	20	0.869999999999898
20	5	15	20	1.01999999999959
20	5	12	20	1.79000000000139
20	5	19	20	0.679999999998957
20	5	13	20	0.259999999999771
20	5	15	13	0.359999999999967
20	5	13	13	0.0700000000010803
20	5	20	13	0.0799999999994925
25	1	2	1	92.1799999999998
25	1	3	1	19.0500000000007
25	1	3	2	6.40999999999969
25	1	2	4	161.86
25	1	3	4	23.3799999999994
25	1	1	4	19.3100000000017
25	1	2	2	0.0999999999999268
25	1	1	2	11.9199999999997
25	1	4	2	3.49000000000009
25	1	2	3	294.8
25	1	3	3	0.109999999999918
25	1	1	3	398.320000000001
25	1	4	3	19.3199999999998
25	1	5	3	5.14999999999914
25	1	5	4	6.41999999999929
25	1	3	5	24.5100000000001
25	1	2	5	180.44
25	1	1	5	22.4199999999999
25	1	4	5	16.7600000000009
25	1	6	3	3.69999999999971
25	1	2	6	64.0799999999999
25	1	3	6	9.41000000000021
25	1	1	6	3.55999999999939
25	1	4	6	3.2400000000003
25	1	5	6	7.90999999999976
25	1	6	6	0.0800000000015295
25	1	2	7	85.6799999999986
25	1	3	7	9.99000000000139
25	1	1	7	13.5799999999995
25	1	4	7	17.6999999999994
25	1	5	7	10.6899999999997
25	1	6	7	13.3100000000008
25	1	7	6	0.319999999999265
25	1	5	5	0.0899999999997014
25	1	6	5	8.44000000000132
25	1	7	5	5.78000000000032
25	1	2	8	112.31
25	1	3	8	27.6299999999991
25	1	1	8	41.4499999999999
25	1	4	8	31.8199999999998
25	1	5	8	6.41000000000055
25	1	6	8	10.6899999999998
25	1	8	7	12.1100000000004
25	1	9	5	27.3499999999991
25	1	2	9	91.5800000000011
25	1	3	9	20.0100000000003
25	1	1	9	13.9899999999988
25	1	4	9	27.3600000000011
25	1	5	9	17.4799999999996
25	1	6	9	11.8799999999996
25	1	7	9	16.4099999999996
25	1	2	10	99.1299999999997
25	1	3	10	18.8100000000001
25	1	1	10	19.2700000000013
25	1	4	10	25.2399999999993
25	1	5	10	9.68000000000013
25	1	6	10	4.01000000000007
25	1	8	10	4.21999999999924
25	1	5	2	9.31000000000081
25	1	6	2	4.20000000000058
25	1	8	2	6.67999999999889
25	1	10	2	8.61999999999956
25	1	8	3	12.3100000000011
25	1	10	3	32.7899999999995
25	1	11	1	1.77000000000056
25	1	3	11	42.8999999999992
25	1	2	11	83.8799999999996
25	1	1	11	43.3400000000003
25	1	4	11	28.2000000000007
25	1	5	11	32.0100000000001
25	1	6	11	13.6400000000001
25	1	7	11	37.6499999999994
25	1	9	11	39.0299999999997
25	1	8	11	58.6700000000011
25	1	10	11	28.3499999999996
25	1	3	12	29.7700000000003
25	1	2	12	169.95
25	1	1	12	34.8999999999997
25	1	4	12	55.3499999999995
25	1	5	12	201.140000000001
25	1	6	12	26.1199999999994
25	1	7	12	73.1899999999996
25	1	9	12	12.5300000000009
25	1	8	12	32.6699999999996
25	1	10	12	71.7599999999999
25	1	13	5	10.9599999999994
25	1	2	13	59.0000000000003
25	1	3	13	50.3900000000013
25	1	11	13	40.7599999999999
25	1	1	13	86.9599999999984
25	1	11	2	24.19
25	1	13	2	0.510000000001423
25	1	2	14	247.17
25	1	3	14	70.2800000000002
25	1	1	14	42.9399999999994
25	1	4	14	12.9100000000003
25	1	5	14	23.5300000000005
25	1	6	14	30.4199999999984
25	1	8	14	12.9700000000012
25	1	10	14	163.98
25	1	3	15	60.5399999999994
25	1	2	15	51.0900000000002
25	1	1	15	36.5100000000007
25	1	4	15	41.1199999999998
25	1	5	15	5.32000000000035
25	1	6	15	17.439999999999
25	1	7	15	13.0499999999996
25	1	9	15	13.6300000000011
25	1	8	15	33.3200000000002
25	1	10	15	16.3599999999999
25	1	12	15	0.059999999999274
25	1	4	4	0.0899999999996979
25	1	6	4	12.8000000000015
25	1	7	4	8.66999999999998
25	1	9	4	52.419999999999
25	1	8	4	26.3199999999999
25	1	10	4	72.5500000000009
25	1	12	4	0.0699999999992613
25	1	15	4	34.2199999999999
25	1	16	14	0.0400000000004255
25	1	3	16	68.9799999999999
25	1	2	16	516.08
25	1	1	16	21.249999999999
25	1	4	16	10.4600000000005
25	1	5	16	9.99999999999969
25	1	6	16	18.5100000000008
25	1	8	16	10.1700000000004
25	1	10	16	53.0899999999994
25	1	11	16	18.8299999999998
25	1	13	16	40.9100000000011
25	1	7	16	11.9999999999988
25	1	9	16	37.280000000001
25	1	12	16	1.16000000000009
25	1	15	16	7.11999999999968
25	1	17	5	57.63
25	1	17	7	42.9799999999999
25	1	17	13	110.85
25	1	2	18	67.2800000000006
25	1	3	18	57.3599999999993
25	1	1	18	16.0200000000007
25	1	4	18	12.9099999999992
25	1	5	18	6.54999999999962
25	1	6	18	14.0900000000009
25	1	8	18	39.8
25	1	10	18	82.0999999999994
25	1	8	9	45.6500000000008
25	1	10	9	83.7699999999989
25	1	18	9	12.9400000000001
25	1	10	10	0.0999999999996994
25	1	18	10	0.220000000000265
25	1	19	9	49.2400000000013
25	1	19	10	19.7899999999987
25	1	2	19	37.5200000000006
25	1	3	19	14.7000000000005
25	1	1	19	15.6699999999996
25	1	4	19	35.1300000000004
25	1	5	19	18.9899999999987
25	1	6	19	0.220000000000717
25	1	7	19	7.02999999999965
25	1	20	2	0.590000000000845
25	1	2	20	147.37
25	1	3	20	9.84999999999936
25	1	1	20	7.22000000000072
25	1	4	20	22.2000000000003
25	1	5	20	5.96999999999969
25	1	6	20	4.80999999999986
25	1	7	20	7.67999999999927
25	1	8	20	12.6000000000012
25	1	10	20	22.0299999999995
25	1	18	20	8.55000000000009
25	1	19	20	3.38000000000012
25	1	9	20	0.169999999999625
25	1	9	9	0.0899999999997014
25	1	20	9	54.3300000000007
25	1	21	5	1.50999999999966
25	1	3	21	27.8299999999995
25	1	2	21	108.460000000001
25	1	1	21	23.0200000000008
25	1	4	21	22.68
25	1	5	21	9.77999999999988
25	1	6	21	3.24999999999853
25	1	7	21	8.7900000000002
25	1	9	21	15.7800000000014
25	1	8	21	9.82999999999881
25	1	10	21	59.6700000000008
25	1	11	21	7.07999999999926
25	1	22	5	14.7000000000002
25	1	22	11	99.8000000000005
25	1	17	22	0.0600000000006435
25	1	23	14	21.5199999999985
25	1	23	5	0.0700000000008623
25	1	17	23	0.040000000000429
25	1	24	6	7.86999999999887
25	1	24	3	8.84000000000027
25	1	17	24	0.050000000000427
25	1	22	24	0.0500000000006473
25	1	25	3	269.269999999998
25	1	25	1	9.46000000000118
25	1	17	25	0.0500000000004257
25	2	2	1	21.8399999999987
25	2	2	3	108.790000000001
25	2	1	3	41.7399999999985
25	2	2	2	0.100000000001744
25	2	1	2	5.42999999999837
25	2	3	2	15.0500000000015
25	2	4	1	2.69999999999994
25	2	4	2	5.83999999999959
25	2	4	3	16.4799999999996
25	2	5	2	1.90999999999964
25	2	2	6	26.4800000000001
25	2	1	6	168.42
25	2	4	6	52.6600000000007
25	2	3	6	48.3299999999994
25	2	1	1	0.0799999999994832
25	2	3	1	74.6200000000004
25	2	6	1	3.41000000000066
25	2	2	4	39.2899999999988
25	2	1	4	113.270000000001
25	2	4	4	0.0999999999981007
25	2	3	4	44.4800000000014
25	2	6	4	9.6399999999992
25	2	7	5	47.7800000000004
25	2	7	2	0.920000000000091
25	2	7	7	0.080000000001311
25	2	5	7	32.6700000000003
25	2	2	8	30.4499999999994
25	2	1	8	90.2800000000012
25	2	4	8	59.5999999999996
25	2	3	8	43.7999999999989
25	2	3	3	0.0799999999996999
25	2	8	3	9.67000000000111
25	2	9	2	0.279999999999649
25	2	9	4	2.11999999999751
25	2	10	2	2.0300000000018
25	2	2	10	37.2599999999994
25	2	1	10	58.9900000000001
25	2	3	10	226.850000000001
25	2	4	10	127.82
25	2	5	10	380.889999999998
25	2	7	10	23.0900000000008
25	2	9	10	10.8599999999996
25	2	10	10	0.0800000000012986
25	2	7	11	537.389999999999
25	2	5	11	5.92999999999927
25	2	11	2	6.7000000000029
25	2	7	1	7.1099999999981
25	2	5	1	94.8700000000012
25	2	11	1	32.159999999998
25	2	2	12	37.1500000000009
25	2	1	12	31.2900000000019
25	2	4	12	45.069999999997
25	2	3	12	117.650000000002
25	2	8	12	16.819999999998
25	2	2	5	37.3200000000006
25	2	1	5	110.150000000001
25	2	4	5	95.9500000000015
25	2	3	5	177.269999999999
25	2	8	5	26.7399999999977
25	2	12	5	0.0800000000013115
25	2	13	9	6.91000000000043
25	2	13	7	0.529999999999193
25	2	13	13	0.0699999999992649
25	2	9	13	0.26000000000159
25	2	7	14	16.8599999999992
25	2	2	14	83.8099999999987
25	2	1	14	36.8100000000001
25	2	4	14	77.3300000000016
25	2	3	14	183.659999999999
25	2	8	14	26.8800000000006
25	2	12	14	21.8700000000009
25	2	5	14	21.4299999999994
25	2	13	14	10.6899999999987
25	2	9	14	12.8400000000002
25	2	10	14	5.16999999999907
25	2	15	10	34.0500000000003
25	2	15	13	327.900000000001
25	2	15	8	95.0500000000019
25	2	16	4	16.8799999999993
25	2	16	11	8.89999999999987
25	2	17	7	1.82000000000074
25	2	7	17	116.159999999999
25	2	2	17	59.2600000000016
25	2	1	17	17.3399999999996
25	2	4	17	6.47999999999764
25	2	3	17	74.1099999999998
25	2	8	17	38.4100000000008
25	2	12	17	2.0700000000012
25	2	5	17	5.56999999999973
25	2	7	8	15.8099999999983
25	2	8	8	0.0899999999996979
25	2	12	8	46.7600000000008
25	2	5	8	64.8700000000006
25	2	17	8	29.1300000000005
25	2	18	4	18.6800000000014
25	2	2	18	153.19
25	2	1	18	57.6700000000003
25	2	4	18	52.2600000000002
25	2	3	18	119.709999999998
25	2	15	18	189.67
25	2	7	18	34.0599999999997
25	2	8	18	17.3500000000006
25	2	12	18	238.48
25	2	5	18	249.880000000002
25	2	17	18	78.4599999999974
25	2	9	18	108.450000000001
25	2	10	18	33.4000000000004
25	2	11	18	225.029999999999
25	2	2	19	18.060000000001
25	2	4	19	50.44
25	2	1	19	262.440000000001
25	2	3	19	153.999999999996
25	2	6	19	51.0300000000014
25	2	7	19	26.2099999999994
25	2	5	19	192.680000000003
25	2	11	19	22.2799999999999
25	2	6	12	44.0999999999973
25	2	7	12	34.3400000000015
25	2	5	12	64.2399999999998
25	2	11	12	13.969999999999
25	2	19	12	16.3400000000027
25	2	13	19	11.36
25	2	9	19	7.68999999999791
25	2	15	20	0.0399999999988268
25	2	15	3	58.5400000000032
25	2	20	3	99.8499999999999
25	2	15	11	12.5999999999972
25	2	20	11	248.630000000001
25	2	21	8	17.159999999999
25	2	2	21	213.16
25	2	1	21	156.430000000002
25	2	4	21	13.5999999999988
25	2	3	21	175.430000000001
25	2	8	21	9.44000000000097
25	2	15	21	71.4300000000001
25	2	20	21	109.219999999998
25	2	7	21	9.24000000000138
25	2	12	21	20.0399999999984
25	2	5	21	67.4000000000017
25	2	13	21	16.2900000000002
25	2	9	21	18.5299999999986
25	2	10	21	7.38999999999852
25	2	14	21	0.0999999999997012
25	2	22	9	0.140000000002608
25	2	22	1	5.79999999999929
25	2	2	22	28.3599999999997
25	2	4	22	35.2699999999995
25	2	1	22	107.330000000001
25	2	3	22	131.429999999998
25	2	6	22	66.9499999999994
25	2	7	22	25.8300000000018
25	2	5	22	180.959999999999
25	2	11	22	93.7900000000027
25	2	22	22	0.0799999999976628
25	2	2	23	200.910000000001
25	2	1	23	303.309999999999
25	2	3	23	771.8
25	2	4	23	88.2300000000016
25	2	5	23	1126.23
25	2	7	23	34.3200000000015
25	2	9	23	17.969999999998
25	2	10	23	29.4400000000023
25	2	15	23	NA
25	2	13	23	24.1299999999997
25	2	11	23	156.319999999997
25	2	24	5	56.56
25	2	24	2	19.1700000000019
25	2	24	8	289.07
25	2	2	25	397.429999999998
25	2	1	25	61.7800000000014
25	2	4	25	5.77999999999816
25	2	3	25	84.8600000000026
25	2	6	25	22.1099999999974
25	2	9	25	7.51000000000023
25	2	16	25	935.94
25	2	18	25	4.4900000000023
25	2	25	4	56.5799999999995
25	3	2	1	NA
25	3	2	3	NA
25	3	1	3	5664.94
25	3	2	4	NA
25	3	1	4	574.450000000002
25	3	3	4	170.659999999998
25	3	2	5	NA
25	3	1	5	NA
25	3	2	2	0.110000000001964
25	3	1	2	316.299999999993
25	3	5	2	90.8100000000025
25	3	2	6	NA
25	3	1	6	1893.48
25	3	6	4	1.40000000000624
25	3	3	6	1048.29999999999
25	3	6	6	0.120000000004
25	3	4	6	519.890000000001
25	3	2	7	NA
25	3	1	7	NA
25	3	5	7	NA
25	3	7	2	5.8800000000024
25	3	3	7	429.319999999999
25	3	8	5	788.229999999996
25	3	8	7	902.700000000001
25	3	8	4	1530.49
25	3	9	6	90.6100000000004
25	3	8	9	0.829999999998797
25	3	9	4	NA
25	3	10	1	NA
25	3	10	3	NA
25	3	11	4	NA
25	3	11	10	0.0399999999947447
25	3	11	2	NA
25	3	8	12	NA
25	3	2	12	NA
25	3	1	12	NA
25	3	5	12	NA
25	3	7	12	NA
25	3	11	12	NA
25	3	10	12	NA
25	3	3	12	NA
25	3	13	2	75.8299999999988
25	3	2	13	NA
25	3	1	13	1292.17
25	3	10	13	NA
25	3	3	13	177.750000000003
25	3	2	8	NA
25	3	1	8	1031.05
25	3	10	8	963.060000000007
25	3	3	8	965.939999999995
25	3	13	8	0.729999999998888
25	3	2	14	NA
25	3	1	14	611.4
25	3	10	14	384.770000000002
25	3	3	14	93.1900000000028
25	3	13	14	2.22999999999662
25	3	3	3	0.110000000003783
25	3	13	3	1729.7
25	3	14	3	NA
25	3	2	15	NA
25	3	1	15	NA
25	3	3	15	416.85
25	3	6	15	21.680000000001
25	3	8	15	518.839999999999
25	3	9	15	26.5499999999918
25	3	11	15	NA
25	3	4	15	19.6799999999973
25	3	10	15	3499.58
25	3	13	15	675.32
25	3	14	15	120.400000000005
25	3	8	6	4212.32999999999
25	3	11	6	NA
25	3	10	6	1229.69
25	3	13	6	410.169999999991
25	3	14	6	1205.04000000001
25	3	15	6	NA
25	3	16	3	909.619999999989
25	3	16	1	49.5600000000081
25	3	2	16	NA
25	3	1	16	NA
25	3	10	16	NA
25	3	3	16	266.990000000001
25	3	13	16	1.87000000000149
25	3	17	1	20.7199999999998
25	3	2	17	NA
25	3	1	17	NA
25	3	10	17	NA
25	3	3	17	424.580000000004
25	3	13	17	307.040000000003
25	3	14	17	778.799999999998
25	3	13	12	573.969999999992
25	3	14	12	NA
25	3	17	12	744.789999999999
25	3	18	7	469.480000000007
25	3	18	1	1620.02
25	3	8	18	NA
25	3	2	18	NA
25	3	1	18	NA
25	3	5	18	NA
25	3	7	18	NA
25	3	11	18	NA
25	3	10	18	NA
25	3	3	18	2015.27
25	3	13	18	694.190000000001
25	3	14	18	NA
25	3	17	18	537.509999999997
25	3	12	18	0.900000000003963
25	3	19	1	NA
25	3	19	10	0.0400000000042944
25	3	19	13	NA
25	3	20	6	240.750000000002
25	3	2	20	NA
25	3	1	20	NA
25	3	10	20	NA
25	3	3	20	NA
25	3	13	20	611.030000000004
25	3	14	20	357.529999999994
25	3	17	20	317.660000000001
25	3	10	4	594.410000000008
25	3	13	4	982.619999999987
25	3	14	4	271.860000000009
25	3	17	4	316.159999999991
25	3	20	4	0.390000000000111
25	3	21	1	NA
25	3	21	2	4.24000000000684
25	3	2	21	NA
25	3	1	21	NA
25	3	5	21	NA
25	3	7	21	NA
25	3	11	21	NA
25	3	13	21	1316.39999999999
25	3	21	21	0.0800000000069829
25	3	2	22	NA
25	3	10	22	NA
25	3	16	22	515.659999999997
25	3	17	22	635.17000000001
25	3	18	22	NA
25	3	19	22	NA
25	3	21	22	NA
25	3	1	22	1303.08000000001
25	3	10	7	NA
25	3	16	7	NA
25	3	17	7	1034.85
25	3	19	7	1232.31
25	3	21	7	NA
25	3	22	7	NA
25	3	16	20	NA
25	3	18	20	NA
25	3	19	20	NA
25	3	21	20	NA
25	3	22	20	NA
25	3	23	7	96.730000000003
25	3	23	3	NA
25	3	2	23	NA
25	3	1	23	1323.89000000001
25	3	10	23	906.889999999996
25	3	3	23	259.400000000006
25	3	13	23	476.45
25	3	14	23	94.2600000000018
25	3	16	23	635.980000000001
25	3	23	23	0.0999999999967258
25	3	2	24	NA
25	3	10	24	NA
25	3	16	24	285.75
25	3	17	24	825.639999999988
25	3	18	24	3832.57000000001
25	3	19	24	NA
25	3	21	24	NA
25	3	1	24	1043.17
25	3	22	24	NA
25	3	24	20	2.86000000000582
25	3	25	17	18.029999999995
25	3	25	1	22.7100000000062
25	3	2	25	NA
25	3	1	25	349.719999999995
25	3	3	25	697.639999999996
25	3	6	25	3.33000000001768
25	3	8	25	1063.63999999999
25	3	9	25	196.489999999992
25	3	11	25	NA
25	3	10	25	NA
25	3	13	25	480.240000000003
25	3	14	25	789.679999999998
25	3	17	25	2838.51000000001
25	3	20	25	3.89999999997737
25	3	4	25	8.19000000000575
25	4	1	2	27.5400000000168
25	4	1	3	100.939999999988
25	4	2	3	40.440000000011
25	4	4	1	11.5900000000033
25	4	1	4	306.719999999988
25	4	2	4	121.300000000008
25	4	3	4	17.9700000000078
25	4	5	3	1.61999999997694
25	4	1	5	66.9300000000071
25	4	2	5	205.680000000009
25	4	3	5	57.8199999999902
25	4	4	5	18.0099999999998
25	4	3	3	0.100000000007419
25	4	4	3	106.910000000007
25	4	4	6	335.539999999982
25	4	1	6	1686.02
25	4	2	6	156.000000000016
25	4	3	6	40.619999999984
25	4	5	6	3.13000000000807
25	4	6	3	1.59000000001062
25	4	7	1	0.949999999993235
25	4	7	5	1.3899999999992
25	4	1	7	113.369999999986
25	4	2	7	57.4300000000128
25	4	5	7	3.87999999998988
25	4	3	7	10.4100000000158
25	4	4	7	45.5899999999833
25	4	6	7	26.7800000000166
25	4	8	4	35.8999999999976
25	4	1	8	133.999999999991
25	4	2	8	19.0899999999924
25	4	3	8	53.100000000022
25	4	8	8	0.0799999999885781
25	4	4	8	41.6199999999988
25	4	8	7	13.3700000000151
25	4	1	9	51.5799999999868
25	4	2	9	43.8999999999937
25	4	3	9	25.7800000000114
25	4	4	9	55.3100000000063
25	4	7	9	4.86999999999491
25	4	5	9	0.109999999996724
25	4	10	8	4.86999999999331
25	4	1	10	188.070000000014
25	4	2	10	1371.81
25	4	5	10	49.9599999999787
25	4	3	10	69.2900000000116
25	4	4	10	122.960000000001
25	4	6	10	25.3699999999951
25	4	11	5	0.800000000019063
25	4	11	6	2.75999999999272
25	4	1	11	67.1799999999817
25	4	2	11	119.190000000006
25	4	5	11	10.540000000017
25	4	3	11	398.449999999986
25	4	4	11	58.2600000000018
25	4	6	11	2.90000000000829
25	4	10	11	0.120000000006041
25	4	12	5	154.749999999974
25	4	4	12	150.960000000024
25	4	1	12	176.019999999978
25	4	2	12	100.26000000002
25	4	3	12	7.23000000000117
25	4	5	12	6.43999999999847
25	4	11	12	4.55000000000451
25	4	6	12	0.399999999995782
25	4	11	3	1.07999999997948
25	4	12	3	1.60000000001812
25	4	1	13	161.659999999981
25	4	2	13	88.9100000000142
25	4	3	13	12.7500000000016
25	4	8	13	5.23999999999047
25	4	4	13	28.3399999999979
25	4	10	13	5.02000000000568
25	4	8	5	27.530000000002
25	4	10	5	8.58000000001244
25	4	13	5	7.44999999998596
25	4	5	13	6.42000000000895
25	4	11	13	23.949999999986
25	4	6	13	18.8700000000147
25	4	14	9	20.8899999999919
25	4	14	2	37.6900000000039
25	4	14	3	16.4500000000096
25	4	1	15	144.789999999993
25	4	2	15	291.99
25	4	3	15	16.1900000000094
25	4	8	15	92.0699999999974
25	4	4	15	130.129999999986
25	4	5	15	21.3200000000047
25	4	11	15	21.1599999999905
25	4	6	15	25.2600000000127
25	4	12	15	79.7699999999818
25	4	10	15	12.9200000000126
25	4	16	5	0.130000000006037
25	4	1	16	36.5299999999911
25	4	2	16	46.1599999999996
25	4	5	16	0.730000000002981
25	4	3	16	14.8300000000052
25	4	4	16	11.3399999999997
25	4	6	16	14.5199999999838
25	4	11	16	0.859999999998324
25	4	12	16	3.72000000002641
25	4	14	16	50.6799999999835
25	4	5	5	0.100000000016518
25	4	6	5	3.88999999998989
25	4	14	5	69.6800000000055
25	4	1	17	117.380000000001
25	4	2	17	56.2399999999793
25	4	3	17	15.4399999999983
25	4	8	17	31.0600000000266
25	4	4	17	17.0300000000004
25	4	17	5	47.0499999999988
25	4	4	4	0.0999999999781007
25	4	17	4	8.86000000002219
25	4	18	4	3.11999999997694
25	4	1	18	98.9499999999985
25	4	2	18	110.809999999999
25	4	5	18	6.22999999999935
25	4	3	18	13.2699999999984
25	4	4	18	66.4200000000287
25	4	6	18	19.5699999999831
25	4	10	18	18.8700000000095
25	4	8	18	107.329999999996
25	4	17	18	14.9900000000121
25	4	18	18	0.0899999999762784
25	4	19	10	3.79000000001703
25	4	1	19	290.899999999999
25	4	2	19	215.339999999991
25	4	5	19	5.71000000000618
25	4	3	19	13.4299999999855
25	4	4	19	64.9800000000228
25	4	6	19	4.22999999998458
25	4	8	19	187.620000000002
25	4	7	19	6.44999999999301
25	4	11	19	24.3600000000095
25	4	12	19	15.2100000000005
25	4	10	19	4.85000000000175
25	4	15	19	0.609999999998543
25	4	1	20	223.090000000011
25	4	2	20	66.1900000000001
25	4	5	20	20.3099999999736
25	4	3	20	75.5900000000145
25	4	4	20	38.2199999999898
25	4	6	20	19.2199999999937
25	4	11	20	5.54000000000771
25	4	12	20	11.0000000000068
25	4	14	20	35.5200000000111
25	4	20	3	0.549999999989961
25	4	7	20	11.2399999999939
25	4	8	20	64.520000000002
25	4	10	20	35.3899999999956
25	4	13	20	27.8099999999956
25	4	16	20	1.67999999999825
25	4	17	20	11.1800000000201
25	4	21	2	25.9999999999923
25	4	21	8	192.400000000007
25	4	21	3	33.6300000000079
25	4	21	22	188.460000000001
25	4	1	22	220.019999999991
25	4	2	22	177.78999999999
25	4	5	22	5.99000000001572
25	4	3	22	19.5799999999815
25	4	4	22	158.380000000012
25	4	6	22	12.6899999999964
25	4	8	22	87.4799999999866
25	4	7	22	14.8500000000181
25	4	11	22	30.8099999999972
25	4	12	22	31.6799999999892
25	4	10	22	31.8200000000193
25	4	15	22	43.5399999999825
25	4	19	22	59.3000000000152
25	4	1	23	134.419999999985
25	4	2	23	207.420000000016
25	4	5	23	5.66000000000327
25	4	3	23	11.1799999999742
25	4	4	23	97.6300000000026
25	4	6	23	29.9000000000049
25	4	10	23	86.9000000000174
25	4	11	23	22.2199999999973
25	4	8	23	201.540000000002
25	4	17	23	11.9999999999959
25	4	18	23	37.4000000000031
25	4	1	24	133.639999999997
25	4	2	24	65.8599999999822
25	4	3	24	7.47000000001368
25	4	4	24	28.1799999999889
25	4	7	24	3.55000000002248
25	4	11	24	28.2099999999734
25	4	12	24	79.4500000000132
25	4	8	24	45.5500000000043
25	4	10	24	26.1299999999824
25	4	13	24	1.5700000000195
25	4	16	24	16.7900000000043
25	4	5	24	2.88999999998079
25	4	6	24	1.96000000001506
25	4	14	24	29.3000000000063
25	4	17	24	10.3999999999849
25	4	21	25	547.760000000015
25	4	1	25	137.649999999981
25	4	2	25	83.9700000000171
25	4	5	25	6.25999999998727
25	4	3	25	19.1199999999913
25	4	4	25	313.950000000004
25	4	6	25	29.3400000000161
25	4	8	25	42.9399999999837
25	4	7	25	5.79999999999542
25	4	11	25	35.4599999999987
25	4	12	25	16.8400000000163
25	4	10	25	10.399999999983
25	4	15	25	12.8700000000224
25	4	19	25	7.64999999999898
25	4	22	25	1.12999999998079
25	4	21	19	272.470000000004
25	4	19	19	0.100000000016514
25	4	22	19	3.47999999999935
25	4	25	19	7.41999999998348
25	5	2	1	123.020000000009
25	5	2	3	101.739999999994
25	5	1	3	5.38999999998989
25	5	2	4	54.4700000000007
25	5	1	4	4.48000000001754
25	5	2	2	0.0900000000053822
25	5	1	2	3.27000000000364
25	5	4	2	1.06999999999927
25	5	4	3	10.6699999999962
25	5	5	2	1.11999999999876
25	5	2	5	104.830000000003
25	5	1	5	6.2399999999941
25	5	4	5	21.9600000000042
25	5	5	5	0.0899999999762784
25	5	3	5	6.22000000000073
25	5	2	6	65.9100000000251
25	5	1	6	3.18999999997642
25	5	4	6	17.090000000027
25	5	3	6	4.48999999997591
25	5	3	3	0.0900000000072048
25	5	6	3	0.149999999995561
25	5	2	7	124.770000000018
25	5	1	7	36.2100000000007
25	5	4	7	33.2199999999896
25	5	5	7	21.5399999999879
25	5	5	6	9.33000000002335
25	5	7	6	0.129999999976935
25	5	2	8	31.8400000000108
25	5	1	8	13.3399999999872
25	5	4	8	32.720000000021
25	5	3	8	15.8399999999981
25	5	6	8	1.99999999998501
25	5	4	4	0.100000000007205
25	5	3	4	3.03000000001135
25	5	6	4	1.79000000000066
25	5	8	4	0.119999999996724
25	5	9	6	3.01000000000546
25	5	2	9	53.0999999999872
25	5	1	9	2.12999999999898
25	5	2	10	188.820000000001
25	5	1	10	11.3499999999947
25	5	4	10	18.8000000000063
25	5	3	10	3.92999999999826
25	5	6	10	1.40000000000648
25	5	8	10	14.4899999999832
25	5	11	2	0.259999999999781
25	5	2	11	106.53000000001
25	5	1	11	44.5999999999929
25	5	4	11	30.4000000000047
25	5	5	11	57.9600000000116
25	5	11	11	0.0899999999781009
25	5	5	8	28.6500000000267
25	5	11	8	12.3599999999892
25	5	12	5	3.63000000000262
25	5	12	3	88.7099999999932
25	5	2	12	40.2900000000116
25	5	1	12	19.4099999999778
25	5	2	13	47.3700000000076
25	5	1	13	8.73000000001026
25	5	12	13	9.26999999998909
25	5	4	13	2.03999999999156
25	5	3	13	2.47000000002437
25	5	6	13	1.98999999999411
25	5	8	13	4.98999999999956
25	5	12	8	22.9199999999869
25	5	8	8	0.100000000016514
25	5	13	8	0.139999999993744
25	5	2	14	47.1499999999917
25	5	1	14	6.39000000000102
25	5	4	14	13.9100000000031
25	5	3	14	2.22000000000458
25	5	5	14	18.9500000000023
25	5	7	14	2.21999999998435
25	5	9	14	4.48000000001572
25	5	6	14	1.35000000000924
25	5	8	14	55.3399999999963
25	5	3	7	2.91999999998712
25	5	7	7	0.0799999999976713
25	5	9	7	1.81000000000837
25	5	6	7	3.27000000000386
25	5	8	7	12.9000000000028
25	5	14	7	0.0699999999885783
25	5	2	15	38.8200000000013
25	5	1	15	4.10000000000902
25	5	4	15	1.90999999997781
25	5	3	15	5.49000000000684
25	5	6	15	1.37999999999695
25	5	8	15	1.96000000000597
25	5	3	11	32.8599999999949
25	5	6	11	10.2500000000214
25	5	8	11	93.3199999999758
25	5	15	11	5.85000000000539
25	5	2	16	63.1700000000162
25	5	1	16	6.42999999998894
25	5	4	16	4.43999999999847
25	5	3	16	3.60000000000175
25	5	6	16	3.50000000000524
25	5	5	16	6.41999999998691
25	5	11	16	19.9900000000032
25	5	12	16	13.280000000002
25	5	8	16	1.83000000000153
25	5	13	16	0.560000000009969
25	5	2	17	115.919999999996
25	5	1	17	44.7800000000061
25	5	4	17	60.7399999999905
25	5	3	17	5.72999999999913
25	5	6	17	6.3300000000104
25	5	8	17	59.4499999999787
25	5	17	8	0.100000000007423
25	5	5	17	20.2600000000143
25	5	11	17	30.9200000000015
25	5	2	18	160.13999999999
25	5	1	18	9.48999999999956
25	5	4	18	20.4800000000009
25	5	3	18	14.4900000000084
25	5	6	18	3.98999999997774
25	5	5	18	14.259999999998
25	5	11	18	144.610000000009
25	5	12	18	30.5000000000087
25	5	8	18	22.3299999999943
25	5	13	18	8.71999999999709
25	5	16	18	0.0399999999988339
25	5	17	18	2.28000000000386
25	5	19	10	16.4200000000144
25	5	19	12	52.6199999999913
25	5	19	13	11.5399999999843
25	5	2	20	183.75000000002
25	5	1	20	3.76000000000364
25	5	4	20	6.88999999998625
25	5	3	20	1.94999999999505
25	5	6	20	1.56000000001906
25	5	8	20	4.45999999999891
25	5	15	20	9.14999999999942
25	5	12	20	16.9599999999807
25	5	19	20	2.30000000002088
25	5	13	20	0.309999999990175
25	5	15	13	7.60999999999287
25	5	13	13	0.079999999997888
25	5	20	13	3.41000000001601
25	5	21	1	3.47999999999025
25	5	21	8	2.03000000001295
25	5	2	21	36.0199999999929
25	5	21	21	0.079999999996069
25	5	1	21	3.09999999999287
25	5	2	22	40.2100000000005
25	5	1	22	6.50999999999432
25	5	4	22	4.02000000001295
25	5	3	22	5.03000000000407
25	5	6	22	0.979999999984575
25	5	12	22	12.8600000000167
25	5	22	3	1.2500000000032
25	5	8	22	2.96999999998435
25	5	23	2	1.31000000000109
25	5	23	21	17.1799999999889
25	5	2	24	40.320000000014
25	5	1	24	4.33000000001062
25	5	4	24	34.5899999999906
25	5	3	24	13.5600000000063
25	5	6	24	8.02999999998407
25	5	12	24	60.009999999998
25	5	22	24	11.9400000000021
25	5	6	6	0.0699999999976733
25	5	12	6	10.3100000000191
25	5	22	6	1.56999999997926
25	5	24	6	5.66000000000873
25	5	9	24	0.360000000007641
25	5	25	7	28.1600000000069
25	5	2	25	4.88999999998989
25	5	1	25	0.980000000003201
25	5	4	25	0.109999999987415
25	5	5	25	0.100000000016514
25	5	3	25	0.229999999982976
25	5	12	25	0.119999999996725
25	5	12	11	20.0999999999999
25	5	25	11	15.4000000000049
30	1	2	1	227.410000000009
30	1	3	1	10.0900000000088
30	1	3	2	10.2700000000018
30	1	2	4	811.560000000001
30	1	3	4	27.5299999999913
30	1	1	4	121.149999999994
30	1	2	2	0.100000000016518
30	1	1	2	37.9599999999841
30	1	4	2	7.27000000000727
30	1	2	3	364.000000000009
30	1	3	3	0.10999999998741
30	1	1	3	835.530000000011
30	1	4	3	67.4399999999766
30	1	5	3	10.9500000000221
30	1	5	4	18.9399999999964
30	1	3	5	20.2999999999991
30	1	2	5	NA
30	1	1	5	83.429999999998
30	1	4	5	71.7899999999879
30	1	6	3	66.2500000000271
30	1	2	6	191.709999999995
30	1	3	6	22.7799999999986
30	1	1	6	40.6800000000037
30	1	4	6	43.2599999999907
30	1	5	6	15.7700000000039
30	1	6	6	0.0900000000072012
30	1	2	7	840.089999999985
30	1	3	7	37.6099999999913
30	1	1	7	102.01000000002
30	1	4	7	78.7299999999937
30	1	5	7	41.9400000000037
30	1	6	7	101.220000000008
30	1	7	6	2.74999999997432
30	1	5	5	0.100000000016514
30	1	6	5	44.289999999997
30	1	7	5	18.3500000000056
30	1	2	8	616.769999999982
30	1	3	8	82.4700000000028
30	1	1	8	139.270000000007
30	1	4	8	568.259999999996
30	1	5	8	38.2800000000186
30	1	6	8	41.1099999999858
30	1	8	7	30.2799999999986
30	1	9	5	166.330000000011
30	1	2	9	NA
30	1	3	9	12.0199999999984
30	1	1	9	60.2200000000244
30	1	4	9	119.879999999995
30	1	5	9	41.8699999999824
30	1	6	9	95.2099999999969
30	1	7	9	43.5700000000177
30	1	2	10	705.509999999987
30	1	3	10	22.6400000000208
30	1	1	10	66.3199999999795
30	1	4	10	97.8499999999963
30	1	5	10	57.8499999999983
30	1	6	10	144.690000000026
30	1	8	10	38.4799999999791
30	1	5	2	22.4900000000068
30	1	6	2	13.430000000009
30	1	8	2	11.0099999999964
30	1	10	2	16.4900000000066
30	1	8	3	123.609999999999
30	1	10	3	152.039999999978
30	1	11	1	74.8900000000174
30	1	3	11	98.5600000000063
30	1	2	11	460.859999999995
30	1	1	11	36.2399999999887
30	1	4	11	337.140000000004
30	1	5	11	141.069999999999
30	1	6	11	39.9299999999926
30	1	7	11	1011.27
30	1	9	11	526.970000000012
30	1	8	11	76.9399999999837
30	1	10	11	431.609999999999
30	1	3	12	118.740000000012
30	1	2	12	NA
30	1	1	12	382.679999999994
30	1	4	12	114.97999999999
30	1	5	12	199.49000000001
30	1	6	12	192.319999999981
30	1	7	12	98.780000000002
30	1	9	12	495.890000000012
30	1	8	12	668.080000000011
30	1	10	12	1541.44
30	1	13	5	78.3499999999874
30	1	2	13	168.120000000011
30	1	3	13	221.160000000001
30	1	11	13	441.450000000004
30	1	1	13	418.979999999988
30	1	11	2	84.9700000000044
30	1	13	2	0.629999999984427
30	1	2	14	533.330000000018
30	1	3	14	60.4699999999991
30	1	1	14	148.980000000006
30	1	4	14	206.719999999994
30	1	5	14	49.9099999999937
30	1	6	14	147.050000000005
30	1	8	14	142.74000000001
30	1	10	14	624.589999999982
30	1	3	15	7.00000000000684
30	1	2	15	144.619999999997
30	1	1	15	185.169999999994
30	1	4	15	51.2499999999925
30	1	5	15	15.4600000000132
30	1	6	15	128.03000000001
30	1	7	15	22.7800000000039
30	1	9	15	109.579999999979
30	1	8	15	60.9000000000194
30	1	10	15	43.0999999999908
30	1	12	15	0.0599999999976717
30	1	4	4	0.0999999999874106
30	1	6	4	143.68000000002
30	1	7	4	35.7800000000057
30	1	9	4	345.169999999996
30	1	8	4	61.6499999999917
30	1	10	4	481.789999999992
30	1	12	4	0.0700000000176821
30	1	15	4	16.4699999999918
30	1	16	14	0.0300000000095331
30	1	3	16	171.749999999989
30	1	2	16	NA
30	1	1	16	301.730000000001
30	1	4	16	80.1599999999887
30	1	5	16	237.850000000011
30	1	6	16	219.949999999998
30	1	8	16	902.200000000006
30	1	10	16	1147.80000000001
30	1	11	16	126.399999999992
30	1	13	16	97.9699999999844
30	1	7	16	54.0400000000116
30	1	9	16	97.0199999999964
30	1	12	16	50.5800000000033
30	1	15	16	290.530000000011
30	1	17	5	78.6399999999919
30	1	17	7	57.8299999999997
30	1	17	13	154.52
30	1	2	18	595.479999999986
30	1	3	18	64.2500000000089
30	1	1	18	54.2500000000105
30	1	4	18	573.88999999999
30	1	5	18	92.5600000000136
30	1	6	18	284.879999999995
30	1	8	18	95.8399999999908
30	1	10	18	197.869999999987
30	1	8	9	297.150000000029
30	1	10	9	NA
30	1	18	9	71.7300000000084
30	1	10	10	0.100000000007203
30	1	18	10	33.6899999999801
30	1	19	9	107.200000000011
30	1	19	10	453.909999999985
30	1	2	19	472.340000000022
30	1	3	19	69.1599999999867
30	1	1	19	103.830000000007
30	1	4	19	162.929999999996
30	1	5	19	85.0099999999964
30	1	6	19	1.46000000001506
30	1	7	19	15.3800000000042
30	1	20	2	2.37999999998079
30	1	2	20	374.799999999995
30	1	3	20	8.3700000000024
30	1	1	20	13.6500000000174
30	1	4	20	102.779999999988
30	1	5	20	17.3700000000006
30	1	6	20	164.610000000004
30	1	7	20	82.8600000000092
30	1	8	20	445.17
30	1	10	20	80.899999999994
30	1	18	20	4.95999999999709
30	1	19	20	10.6399999999846
30	1	9	20	0.640000000006257
30	1	9	9	0.0900000000072012
30	1	20	9	140.540000000008
30	1	21	5	8.21999999999367
30	1	3	21	25.960000000006
30	1	2	21	520.729999999985
30	1	1	21	67.2499999999977
30	1	4	21	47.0000000000253
30	1	5	21	26.4299999999926
30	1	6	21	23.829999999987
30	1	7	21	119.419999999994
30	1	9	21	43.6200000000133
30	1	8	21	133.060000000012
30	1	10	21	234.029999999976
30	1	11	21	10.6300000000135
30	1	22	5	204.339999999998
30	1	22	11	182.700000000004
30	1	17	22	29.3700000000076
30	1	23	14	13.7999999999863
30	1	23	5	0.0699999999885748
30	1	17	23	0.0500000000188443
30	1	24	6	13.5999999999911
30	1	24	3	35.0700000000011
30	1	17	24	0.06999999999789
30	1	22	24	0.0800000000072032
30	1	25	3	1690.66999999999
30	1	25	1	10.9499999999878
30	1	17	25	0.0500000000081471
30	1	26	18	NA
30	1	26	17	0.0399999999897425
30	1	26	7	53.909999999996
30	1	27	7	37.6500000000047
30	1	27	9	49.9700000000046
30	1	2	27	1.0599999999936
30	1	3	27	1.709999999988
30	1	1	27	4.44000000001302
30	1	4	27	34.3599999999985
30	1	5	27	2.12999999998785
30	1	6	27	4.97000000000095
30	1	8	27	0.930000000014843
30	1	10	27	2.40000000000124
30	1	26	27	0.119999999985811
30	1	18	27	0.0799999999976704
30	1	2	28	638.030000000026
30	1	3	28	39.799999999979
30	1	1	28	892.000000000003
30	1	4	28	71.6500000000085
30	1	5	28	69.4700000000028
30	1	6	28	47.189999999991
30	1	8	28	120.670000000011
30	1	17	28	88.3500000000056
30	1	26	28	85.0799999999868
30	1	27	28	68.0499999999972
30	1	7	28	2.60999999999832
30	1	8	6	16.4699999999898
30	1	17	6	561.250000000014
30	1	26	6	144.780000000002
30	1	27	6	46.6199999999985
30	1	28	6	0.510000000010693
30	1	17	16	NA
30	1	26	16	388.890000000006
30	1	27	16	370.980000000001
30	1	28	16	129.599999999982
30	1	29	6	16.2600000000071
30	1	2	29	286.889999999999
30	1	3	29	266.05999999999
30	1	1	29	331.770000000009
30	1	4	29	139.040000000017
30	1	5	29	162.619999999982
30	1	6	29	136.150000000005
30	1	8	29	101.38000000001
30	1	10	29	NA
30	1	24	29	560.970000000006
30	1	25	29	447.220000000015
30	1	2	22	109.449999999995
30	1	3	22	1.98000000000458
30	1	1	22	21.4599999999753
30	1	4	22	162.800000000015
30	1	5	22	18.3599999999983
30	1	6	22	8.33000000000516
30	1	8	22	4.10999999998217
30	1	10	22	78.8600000000256
30	1	24	22	10.4899999999868
30	1	25	22	9.85999999999309
30	1	29	22	0.0700000000176804
30	1	30	5	805.260000000002
30	1	30	28	479.209999999991
30	1	30	17	0.0399999999897389
30	2	2	1	NA
30	2	2	3	NA
30	2	1	3	513.889999999999
30	2	2	2	0.0999999999965056
30	2	1	2	NA
30	2	3	2	42.1599999999994
30	2	4	1	1255.34
30	2	4	2	260.420000000009
30	2	4	3	NA
30	2	5	2	199.319999999987
30	2	2	6	NA
30	2	1	6	NA
30	2	4	6	NA
30	2	3	6	1162.64
30	2	1	1	0.0999999999858119
30	2	3	1	NA
30	2	6	1	166.539999999995
30	2	2	4	NA
30	2	1	4	1237.16000000001
30	2	4	4	0.0999999999874106
30	2	3	4	NA
30	2	6	4	NA
30	2	7	5	NA
30	2	7	2	138.700000000004
30	2	7	7	0.0900000000072012
30	2	5	7	554.459999999997
30	2	2	8	NA
30	2	1	8	NA
30	2	4	8	NA
30	2	3	8	1720.72
30	2	3	3	0.0999999999965127
30	2	8	3	638.880000000023
30	2	9	2	NA
30	2	9	4	1007.89
30	2	10	2	16.3699999999949
30	2	2	10	NA
30	2	1	10	NA
30	2	3	10	NA
30	2	4	10	NA
30	2	5	10	NA
30	2	7	10	NA
30	2	9	10	NA
30	2	10	10	0.0900000000072012
30	2	7	11	NA
30	2	5	11	275.889999999999
30	2	11	2	142.790000000015
30	2	7	1	NA
30	2	5	1	NA
30	2	11	1	NA
30	2	2	12	NA
30	2	1	12	1318.88999999999
30	2	4	12	NA
30	2	3	12	NA
30	2	8	12	NA
30	2	2	5	NA
30	2	1	5	NA
30	2	4	5	NA
30	2	3	5	NA
30	2	8	5	NA
30	2	12	5	0.279999999980426
30	2	13	9	74.3400000000106
30	2	13	7	10.5199999999984
30	2	13	13	0.0900000000072083
30	2	9	13	113.19999999998
30	2	7	14	NA
30	2	2	14	NA
30	2	1	14	NA
30	2	4	14	NA
30	2	3	14	NA
30	2	8	14	843.859999999987
30	2	12	14	NA
30	2	5	14	NA
30	2	13	14	666.020000000002
30	2	9	14	NA
30	2	10	14	NA
30	2	15	10	957.170000000016
30	2	15	13	707.009999999987
30	2	15	8	NA
30	2	16	4	NA
30	2	16	11	NA
30	2	17	7	26.4399999999982
30	2	7	17	421.330000000014
30	2	2	17	NA
30	2	1	17	306.939999999982
30	2	4	17	NA
30	2	3	17	NA
30	2	8	17	NA
30	2	12	17	NA
30	2	5	17	53.3799999999969
30	2	7	8	NA
30	2	8	8	0.120000000027646
30	2	12	8	NA
30	2	5	8	NA
30	2	17	8	NA
30	2	18	4	42.1500000000031
30	2	2	18	NA
30	2	1	18	NA
30	2	4	18	NA
30	2	3	18	1540.42999999999
30	2	15	18	NA
30	2	7	18	NA
30	2	8	18	NA
30	2	12	18	NA
30	2	5	18	NA
30	2	17	18	NA
30	2	9	18	NA
30	2	10	18	NA
30	2	11	18	NA
30	2	2	19	1248.16999999999
30	2	4	19	1211.16999999999
30	2	1	19	NA
30	2	3	19	NA
30	2	6	19	NA
30	2	7	19	615.389999999979
30	2	5	19	NA
30	2	11	19	NA
30	2	6	12	NA
30	2	7	12	NA
30	2	5	12	NA
30	2	11	12	NA
30	2	19	12	NA
30	2	13	19	539.889999999992
30	2	9	19	NA
30	2	15	20	0.109999999989228
30	2	15	3	73.220000000008
30	2	20	3	NA
30	2	15	11	NA
30	2	20	11	531.540000000024
30	2	21	8	NA
30	2	2	21	NA
30	2	1	21	NA
30	2	4	21	NA
30	2	3	21	NA
30	2	8	21	NA
30	2	15	21	441.679999999974
30	2	20	21	NA
30	2	7	21	NA
30	2	12	21	NA
30	2	5	21	NA
30	2	13	21	NA
30	2	9	21	NA
30	2	10	21	NA
30	2	14	21	0.420000000005092
30	2	22	9	0.21000000001164
30	2	22	1	NA
30	2	2	22	NA
30	2	4	22	NA
30	2	1	22	668.590000000036
30	2	3	22	NA
30	2	6	22	NA
30	2	7	22	NA
30	2	5	22	NA
30	2	11	22	NA
30	2	22	22	0.100000000005387
30	2	2	23	NA
30	2	1	23	NA
30	2	3	23	NA
30	2	4	23	NA
30	2	5	23	NA
30	2	7	23	NA
30	2	9	23	NA
30	2	10	23	NA
30	2	15	23	NA
30	2	13	23	NA
30	2	11	23	NA
30	2	24	5	NA
30	2	24	2	103.230000000006
30	2	24	8	NA
30	2	2	25	NA
30	2	1	25	NA
30	2	4	25	175.179999999974
30	2	3	25	NA
30	2	6	25	NA
30	2	9	25	NA
30	2	16	25	NA
30	2	18	25	278.650000000039
30	2	25	4	82.0400000000186
30	2	2	26	NA
30	2	4	26	NA
30	2	1	26	NA
30	2	3	26	NA
30	2	6	26	NA
30	2	7	26	NA
30	2	5	26	NA
30	2	11	26	NA
30	2	22	26	0.480000000010037
30	2	26	1	NA
30	2	6	2	220.759999999971
30	2	22	2	317.330000000049
30	2	26	2	1897.70999999999
30	2	15	27	118.320000000014
30	2	27	13	181.089999999965
30	2	2	27	NA
30	2	1	27	NA
30	2	4	27	1094.16000000001
30	2	3	27	NA
30	2	8	27	NA
30	2	20	27	192.209999999972
30	2	7	28	NA
30	2	5	28	323.580000000023
30	2	16	28	99.8999999999703
30	2	15	28	NA
30	2	20	28	338.999999999972
30	2	11	28	0.690000000045551
30	2	7	4	NA
30	2	5	4	NA
30	2	15	4	NA
30	2	20	4	1089.73999999999
30	2	11	4	NA
30	2	28	4	267.219999999977
30	2	7	15	NA
30	2	5	15	469.44
30	2	16	15	NA
30	2	15	15	0.079999999988793
30	2	20	15	101.810000000047
30	2	11	15	NA
30	2	28	15	0.0900000000163033
30	2	2	29	NA
30	2	1	29	NA
30	2	4	29	66.9199999999885
30	2	3	29	0.849999999989237
30	2	8	29	213.990000000021
30	2	15	29	281.669999999978
30	2	20	29	1.64999999999738
30	2	29	3	320.439999999982
30	2	20	8	NA
30	2	29	8	NA
30	2	2	30	NA
30	2	4	30	NA
30	2	1	30	NA
30	2	3	30	NA
30	2	6	30	NA
30	2	7	30	NA
30	2	5	30	NA
30	2	11	30	NA
30	2	22	30	NA
30	2	26	30	NA
30	2	30	1	56.8099999999863
30	2	6	10	NA
30	2	11	10	NA
30	2	22	10	NA
30	2	26	10	NA
30	2	30	10	NA
30	3	2	1	NA
30	3	2	3	NA
30	3	1	3	NA
30	3	2	4	NA
30	3	1	4	NA
30	3	3	4	NA
30	3	2	5	NA
30	3	1	5	NA
30	3	2	2	0.130000000046276
30	3	1	2	NA
30	3	5	2	NA
30	3	2	6	NA
30	3	1	6	NA
30	3	6	4	NA
30	3	3	6	NA
30	3	6	6	0.130000000042635
30	3	4	6	NA
30	3	2	7	NA
30	3	1	7	NA
30	3	5	7	NA
30	3	7	2	145.229999999985
30	3	3	7	NA
30	3	8	5	NA
30	3	8	7	NA
30	3	8	4	NA
30	3	9	6	NA
30	3	8	9	36.7200000000371
30	3	9	4	NA
30	3	10	1	NA
30	3	10	3	NA
30	3	11	4	NA
30	3	11	10	NA
30	3	11	2	NA
30	3	8	12	NA
30	3	2	12	NA
30	3	1	12	NA
30	3	5	12	NA
30	3	7	12	NA
30	3	11	12	NA
30	3	10	12	NA
30	3	3	12	NA
30	3	13	2	NA
30	3	2	13	NA
30	3	1	13	NA
30	3	10	13	NA
30	3	3	13	NA
30	3	2	8	NA
30	3	1	8	NA
30	3	10	8	NA
30	3	3	8	NA
30	3	13	8	17.189999999991
30	3	2	14	NA
30	3	1	14	NA
30	3	10	14	NA
30	3	3	14	NA
30	3	13	14	67.6300000000135
30	3	3	3	0.129999999986033
30	3	13	3	NA
30	3	14	3	NA
30	3	2	15	NA
30	3	1	15	NA
30	3	3	15	NA
30	3	6	15	NA
30	3	8	15	NA
30	3	9	15	NA
30	3	11	15	NA
30	3	4	15	NA
30	3	10	15	NA
30	3	13	15	NA
30	3	14	15	NA
30	3	8	6	NA
30	3	11	6	NA
30	3	10	6	NA
30	3	13	6	NA
30	3	14	6	NA
30	3	15	6	NA
30	3	16	3	NA
30	3	16	1	NA
30	3	2	16	NA
30	3	1	16	NA
30	3	10	16	NA
30	3	3	16	NA
30	3	13	16	274.459999999977
30	3	17	1	NA
30	3	2	17	NA
30	3	1	17	NA
30	3	10	17	NA
30	3	3	17	NA
30	3	13	17	NA
30	3	14	17	NA
30	3	13	12	NA
30	3	14	12	NA
30	3	17	12	NA
30	3	18	7	NA
30	3	18	1	NA
30	3	8	18	NA
30	3	2	18	NA
30	3	1	18	NA
30	3	5	18	NA
30	3	7	18	NA
30	3	11	18	NA
30	3	10	18	NA
30	3	3	18	NA
30	3	13	18	NA
30	3	14	18	NA
30	3	17	18	NA
30	3	12	18	3.72999999999549
30	3	19	1	NA
30	3	19	10	0.129999999988065
30	3	19	13	NA
30	3	20	6	NA
30	3	2	20	NA
30	3	1	20	NA
30	3	10	20	NA
30	3	3	20	NA
30	3	13	20	NA
30	3	14	20	NA
30	3	17	20	NA
30	3	10	4	NA
30	3	13	4	NA
30	3	14	4	NA
30	3	17	4	NA
30	3	20	4	NA
30	3	21	1	NA
30	3	21	2	NA
30	3	2	21	NA
30	3	1	21	NA
30	3	5	21	NA
30	3	7	21	NA
30	3	11	21	NA
30	3	13	21	NA
30	3	21	21	0.100000000018333
30	3	2	22	NA
30	3	10	22	NA
30	3	16	22	NA
30	3	17	22	NA
30	3	18	22	NA
30	3	19	22	NA
30	3	21	22	NA
30	3	1	22	NA
30	3	10	7	NA
30	3	16	7	NA
30	3	17	7	NA
30	3	19	7	NA
30	3	21	7	NA
30	3	22	7	NA
30	3	16	20	NA
30	3	18	20	NA
30	3	19	20	NA
30	3	21	20	NA
30	3	22	20	NA
30	3	23	7	NA
30	3	23	3	NA
30	3	2	23	NA
30	3	1	23	NA
30	3	10	23	NA
30	3	3	23	NA
30	3	13	23	NA
30	3	14	23	NA
30	3	16	23	NA
30	3	23	23	0.129999999984435
30	3	2	24	NA
30	3	10	24	NA
30	3	16	24	NA
30	3	17	24	NA
30	3	18	24	NA
30	3	19	24	NA
30	3	21	24	NA
30	3	1	24	NA
30	3	22	24	NA
30	3	24	20	NA
30	3	25	17	NA
30	3	25	1	NA
30	3	2	25	NA
30	3	1	25	NA
30	3	3	25	NA
30	3	6	25	NA
30	3	8	25	NA
30	3	9	25	NA
30	3	11	25	NA
30	3	10	25	NA
30	3	13	25	NA
30	3	14	25	NA
30	3	17	25	NA
30	3	20	25	NA
30	3	4	25	1224.07999999999
30	3	2	26	NA
30	3	1	26	NA
30	3	5	26	NA
30	3	7	26	NA
30	3	11	26	NA
30	3	13	26	NA
30	3	21	26	NA
30	3	10	26	NA
30	3	16	26	NA
30	3	17	26	NA
30	3	18	26	NA
30	3	19	26	NA
30	3	25	26	NA
30	3	5	17	NA
30	3	7	17	NA
30	3	11	17	NA
30	3	21	17	NA
30	3	16	17	NA
30	3	17	17	0.129999999986033
30	3	18	17	NA
30	3	19	17	NA
30	3	26	17	NA
30	3	27	20	NA
30	3	27	19	NA
30	3	2	27	NA
30	3	1	27	NA
30	3	3	27	NA
30	3	6	27	1007.56
30	3	4	27	NA
30	3	9	27	NA
30	3	8	27	NA
30	3	11	27	NA
30	3	10	27	NA
30	3	13	27	NA
30	3	14	27	NA
30	3	15	27	39.2900000000041
30	3	20	27	NA
30	3	28	7	NA
30	3	2	28	NA
30	3	1	28	NA
30	3	3	28	NA
30	3	6	28	77.8300000000179
30	3	4	28	NA
30	3	9	28	NA
30	3	8	28	NA
30	3	11	28	NA
30	3	10	28	NA
30	3	13	28	NA
30	3	14	28	NA
30	3	15	28	58.9999999999616
30	3	20	28	NA
30	3	6	12	NA
30	3	4	12	NA
30	3	9	12	NA
30	3	15	12	NA
30	3	20	12	NA
30	3	28	12	NA
30	3	29	13	NA
30	3	29	19	NA
30	3	2	29	NA
30	3	10	29	NA
30	3	16	29	NA
30	3	17	29	NA
30	3	18	29	NA
30	3	19	29	NA
30	3	21	29	NA
30	3	1	29	NA
30	3	22	29	NA
30	3	24	29	0.450000000040305
30	3	2	30	NA
30	3	1	30	NA
30	3	5	30	NA
30	3	7	30	NA
30	3	11	30	NA
30	3	13	30	NA
30	3	21	30	NA
30	3	10	30	NA
30	3	3	30	NA
30	3	14	30	NA
30	3	25	30	NA
30	3	16	30	NA
30	3	17	30	NA
30	3	18	30	NA
30	3	19	30	NA
30	3	26	30	NA
30	4	1	2	NA
30	4	1	3	NA
30	4	2	3	861.080000000003
30	4	4	1	80.1600000000047
30	4	1	4	NA
30	4	2	4	NA
30	4	3	4	NA
30	4	5	3	114.300000000019
30	4	1	5	NA
30	4	2	5	2189.77000000001
30	4	3	5	NA
30	4	4	5	NA
30	4	3	3	0.109999999965801
30	4	4	3	NA
30	4	4	6	973.670000000003
30	4	1	6	NA
30	4	2	6	NA
30	4	3	6	NA
30	4	5	6	NA
30	4	6	3	148.309999999999
30	4	7	1	2.59000000002881
30	4	7	5	19.9600000000153
30	4	1	7	NA
30	4	2	7	2369.87000000001
30	4	5	7	1046.17
30	4	3	7	NA
30	4	4	7	632.220000000043
30	4	6	7	435.459999999957
30	4	8	4	299.520000000016
30	4	1	8	NA
30	4	2	8	858.899999999979
30	4	3	8	908.600000000018
30	4	8	8	0.100000000005382
30	4	4	8	247.070000000025
30	4	8	7	177.839999999984
30	4	1	9	NA
30	4	2	9	NA
30	4	3	9	NA
30	4	4	9	1676.31000000003
30	4	7	9	53.4699999999809
30	4	5	9	0.120000000027645
30	4	10	8	420.830000000019
30	4	1	10	NA
30	4	2	10	7902.27000000004
30	4	5	10	NA
30	4	3	10	4262.40999999999
30	4	4	10	1361.33
30	4	6	10	1545.85000000001
30	4	11	5	169.499999999981
30	4	11	6	147.51000000002
30	4	1	11	NA
30	4	2	11	NA
30	4	5	11	NA
30	4	3	11	NA
30	4	4	11	NA
30	4	6	11	NA
30	4	10	11	0.470000000004362
30	4	12	5	738.070000000012
30	4	4	12	1184.28
30	4	1	12	NA
30	4	2	12	NA
30	4	3	12	NA
30	4	5	12	821.299999999994
30	4	11	12	64.6200000000422
30	4	6	12	7.20000000000029
30	4	11	3	77.1999999999639
30	4	12	3	51.6300000000026
30	4	1	13	NA
30	4	2	13	1322.89000000002
30	4	3	13	NA
30	4	8	13	4.6199999999933
30	4	4	13	NA
30	4	10	13	72.8900000000172
30	4	8	5	526.909999999963
30	4	10	5	130.840000000009
30	4	13	5	74.3999999999776
30	4	5	13	546.410000000014
30	4	11	13	449.020000000029
30	4	6	13	914.280000000004
30	4	14	9	NA
30	4	14	2	136.769999999958
30	4	14	3	1803.68000000004
30	4	1	15	NA
30	4	2	15	NA
30	4	3	15	NA
30	4	8	15	1521.96999999998
30	4	4	15	2240.49000000004
30	4	5	15	1842.47999999994
30	4	11	15	2039.84000000001
30	4	6	15	1114.54999999998
30	4	12	15	2115.39000000002
30	4	10	15	98.6900000000076
30	4	16	5	0.189999999985737
30	4	1	16	NA
30	4	2	16	NA
30	4	5	16	78.3400000000309
30	4	3	16	NA
30	4	4	16	162.780000000033
30	4	6	16	NA
30	4	11	16	34.3500000000402
30	4	12	16	NA
30	4	14	16	810.670000000016
30	4	5	5	0.0999999999674017
30	4	6	5	1020.31999999999
30	4	14	5	NA
30	4	1	17	NA
30	4	2	17	NA
30	4	3	17	NA
30	4	8	17	454.539999999984
30	4	4	17	137.879999999993
30	4	17	5	511.439999999991
30	4	4	4	0.100000000018333
30	4	17	4	143.270000000038
30	4	18	4	76.4200000000015
30	4	1	18	NA
30	4	2	18	NA
30	4	5	18	NA
30	4	3	18	NA
30	4	4	18	1050.47
30	4	6	18	NA
30	4	10	18	128.269999999993
30	4	8	18	1598.27
30	4	17	18	NA
30	4	18	18	0.100000000011057
30	4	19	10	102.219999999985
30	4	1	19	NA
30	4	2	19	NA
30	4	5	19	NA
30	4	3	19	NA
30	4	4	19	915.189999999976
30	4	6	19	NA
30	4	8	19	644.639999999946
30	4	7	19	117.780000000017
30	4	11	19	1454.91000000001
30	4	12	19	1789.92000000001
30	4	10	19	270.200000000002
30	4	15	19	NA
30	4	1	20	NA
30	4	2	20	NA
