5	1	2	1	0.05
5	1	3	1	0.05
5	1	3	2	0.05
5	1	2	4	0.05
5	1	3	4	0.07
5	1	1	4	0.06
5	1	2	2	0.05
5	1	1	2	0.06
5	1	4	2	0.06
5	1	2	3	0.06
5	1	3	3	0.05
5	1	1	3	0.05
5	1	4	3	0.07
5	1	5	3	0.06
5	1	5	4	0.04
5	1	3	5	0.04
5	1	2	5	0.0599999999999999
5	1	1	5	0.04
5	1	4	5	0.04
5	2	2	1	0.04
5	2	2	3	0.04
5	2	1	3	0.04
5	2	2	2	0.0499999999999999
5	2	1	2	0.04
5	2	3	2	0.04
5	2	4	1	0.04
5	2	4	2	0.05
5	2	4	3	0.0499999999999999
5	2	5	2	0.03
5	3	2	1	0.04
5	3	2	3	0.05
5	3	1	3	0.0499999999999999
5	3	2	4	0.0800000000000001
5	3	1	4	0.05
5	3	3	4	0.03
5	3	2	5	0.0499999999999999
5	3	1	5	0.04
5	3	2	2	0.05
5	3	1	2	0.03
5	3	5	2	0.0499999999999998
5	4	1	2	0.05
5	4	1	3	0.0599999999999999
5	4	2	3	0.05
5	4	4	1	0.05
5	4	1	4	0.04
5	4	2	4	0.05
5	4	3	4	0.05
5	4	5	3	0.0499999999999998
5	4	1	5	0.05
5	4	2	5	0.0599999999999999
5	4	3	5	0.04
5	4	4	5	0.06
5	4	3	3	0.05
5	4	4	3	0.04
5	5	2	1	0.05
5	5	2	3	0.0699999999999998
5	5	1	3	0.05
5	5	2	4	0.0600000000000001
5	5	1	4	0.0700000000000001
5	5	2	2	0.04
5	5	1	2	0.07
5	5	4	2	0.0499999999999999
5	5	4	3	0.0599999999999998
5	5	5	2	0.05
5	5	2	5	0.0700000000000001
5	5	1	5	0.0599999999999998
5	5	4	5	0.0700000000000003
5	5	5	5	0.07
5	5	3	5	0.0499999999999998
10	1	2	1	0.0800000000000001
10	1	3	1	0.11
10	1	3	2	0.0700000000000001
10	1	2	4	0.0699999999999998
10	1	3	4	0.23
10	1	1	4	0.1
10	1	2	2	0.0600000000000001
10	1	1	2	0.0799999999999998
10	1	4	2	0.0800000000000001
10	1	2	3	0.0600000000000003
10	1	3	3	0.0699999999999998
10	1	1	3	0.0699999999999998
10	1	4	3	0.0700000000000001
10	1	5	3	0.0700000000000003
10	1	5	4	0.1
10	1	3	5	0.2
10	1	2	5	0.0499999999999998
10	1	1	5	0.11
10	1	4	5	0.14
10	1	6	3	0.0600000000000001
10	1	2	6	0.11
10	1	3	6	0.2
10	1	1	6	0.11
10	1	4	6	0.15
10	1	5	6	0.1
10	1	6	6	0.0600000000000001
10	1	2	7	0.139999999999999
10	1	3	7	0.170000000000001
10	1	1	7	0.0899999999999994
10	1	4	7	0.09
10	1	5	7	0.11
10	1	6	7	0.0799999999999998
10	1	7	6	0.0900000000000003
10	1	5	5	0.07
10	1	6	5	0.0900000000000003
10	1	7	5	0.05
10	1	2	8	0.0599999999999992
10	1	3	8	0.150000000000001
10	1	1	8	0.12
10	1	4	8	0.1
10	1	5	8	0.0699999999999998
10	1	6	8	0.0900000000000005
10	1	8	7	0.0899999999999994
10	1	9	5	0.0500000000000002
10	1	2	9	0.1
10	1	3	9	0.1
10	1	1	9	0.0699999999999996
10	1	4	9	0.0799999999999998
10	1	5	9	0.0800000000000005
10	1	6	9	0.05
10	1	7	9	0.0799999999999996
10	1	2	10	0.0900000000000003
10	1	3	10	0.0799999999999994
10	1	1	10	0.12
10	1	4	10	0.0899999999999999
10	1	5	10	0.0699999999999996
10	1	6	10	0.0700000000000001
10	1	8	10	0.1
10	1	5	2	0.11
10	1	6	2	0.0700000000000007
10	1	8	2	0.0799999999999998
10	1	10	2	0.0900000000000003
10	1	8	3	0.0600000000000001
10	1	10	3	0.0599999999999992
10	2	2	1	0.0600000000000001
10	2	2	3	0.0500000000000003
10	2	1	3	0.07
10	2	2	2	0.0400000000000003
10	2	1	2	0.0799999999999998
10	2	3	2	0.0500000000000003
10	2	4	1	0.0599999999999998
10	2	4	2	0.0600000000000001
10	2	4	3	0.0699999999999994
10	2	5	2	0.0499999999999998
10	2	2	6	0.0500000000000003
10	2	1	6	0.0699999999999998
10	2	4	6	0.0600000000000001
10	2	3	6	0.0600000000000003
10	2	1	1	0.0500000000000003
10	2	3	1	0.0600000000000001
10	2	6	1	0.0499999999999994
10	2	2	4	0.0600000000000003
10	2	1	4	0.0600000000000001
10	2	4	4	0.0600000000000002
10	2	3	4	0.0600000000000001
10	2	6	4	0.0599999999999994
10	2	7	5	0.0400000000000005
10	2	7	2	0.0500000000000003
10	2	7	7	0.0399999999999996
10	2	5	7	0.0400000000000005
10	2	2	8	0.0499999999999994
10	2	1	8	0.1
10	2	4	8	0.0599999999999998
10	2	3	8	0.0599999999999998
10	2	3	3	0.0700000000000003
10	2	8	3	0.0399999999999996
10	2	9	2	0.0600000000000007
10	2	9	4	0.0599999999999998
10	2	10	2	0.0399999999999996
10	2	2	10	0.0599999999999992
10	2	1	10	0.0700000000000007
10	2	3	10	0.0700000000000007
10	2	4	10	0.0599999999999989
10	2	5	10	0.0700000000000007
10	2	7	10	0.0699999999999992
10	2	9	10	0.11
10	2	10	10	0.0400000000000011
10	3	2	1	0.0599999999999994
10	3	2	3	0.070000000000001
10	3	1	3	0.0499999999999992
10	3	2	4	0.0900000000000003
10	3	1	4	0.0900000000000001
10	3	3	4	0.0900000000000007
10	3	2	5	0.0499999999999989
10	3	1	5	0.0600000000000012
10	3	2	2	0.0399999999999991
10	3	1	2	0.0599999999999994
10	3	5	2	0.0600000000000007
10	3	2	6	0.1
10	3	1	6	0.0900000000000005
10	3	6	4	0.0299999999999996
10	3	3	6	0.0699999999999992
10	3	6	6	0.0400000000000011
10	3	4	6	0.0499999999999998
10	3	2	7	0.0599999999999987
10	3	1	7	0.0500000000000012
10	3	5	7	0.0599999999999989
10	3	7	2	0.0500000000000014
10	3	3	7	0.0499999999999992
10	3	8	5	0.0599999999999996
10	3	8	7	0.0500000000000009
10	3	8	4	0.0900000000000005
10	3	9	6	0.0399999999999994
10	3	8	9	0.0299999999999996
10	3	9	4	0.0499999999999994
10	3	10	1	0.0600000000000007
10	3	10	3	0.079999999999999
10	4	1	2	0.0500000000000009
10	4	1	3	0.11
10	4	2	3	0.0800000000000003
10	4	4	1	0.0699999999999994
10	4	1	4	0.0800000000000003
10	4	2	4	0.0800000000000007
10	4	3	4	0.0899999999999985
10	4	5	3	0.0800000000000007
10	4	1	5	0.0900000000000001
10	4	2	5	0.0800000000000007
10	4	3	5	0.11
10	4	4	5	0.0599999999999994
10	4	3	3	0.0500000000000009
10	4	4	3	0.0799999999999987
10	4	4	6	0.0800000000000007
10	4	1	6	0.119999999999999
10	4	2	6	0.0900000000000005
10	4	3	6	0.11
10	4	5	6	0.12
10	4	6	3	0.0600000000000014
10	4	7	1	0.0499999999999989
10	4	7	5	0.0800000000000003
10	4	1	7	0.0900000000000001
10	4	2	7	0.0799999999999987
10	4	5	7	0.140000000000001
10	4	3	7	0.0699999999999987
10	4	4	7	0.0700000000000007
10	4	6	7	0.0800000000000007
10	4	8	4	0.0499999999999989
10	4	1	8	0.0600000000000012
10	4	2	8	0.069999999999999
10	4	3	8	0.11
10	4	8	8	0.0399999999999991
10	4	4	8	0.0600000000000009
10	4	8	7	0.0499999999999994
10	4	1	9	0.0899999999999999
10	4	2	9	0.0900000000000007
10	4	3	9	0.0999999999999999
10	4	4	9	0.069999999999999
10	4	7	9	0.0700000000000007
10	4	5	9	0.0699999999999991
10	4	10	8	0.0400000000000009
10	4	1	10	0.149999999999999
10	4	2	10	0.140000000000001
10	4	5	10	0.12
10	4	3	10	0.11
10	4	4	10	0.12
10	4	6	10	0.0700000000000007
10	5	2	1	0.0800000000000005
10	5	2	3	0.129999999999999
10	5	1	3	0.129999999999999
10	5	2	4	0.13
10	5	1	4	0.15
10	5	2	2	0.0600000000000009
10	5	1	2	0.11
10	5	4	2	0.0699999999999992
10	5	4	3	0.100000000000001
10	5	5	2	0.0600000000000005
10	5	2	5	0.12
10	5	1	5	0.139999999999999
10	5	4	5	0.0800000000000005
10	5	5	5	0.0700000000000007
10	5	3	5	0.0499999999999989
10	5	2	6	0.12
10	5	1	6	0.119999999999999
10	5	4	6	0.110000000000002
10	5	3	6	0.0799999999999987
10	5	3	3	0.0600000000000007
10	5	6	3	0.0699999999999994
10	5	2	7	0.140000000000001
10	5	1	7	0.0899999999999999
10	5	4	7	0.079999999999999
10	5	5	7	0.1
10	5	5	6	0.0900000000000003
10	5	7	6	0.0400000000000014
10	5	2	8	0.129999999999999
10	5	1	8	0.0900000000000001
10	5	4	8	0.0799999999999992
10	5	3	8	0.0700000000000003
10	5	6	8	0.11
10	5	4	4	0.069999999999999
10	5	3	4	0.0700000000000007
10	5	6	4	0.0600000000000009
10	5	8	4	0.0499999999999989
10	5	9	6	0.0599999999999996
10	5	2	9	0.0899999999999999
10	5	1	9	0.0800000000000005
10	5	2	10	0.12
10	5	1	10	0.109999999999999
10	5	4	10	0.0900000000000003
10	5	3	10	0.0600000000000005
10	5	6	10	0.0799999999999994
10	5	8	10	0.1
15	1	2	1	0.309999999999999
15	1	3	1	0.53
15	1	3	2	0.190000000000001
15	1	2	4	1.07
15	1	3	4	0.430000000000003
15	1	1	4	0.419999999999998
15	1	2	2	0.069999999999999
15	1	1	2	0.330000000000001
15	1	4	2	0.140000000000001
15	1	2	3	0.54
15	1	3	3	0.0599999999999992
15	1	1	3	0.27
15	1	4	3	0.110000000000002
15	1	5	3	0.229999999999999
15	1	5	4	0.309999999999999
15	1	3	5	0.280000000000002
15	1	2	5	0.509999999999999
15	1	1	5	0.480000000000001
15	1	4	5	0.239999999999999
15	1	6	3	0.069999999999999
15	1	2	6	0.240000000000003
15	1	3	6	0.750000000000001
15	1	1	6	0.339999999999996
15	1	4	6	0.560000000000001
15	1	5	6	0.280000000000002
15	1	6	6	0.0699999999999967
15	1	2	7	0.920000000000001
15	1	3	7	0.520000000000002
15	1	1	7	0.169999999999999
15	1	4	7	0.330000000000001
15	1	5	7	0.3
15	1	6	7	0.239999999999999
15	1	7	6	0.110000000000001
15	1	5	5	0.0700000000000012
15	1	6	5	0.18
15	1	7	5	0.139999999999997
15	1	2	8	0.51
15	1	3	8	0.68
15	1	1	8	0.129999999999999
15	1	4	8	0.130000000000003
15	1	5	8	0.0999999999999988
15	1	6	8	0.0899999999999985
15	1	8	7	0.360000000000002
15	1	9	5	0.0599999999999996
15	1	2	9	0.540000000000001
15	1	3	9	0.240000000000001
15	1	1	9	0.119999999999999
15	1	4	9	0.2
15	1	5	9	0.139999999999997
15	1	6	9	0.0700000000000007
15	1	7	9	0.180000000000002
15	1	2	10	0.449999999999998
15	1	3	10	0.100000000000001
15	1	1	10	0.54
15	1	4	10	0.199999999999998
15	1	5	10	0.160000000000001
15	1	6	10	0.110000000000002
15	1	8	10	0.0699999999999972
15	1	5	2	0.150000000000002
15	1	6	2	0.139999999999999
15	1	8	2	0.210000000000001
15	1	10	2	0.150000000000002
15	1	8	3	0.179999999999997
15	1	10	3	0.0999999999999988
15	1	11	1	0.0700000000000021
15	1	3	11	0.46
15	1	2	11	0.79
15	1	1	11	0.52
15	1	4	11	0.360000000000003
15	1	5	11	0.449999999999999
15	1	6	11	0.659999999999997
15	1	7	11	0.299999999999999
15	1	9	11	0.110000000000001
15	1	8	11	0.53
15	1	10	11	0.290000000000004
15	1	3	12	0.759999999999996
15	1	2	12	0.460000000000002
15	1	1	12	0.569999999999998
15	1	4	12	0.419999999999998
15	1	5	12	0.350000000000003
15	1	6	12	0.299999999999998
15	1	7	12	0.279999999999998
15	1	9	12	0.140000000000004
15	1	8	12	0.379999999999999
15	1	10	12	0.549999999999996
15	1	13	5	0.100000000000005
15	1	2	13	0.539999999999998
15	1	3	13	0.440000000000003
15	1	11	13	0.239999999999998
15	1	1	13	0.809999999999996
15	1	11	2	0.260000000000002
15	1	13	2	0.129999999999999
15	1	2	14	0.700000000000004
15	1	3	14	0.109999999999996
15	1	1	14	0.340000000000001
15	1	4	14	0.17
15	1	5	14	0.290000000000003
15	1	6	14	0.0900000000000012
15	1	8	14	0.0699999999999967
15	1	10	14	0.27
15	1	3	15	0.289999999999998
15	1	2	15	0.350000000000001
15	1	1	15	0.280000000000005
15	1	4	15	0.219999999999995
15	1	5	15	0.130000000000002
15	1	6	15	0.109999999999998
15	1	7	15	0.129999999999999
15	1	9	15	0.28
15	1	8	15	0.260000000000005
15	1	10	15	0.16
15	1	12	15	0.0599999999999992
15	1	4	4	0.0699999999999967
15	1	6	4	0.230000000000004
15	1	7	4	0.219999999999995
15	1	9	4	0.420000000000001
15	1	8	4	0.23
15	1	10	4	0.440000000000003
15	1	12	4	0.0499999999999989
15	1	15	4	0.209999999999995
15	2	2	1	0.0899999999999999
15	2	2	3	0.0900000000000052
15	2	1	3	0.0900000000000004
15	2	2	2	0.0499999999999936
15	2	1	2	0.100000000000005
15	2	3	2	0.0699999999999967
15	2	4	1	0.0700000000000043
15	2	4	2	0.0899999999999936
15	2	4	3	0.0800000000000001
15	2	5	2	0.0600000000000063
15	2	2	6	0.0799999999999979
15	2	1	6	0.0800000000000018
15	2	4	6	0.0599999999999969
15	2	3	6	0.0699999999999972
15	2	1	1	0.0600000000000067
15	2	3	1	0.0599999999999938
15	2	6	1	0.0700000000000041
15	2	2	4	0.0900000000000003
15	2	1	4	0.0699999999999976
15	2	4	4	0.0599999999999992
15	2	3	4	0.0800000000000018
15	2	6	4	0.0699999999999992
15	2	7	5	0.0599999999999996
15	2	7	2	0.0900000000000016
15	2	7	7	0.0599999999999987
15	2	5	7	0.0500000000000016
15	2	2	8	0.0800000000000027
15	2	1	8	0.0999999999999945
15	2	4	8	0.100000000000001
15	2	3	8	0.0700000000000021
15	2	3	3	0.0599999999999996
15	2	8	3	0.0600000000000007
15	2	9	2	0.0900000000000007
15	2	9	4	0.109999999999996
15	2	10	2	0.0500000000000016
15	2	2	10	0.0999999999999979
15	2	1	10	0.100000000000001
15	2	3	10	0.0800000000000021
15	2	4	10	0.0800000000000027
15	2	5	10	0.0899999999999999
15	2	7	10	0.0599999999999996
15	2	9	10	0.119999999999997
15	2	10	10	0.0600000000000007
15	2	7	11	0.0499999999999998
15	2	5	11	0.0599999999999987
15	2	11	2	0.0800000000000027
15	2	7	1	0.069999999999997
15	2	5	1	0.0800000000000018
15	2	11	1	0.0599999999999987
15	2	2	12	0.0600000000000041
15	2	1	12	0.110000000000001
15	2	4	12	0.0799999999999947
15	2	3	12	0.0700000000000021
15	2	8	12	0.0699999999999967
15	2	2	5	0.0700000000000049
15	2	1	5	0.0500000000000016
15	2	4	5	0.0599999999999987
15	2	3	5	0.0600000000000007
15	2	8	5	0.0499999999999945
15	2	12	5	0.0400000000000036
15	2	13	9	0.0400000000000027
15	2	13	7	0.0599999999999987
15	2	13	13	0.0399999999999974
15	2	9	13	0.0300000000000029
15	2	7	14	0.0699999999999967
15	2	2	14	0.0800000000000018
15	2	1	14	0.0900000000000027
15	2	4	14	0.0799999999999956
15	2	3	14	0.0800000000000018
15	2	8	14	0.0599999999999987
15	2	12	14	0.0900000000000026
15	2	5	14	0.219999999999996
15	2	13	14	0.0800000000000018
15	2	9	14	0.150000000000002
15	2	10	14	0.0599999999999943
15	2	15	10	0.0899999999999999
15	2	15	13	0.0400000000000036
15	2	15	8	0.0800000000000018
15	3	2	1	0.100000000000001
15	3	2	3	0.0899999999999981
15	3	1	3	0.0999999999999979
15	3	2	4	0.310000000000001
15	3	1	4	0.150000000000003
15	3	3	4	0.179999999999996
15	3	2	5	0.109999999999999
15	3	1	5	0.100000000000006
15	3	2	2	0.0699999999999967
15	3	1	2	0.0800000000000027
15	3	5	2	0.0799999999999947
15	3	2	6	0.230000000000003
15	3	1	6	0.179999999999996
15	3	6	4	0.0500000000000034
15	3	3	6	0.24
15	3	6	6	0.0299999999999958
15	3	4	6	0.0500000000000016
15	3	2	7	0.100000000000001
15	3	1	7	0.0899999999999999
15	3	5	7	0.0800000000000018
15	3	7	2	0.0499999999999989
15	3	3	7	0.0900000000000036
15	3	8	5	0.0599999999999969
15	3	8	7	0.0699999999999967
15	3	8	4	0.170000000000005
15	3	9	6	0.0499999999999945
15	3	8	9	0.0500000000000007
15	3	9	4	0.0500000000000016
15	3	10	1	0.0800000000000018
15	3	10	3	0.089999999999999
15	3	11	4	0.249999999999998
15	3	11	10	0.0299999999999976
15	3	11	2	0.0800000000000036
15	3	8	12	0.109999999999998
15	3	2	12	0.170000000000003
15	3	1	12	0.109999999999997
15	3	5	12	0.160000000000004
15	3	7	12	0.13
15	3	11	12	0.16
15	3	10	12	0.120000000000002
15	3	3	12	0.119999999999996
15	3	13	2	0.0699999999999976
15	3	2	13	0.0899999999999999
15	3	1	13	0.0800000000000027
15	3	10	13	0.120000000000003
15	3	3	13	0.0799999999999983
15	3	2	8	0.0900000000000034
15	3	1	8	0.0699999999999967
15	3	10	8	0.0899999999999999
15	3	3	8	0.0899999999999999
15	3	13	8	0.0799999999999983
15	3	2	14	0.120000000000001
15	3	1	14	0.0999999999999979
15	3	10	14	0.100000000000004
15	3	3	14	0.109999999999996
15	3	13	14	0.100000000000005
15	3	3	3	0.0800000000000003
15	3	13	3	0.0999999999999979
15	3	14	3	0.0599999999999987
15	3	2	15	0.379999999999999
15	3	1	15	0.250000000000001
15	3	3	15	0.140000000000003
15	3	6	15	0.0600000000000005
15	3	8	15	0.149999999999995
15	3	9	15	0.0500000000000025
15	3	11	15	0.34
15	3	4	15	0.0500000000000007
15	3	10	15	0.34
15	3	13	15	0.219999999999999
15	3	14	15	0.260000000000003
15	3	8	6	0.139999999999995
15	3	11	6	0.419999999999999
15	3	10	6	0.190000000000001
15	3	13	6	0.160000000000003
15	3	14	6	0.249999999999996
15	3	15	6	0.0500000000000007
15	4	1	2	0.129999999999999
15	4	1	3	0.390000000000002
15	4	2	3	0.38
15	4	4	1	0.0700000000000038
15	4	1	4	0.389999999999999
15	4	2	4	0.279999999999998
15	4	3	4	0.579999999999997
15	4	5	3	0.150000000000003
15	4	1	5	0.31
15	4	2	5	0.370000000000001
15	4	3	5	0.300000000000004
15	4	4	5	0.199999999999999
15	4	3	3	0.0699999999999976
15	4	4	3	0.249999999999998
15	4	4	6	0.530000000000006
15	4	1	6	0.589999999999997
15	4	2	6	0.489999999999993
15	4	3	6	0.300000000000007
15	4	5	6	0.309999999999996
15	4	6	3	0.120000000000008
15	4	7	1	0.0799999999999974
15	4	7	5	0.0799999999999939
15	4	1	7	0.350000000000007
15	4	2	7	0.249999999999989
15	4	5	7	0.260000000000004
15	4	3	7	0.359999999999999
15	4	4	7	0.340000000000007
15	4	6	7	0.0999999999999979
15	4	8	4	0.310000000000001
15	4	1	8	0.089999999999999
15	4	2	8	0.110000000000003
15	4	3	8	0.129999999999994
15	4	8	8	0.0600000000000067
15	4	4	8	0.0800000000000018
15	4	8	7	0.159999999999987
15	4	1	9	0.270000000000004
15	4	2	9	0.859999999999999
15	4	3	9	0.320000000000002
15	4	4	9	0.310000000000006
15	4	7	9	0.109999999999999
15	4	5	9	0.0900000000000025
15	4	10	8	0.0999999999999981
15	4	1	10	0.399999999999991
15	4	2	10	0.170000000000006
15	4	5	10	0.759999999999994
15	4	3	10	0.500000000000004
15	4	4	10	0.400000000000005
15	4	6	10	0.27999999999999
15	4	11	5	0.220000000000012
15	4	11	6	0.339999999999993
15	4	1	11	0.150000000000005
15	4	2	11	0.649999999999999
15	4	5	11	0.17
15	4	3	11	0.179999999999998
15	4	4	11	0.379999999999999
15	4	6	11	0.100000000000007
15	4	10	11	0.0699999999999967
15	4	12	5	0.279999999999992
15	4	4	12	0.120000000000008
15	4	1	12	0.209999999999997
15	4	2	12	0.300000000000002
15	4	3	12	0.249999999999999
15	4	5	12	0.199999999999998
15	4	11	12	0.259999999999999
15	4	6	12	0.090000000000007
15	4	11	3	0.349999999999999
15	4	12	3	0.129999999999999
15	4	1	13	0.200000000000002
15	4	2	13	0.399999999999995
15	4	3	13	0.540000000000005
15	4	8	13	0.0899999999999928
15	4	4	13	0.110000000000004
15	4	10	13	0.0899999999999928
15	4	8	5	0.330000000000012
15	4	10	5	0.0999999999999988
15	4	13	5	0.129999999999999
15	4	5	13	0.120000000000003
15	4	11	13	0.579999999999989
15	4	6	13	0.120000000000009
15	4	14	9	0.64999999999999
15	4	14	2	0.0800000000000018
15	4	14	3	0.300000000000012
15	4	1	15	0.27999999999999
15	4	2	15	0.569999999999997
15	4	3	15	0.16
15	4	8	15	1.02000000000001
15	4	4	15	0.489999999999998
15	4	5	15	0.350000000000003
15	4	11	15	1.36
15	4	6	15	0.169999999999991
15	4	12	15	0.220000000000002
15	4	10	15	0.130000000000008
15	5	2	1	0.359999999999991
15	5	2	3	0.390000000000004
15	5	1	3	0.120000000000003
15	5	2	4	0.219999999999998
15	5	1	4	0.189999999999993
15	5	2	2	0.080000000000011
15	5	1	2	0.13999999999999
15	5	4	2	0.0800000000000018
15	5	4	3	0.180000000000002
15	5	5	2	0.0599999999999969
15	5	2	5	0.330000000000011
15	5	1	5	0.199999999999992
15	5	4	5	0.130000000000005
15	5	5	5	0.0799999999999965
15	5	3	5	0.139999999999995
15	5	2	6	0.470000000000003
15	5	1	6	0.129999999999999
15	5	4	6	0.140000000000005
15	5	3	6	0.169999999999992
15	5	3	3	0.0700000000000109
15	5	6	3	0.0899999999999928
15	5	2	7	0.249999999999999
15	5	1	7	0.160000000000001
15	5	4	7	0.170000000000005
15	5	5	7	0.189999999999991
15	5	5	6	0.15
15	5	7	6	0.0699999999999985
15	5	2	8	0.450000000000001
15	5	1	8	0.16
15	5	4	8	0.39
15	5	3	8	0.210000000000007
15	5	6	8	0.140000000000004
15	5	4	4	0.0799999999999974
15	5	3	4	0.139999999999995
15	5	6	4	0.119999999999995
15	5	8	4	0.0700000000000112
15	5	9	6	0.0699999999999967
15	5	2	9	0.669999999999997
15	5	1	9	0.0999999999999979
15	5	2	10	0.379999999999999
15	5	1	10	0.209999999999998
15	5	4	10	0.430000000000011
15	5	3	10	0.209999999999993
15	5	6	10	0.110000000000003
15	5	8	10	0.119999999999994
15	5	11	2	0.100000000000007
15	5	2	11	0.499999999999994
15	5	1	11	0.270000000000001
15	5	4	11	0.420000000000001
15	5	5	11	0.320000000000006
15	5	11	11	0.0699999999999967
15	5	5	8	0.41
15	5	11	8	0.159999999999996
15	5	12	5	0.110000000000003
15	5	12	3	0.219999999999999
15	5	2	12	0.340000000000007
15	5	1	12	0.0999999999999934
15	5	2	13	0.470000000000002
15	5	1	13	0.110000000000003
15	5	12	13	0.169999999999991
15	5	4	13	0.140000000000004
15	5	3	13	0.220000000000005
15	5	6	13	0.0800000000000018
15	5	8	13	0.0899999999999928
15	5	12	8	0.199999999999998
15	5	8	8	0.0600000000000058
15	5	13	8	0.0799999999999976
15	5	2	14	0.299999999999995
15	5	1	14	0.150000000000006
15	5	4	14	0.170000000000006
15	5	3	14	0.109999999999998
15	5	5	14	0.149999999999995
15	5	7	14	0.0600000000000058
15	5	9	14	0.0999999999999925
15	5	6	14	0.0800000000000045
15	5	8	14	0.0899999999999928
15	5	3	7	0.200000000000001
15	5	7	7	0.0500000000000007
15	5	9	7	0.140000000000005
15	5	6	7	0.140000000000004
15	5	8	7	0.129999999999994
15	5	14	7	0.0600000000000076
15	5	2	15	0.549999999999991
15	5	1	15	0.140000000000004
15	5	4	15	0.430000000000001
15	5	3	15	0.279999999999999
15	5	6	15	0.119999999999995
15	5	8	15	0.0999999999999981
15	5	3	11	0.27
15	5	6	11	0.379999999999999
15	5	8	11	0.41
15	5	15	11	0.0600000000000067
20	1	2	1	1.48
20	1	3	1	0.679999999999994
20	1	3	2	0.600000000000004
20	1	2	4	6.9
20	1	3	4	0.860000000000007
20	1	1	4	1.25999999999999
20	1	2	2	0.0800000000000018
20	1	1	2	1.32
20	1	4	2	0.27
20	1	2	3	2.01
20	1	3	3	0.0899999999999972
20	1	1	3	0.56
20	1	4	3	0.330000000000003
20	1	5	3	0.409999999999995
20	1	5	4	0.369999999999998
20	1	3	5	0.980000000000011
20	1	2	5	4.41999999999999
20	1	1	5	0.700000000000002
20	1	4	5	0.849999999999997
20	1	6	3	0.42
20	1	2	6	1.12000000000001
20	1	3	6	0.68
20	1	1	6	0.629999999999995
20	1	4	6	0.280000000000001
20	1	5	6	0.300000000000001
20	1	6	6	0.0700000000000021
20	1	2	7	2.99999999999999
20	1	3	7	0.409999999999986
20	1	1	7	3.31000000000002
20	1	4	7	0.359999999999985
20	1	5	7	0.660000000000014
20	1	6	7	0.609999999999983
20	1	7	6	0.160000000000023
20	1	5	5	0.0800000000000036
20	1	6	5	0.719999999999997
20	1	7	5	0.31
20	1	2	8	0.929999999999986
20	1	3	8	1.54999999999999
20	1	1	8	1.06000000000002
20	1	4	8	0.689999999999985
20	1	5	8	0.410000000000014
20	1	6	8	0.629999999999995
20	1	8	7	1.05999999999999
20	1	9	5	0.359999999999993
20	1	2	9	1.85000000000001
20	1	3	9	0.650000000000004
20	1	1	9	0.590000000000012
20	1	4	9	1.78999999999999
20	1	5	9	1.59999999999998
20	1	6	9	0.640000000000024
20	1	7	9	0.369999999999996
20	1	2	10	0.949999999999987
20	1	3	10	0.729999999999997
20	1	1	10	0.870000000000003
20	1	4	10	0.380000000000015
20	1	5	10	0.989999999999988
20	1	6	10	0.399999999999995
20	1	8	10	0.410000000000016
20	1	5	2	0.550000000000001
20	1	6	2	0.28999999999999
20	1	8	2	0.53999999999999
20	1	10	2	0.260000000000019
20	1	8	3	0.399999999999995
20	1	10	3	0.379999999999985
20	1	11	1	0.140000000000004
20	1	3	11	0.580000000000011
20	1	2	11	4.33
20	1	1	11	1.12000000000001
20	1	4	11	0.800000000000001
20	1	5	11	0.909999999999975
20	1	6	11	0.640000000000013
20	1	7	11	0.56
20	1	9	11	1.08
20	1	8	11	0.630000000000003
20	1	10	11	1.11
20	1	3	12	0.649999999999975
20	1	2	12	2.32
20	1	1	12	2.02000000000002
20	1	4	12	1.06000000000001
20	1	5	12	2.27999999999999
20	1	6	12	1.45000000000001
20	1	7	12	0.890000000000004
20	1	9	12	1.16999999999999
20	1	8	12	0.459999999999999
20	1	10	12	1.40999999999998
20	1	13	5	0.229999999999999
20	1	2	13	6.77000000000002
20	1	3	13	0.899999999999995
20	1	11	13	1.00999999999999
20	1	1	13	0.759999999999998
20	1	11	2	0.730000000000018
20	1	13	2	0.179999999999979
20	1	2	14	3.36000000000001
20	1	3	14	1.56000000000001
20	1	1	14	0.729999999999997
20	1	4	14	0.340000000000002
20	1	5	14	0.449999999999989
20	1	6	14	1.88
20	1	8	14	0.240000000000007
20	1	10	14	0.57
20	1	3	15	0.519999999999991
20	1	2	15	2.43
20	1	1	15	0.530000000000008
20	1	4	15	0.469999999999999
20	1	5	15	0.78
20	1	6	15	0.589999999999982
20	1	7	15	0.27000000000001
20	1	9	15	0.319999999999991
20	1	8	15	1.82000000000001
20	1	10	15	0.52000000000001
20	1	12	15	0.0699999999999916
20	1	4	4	0.0899999999999945
20	1	6	4	0.920000000000014
20	1	7	4	1.00999999999998
20	1	9	4	0.449999999999998
20	1	8	4	0.83
20	1	10	4	0.920000000000014
20	1	12	4	0.0699999999999916
20	1	15	4	1.13
20	1	16	14	0.0500000000000114
20	1	3	16	3.05
20	1	2	16	2.06
20	1	1	16	1.55999999999998
20	1	4	16	0.440000000000025
20	1	5	16	2.75999999999998
20	1	6	16	0.710000000000006
20	1	8	16	0.620000000000013
20	1	10	16	1.21999999999998
20	1	11	16	1.24
20	1	13	16	1.44000000000002
20	1	7	16	0.469999999999988
20	1	9	16	0.739999999999998
20	1	12	16	0.650000000000015
20	1	15	16	0.169999999999977
20	1	17	5	0.640000000000022
20	1	17	7	2.67999999999998
20	1	17	13	2.80000000000001
20	1	2	18	1.67000000000001
20	1	3	18	2.57999999999999
20	1	1	18	1.01999999999999
20	1	4	18	1.39000000000002
20	1	5	18	0.449999999999989
20	1	6	18	0.960000000000005
20	1	8	18	0.939999999999987
20	1	10	18	1.49000000000001
20	1	8	9	1.65
20	1	10	9	2.7
20	1	18	9	0.859999999999994
20	1	10	10	0.0800000000000018
20	1	18	10	0.209999999999997
20	1	19	9	0.999999999999989
20	1	19	10	0.670000000000005
20	1	2	19	1.09000000000001
20	1	3	19	0.389999999999976
20	1	1	19	0.370000000000014
20	1	4	19	0.739999999999998
20	1	5	19	0.410000000000014
20	1	6	19	0.139999999999995
20	1	7	19	0.150000000000004
20	1	20	2	0.169999999999968
20	1	2	20	1.26
20	1	3	20	1.20000000000002
20	1	1	20	0.309999999999974
20	1	4	20	0.360000000000042
20	1	5	20	0.320000000000011
20	1	6	20	0.159999999999986
20	1	7	20	0.339999999999993
20	1	8	20	0.860000000000012
20	1	10	20	0.659999999999956
20	1	18	20	0.130000000000052
20	1	19	20	0.189999999999977
20	1	9	20	0.0999999999999837
20	1	9	9	0.0700000000000127
20	1	20	9	0.630000000000013
20	2	2	1	0.159999999999995
20	2	2	3	0.179999999999968
20	2	1	3	0.140000000000006
20	2	2	2	0.0800000000000107
20	2	1	2	0.200000000000006
20	2	3	2	0.109999999999984
20	2	4	1	0.120000000000024
20	2	4	2	0.139999999999995
20	2	4	3	0.190000000000025
20	2	5	2	0.129999999999956
20	2	2	6	0.130000000000013
20	2	1	6	0.210000000000008
20	2	4	6	0.130000000000013
20	2	3	6	0.0999999999999837
20	2	1	1	0.06000000000002
20	2	3	1	0.349999999999995
20	2	6	1	0.109999999999983
20	2	2	4	0.229999999999981
20	2	1	4	0.190000000000015
20	2	4	4	0.0900000000000105
20	2	3	4	0.190000000000015
20	2	6	4	0.119999999999976
20	2	7	5	0.0999999999999748
20	2	7	2	0.0800000000000125
20	2	7	7	0.06000000000002
20	2	5	7	0.0899999999999928
20	2	2	8	0.229999999999988
20	2	1	8	0.279999999999999
20	2	4	8	0.260000000000009
20	2	3	8	0.219999999999988
20	2	3	3	0.0700000000000109
20	2	8	3	0.0900000000000052
20	2	9	2	0.149999999999995
20	2	9	4	0.0999999999999837
20	2	10	2	0.0600000000000203
20	2	2	10	0.129999999999974
20	2	1	10	0.260000000000009
20	2	3	10	0.260000000000018
20	2	4	10	0.140000000000008
20	2	5	10	0.229999999999979
20	2	7	10	0.110000000000031
20	2	9	10	0.279999999999991
20	2	10	10	0.0500000000000203
20	2	7	11	0.139999999999956
20	2	5	11	0.0800000000000018
20	2	11	2	0.0999999999999945
20	2	7	1	0.170000000000035
20	2	5	1	0.209999999999997
20	2	11	1	0.0999999999999837
20	2	2	12	0.209999999999997
20	2	1	12	0.240000000000027
20	2	4	12	0.159999999999986
20	2	3	12	0.429999999999978
20	2	8	12	0.0800000000000018
20	2	2	5	0.150000000000004
20	2	1	5	0.159999999999986
20	2	4	5	0.0900000000000407
20	2	3	5	0.119999999999976
20	2	8	5	0.0800000000000127
20	2	12	5	0.06000000000002
20	2	13	9	0.0299999999999816
20	2	13	7	0.0899999999999928
20	2	13	13	0.0399999999999814
20	2	9	13	0.0399999999999903
20	2	7	14	0.140000000000004
20	2	2	14	0.310000000000032
20	2	1	14	0.349999999999984
20	2	4	14	0.209999999999998
20	2	3	14	0.330000000000002
20	2	8	14	0.0899999999999928
20	2	12	14	0.210000000000006
20	2	5	14	0.270000000000008
20	2	13	14	0.140000000000004
20	2	9	14	0.599999999999995
20	2	10	14	0.149999999999986
20	2	15	10	0.409999999999995
20	2	15	13	0.0400000000000384
20	2	15	8	0.239999999999988
20	2	16	4	0.229999999999979
20	2	16	11	0.120000000000033
20	2	17	7	0.119999999999957
20	2	7	17	0.130000000000022
20	2	2	17	0.219999999999999
20	2	1	17	0.110000000000031
20	2	4	17	0.0899999999999928
20	2	3	17	0.119999999999965
20	2	8	17	0.080000000000011
20	2	12	17	0.120000000000024
20	2	5	17	0.0999999999999837
20	2	7	8	0.159999999999988
20	2	8	8	0.0700000000000109
20	2	12	8	0.190000000000007
20	2	5	8	0.23999999999997
20	2	17	8	0.230000000000045
20	2	18	4	0.0699999999999541
20	2	2	18	0.209999999999997
20	2	1	18	0.240000000000038
20	2	4	18	0.309999999999963
20	2	3	18	0.290000000000049
20	2	15	18	0.999999999999996
20	2	7	18	0.280000000000001
20	2	8	18	0.0800000000000018
20	2	12	18	0.299999999999972
20	2	5	18	0.430000000000025
20	2	17	18	0.259999999999961
20	2	9	18	0.400000000000015
20	2	10	18	0.130000000000015
20	2	11	18	0.269999999999991
20	2	2	19	0.379999999999974
20	2	4	19	0.320000000000011
20	2	1	19	0.479999999999997
20	2	3	19	0.530000000000001
20	2	6	19	0.340000000000003
20	2	7	19	0.190000000000015
20	2	5	19	0.429999999999977
20	2	11	19	0.450000000000006
20	2	6	12	0.180000000000034
20	2	7	12	0.209999999999949
20	2	5	12	0.240000000000027
20	2	11	12	0.130000000000015
20	2	19	12	0.0700000000000127
20	2	13	19	0.129999999999956
20	2	9	19	0.420000000000043
20	2	15	20	0.0399999999999816
20	2	15	3	0.24999999999997
20	2	20	3	0.220000000000045
20	2	15	11	0.219999999999999
20	2	20	11	0.0999999999999945
20	3	2	1	2.93999999999999
20	3	2	3	2.09
20	3	1	3	0.710000000000006
20	3	2	4	3.78000000000002
20	3	1	4	0.399999999999947
20	3	3	4	0.600000000000051
20	3	2	5	2.54999999999999
20	3	1	5	0.359999999999975
20	3	2	2	0.0800000000000018
20	3	1	2	0.200000000000015
20	3	5	2	0.190000000000015
20	3	2	6	1.31999999999997
20	3	1	6	0.710000000000008
20	3	6	4	0.0599999999999721
20	3	3	6	0.440000000000024
20	3	6	6	0.0299999999999816
20	3	4	6	0.0500000000000291
20	3	2	7	1.67000000000001
20	3	1	7	0.449999999999959
20	3	5	7	0.840000000000003
20	3	7	2	0.120000000000031
20	3	3	7	0.450000000000008
20	3	8	5	0.289999999999981
20	3	8	7	0.380000000000022
20	3	8	4	0.559999999999972
20	3	9	6	0.0499999999999741
20	3	8	9	0.06000000000002
20	3	9	4	0.0600000000000289
20	3	10	1	0.389999999999958
20	3	10	3	1.78000000000001
20	3	11	4	1.29999999999999
20	3	11	10	0.0500000000000382
20	3	11	2	0.179999999999959
20	3	8	12	0.360000000000051
20	3	2	12	2.40999999999999
20	3	1	12	1.17999999999999
20	3	5	12	1.54
20	3	7	12	0.619999999999974
20	3	11	12	0.890000000000013
20	3	10	12	0.570000000000031
20	3	3	12	0.489999999999981
20	3	13	2	0.140000000000004
20	3	2	13	2.16999999999997
20	3	1	13	0.340000000000002
20	3	10	13	0.520000000000048
20	3	3	13	0.649999999999956
20	3	2	8	1.49000000000004
20	3	1	8	0.249999999999961
20	3	10	8	0.210000000000017
20	3	3	8	0.290000000000029
20	3	13	8	0.0999999999999928
20	3	2	14	1.55999999999998
20	3	1	14	0.190000000000024
20	3	10	14	0.330000000000002
20	3	3	14	0.339999999999995
20	3	13	14	0.18999999999996
20	3	3	3	0.0800000000000021
20	3	13	3	0.760000000000026
20	3	14	3	0.190000000000015
20	3	2	15	1.62999999999998
20	3	1	15	0.369999999999965
20	3	3	15	0.310000000000022
20	3	6	15	0.0500000000000291
20	3	8	15	0.819999999999963
20	3	9	15	0.0600000000000289
20	3	11	15	2.50000000000001
20	3	4	15	0.0399999999999814
20	3	10	15	0.760000000000019
20	3	13	15	0.869999999999983
20	3	14	15	0.349999999999994
20	3	8	6	1.08000000000001
20	3	11	6	13.08
20	3	10	6	1.15999999999999
20	3	13	6	0.520000000000001
20	3	14	6	0.289999999999981
20	3	15	6	0.0500000000000309
20	3	16	3	0.619999999999965
20	3	16	1	0.120000000000031
20	3	2	16	1.32999999999997
20	3	1	16	0.240000000000027
20	3	10	16	0.280000000000001
20	3	3	16	0.27999999999999
20	3	13	16	0.139999999999997
20	3	17	1	0.440000000000024
20	3	2	17	0.409999999999986
20	3	1	17	0.149999999999995
20	3	10	17	0.210000000000008
20	3	3	17	0.219999999999988
20	3	13	17	0.110000000000031
20	3	14	17	0.0999999999999854
20	3	13	12	0.580000000000002
20	3	14	12	0.409999999999995
20	3	17	12	0.479999999999988
20	3	18	7	0.149999999999995
20	3	18	1	0.349999999999993
20	3	8	18	0.490000000000038
20	3	2	18	1.83999999999999
20	3	1	18	0.549999999999981
20	3	5	18	1.31999999999998
20	3	7	18	0.780000000000047
20	3	11	18	1.25999999999998
20	3	10	18	0.93999999999998
20	3	3	18	0.859999999999992
20	3	13	18	0.52
20	3	14	18	0.480000000000036
20	3	17	18	0.330000000000002
20	3	12	18	0.0900000000000016
20	3	19	1	0.309999999999974
20	3	19	10	0.0300000000000402
20	3	19	13	0.459999999999958
20	3	20	6	0.0400000000000293
20	3	2	20	0.74999999999998
20	3	1	20	0.149999999999993
20	3	10	20	0.159999999999988
20	3	3	20	0.190000000000014
20	3	13	20	0.089999999999995
20	3	14	20	0.100000000000039
20	3	17	20	0.0599999999999667
20	3	10	4	0.58
20	3	13	4	0.820000000000033
20	3	14	4	0.309999999999961
20	3	17	4	0.420000000000044
20	3	20	4	0.0499999999999705
20	4	1	2	0.810000000000029
20	4	1	3	7.31
20	4	2	3	1.52999999999996
20	4	4	1	0.270000000000001
20	4	1	4	13.01
20	4	2	4	5.29
20	4	3	4	1.49000000000002
20	4	5	3	0.380000000000011
20	4	1	5	3.11999999999997
20	4	2	5	6.81000000000004
20	4	3	5	0.679999999999993
20	4	4	5	5.05
20	4	3	3	0.0900000000000034
20	4	4	3	2.31000000000001
20	4	4	6	0.72999999999999
20	4	1	6	5.73000000000001
20	4	2	6	3.54
20	4	3	6	1.59000000000001
20	4	5	6	0.819999999999972
20	4	6	3	0.260000000000027
20	4	7	1	0.0899999999999945
20	4	7	5	0.200000000000006
20	4	1	7	3.35999999999996
20	4	2	7	10.05
20	4	5	7	1.24999999999999
20	4	3	7	0.260000000000007
20	4	4	7	1.40000000000002
20	4	6	7	2.55
20	4	8	4	1.28999999999997
20	4	1	8	1.25000000000003
20	4	2	8	2.68999999999998
20	4	3	8	0.240000000000029
20	4	8	8	0.0799999999999521
20	4	4	8	0.700000000000026
20	4	8	7	1.05999999999999
20	4	1	9	5.46999999999998
20	4	2	9	4.07000000000001
20	4	3	9	0.760000000000046
20	4	4	9	5.46999999999996
20	4	7	9	0.190000000000014
20	4	5	9	0.0800000000000125
20	4	10	8	0.410000000000005
20	4	1	10	10.22
20	4	2	10	8.41
20	4	5	10	1.85999999999999
20	4	3	10	1.17999999999999
20	4	4	10	4.24000000000002
20	4	6	10	0.729999999999995
20	4	11	5	0.260000000000019
20	4	11	6	2.13999999999998
20	4	1	11	1.31999999999997
20	4	2	11	4.29000000000002
20	4	5	11	0.310000000000022
20	4	3	11	0.21999999999999
20	4	4	11	1.74
20	4	6	11	0.439999999999968
20	4	10	11	0.100000000000041
20	4	12	5	0.749999999999973
20	4	4	12	2.29000000000003
20	4	1	12	1.44999999999996
20	4	2	12	2.59000000000004
20	4	3	12	1.11
20	4	5	12	0.63000000000004
20	4	11	12	0.459999999999951
20	4	6	12	0.169999999999977
20	4	11	3	0.350000000000042
20	4	12	3	0.329999999999973
20	4	1	13	2.22000000000001
20	4	2	13	1.91000000000001
20	4	3	13	1.42000000000001
20	4	8	13	0.130000000000022
20	4	4	13	1.5599999999999
20	4	10	13	0.440000000000088
20	4	8	5	0.719999999999949
20	4	10	5	0.350000000000042
20	4	13	5	1.19999999999999
20	4	5	13	0.449999999999958
20	4	11	13	1.32
20	4	6	13	0.110000000000039
20	4	14	9	1.33999999999996
20	4	14	2	0.11000000000003
20	4	14	3	0.839999999999955
20	4	1	15	3.66000000000005
20	4	2	15	4.71999999999998
20	4	3	15	1.69000000000002
20	4	8	15	1.69999999999999
20	4	4	15	1.41000000000001
20	4	5	15	0.47999999999994
20	4	11	15	3.90000000000005
20	4	6	15	0.54999999999999
20	4	12	15	0.710000000000065
20	4	10	15	0.249999999999915
20	4	16	5	0.0800000000000569
20	4	1	16	4.76999999999999
20	4	2	16	2.44
20	4	5	16	0.339999999999938
20	4	3	16	0.200000000000072
20	4	4	16	1.28000000000003
20	4	6	16	0.199999999999951
20	4	11	16	1.15000000000004
20	4	12	16	0.359999999999927
20	4	14	16	3.74000000000002
20	4	5	5	0.110000000000039
20	4	6	5	0.309999999999965
20	4	14	5	2.88000000000006
20	4	1	17	7.95999999999992
20	4	2	17	9.14999999999998
20	4	3	17	1.28000000000003
20	4	8	17	2.17000000000003
20	4	4	17	0.959999999999949
20	4	17	5	0.930000000000033
20	4	4	4	0.0800000000000605
20	4	17	4	0.139999999999889
20	4	18	4	1.4600000000001
20	4	1	18	1.91999999999991
20	4	2	18	3.40000000000002
20	4	5	18	0.270000000000008
20	4	3	18	0.319999999999967
20	4	4	18	1.08000000000009
20	4	6	18	0.46999999999994
20	4	10	18	4.23000000000002
20	4	8	18	0.839999999999945
20	4	17	18	0.600000000000071
20	4	18	18	0.0899999999999341
20	4	19	10	0.490000000000057
20	4	1	19	4.72000000000002
20	4	2	19	2.80000000000001
20	4	5	19	0.459999999999949
20	4	3	19	0.380000000000024
20	4	4	19	1.82999999999997
20	4	6	19	0.659999999999989
20	4	8	19	6.70000000000003
20	4	7	19	0.799999999999999
20	4	11	19	2.06000000000001
20	4	12	19	2.05
20	4	10	19	1.33999999999997
20	4	15	19	0.100000000000049
20	4	1	20	4.68999999999993
20	4	2	20	2.44999999999999
20	4	5	20	1.28000000000002
20	4	3	20	0.340000000000048
20	4	4	20	2.13999999999993
20	4	6	20	0.440000000000071
20	4	11	20	1.70999999999998
20	4	12	20	0.750000000000039
20	4	14	20	0.859999999999916
20	4	20	3	0.159999999999995
20	4	7	20	0.950000000000083
20	4	8	20	4.08999999999999
20	4	10	20	3.10999999999997
20	4	13	20	0.650000000000006
20	4	16	20	0.80999999999999
20	4	17	20	0.36000000000004
20	5	2	1	1.43
20	5	2	3	0.679999999999977
20	5	1	3	0.220000000000056
20	5	2	4	1.16
20	5	1	4	0.219999999999942
20	5	2	2	0.0699999999999523
20	5	1	2	0.160000000000101
20	5	4	2	0.0999999999999286
20	5	4	3	0.240000000000034
20	5	5	2	0.0799999999999468
20	5	2	5	0.85000000000006
20	5	1	5	0.260000000000007
20	5	4	5	0.380000000000015
20	5	5	5	0.089999999999943
20	5	3	5	0.169999999999989
20	5	2	6	0.760000000000007
20	5	1	6	0.200000000000076
20	5	4	6	0.449999999999948
20	5	3	6	0.150000000000004
20	5	3	3	0.0699999999999545
20	5	6	3	0.0900000000000514
20	5	2	7	1.08999999999996
20	5	1	7	0.250000000000025
20	5	4	7	0.449999999999958
20	5	5	7	1.07000000000008
20	5	5	6	0.390000000000002
20	5	7	6	0.0899999999999466
20	5	2	8	0.740000000000036
20	5	1	8	0.329999999999947
20	5	4	8	0.470000000000043
20	5	3	8	0.339999999999948
20	5	6	8	0.220000000000044
20	5	4	4	0.0799999999999468
20	5	3	4	0.290000000000102
20	5	6	4	0.199999999999951
20	5	8	4	0.0599999999999543
20	5	9	6	0.0900000000000603
20	5	2	9	0.650000000000011
20	5	1	9	0.130000000000017
20	5	2	10	0.829999999999963
20	5	1	10	0.689999999999968
20	5	4	10	0.549999999999983
20	5	3	10	0.300000000000086
20	5	6	10	0.0999999999999268
20	5	8	10	0.190000000000072
20	5	11	2	0.0999999999999268
20	5	2	11	1.45999999999998
20	5	1	11	0.340000000000053
20	5	4	11	0.469999999999947
20	5	5	11	0.34000000000005
20	5	11	11	0.0700000000000607
20	5	5	8	0.669999999999977
20	5	11	8	0.469999999999942
20	5	12	5	0.190000000000081
20	5	12	3	0.309999999999953
20	5	2	12	1.10999999999994
20	5	1	12	0.170000000000089
20	5	2	13	1.20999999999997
20	5	1	13	0.189999999999959
20	5	12	13	0.330000000000059
20	5	4	13	0.120000000000012
20	5	3	13	0.189999999999976
20	5	6	13	0.130000000000017
20	5	8	13	0.179999999999964
20	5	12	8	0.340000000000064
20	5	8	8	0.079999999999945
20	5	13	8	0.0899999999999448
20	5	2	14	0.700000000000056
20	5	1	14	0.289999999999999
20	5	4	14	0.169999999999973
20	5	3	14	0.0800000000000503
20	5	5	14	0.280000000000001
20	5	7	14	0.0899999999999448
20	5	9	14	0.0900000000000638
20	5	6	14	0.109999999999916
20	5	8	14	0.240000000000027
20	5	3	7	0.320000000000078
20	5	7	7	0.0699999999999505
20	5	9	7	0.159999999999989
20	5	6	7	0.110000000000035
20	5	8	7	0.479999999999922
20	5	14	7	0.0600000000000769
20	5	2	15	1.43999999999997
20	5	1	15	0.289999999999988
20	5	4	15	0.130000000000013
20	5	3	15	0.179999999999977
20	5	6	15	0.140000000000004
20	5	8	15	0.280000000000005
20	5	3	11	0.689999999999973
20	5	6	11	0.250000000000028
20	5	8	11	1.51000000000004
20	5	15	11	0.130000000000031
20	5	2	16	1.03999999999999
20	5	1	16	0.299999999999972
20	5	4	16	0.19999999999996
20	5	3	16	0.179999999999978
20	5	6	16	0.120000000000019
20	5	5	16	0.880000000000035
20	5	11	16	0.760000000000025
20	5	12	16	0.37999999999991
20	5	8	16	0.200000000000063
20	5	13	16	0.149999999999999
20	5	2	17	2.86999999999994
20	5	1	17	0.27
20	5	4	17	1.01000000000003
20	5	3	17	0.230000000000036
20	5	6	17	0.19999999999996
20	5	8	17	0.750000000000038
20	5	17	8	0.0699999999999434
20	5	5	17	0.420000000000094
20	5	11	17	0.289999999999981
20	5	2	18	0.890000000000022
20	5	1	18	0.309999999999965
20	5	4	18	0.620000000000022
20	5	3	18	0.369999999999919
20	5	6	18	0.340000000000057
20	5	5	18	0.559999999999967
20	5	11	18	0.320000000000075
20	5	12	18	1.0199999999999
20	5	8	18	0.150000000000008
20	5	13	18	0.450000000000063
20	5	16	18	0.0399999999999814
20	5	17	18	0.19999999999995
20	5	19	10	0.140000000000015
20	5	19	12	0.130000000000013
20	5	19	13	0.360000000000042
20	5	2	20	1.14000000000001
20	5	1	20	0.209999999999953
20	5	4	20	0.230000000000036
20	5	3	20	0.459999999999962
20	5	6	20	0.200000000000053
20	5	8	20	0.329999999999945
20	5	15	20	0.0800000000000587
20	5	12	20	0.289999999999999
20	5	19	20	0.28
20	5	13	20	0.219999999999935
20	5	15	13	0.149999999999991
20	5	13	13	0.0700000000000607
20	5	20	13	0.0999999999999464
25	1	2	1	16.2800000000001
25	1	3	1	0.769999999999929
25	1	3	2	1.73000000000007
25	1	2	4	15.31
25	1	3	4	2.68999999999999
25	1	1	4	2.62000000000005
25	1	2	2	0.0899999999999395
25	1	1	2	3.04000000000002
25	1	4	2	0.409999999999989
25	1	2	3	18.43
25	1	3	3	0.0800000000000622
25	1	1	3	5.66
25	1	4	3	0.930000000000014
25	1	5	3	0.779999999999923
25	1	5	4	2.17000000000001
25	1	3	5	3.63999999999998
25	1	2	5	10.6300000000001
25	1	1	5	3.84999999999998
25	1	4	5	7.58000000000002
25	1	6	3	1.34999999999998
25	1	2	6	3.19999999999998
25	1	3	6	2.32000000000003
25	1	1	6	1.98999999999994
25	1	4	6	1.71999999999998
25	1	5	6	0.400000000000002
25	1	6	6	0.080000000000048
25	1	2	7	18.96
25	1	3	7	2.96999999999998
25	1	1	7	3.36000000000001
25	1	4	7	6.83000000000007
25	1	5	7	1.66999999999999
25	1	6	7	3.84
25	1	7	6	0.260000000000019
25	1	5	5	0.0899999999999395
25	1	6	5	1.22000000000006
25	1	7	5	0.770000000000007
25	1	2	8	8.87000000000001
25	1	3	8	5.09999999999997
25	1	1	8	5.13999999999995
25	1	4	8	7.13000000000002
25	1	5	8	0.870000000000029
25	1	6	8	2.35999999999996
25	1	8	7	1.86999999999997
25	1	9	5	2.55000000000004
25	1	2	9	7.49000000000002
25	1	3	9	1.03999999999999
25	1	1	9	3.52000000000002
25	1	4	9	9.34999999999999
25	1	5	9	1.91999999999998
25	1	6	9	1.56
25	1	7	9	1.02000000000001
25	1	2	10	7.75999999999996
25	1	3	10	2.10000000000007
25	1	1	10	3.50999999999996
25	1	4	10	0.79999999999999
25	1	5	10	2.85
25	1	6	10	1.07999999999996
25	1	8	10	1.15000000000004
25	1	5	2	0.710000000000061
25	1	6	2	1.14999999999989
25	1	8	2	0.600000000000064
25	1	10	2	1.58999999999999
25	1	8	3	0.540000000000003
25	1	10	3	1.50999999999996
25	1	11	1	0.320000000000075
25	1	3	11	2.56999999999999
25	1	2	11	32.82
25	1	1	11	5.15999999999999
25	1	4	11	3.30000000000001
25	1	5	11	3.92999999999994
25	1	6	11	1.50000000000004
25	1	7	11	3.14999999999993
25	1	9	11	7.51999999999999
25	1	8	11	3.58000000000006
25	1	10	11	3.92000000000001
25	1	3	12	9.91000000000003
25	1	2	12	8.26
25	1	1	12	2.3
25	1	4	12	5.95999999999994
25	1	5	12	1.19999999999999
25	1	6	12	2.93999999999998
25	1	7	12	2.00000000000007
25	1	9	12	1.68000000000009
25	1	8	12	1.54
25	1	10	12	4.86
25	1	13	5	1.58999999999999
25	1	2	13	8.1999999999999
25	1	3	13	4.1900000000001
25	1	11	13	1.21999999999986
25	1	1	13	3.99000000000008
25	1	11	2	2.81000000000002
25	1	13	2	0.829999999999991
25	1	2	14	19.66
25	1	3	14	2.05000000000001
25	1	1	14	2.63999999999992
25	1	4	14	3.13999999999998
25	1	5	14	2.33999999999998
25	1	6	14	2.1800000000001
25	1	8	14	1.3
25	1	10	14	3.28000000000008
25	1	3	15	3.73999999999986
25	1	2	15	3.83000000000007
25	1	1	15	1.09999999999998
25	1	4	15	1.35999999999997
25	1	5	15	1.05000000000002
25	1	6	15	1.35999999999994
25	1	7	15	3.66000000000016
25	1	9	15	0.749999999999817
25	1	8	15	0.420000000000112
25	1	10	15	2.67999999999989
25	1	12	15	0.0700000000001886
25	1	4	4	0.0899999999999359
25	1	6	4	1.98000000000007
25	1	7	4	2.20999999999984
25	1	9	4	0.730000000000043
25	1	8	4	3.36999999999998
25	1	10	4	7.86000000000005
25	1	12	4	0.0699999999999505
25	1	15	4	1.5000000000001
25	1	16	14	0.0399999999999778
25	1	3	16	1.60999999999995
25	1	2	16	14.43
25	1	1	16	2.44999999999988
25	1	4	16	0.430000000000089
25	1	5	16	0.680000000000096
25	1	6	16	2.05999999999997
25	1	8	16	2.80000000000006
25	1	10	16	3.54999999999981
25	1	11	16	2.23000000000009
25	1	13	16	3.91999999999992
25	1	7	16	0.610000000000149
25	1	9	16	0.839999999999954
25	1	12	16	0.629999999999917
25	1	15	16	1.10999999999996
25	1	17	5	1.03000000000005
25	1	17	7	3.32000000000003
25	1	17	13	3.72000000000012
25	1	2	18	5.60000000000001
25	1	3	18	7.18999999999997
25	1	1	18	3.63999999999995
25	1	4	18	4.16999999999998
25	1	5	18	2.39999999999991
25	1	6	18	2.82999999999999
25	1	8	18	6.19000000000006
25	1	10	18	3.39999999999994
25	1	8	9	4.07000000000002
25	1	10	9	8.52000000000008
25	1	18	9	1.70999999999988
25	1	10	10	0.0900000000001704
25	1	18	10	1.38999999999994
25	1	19	9	4.34000000000003
25	1	19	10	1.57999999999997
25	1	2	19	3.06
25	1	3	19	2.24000000000006
25	1	1	19	2.82000000000005
25	1	4	19	1.32
25	1	5	19	0.459999999999833
25	1	6	19	0.110000000000145
25	1	7	19	1.01000000000002
25	1	20	2	0.519999999999794
25	1	2	20	8.94999999999999
25	1	3	20	0.660000000000107
25	1	1	20	2.82000000000002
25	1	4	20	2.20999999999988
25	1	5	20	0.760000000000012
25	1	6	20	1.03000000000002
25	1	7	20	1.18000000000009
25	1	8	20	1.04000000000003
25	1	10	20	2.49999999999986
25	1	18	20	0.490000000000027
25	1	19	20	0.549999999999983
25	1	9	20	0.110000000000145
25	1	9	9	0.0799999999999415
25	1	20	9	2.32
25	1	21	5	0.119999999999918
25	1	3	21	1.24000000000004
25	1	2	21	7.93000000000003
25	1	1	21	2.6799999999999
25	1	4	21	4.5400000000001
25	1	5	21	2.67999999999993
25	1	6	21	0.820000000000192
25	1	7	21	1.52999999999978
25	1	9	21	1.26000000000005
25	1	8	21	9.66000000000016
25	1	10	21	8.49999999999992
25	1	11	21	1.30999999999998
25	1	22	5	1.72000000000009
25	1	22	11	6.76000000000001
25	1	17	22	0.0399999999999814
25	1	23	14	0.139999999999894
25	1	23	5	0.0599999999999703
25	1	17	23	0.0399999999999707
25	1	24	6	0.920000000000112
25	1	24	3	0.260000000000023
25	1	17	24	0.0299999999999869
25	1	22	24	0.0299999999999963
25	1	25	3	3.1
25	1	25	1	0.449999999999857
25	1	17	25	0.040000000000207
25	2	2	1	1.57
25	2	2	3	5.82999999999983
25	2	1	3	2.98000000000012
25	2	2	2	0.079999999999945
25	2	1	2	0.609999999999928
25	2	3	2	1.10999999999996
25	2	4	1	0.710000000000058
25	2	4	2	0.700000000000092
25	2	4	3	3.33000000000001
25	2	5	2	0.539999999999992
25	2	2	6	1.72999999999985
25	2	1	6	5.04000000000005
25	2	4	6	1.01000000000004
25	2	3	6	1.41999999999992
25	2	1	1	0.0800000000001724
25	2	3	1	6.25999999999985
25	2	6	1	0.589999999999947
25	2	2	4	6.0300000000001
25	2	1	4	3.34000000000004
25	2	4	4	0.0899999999999346
25	2	3	4	4.06000000000001
25	2	6	4	1.15000000000014
25	2	7	5	1.58999999999978
25	2	7	2	0.160000000000107
25	2	7	7	0.0799999999999503
25	2	5	7	1.04999999999999
25	2	2	8	3.88999999999995
25	2	1	8	4.30000000000002
25	2	4	8	2.6900000000001
25	2	3	8	4.14999999999995
25	2	3	3	0.0899999999999324
25	2	8	3	0.770000000000049
25	2	9	2	0.289999999999981
25	2	9	4	0.230000000000032
25	2	10	2	0.180000000000097
25	2	2	10	5.37000000000002
25	2	1	10	9.50999999999985
25	2	3	10	10.23
25	2	4	10	10.21
25	2	5	10	29.0100000000002
25	2	7	10	3.5399999999999
25	2	9	10	1.01000000000006
25	2	10	10	0.0799999999999579
25	2	7	11	2.06000000000004
25	2	5	11	0.829999999999973
25	2	11	2	1.38999999999992
25	2	7	1	0.770000000000035
25	2	5	1	6.67000000000016
25	2	11	1	0.68999999999988
25	2	2	12	0.94000000000009
25	2	1	12	2.37999999999996
25	2	4	12	1.46999999999985
25	2	3	12	13.8300000000002
25	2	8	12	1.47999999999988
25	2	2	5	0.480000000000052
25	2	1	5	8.25000000000001
25	2	4	5	1.00000000000004
25	2	3	5	12.5100000000001
25	2	8	5	0.909999999999915
25	2	12	5	0.0799999999999521
25	2	13	9	0.88999999999994
25	2	13	7	0.150000000000122
25	2	13	13	0.0599999999999543
25	2	9	13	0.160000000000107
25	2	7	14	1.55
25	2	2	14	2.11
25	2	1	14	4.52999999999986
25	2	4	14	3.11999999999998
25	2	3	14	3.7300000000001
25	2	8	14	0.72000000000007
25	2	12	14	0.729999999999837
25	2	5	14	1.40000000000015
25	2	13	14	1.18999999999987
25	2	9	14	0.960000000000083
25	2	10	14	1.08999999999997
25	2	15	10	1.79000000000005
25	2	15	13	5.37999999999985
25	2	15	8	79.6500000000001
25	2	16	4	2.76000000000009
25	2	16	11	0.799999999999795
25	2	17	7	0.470000000000059
25	2	7	17	0.780000000000019
25	2	2	17	3.28000000000009
25	2	1	17	1.28999999999982
25	2	4	17	0.770000000000028
25	2	3	17	4.88000000000001
25	2	8	17	0.790000000000031
25	2	12	17	0.760000000000037
25	2	5	17	0.139999999999889
25	2	7	8	1.05
25	2	8	8	0.0900000000001757
25	2	12	8	4.35999999999997
25	2	5	8	10.4699999999999
25	2	17	8	2.28000000000005
25	2	18	4	0.319999999999968
25	2	2	18	3.03000000000007
25	2	1	18	2.40999999999994
25	2	4	18	11.26
25	2	3	18	13.8300000000001
25	2	15	18	17.6099999999999
25	2	7	18	9.91000000000014
25	2	8	18	0.629999999999951
25	2	12	18	12.28
25	2	5	18	41.8000000000001
25	2	17	18	4.41999999999996
25	2	9	18	2.35
25	2	10	18	1.82
25	2	11	18	4.26999999999986
25	2	2	19	2.79000000000003
25	2	4	19	4.08000000000005
25	2	1	19	8.13000000000008
25	2	3	19	8.54999999999995
25	2	6	19	7.65999999999999
25	2	7	19	1.27000000000003
25	2	5	19	9.54999999999988
25	2	11	19	3.75000000000007
25	2	6	12	0.800000000000001
25	2	7	12	0.579999999999973
25	2	5	12	6.92999999999997
25	2	11	12	2.2100000000001
25	2	19	12	0.439999999999891
25	2	13	19	1.50000000000006
25	2	9	19	1.05
25	2	15	20	0.0399999999999885
25	2	15	3	8.33000000000001
25	2	20	3	2.66999999999994
25	2	15	11	3.09999999999999
25	2	20	11	6.56000000000015
25	2	21	8	0.589999999999971
25	2	2	21	2.47999999999985
25	2	1	21	4.46000000000012
25	2	4	21	2.54000000000003
25	2	3	21	7.83000000000004
25	2	8	21	0.779999999999793
25	2	15	21	6.03
25	2	20	21	5.2700000000001
25	2	7	21	0.27
25	2	12	21	0.950000000000105
25	2	5	21	7.93999999999995
25	2	13	21	1.49000000000006
25	2	9	21	2.0299999999998
25	2	10	21	0.350000000000179
25	2	14	21	0.0899999999999341
25	2	22	9	0.129999999999907
25	2	22	1	0.630000000000138
25	2	2	22	2.15999999999993
25	2	4	22	1.11999999999995
25	2	1	22	13.8700000000001
25	2	3	22	9.63999999999986
25	2	6	22	9.38000000000004
25	2	7	22	0.960000000000083
25	2	5	22	6.88000000000003
25	2	11	22	1.76000000000004
25	2	22	22	0.079999999999945
25	2	2	23	11.3299999999999
25	2	1	23	3.07000000000004
25	2	3	23	113.09
25	2	4	23	14.3199999999999
25	2	5	23	27.4
25	2	7	23	3.1500000000002
25	2	9	23	3.86999999999983
25	2	10	23	1.32000000000003
25	2	15	23	4.45999999999978
25	2	13	23	0.44000000000009
25	2	11	23	4.23999999999991
25	2	24	5	2.33000000000027
25	2	24	2	0.969999999999814
25	2	24	8	36.4000000000002
25	2	2	25	4.1999999999997
25	2	1	25	1.29000000000024
25	2	4	25	0.549999999999976
25	2	3	25	6.18999999999991
25	2	6	25	0.940000000000094
25	2	9	25	1.78999999999979
25	2	16	25	3.66999999999992
25	2	18	25	0.560000000000194
25	2	25	4	0.540000000000026
25	3	2	1	560.01
25	3	2	3	685.51
25	3	1	3	201.53
25	3	2	4	558.7
25	3	1	4	37.6699999999998
25	3	3	4	15.2500000000004
25	3	2	5	386.15
25	3	1	5	58.5799999999996
25	3	2	2	0.0999999999999197
25	3	1	2	8.86000000000073
25	3	5	2	2.70999999999946
25	3	2	6	1102.14
25	3	1	6	45.49
25	3	6	4	0.65999999999941
25	3	3	6	27.2199999999998
25	3	6	6	0.110000000000829
25	3	4	6	16.1199999999998
25	3	2	7	1337.3
25	3	1	7	53.8300000000002
25	3	5	7	379.92
25	3	7	2	1.00000000000053
25	3	3	7	19.8400000000002
25	3	8	5	21.7899999999999
25	3	8	7	23.1399999999994
25	3	8	4	73.3800000000005
25	3	9	6	11.9099999999999
25	3	8	9	0.12000000000041
25	3	9	4	16.3599999999995
25	3	10	1	35.87
25	3	10	3	247.11
25	3	11	4	280.15
25	3	11	10	0.0300000000002072
25	3	11	2	12.56
25	3	8	12	33.9799999999996
25	3	2	12	1016.62
25	3	1	12	101.65
25	3	5	12	292.300000000001
25	3	7	12	184.179999999998
25	3	11	12	316.88
25	3	10	12	321.15
25	3	3	12	38.12
25	3	13	2	4.82000000000125
25	3	2	13	987.6
25	3	1	13	123.97
25	3	10	13	235.76
25	3	3	13	45.569999999999
25	3	2	8	770.11
25	3	1	8	40.0500000000005
25	3	10	8	49.2799999999993
25	3	3	8	22.4800000000012
25	3	13	8	0.239999999999343
25	3	2	14	679.410000000001
25	3	1	14	14.3799999999989
25	3	10	14	79.9700000000014
25	3	3	14	17.0699999999999
25	3	13	14	0.629999999999908
25	3	3	3	0.100000000000147
25	3	13	3	57.7099999999986
25	3	14	3	12.0100000000011
25	3	2	15	2092.22
25	3	1	15	26.9400000000007
25	3	3	15	12.23
25	3	6	15	1.58999999999926
25	3	8	15	77.220000000001
25	3	9	15	15.8199999999993
25	3	11	15	172.269999999999
25	3	4	15	5.67000000000077
25	3	10	15	71.6199999999995
25	3	13	15	94.5800000000004
25	3	14	15	14.5000000000002
25	3	8	6	73.1099999999996
25	3	11	6	512.440000000001
25	3	10	6	82.909999999999
25	3	13	6	27.5900000000004
25	3	14	6	33.8100000000015
25	3	15	6	0.759999999999202
25	3	16	3	85.8999999999991
25	3	16	1	0.370000000001717
25	3	2	16	168.439999999999
25	3	1	16	16.1100000000009
25	3	10	16	187.04
25	3	3	16	6.85999999999843
25	3	13	16	1.35000000000084
25	3	17	1	0.689999999997791
25	3	2	17	2128.2
25	3	1	17	24.0299999999999
25	3	10	17	209.46
25	3	3	17	54.9300000000003
25	3	13	17	58.7900000000012
25	3	14	17	14.5300000000007
25	3	13	12	24.5099999999996
25	3	14	12	24.2599999999969
25	3	17	12	87.4300000000015
25	3	18	7	10.160000000001
25	3	18	1	50.299999999998
25	3	8	18	10.3300000000018
25	3	2	18	1001.73
25	3	1	18	173.800000000001
25	3	5	18	107.909999999997
25	3	7	18	437.46
25	3	11	18	233.890000000001
25	3	10	18	1727.38
25	3	3	18	465.39
25	3	13	18	16.0799999999993
25	3	14	18	36.2000000000012
25	3	17	18	144.33
25	3	12	18	0.189999999998246
25	3	19	1	19.1500000000017
25	3	19	10	0.0399999999967875
25	3	19	13	10.9100000000008
25	3	20	6	8.99999999999979
25	3	2	20	374.260000000001
25	3	1	20	22.3400000000006
25	3	10	20	256.179999999999
25	3	3	20	29.0799999999981
25	3	13	20	43.2400000000028
25	3	14	20	5.54999999999769
25	3	17	20	74.0400000000025
25	3	10	4	35.9000000000001
25	3	13	4	12.1700000000003
25	3	14	4	4.79999999999678
25	3	17	4	7.59000000000153
25	3	20	4	0.250000000001155
25	3	21	1	140.239999999998
25	3	21	2	0.470000000002308
25	3	2	21	2405.56
25	3	1	21	227.480000000001
25	3	5	21	236.669999999999
25	3	7	21	351.84
25	3	11	21	1163.34
25	3	13	21	95.5100000000002
25	3	21	21	0.0900000000013002
25	3	2	22	702.67
25	3	10	22	126.75
25	3	16	22	26.4599999999991
25	3	17	22	68.2799999999977
25	3	18	22	32.4300000000007
25	3	19	22	40.3000000000011
25	3	21	22	313.939999999999
25	3	1	22	31.3900000000006
25	3	10	7	397.939999999999
25	3	16	7	50.78
25	3	17	7	35.020000000002
25	3	19	7	86.2699999999984
25	3	21	7	75.6700000000021
25	3	22	7	28.6399999999969
25	3	16	20	24.9600000000026
25	3	18	20	32.8499999999995
25	3	19	20	50.6600000000015
25	3	21	20	211.279999999998
25	3	22	20	127.28
25	3	23	7	5.97000000000027
25	3	23	3	1102.63
25	3	2	23	901.57
25	3	1	23	25.3100000000038
25	3	10	23	85.8199999999984
25	3	3	23	13.9599999999964
25	3	13	23	85.1800000000058
25	3	14	23	10.9500000000007
25	3	16	23	16.5399999999943
25	3	23	23	0.110000000001726
25	3	2	24	537.68
25	3	10	24	512.780000000001
25	3	16	24	16.1100000000006
25	3	17	24	52.8700000000026
25	3	18	24	59.1399999999949
25	3	19	24	22.0000000000032
25	3	21	24	191.849999999999
25	3	1	24	16.6700000000015
25	3	22	24	75.9899999999968
25	3	24	20	0.0799999999976642
25	3	25	17	10.1600000000033
25	3	25	1	1.2200000000014
25	3	2	25	589.699999999997
25	3	1	25	133.02
25	3	3	25	22.8300000000018
25	3	6	25	0.790000000002017
25	3	8	25	41.619999999999
25	3	9	25	14.9599999999953
25	3	11	25	200.88
25	3	10	25	90.2800000000059
25	3	13	25	34.9599999999996
25	3	14	25	18.1799999999989
25	3	17	25	26.1700000000001
25	3	20	25	1.28000000000021
25	3	4	25	2.53999999999907
25	4	1	2	7.42999999999826
25	4	1	3	8.44999999999914
25	4	2	3	1.12000000000491
25	4	4	1	0.289999999996787
25	4	1	4	5.069999999997
25	4	2	4	2.90000000000578
25	4	3	4	4.93999999999779
25	4	5	3	0.349999999997655
25	4	1	5	9.64000000000194
25	4	2	5	9.64999999999715
25	4	3	5	0.910000000004636
25	4	4	5	4.38000000000012
25	4	3	3	0.109999999999699
25	4	4	3	1.36999999999763
25	4	4	6	1.38000000000171
25	4	1	6	20.6000000000024
25	4	2	6	3.27999999999385
25	4	3	6	0.710000000005504
25	4	5	6	0.899999999998517
25	4	6	3	1.57999999999675
25	4	7	1	0.0899999999996979
25	4	7	5	0.540000000005438
25	4	1	7	23.3799999999967
25	4	2	7	1.66000000000259
25	4	5	7	1.11999999999967
25	4	3	7	1.40999999999851
25	4	4	7	2.15000000000055
25	4	6	7	4.2699999999975
25	4	8	4	1.67000000000372
25	4	1	8	4.04999999999724
25	4	2	8	1.06000000000405
25	4	3	8	0.179999999999398
25	4	8	8	0.0799999999956249
25	4	4	8	0.589999999999701
25	4	8	7	1.06999999999881
25	4	1	9	4.14000000000602
25	4	2	9	6.14999999999488
25	4	3	9	0.570000000000856
25	4	4	9	1.08000000000403
25	4	7	9	0.159999999997371
25	4	5	9	0.100000000001737
25	4	10	8	0.209999999995045
25	4	1	10	8.97000000000595
25	4	2	10	13.7199999999991
25	4	5	10	8.91999999999781
25	4	3	10	4.86000000000015
25	4	4	10	1.73000000000026
25	4	6	10	1.12000000000286
25	4	11	5	0.199999999998244
25	4	11	6	0.479999999997073
25	4	1	11	4.97000000000073
25	4	2	11	4.20000000000369
25	4	5	11	0.1899999999962
25	4	3	11	0.27999999999998
25	4	4	11	1.88999999999762
25	4	6	11	0.490000000004339
25	4	10	11	0.119999999996498
25	4	12	5	1.0200000000025
25	4	4	12	3.05999999999904
25	4	1	12	7.71000000000391
25	4	2	12	3.56999999999995
25	4	3	12	0.609999999994454
25	4	5	12	0.539999999999971
25	4	11	12	0.510000000003181
25	4	6	12	0.169999999999401
25	4	11	3	0.61000000000173
25	4	12	3	0.179999999998255
25	4	1	13	3.21999999999869
25	4	2	13	1.47000000000344
25	4	3	13	1.30999999999996
25	4	8	13	0.139999999995336
25	4	4	13	2.19000000000052
25	4	10	13	1.26000000000228
25	4	8	5	0.659999999997364
25	4	10	5	0.450000000000507
25	4	13	5	0.450000000001427
25	4	5	13	0.419999999999401
25	4	11	13	1.19999999999938
25	4	6	13	0.319999999998819
25	4	14	9	1.0300000000052
25	4	14	2	0.309999999994734
25	4	14	3	0.45000000000551
25	4	1	15	4.74999999999752
25	4	2	15	9.54999999999814
25	4	3	15	1.14999999999851
25	4	8	15	3.09000000000335
25	4	4	15	2.67000000000055
25	4	5	15	0.440000000001426
25	4	11	15	0.619999999999681
25	4	6	15	0.439999999998246
25	4	12	15	2.3800000000008
25	4	10	15	0.529999999996127
25	4	16	5	0.0799999999997105
25	4	1	16	8.9300000000003
25	4	2	16	3.46000000000255
25	4	5	16	1.28999999999793
25	4	3	16	0.760000000002272
25	4	4	16	2.72000000000141
25	4	6	16	0.179999999996209
25	4	11	16	0.180000000003712
25	4	12	16	0.670000000002592
25	4	14	16	4.28999999999611
25	4	5	5	0.110000000001738
25	4	6	5	0.469999999997079
25	4	14	5	2.24000000000343
25	4	1	17	4.44999999999666
25	4	2	17	3.41000000000055
25	4	3	17	1.22999999999821
25	4	8	17	4.70000000000097
25	4	4	17	1.58000000000085
25	4	17	5	3.16999999999759
25	4	4	4	0.0899999999997014
25	4	17	4	1.27000000000113
25	4	18	4	2.97000000000096
25	4	1	18	2.09000000000198
25	4	2	18	5.75999999999637
25	4	5	18	1.51000000000432
25	4	3	18	2.4099999999985
25	4	4	18	3.62000000000286
25	4	6	18	0.439999999994159
25	4	10	18	0.340000000002885
25	4	8	18	1.37000000000104
25	4	17	18	0.509999999995905
25	4	18	18	0.0800000000049401
25	4	19	10	1.61999999999876
25	4	1	19	5.81000000000155
25	4	2	19	4.06999999999496
25	4	5	19	1.72000000000549
25	4	3	19	1.38999999999692
25	4	4	19	2.32000000000405
25	4	6	19	1.68999999999848
25	4	8	19	1.09000000000083
25	4	7	19	0.519999999999992
25	4	11	19	0.769999999995896
25	4	12	19	0.709999999998455
25	4	10	19	0.560000000004054
25	4	15	19	0.0799999999997105
25	4	1	20	6.1799999999969
25	4	2	20	3.82000000000132
25	4	5	20	1.00000000000433
25	4	3	20	0.689999999997337
25	4	4	20	4.05999999999995
25	4	6	20	1.08000000000018
25	4	11	20	0.789999999999065
25	4	12	20	0.500000000001144
25	4	14	20	3.70999999999936
25	4	20	3	0.169999999999408
25	4	7	20	0.850000000002876
25	4	8	20	3.2199999999964
25	4	10	20	2.27000000000113
25	4	13	20	0.669999999997355
25	4	16	20	1.45999999999937
25	4	17	20	0.460000000002321
25	4	21	2	3.51000000000182
25	4	21	8	1.22000000000141
25	4	21	3	6.5399999999977
25	4	21	22	4.32000000000223
25	4	1	22	6.30999999999723
25	4	2	22	6.87999999999784
25	4	5	22	1.25000000000434
25	4	3	22	2.23999999999843
25	4	4	22	4.08999999999879
25	4	6	22	1.02000000000317
25	4	8	22	3.35999999999877
25	4	7	22	0.449999999996198
25	4	11	22	1.41000000000578
25	4	12	22	1.17999999999757
25	4	10	22	0.939999999997353
25	4	15	22	2.22000000000254
25	4	19	22	0.879999999999665
25	4	1	23	2.90999999999783
25	4	2	23	8.54000000000567
25	4	5	23	0.899999999995323
25	4	3	23	0.620000000003767
25	4	4	23	1.8799999999999
25	4	6	23	0.419999999994172
25	4	10	23	0.420000000004638
25	4	11	23	0.470000000002308
25	4	8	23	2.65999999999851
25	4	17	23	0.859999999999683
25	4	18	23	1.64999999999852
25	4	1	24	4.31000000000246
25	4	2	24	3.27999999999589
25	4	3	24	1.3399999999988
25	4	4	24	3.82000000000518
25	4	7	24	0.320000000000853
25	4	11	24	1.32999999999926
25	4	12	24	0.939999999997344
25	4	8	24	0.600000000002876
25	4	10	24	0.319999999995623
25	4	13	24	0.150000000002612
25	4	16	24	0.729999999997069
25	4	5	24	0.370000000003763
25	4	6	24	0.249999999995918
25	4	14	24	0.840000000002885
25	4	17	24	0.290000000000208
25	4	21	25	3.4899999999982
25	4	1	25	1.5699999999979
25	4	2	25	3.35000000000084
25	4	5	25	1.96000000000141
25	4	3	25	1.01000000000318
25	4	4	25	2.33999999999902
25	4	6	25	0.319999999998817
25	4	8	25	3.70999999999732
25	4	7	25	0.239999999999117
25	4	11	25	0.430000000001435
25	4	12	25	0.460000000000274
25	4	10	25	0.209999999998235
25	4	15	25	2.63999999999988
25	4	19	25	1.22000000000549
25	4	22	25	0.0699999999956269
25	4	21	19	26.9100000000026
25	4	19	19	0.0899999999996979
25	4	22	19	0.0899999999997014
25	4	25	19	0.640000000003756
25	5	2	1	4.18999999999802
25	5	2	3	3.87999999999762
25	5	1	3	0.859999999997644
25	5	2	4	2.08000000000199
25	5	1	4	0.579999999997661
25	5	2	2	0.100000000006979
25	5	1	2	0.229999999999116
25	5	4	2	0.259999999997955
25	5	4	3	1.58000000000016
25	5	5	2	0.110000000001737
25	5	2	5	2.0899999999947
25	5	1	5	0.580000000000854
25	5	4	5	0.830000000002892
25	5	5	5	0.0899999999997085
25	5	3	5	0.699999999998237
25	5	2	6	13.2400000000037
25	5	1	6	0.549999999996789
25	5	4	6	0.73999999999911
25	5	3	6	0.540000000005211
25	5	3	3	0.0799999999997105
25	5	6	3	0.129999999998525
25	5	2	7	13.5899999999954
25	5	1	7	0.450000000003474
25	5	4	7	0.890000000001699
25	5	5	7	0.729999999997073
25	5	5	6	1.29000000000112
25	5	7	6	0.0799999999976642
25	5	2	8	4.97000000000505
25	5	1	8	0.700000000000284
25	5	4	8	1.35999999999968
25	5	3	8	0.499999999995918
25	5	6	8	0.319999999998817
25	5	4	4	0.0800000000049401
25	5	3	4	0.52999999999998
25	5	6	4	0.259999999997962
25	5	8	4	0.129999999996491
25	5	9	6	0.210000000000271
25	5	2	9	1.69000000000166
25	5	1	9	0.229999999999119
25	5	2	10	6.47999999999934
25	5	1	10	0.870000000001728
25	5	4	10	1.39000000000057
25	5	3	10	0.639999999999663
25	5	6	10	0.14999999999737
25	5	8	10	0.870000000003767
25	5	11	2	0.119999999996498
25	5	2	11	3.62000000000308
25	5	1	11	1.1699999999994
25	5	4	11	1.98000000000345
25	5	5	11	1.51999999999385
25	5	11	11	0.0800000000049366
25	5	5	8	0.839999999997655
25	5	11	8	0.970000000002308
25	5	12	5	0.959999999998224
25	5	12	3	0.980000000000484
25	5	2	12	3.14000000000285
25	5	1	12	0.319999999995627
25	5	2	13	1.2300000000023
25	5	1	13	0.299999999998828
25	5	12	13	0.700000000001417
25	5	4	13	0.289999999999981
25	5	3	13	0.500000000001156
25	5	6	13	0.189999999998243
25	5	8	13	1.08999999999562
25	5	12	8	1.82000000000017
25	5	8	8	0.0900000000049381
25	5	13	8	0.189999999998243
25	5	2	14	3.91999999999645
25	5	1	14	0.480000000002309
25	5	4	14	0.509999999997955
25	5	3	14	0.320000000000856
25	5	5	14	1.56000000000406
25	5	7	14	0.100000000001735
25	5	9	14	0.0999999999944627
25	5	6	14	0.25000000000319
25	5	8	14	1.37999999999876
25	5	3	7	0.419999999999398
25	5	7	7	0.099999999999703
25	5	9	7	0.259999999997952
25	5	6	7	0.350000000001739
25	5	8	7	2.31000000000018
25	5	14	7	0.0800000000029009
25	5	2	15	3.44999999999551
25	5	1	15	0.41999999999941
25	5	4	15	0.20000000000028
25	5	3	15	0.310000000000866
25	5	6	15	0.220000000004358
25	5	8	15	0.359999999996496
25	5	3	11	1.0799999999988
25	5	6	11	1.65000000000374
25	5	8	11	2.98000000000139
25	5	15	11	0.349999999999702
25	5	2	16	4.18999999999666
25	5	1	16	1.07000000000086
25	5	4	16	0.480000000000253
25	5	3	16	0.46000000000029
25	5	6	16	0.210000000002321
25	5	5	16	2.72999999999821
25	5	11	16	1.28999999999997
25	5	12	16	1.18999999999757
25	5	8	16	0.160000000001457
25	5	13	16	0.49000000000229
25	5	2	17	5.05999999999814
25	5	1	17	0.559999999998819
25	5	4	17	1.63999999999965
25	5	3	17	0.459999999998464
25	5	6	17	0.230000000001166
25	5	8	17	1.41000000000168
25	5	17	8	0.0899999999976622
25	5	5	17	0.890000000005804
25	5	11	17	2.39999999999532
25	5	2	18	3.28999999999906
25	5	1	18	0.710000000005513
25	5	4	18	2.00999999999932
25	5	3	18	0.909999999995318
25	5	6	18	0.870000000003773
25	5	5	18	1.89000000000171
25	5	11	18	1.72999999999503
25	5	12	18	2.84000000000198
25	5	8	18	0.3599999999965
25	5	13	18	0.450000000003467
25	5	16	18	0.0300000000020262
25	5	17	18	0.479999999997297
25	5	19	10	0.619999999999683
25	5	19	12	0.500000000002281
25	5	19	13	0.659999999995318
25	5	2	20	3.90000000000078
25	5	1	20	0.320000000002903
25	5	4	20	0.580000000001075
25	5	3	20	0.390000000000562
25	5	6	20	0.289999999994754
25	5	8	20	1.16000000000259
25	5	15	20	0.590000000002892
25	5	12	20	0.870000000000811
25	5	19	20	0.999999999997055
25	5	13	20	0.150000000002599
25	5	15	13	0.679999999994171
25	5	13	13	0.0800000000049366
25	5	20	13	0.089999999999927
25	5	21	1	0.170000000001448
25	5	21	8	0.279999999999989
25	5	2	21	2.46999999999413
25	5	21	21	0.0800000000049401
25	5	1	21	0.269999999999992
25	5	2	22	5.00999999999613
25	5	1	22	0.480000000004356
25	5	4	22	0.699999999996191
25	5	3	22	0.339999999999698
25	5	6	22	0.190000000003486
25	5	12	22	1.18999999999552
25	5	22	3	0.110000000003776
25	5	8	22	0.619999999998534
25	5	23	2	0.439999999997337
25	5	23	21	1.18999999999939
25	5	2	24	3.80000000000429
25	5	1	24	0.450000000000284
25	5	4	24	5.53999999999634
25	5	3	24	2.14000000000375
25	5	6	24	0.310000000000862
25	5	12	24	1.8999999999976
25	5	22	24	0.550000000002246
25	5	6	6	0.0899999999997014
25	5	12	6	0.830000000000844
25	5	22	6	0.539999999996791
25	5	24	6	0.220000000000272
25	5	9	24	1.19000000000348
25	5	25	7	1.60999999999672
25	5	2	25	0.119999999998546
25	5	1	25	0.0799999999976606
25	5	4	25	0.100000000001739
25	5	5	25	0.0700000000049457
25	5	3	25	0.179999999994163
25	5	12	25	0.0700000000049492
25	5	12	11	2.98999999999662
25	5	25	11	1.09000000000402
30	1	2	1	9.31999999999472
30	1	3	1	0.690000000004618
30	1	3	2	1.20999999999846
30	1	2	4	31.9299999999964
30	1	3	4	7.62000000000309
30	1	1	4	4.11000000000105
30	1	2	2	0.100000000001735
30	1	1	2	3.15999999999851
30	1	4	2	0.430000000001446
30	1	2	3	33.859999999999
30	1	3	3	0.0999999999996994
30	1	1	3	10.8899999999983
30	1	4	3	1.54000000000271
30	1	5	3	9.81999999999676
30	1	5	4	3.1599999999985
30	1	3	5	3.75000000000025
30	1	2	5	19.0800000000033
30	1	1	5	4.6400000000008
30	1	4	5	5.89000000000102
30	1	6	3	5.02999999999726
30	1	2	6	6.87000000000195
30	1	3	6	2.29999999999724
30	1	1	6	2.40000000000284
30	1	4	6	1.5999999999956
30	1	5	6	0.880000000003758
30	1	6	6	0.0899999999944683
30	1	2	7	13.1500000000022
30	1	3	7	2.01000000000227
30	1	1	7	3.42999999999645
30	1	4	7	1.67000000000395
30	1	5	7	1.07000000000086
30	1	6	7	3.83999999999993
30	1	7	6	0.249999999995914
30	1	5	5	0.0899999999997014
30	1	6	5	7.99000000000299
30	1	7	5	1.59000000000288
30	1	2	8	15.5399999999934
30	1	3	8	10.0900000000033
30	1	1	8	10.8900000000024
30	1	4	8	6.53999999999406
30	1	5	8	1.38000000000399
30	1	6	8	4.62999999999785
30	1	8	7	3.62000000000194
30	1	9	5	3.99999999999888
30	1	2	9	11.0300000000029
30	1	3	9	2.759999999995
30	1	1	9	16.2900000000041
30	1	4	9	4.48999999999753
30	1	5	9	3.83000000000313
30	1	6	9	3.29999999999906
30	1	7	9	2.95999999999754
30	1	2	10	15.8500000000033
30	1	3	10	2.9599999999955
30	1	1	10	2.7900000000052
30	1	4	10	2.21999999999733
30	1	5	10	2.33000000000198
30	1	6	10	3.43999999999756
30	1	8	10	1.1599999999985
30	1	5	2	1.16000000000465
30	1	6	2	4.18999999999847
30	1	8	2	0.779999999999983
30	1	10	2	0.460000000002317
30	1	8	3	6.50000000000003
30	1	10	3	1.4199999999944
30	1	11	1	0.230000000004345
30	1	3	11	2.64999999999578
30	1	2	11	8.96000000000074
30	1	1	11	10.3500000000017
30	1	4	11	10.360000000002
30	1	5	11	15.5399999999973
30	1	6	11	4.90000000000124
30	1	7	11	5.77000000000044
30	1	9	11	9.45999999999801
30	1	8	11	9.54999999999702
30	1	10	11	14.060000000005
30	1	3	12	5.51999999999841
30	1	2	12	45.2699999999973
30	1	1	12	13.6800000000044
30	1	4	12	20.8199999999997
30	1	5	12	1.98999999999934
30	1	6	12	7.39000000000216
30	1	7	12	12.4799999999971
30	1	9	12	4.83000000000107
30	1	8	12	6.52000000000182
30	1	10	12	33.3199999999956
30	1	13	5	9.3799999999983
30	1	2	13	24.1599999999999
30	1	3	13	2.6900000000028
30	1	11	13	3.65000000000283
30	1	1	13	9.82000000000064
30	1	11	2	1.93999999999415
30	1	13	2	0.450000000000284
30	1	2	14	21.5900000000006
30	1	3	14	20.3400000000038
30	1	1	14	19.070000000002
30	1	4	14	0.629999999998525
30	1	5	14	4.10999999999673
30	1	6	14	4.68000000000258
30	1	8	14	19.6399999999974
30	1	10	14	13.7699999999977
30	1	3	15	2.74000000000276
30	1	2	15	18.5100000000034
30	1	1	15	4.51999999999932
30	1	4	15	2.71000000000073
30	1	5	15	1.34999999999879
30	1	6	15	7.77999999999862
30	1	7	15	2.97999999999639
30	1	9	15	1.86000000000536
30	1	8	15	1.6799999999985
30	1	10	15	8.83999999999902
30	1	12	15	0.0899999999976604
30	1	4	4	0.0899999999997014
30	1	6	4	9.11000000000013
30	1	7	4	3.72000000000664
30	1	9	4	13.4999999999984
30	1	8	4	7.44000000000029
30	1	10	4	20.3700000000001
30	1	12	4	0.0699999999956269
30	1	15	4	1.19000000000371
30	1	16	14	0.0299999999947538
30	1	3	16	8.5800000000013
30	1	2	16	139.5
30	1	1	16	9.84000000000153
30	1	4	16	6.55000000000247
30	1	5	16	3.36999999999694
30	1	6	16	8.52999999999817
30	1	8	16	53.6400000000053
30	1	10	16	16.0699999999956
30	1	11	16	7.28000000000248
30	1	13	16	10.0700000000027
30	1	7	16	7.67999999999871
30	1	9	16	5.25999999999636
30	1	12	16	2.90000000000306
30	1	15	16	7.5399999999977
30	1	17	5	2.55000000000247
30	1	17	7	3.95000000000165
30	1	17	13	6.72999999999366
30	1	2	18	16.3300000000047
30	1	3	18	3.93999999999553
30	1	1	18	8.22000000000094
30	1	4	18	10.4700000000053
30	1	5	18	6.95999999999846
30	1	6	18	8.08000000000153
30	1	8	18	9.45999999999459
30	1	10	18	11.0899999999986
30	1	8	9	20.7900000000032
30	1	10	9	17.7300000000025
30	1	18	9	12.2899999999961
30	1	10	10	0.0899999999997014
30	1	18	10	1.00000000000546
30	1	19	9	3.16999999999804
30	1	19	10	26.8599999999983
30	1	2	19	10.4199999999999
30	1	3	19	0.640000000003756
30	1	1	19	3.44999999999778
30	1	4	19	2.09999999999583
30	1	5	19	2.060000000002
30	1	6	19	0.250000000001386
30	1	7	19	0.449999999998234
30	1	20	2	0.829999999998801
30	1	2	20	6.16999999999964
30	1	3	20	3.73000000000344
30	1	1	20	1.49999999999637
30	1	4	20	46.8100000000056
30	1	5	20	3.67000000000077
30	1	6	20	2.93999999999642
30	1	7	20	1.79000000000226
30	1	8	20	3.31999999999745
30	1	10	20	10.8500000000006
30	1	18	20	1.83999999999675
30	1	19	20	1.52000000000636
30	1	9	20	0.149999999997373
30	1	9	9	0.0899999999996979
30	1	20	9	6.93999999999666
30	1	21	5	0.180000000001446
30	1	3	21	2.17000000000167
30	1	2	21	17.4200000000021
30	1	1	21	24.7100000000003
30	1	4	21	3.60999999999877
30	1	5	21	1.5299999999959
30	1	6	21	2.40000000000284
30	1	7	21	1.46999999999844
30	1	9	21	10.6599999999994
30	1	8	21	9.9800000000023
30	1	10	21	24.7699999999991
30	1	11	21	3.31000000000109
30	1	22	5	2.21999999999868
30	1	22	11	0.990000000004336
30	1	17	22	2.99999999999319
30	1	23	14	1.23000000000345
30	1	23	5	0.0700000000029029
30	1	17	23	0.0399999999970149
30	1	24	6	1.92000000000054
30	1	24	3	3.2200000000005
30	1	17	24	0.079999999999707
30	1	22	24	0.0799999999976642
30	1	25	3	51.0299999999986
30	1	25	1	0.539999999999981
30	1	17	25	0.0300000000040725
30	1	26	18	3.02999999999931
30	1	26	17	0.0200000000020282
30	1	26	7	0.739999999999117
30	1	27	7	5.42000000000099
30	1	27	9	2.03999999999498
30	1	2	27	0.78000000000112
30	1	3	27	0.0899999999997014
30	1	1	27	0.140000000002836
30	1	4	27	0.150000000002603
30	1	5	27	0.279999999997944
30	1	6	27	0.229999999997073
30	1	8	27	0.309999999999961
30	1	10	27	0.710000000001411
30	1	26	27	0.0999999999965056
30	1	18	27	0.0800000000029009
30	1	2	28	21.7700000000016
30	1	3	28	4.01999999999704
30	1	1	28	14.6400000000044
30	1	4	28	12.2299999999996
30	1	5	28	3.90999999999645
30	1	6	28	5.6999999999987
30	1	8	28	12.9700000000059
30	1	17	28	61.1699999999967
30	1	26	28	8.06000000000041
30	1	27	28	3.56000000000133
30	1	7	28	0.560000000000862
30	1	8	6	1.62999999999968
30	1	17	6	4.05999999999791
30	1	26	6	3.32000000000313
30	1	27	6	2.30999999999496
30	1	28	6	0.569999999999952
30	1	17	16	46.4300000000005
30	1	26	16	22.2600000000014
30	1	27	16	9.61999999999717
30	1	28	16	9.07000000000563
30	1	29	6	0.840000000000842
30	1	2	29	15.4299999999985
30	1	3	29	3.0500000000011
30	1	1	29	3.7099999999955
30	1	4	29	3.6400000000049
30	1	5	29	1.78999999999792
30	1	6	29	1.54999999999996
30	1	8	29	4.20999999999573
30	1	10	29	1.89999999999964
30	1	24	29	55.4400000000026
30	1	25	29	10.5199999999977
30	1	2	22	15.4299999999996
30	1	3	22	0.300000000002008
30	1	1	22	1.62000000000105
30	1	4	22	0.199999999998235
30	1	5	22	0.690000000004618
30	1	6	22	0.349999999995596
30	1	8	22	0.11000000000174
30	1	10	22	4.79999999999655
30	1	24	22	0.550000000005191
30	1	25	22	0.799999999995876
30	1	29	22	0.0900000000049346
30	1	30	5	11.1799999999983
30	1	30	28	4.91999999999781
30	1	30	17	0.0500000000040641
30	2	2	1	54.7799999999982
30	2	2	3	22.1800000000003
30	2	1	3	38.6799999999978
30	2	2	2	0.100000000001735
30	2	1	2	20.7399999999987
30	2	3	2	5.40000000000328
30	2	4	1	17.3499999999974
30	2	4	2	3.08000000000222
30	2	4	3	46.0099999999943
30	2	5	2	4.69000000000279
30	2	2	6	65.2499999999998
30	2	1	6	38.6000000000015
30	2	4	6	10.1899999999978
30	2	3	6	26.0300000000048
30	2	1	1	0.0899999999996979
30	2	3	1	95.3099999999968
30	2	6	1	5.58000000000039
30	2	2	4	263.969999999998
30	2	1	4	78.6500000000053
30	2	4	4	0.109999999996504
30	2	3	4	205.470000000002
30	2	6	4	12.0199999999986
30	2	7	5	512.409999999997
30	2	7	2	0.540000000002017
30	2	7	7	0.109999999999694
30	2	5	7	31.6100000000031
30	2	2	8	283.189999999996
30	2	1	8	55.7800000000054
30	2	4	8	56.3199999999977
30	2	3	8	21.2399999999971
30	2	3	3	0.100000000001963
30	2	8	3	6.73000000000116
30	2	9	2	1.55999999999678
30	2	9	4	4.10000000000266
30	2	10	2	0.259999999995905
30	2	2	10	118.190000000003
30	2	1	10	135.670000000002
30	2	3	10	56.2100000000025
30	2	4	10	31.8899999999992
30	2	5	10	212.439999999994
30	2	7	10	64.370000000002
30	2	9	10	265.710000000004
30	2	10	10	0.0899999999994705
30	2	7	11	24.7899999999979
30	2	5	11	15.8899999999976
30	2	11	2	2.29000000000248
30	2	7	1	69.190000000003
30	2	5	1	272.899999999996
30	2	11	1	149.960000000006
30	2	2	12	28.6899999999973
30	2	1	12	25.0799999999979
30	2	4	12	103.619999999998
30	2	3	12	274.590000000001
30	2	8	12	13.4000000000053
30	2	2	5	118.3
30	2	1	5	64.3899999999978
30	2	4	5	8.09999999999696
30	2	3	5	359.23
30	2	8	5	94.1899999999989
30	2	12	5	0.120000000003553
30	2	13	9	15.0699999999954
30	2	13	7	3.88999999999965
30	2	13	13	0.100000000007201
30	2	9	13	8.77999999999362
30	2	7	14	396.329999999999
30	2	2	14	54.5300000000014
30	2	1	14	78.2800000000009
30	2	4	14	61.5400000000041
30	2	3	14	164.369999999999
30	2	8	14	10.6500000000003
30	2	12	14	24.0900000000008
30	2	5	14	34.7899999999959
30	2	13	14	16.3200000000052
30	2	9	14	57.5499999999988
30	2	10	14	4.14000000000102
30	2	15	10	27.0899999999945
30	2	15	13	19.0000000000005
30	2	15	8	21.0500000000036
30	2	16	4	43.7700000000007
30	2	16	11	0.879999999997857
30	2	17	7	74.3299999999992
30	2	7	17	5.76000000000182
30	2	2	17	106.269999999999
30	2	1	17	66.9599999999984
30	2	4	17	41.2700000000027
30	2	3	17	63.4799999999971
30	2	8	17	14.0300000000032
30	2	12	17	4.009999999995
30	2	5	17	7.90000000000375
30	2	7	8	63.2500000000005
30	2	8	8	0.100000000001963
30	2	12	8	17.2099999999971
30	2	5	8	236.349999999998
30	2	17	8	11.3400000000043
30	2	18	4	1.44000000000029
30	2	2	18	223.689999999998
30	2	1	18	116.360000000001
30	2	4	18	53.5400000000011
30	2	3	18	113.019999999998
30	2	15	18	101.000000000002
30	2	7	18	60.5199999999966
30	2	8	18	30.1200000000022
30	2	12	18	803.549999999995
30	2	5	18	1472.14
30	2	17	18	22.9800000000062
30	2	9	18	13.749999999995
30	2	10	18	81.4700000000003
30	2	11	18	58.4599999999987
30	2	2	19	161.880000000001
30	2	4	19	150.230000000003
30	2	1	19	90.409999999999
30	2	3	19	73.4900000000009
30	2	6	19	98.6600000000022
30	2	7	19	35.2799999999963
30	2	5	19	1139.97
30	2	11	19	35.130000000004
30	2	6	12	78.9599999999982
30	2	7	12	65.3599999999954
30	2	5	12	834.850000000003
30	2	11	12	41.3499999999999
30	2	19	12	9.08999999999675
30	2	13	19	42.6400000000047
30	2	9	19	34.5899999999986
30	2	15	20	0.0999999999996888
30	2	15	3	5.77000000000091
30	2	20	3	4.9299999999978
30	2	15	11	11.2000000000037
30	2	20	11	5.42999999999758
30	2	21	8	49.4800000000012
30	2	2	21	793.209999999998
30	2	1	21	90.5800000000031
30	2	4	21	76.5199999999979
30	2	3	21	40.8599999999981
30	2	8	21	19.0100000000052
30	2	15	21	3.81999999999928
30	2	20	21	20.699999999996
30	2	7	21	84.0899999999999
30	2	12	21	838.139999999999
30	2	5	21	120.520000000002
30	2	13	21	44.7199999999989
30	2	9	21	11.29
30	2	10	21	18.5900000000013
30	2	14	21	0.200000000003477
30	2	22	9	0.149999999997142
30	2	22	1	21.0600000000002
30	2	2	22	43.1899999999976
30	2	4	22	266.789999999998
30	2	1	22	14.6200000000026
30	2	3	22	291.890000000001
30	2	6	22	173.229999999997
30	2	7	22	135.740000000002
30	2	5	22	387.940000000001
30	2	11	22	68.839999999997
30	2	22	22	0.0899999999994705
30	2	2	23	130.410000000004
30	2	1	23	214.370000000002
30	2	3	23	91.3099999999936
30	2	4	23	211.56
30	2	5	23	1426.94
30	2	7	23	52.8699999999988
30	2	9	23	493.260000000001
30	2	10	23	77.8600000000008
30	2	15	23	20.8199999999965
30	2	13	23	3.23000000000162
30	2	11	23	457.170000000001
30	2	24	5	23.9300000000012
30	2	24	2	10.1599999999942
30	2	24	8	711.800000000002
30	2	2	25	329.770000000003
30	2	1	25	214.690000000001
30	2	4	25	15.1899999999942
30	2	3	25	48.9700000000023
30	2	6	25	230.050000000002
30	2	9	25	9.1699999999994
30	2	16	25	78.6400000000026
30	2	18	25	1.53999999999792
30	2	25	4	4.88999999999989
30	2	2	26	87.8999999999976
30	2	4	26	57.8200000000034
30	2	1	26	270.659999999995
30	2	3	26	81.7300000000007
30	2	6	26	546.720000000002
30	2	7	26	3.86999999999945
30	2	5	26	668.340000000001
30	2	11	26	51.6100000000008
30	2	22	26	0.179999999995978
30	2	26	1	5.26000000000388
30	2	6	2	24.7599999999968
30	2	22	2	2.98000000000458
30	2	26	2	13.449999999998
30	2	15	27	0.479999999996394
30	2	27	13	21.680000000001
30	2	2	27	80.3700000000051
30	2	1	27	141.699999999995
30	2	4	27	28.2200000000025
30	2	3	27	22.9500000000037
30	2	8	27	25.2299999999991
30	2	20	27	36.8899999999947
30	2	7	28	90.7000000000039
30	2	5	28	15.1699999999989
30	2	16	28	1.96999999999846
30	2	15	28	5.27000000000204
30	2	20	28	3.13999999999989
30	2	11	28	0.259999999997724
30	2	7	4	11.8000000000016
30	2	5	4	220.210000000002
30	2	15	4	7.92000000000031
30	2	20	4	16.9199999999983
30	2	11	4	16.4499999999966
30	2	28	4	6.5900000000029
30	2	7	15	17.8200000000002
30	2	5	15	20.9000000000001
30	2	16	15	2.61000000000309
30	2	15	15	0.0899999999999253
30	2	20	15	19.7299999999969
30	2	11	15	30.4700000000023
30	2	28	15	0.0999999999944681
30	2	2	29	0.720000000001185
30	2	1	29	0.450000000001872
30	2	4	29	0.639999999998288
30	2	3	29	0.600000000004243
30	2	8	29	5.23999999999707
30	2	15	29	13.3000000000018
30	2	20	29	0.229999999997314
30	2	29	3	5.33000000000334
30	2	20	8	49.6099999999988
30	2	29	8	2.75999999999932
30	2	2	30	106.45
30	2	4	30	411.869999999999
30	2	1	30	1482.53
30	2	3	30	101.879999999998
30	2	6	30	371.590000000001
30	2	7	30	94.6799999999987
30	2	5	30	510.549999999998
30	2	11	30	107.910000000004
30	2	22	30	466.929999999999
30	2	26	30	115.859999999997
30	2	30	1	16.9200000000053
30	2	6	10	373.36
30	2	11	10	124.299999999998
30	2	22	10	174.239999999997
30	2	26	10	64.6600000000049
30	2	30	10	451.159999999994
30	3	2	1	NA
30	3	2	3	NA
30	3	1	3	880.03
30	3	2	4	NA
30	3	1	4	558.750000000001
30	3	3	4	NA
30	3	2	5	NA
30	3	1	5	1974.44000000001
30	3	2	2	0.120000000006037
30	3	1	2	NA
30	3	5	2	43.8099999999963
30	3	2	6	NA
30	3	1	6	472.539999999999
30	3	6	4	96.7400000000014
30	3	3	6	NA
30	3	6	6	0.140000000005351
30	3	4	6	618.859999999999
30	3	2	7	NA
30	3	1	7	NA
30	3	5	7	NA
30	3	7	2	25.5499999999916
30	3	3	7	1766.86
30	3	8	5	1848.80000000001
30	3	8	7	NA
30	3	8	4	1806.74000000001
30	3	9	6	NA
30	3	8	9	1.75000000000321
30	3	9	4	58.6899999999901
30	3	10	1	375.81000000001
30	3	10	3	922.789999999999
30	3	11	4	NA
30	3	11	10	NA
30	3	11	2	217.689999999998
30	3	8	12	NA
30	3	2	12	NA
30	3	1	12	NA
30	3	5	12	NA
30	3	7	12	NA
30	3	11	12	NA
30	3	10	12	NA
30	3	3	12	NA
30	3	13	2	318.789999999994
30	3	2	13	NA
30	3	1	13	NA
30	3	10	13	3504.27
30	3	3	13	NA
30	3	2	8	NA
30	3	1	8	NA
30	3	10	8	NA
30	3	3	8	NA
30	3	13	8	2.13000000000171
30	3	2	14	NA
30	3	1	14	NA
30	3	10	14	NA
30	3	3	14	894.589999999995
30	3	13	14	6.55000000000248
30	3	3	3	0.129999999995341
30	3	13	3	NA
30	3	14	3	673.259999999997
30	3	2	15	NA
30	3	1	15	1125.89
30	3	3	15	NA
30	3	6	15	NA
30	3	8	15	NA
30	3	9	15	727.239999999998
30	3	11	15	NA
30	3	4	15	61.2099999999998
30	3	10	15	1257.54999999999
30	3	13	15	4191.11000000001
30	3	14	15	1239.47999999999
30	3	8	6	NA
30	3	11	6	NA
30	3	10	6	2438.44
30	3	13	6	2064.26
30	3	14	6	1705.17
30	3	15	6	NA
30	3	16	3	748.400000000006
30	3	16	1	16.8699999999969
30	3	2	16	NA
30	3	1	16	539.100000000002
30	3	10	16	NA
30	3	3	16	NA
30	3	13	16	17.2700000000039
30	3	17	1	386.139999999997
30	3	2	17	NA
30	3	1	17	NA
30	3	10	17	NA
30	3	3	17	NA
30	3	13	17	2793.95999999999
30	3	14	17	NA
30	3	13	12	3242.53999999999
30	3	14	12	NA
30	3	17	12	NA
30	3	18	7	287.079999999996
30	3	18	1	NA
30	3	8	18	NA
30	3	2	18	NA
30	3	1	18	NA
30	3	5	18	NA
30	3	7	18	NA
30	3	11	18	NA
30	3	10	18	NA
30	3	3	18	NA
30	3	13	18	NA
30	3	14	18	NA
30	3	17	18	NA
30	3	12	18	0.569999999988575
30	3	19	1	264.860000000013
30	3	19	10	0.159999999985089
30	3	19	13	695.180000000013
30	3	20	6	472.390000000008
30	3	2	20	NA
30	3	1	20	NA
30	3	10	20	NA
30	3	3	20	2895.3
30	3	13	20	1188.34999999999
30	3	14	20	993.590000000007
30	3	17	20	435.659999999994
30	3	10	4	1023.8
30	3	13	4	1268.71
30	3	14	4	411.899999999983
30	3	17	4	401.850000000022
30	3	20	4	575.999999999987
30	3	21	1	NA
30	3	21	2	49.5500000000009
30	3	2	21	NA
30	3	1	21	NA
30	3	5	21	NA
30	3	7	21	NA
30	3	11	21	NA
30	3	13	21	NA
30	3	21	21	0.100000000007202
30	3	2	22	NA
30	3	10	22	NA
30	3	16	22	3889.73
30	3	17	22	NA
30	3	18	22	3209.95000000002
30	3	19	22	536.889999999988
30	3	21	22	NA
30	3	1	22	782.590000000007
30	3	10	7	NA
30	3	16	7	2709.23000000001
30	3	17	7	2063.53
30	3	19	7	848.439999999976
30	3	21	7	2891.15000000002
30	3	22	7	NA
30	3	16	20	NA
30	3	18	20	1086.72
30	3	19	20	407.819999999994
30	3	21	20	NA
30	3	22	20	NA
30	3	23	7	1012.19
30	3	23	3	NA
30	3	2	23	NA
30	3	1	23	1349.79
30	3	10	23	NA
30	3	3	23	249.980000000001
30	3	13	23	1199.55
30	3	14	23	630.360000000013
30	3	16	23	1001.06999999999
30	3	23	23	0.120000000005824
30	3	2	24	NA
30	3	10	24	NA
30	3	16	24	2575.23999999999
30	3	17	24	NA
30	3	18	24	NA
30	3	19	24	853.310000000002
30	3	21	24	NA
30	3	1	24	1321.45
30	3	22	24	NA
30	3	24	20	NA
30	3	25	17	314.330000000001
30	3	25	1	98.1999999999785
30	3	2	25	NA
30	3	1	25	NA
30	3	3	25	2973.44000000002
30	3	6	25	171.089999999996
30	3	8	25	1781.41999999998
30	3	9	25	NA
30	3	11	25	NA
30	3	10	25	1451.71000000001
30	3	13	25	1183.48999999997
30	3	14	25	1532.87000000001
30	3	17	25	NA
30	3	20	25	108.800000000003
30	3	4	25	24.7800000000184
30	3	2	26	NA
30	3	1	26	NA
30	3	5	26	NA
30	3	7	26	NA
30	3	11	26	NA
30	3	13	26	5967.01000000002
30	3	21	26	NA
30	3	10	26	NA
30	3	16	26	NA
30	3	17	26	NA
30	3	18	26	NA
30	3	19	26	1199.55000000001
30	3	25	26	1395.18
30	3	5	17	NA
30	3	7	17	NA
30	3	11	17	NA
30	3	21	17	NA
30	3	16	17	NA
30	3	17	17	0.119999999978752
30	3	18	17	NA
30	3	19	17	NA
30	3	26	17	NA
30	3	27	20	NA
30	3	27	19	NA
30	3	2	27	NA
30	3	1	27	948.650000000007
30	3	3	27	1103.26999999999
30	3	6	27	18.8100000000082
30	3	4	27	NA
30	3	9	27	210.380000000006
30	3	8	27	1045.66000000001
30	3	11	27	NA
30	3	10	27	NA
30	3	13	27	354.47999999999
30	3	14	27	178.570000000008
30	3	15	27	8.88000000000989
30	3	20	27	362.379999999997
30	3	28	7	NA
30	3	2	28	NA
30	3	1	28	599.879999999982
30	3	3	28	813.890000000005
30	3	6	28	33.210000000006
30	3	4	28	NA
30	3	9	28	127.199999999991
30	3	8	28	1518.04999999999
30	3	11	28	NA
30	3	10	28	519.009999999978
30	3	13	28	1255.89000000001
30	3	14	28	211.189999999993
30	3	15	28	1.68000000002168
30	3	20	28	NA
30	3	6	12	NA
30	3	4	12	NA
30	3	9	12	NA
30	3	15	12	NA
30	3	20	12	NA
30	3	28	12	NA
30	3	29	13	NA
30	3	29	19	1952.80000000003
30	3	2	29	NA
30	3	10	29	NA
30	3	16	29	NA
30	3	17	29	1025.37999999996
30	3	18	29	NA
30	3	19	29	NA
30	3	21	29	NA
30	3	1	29	NA
30	3	22	29	NA
30	3	24	29	0.320000000039286
30	3	2	30	NA
30	3	1	30	NA
30	3	5	30	NA
30	3	7	30	NA
30	3	11	30	NA
30	3	13	30	1812.63
30	3	21	30	NA
30	3	10	30	NA
30	3	3	30	NA
30	3	14	30	564.030000000024
30	3	25	30	NA
30	3	16	30	NA
30	3	17	30	315.689999999987
30	3	18	30	NA
30	3	19	30	NA
30	3	26	30	253.970000000014
30	4	1	2	85.3500000000001
30	4	1	3	137.799999999999
30	4	2	3	20.1499999999958
30	4	4	1	2.03000000001295
30	4	1	4	200.550000000024
30	4	2	4	63.9399999999873
30	4	3	4	52.0499999999863
30	4	5	3	2.28999999999316
30	4	1	5	131.070000000005
30	4	2	5	196.660000000018
30	4	3	5	140.109999999978
30	4	4	5	12.0500000000154
30	4	3	3	0.100000000018333
30	4	4	3	21.4099999999812
30	4	4	6	50.3300000000049
30	4	1	6	421.019999999975
30	4	2	6	169.67
30	4	3	6	213.970000000033
30	4	5	6	91.9599999999878
30	4	6	3	1.19000000001484
30	4	7	1	0.529999999998395
30	4	7	5	1.42999999998734
30	4	1	7	759.049999999994
30	4	2	7	69.650000000014
30	4	5	7	40.1199999999913
30	4	3	7	7.12000000001673
30	4	4	7	12.539999999975
30	4	6	7	27.909999999976
30	4	8	4	6.54000000003318
30	4	1	8	225.380000000012
30	4	2	8	59.9299999999619
30	4	3	8	77.6800000000419
30	4	8	8	0.100000000005389
30	4	4	8	22.3499999999508
30	4	8	7	10.6600000000306
30	4	1	9	127.310000000003
30	4	2	9	377.569999999988
30	4	3	9	334.50999999998
30	4	4	9	11.3300000000377
30	4	7	9	1.38000000000058
30	4	5	9	0.0799999999960761
30	4	10	8	9.599999999969
30	4	1	10	155.420000000041
30	4	2	10	288.509999999993
30	4	5	10	69.850000000009
30	4	3	10	98.8299999999561
30	4	4	10	46.6500000000431
30	4	6	10	11.0599999999754
30	4	11	5	29.7500000000052
30	4	11	6	5.11999999999491
30	4	1	11	175.389999999972
30	4	2	11	132.060000000019
30	4	5	11	49.8500000000163
30	4	3	11	215.469999999997
30	4	4	11	35.1499999999776
30	4	6	11	90.8300000000231
30	4	10	11	0.259999999989084
30	4	12	5	269.559999999999
30	4	4	12	10.4100000000176
30	4	1	12	435.070000000003
30	4	2	12	62.1899999999894
30	4	3	12	35.950000000006
30	4	5	12	56.7599999999798
30	4	11	12	9.64999999999375
30	4	6	12	6.96000000001892
30	4	11	3	2.94999999999505
30	4	12	3	0.839999999977886
30	4	1	13	31.3000000000097
30	4	2	13	56.4700000000391
30	4	3	13	20.9000000000067
30	4	8	13	1.91999999996507
30	4	4	13	27.4900000000012
30	4	10	13	5.66000000001601
30	4	8	5	7.79000000000611
30	4	10	5	5.67999999998734
30	4	13	5	21.9799999999793
30	4	5	13	17.8800000000006
30	4	11	13	22.6600000000394
30	4	6	13	64.819999999994
30	4	14	9	36.4199999999978
30	4	14	2	6.13999999999898
30	4	14	3	42.5399999999661
30	4	1	15	154.990000000041
30	4	2	15	98.9699999999955
30	4	3	15	94.2000000000112
30	4	8	15	15.5899999999742
30	4	4	15	61.9099999999905
30	4	5	15	33.5299999999984
30	4	11	15	40.7100000000298
30	4	6	15	36.8799999999517
30	4	12	15	68.1900000000528
30	4	10	15	1.04999999994994
30	4	16	5	0.130000000046273
30	4	1	16	203.04999999997
30	4	2	16	32.4200000000233
30	4	5	16	116.179999999984
30	4	3	16	15.3599999999949
30	4	4	16	14.4399999999801
30	4	6	16	15.8200000000356
30	4	11	16	22.3200000000195
30	4	12	16	39.4199999999542
30	4	14	16	138.620000000011
30	4	5	5	0.110000000027647
30	4	6	5	12.0499999999734
30	4	14	5	137.760000000023
30	4	1	17	207.479999999979
30	4	2	17	128.710000000013
30	4	3	17	223.399999999976
30	4	8	17	16.920000000018
30	4	4	17	7.38999999998079
30	4	17	5	24.9300000000237
30	4	4	4	0.110000000014693
30	4	17	4	8.56999999999199
30	4	18	4	2.7799999999677
30	4	1	18	224.290000000037
30	4	2	18	27.0399999999916
30	4	5	18	50.7999999999588
30	4	3	18	51.9100000000087
30	4	4	18	15.3500000000033
30	4	6	18	48.7400000000287
30	4	10	18	5.50999999996726
30	4	8	18	9.67000000002693
30	4	17	18	17.7299999999648
30	4	18	18	0.0900000000090202
30	4	19	10	28.6200000000479
30	4	1	19	265.679999999956
30	4	2	19	156.040000000026
30	4	5	19	33.8299999999633
30	4	3	19	79.2200000000371
30	4	4	19	26.449999999993
30	4	6	19	106.98999999999
30	4	8	19	20.4099999999978
30	4	7	19	2.60999999999854
30	4	11	19	20.8200000000247
30	4	12	19	24.3699999999969
30	4	10	19	7.43999999999825
30	4	15	19	0.170000000016012
30	4	1	20	133.569999999947
30	4	2	20	126.070000000025
30	4	5	20	19.4999999999943
30	4	3	20	50.9100000000087
30	4	4	20	17.8000000000186
30	4	6	20	10.0999999999929
30	4	11	20	24.0899999999888
30	4	12	20	15.7799999999895
30	4	14	20	54.8499999999981
30	4	20	3	0.440000000022124
30	4	7	20	2.15999999997599
30	4	8	20	13.1200000000131
30	4	10	20	24.0200000000146
30	4	13	20	26.619999999986
30	4	16	20	10.2800000000255
30	4	17	20	37.249999999947
30	4	21	2	2.61000000003856
30	4	21	8	9.97999999999389
30	4	21	3	6.83000000001222
30	4	21	22	60.4199999999542
30	4	1	22	337.070000000016
30	4	2	22	258.510000000009
30	4	5	22	49.8399999999815
30	4	3	22	551.439999999997
30	4	4	22	36.1799999999999
30	4	6	22	80.6700000000015
30	4	8	22	31.3300000000231
30	4	7	22	11.8300000000179
30	4	11	22	39.5099999999854
30	4	12	22	53.2199999999753
30	4	10	22	13.4500000000439
30	4	15	22	22.3999999999937
30	4	19	22	19.5000000000016
30	4	1	23	28.1699999999562
30	4	2	23	44.6400000000426
30	4	5	23	57.5400000000114
30	4	3	23	60.0399999999952
30	4	4	23	28.7899999999859
30	4	6	23	13.1900000000185
30	4	10	23	5.33999999998152
30	4	11	23	9.7500000000198
30	4	8	23	79.1499999999792
30	4	17	23	8.00999999998705
30	4	18	23	27.1599999999869
30	4	1	24	98.4900000000141
30	4	2	24	29.4699999999773
30	4	3	24	60.8500000000179
30	4	4	24	12.2599999999818
30	4	7	24	2.04000000002227
30	4	11	24	25.9699999999991
30	4	12	24	21.319999999994
30	4	8	24	28.6399999999937
30	4	10	24	7.30000000003521
30	4	13	24	9.02999999995679
30	4	16	24	18.9099999999994
30	4	5	24	21.9800000000303
30	4	6	24	22.2699999999854
30	4	14	24	150.210000000035
30	4	17	24	9.07999999994878
30	4	21	25	9.71000000004234
30	4	1	25	39.5299999999932
30	4	2	25	79.5000000000177
30	4	5	25	41.2199999999991
30	4	3	25	87.6299999999788
30	4	4	25	93.1599999999739
30	4	6	25	127.360000000028
30	4	8	25	78.6699999999978
30	4	7	25	2.93000000001644
30	4	11	25	11.5199999999766
30	4	12	25	84.8199999999811
30	4	10	25	0.200000000043943
30	4	15	25	1.08999999995082
30	4	19	25	7.86000000003652
30	4	22	25	0.109999999975116
30	4	21	19	29.4800000000282
30	4	19	19	0.120000000016731
30	4	22	19	1.46999999995547
30	4	25	19	7.19999999998938
30	4	26	21	0.110000000027647
30	4	14	26	46.0299999999911
30	4	1	26	854.010000000025
30	4	2	26	99.4499999999769
30	4	5	26	42.849999999982
30	4	3	26	384.000000000047
30	4	4	26	39.7899999999932
30	4	6	26	117.429999999956
30	4	8	26	4.04000000003158
30	4	7	26	0.5799999999888
30	4	27	3	3.72999999998457
30	4	27	4	21.1599999999994
30	4	1	27	152.250000000038
30	4	2	27	54.6399999999844
30	4	3	27	55.1400000000229
30	4	4	27	4.4800000000048
30	4	7	27	1.57999999996493
30	4	11	27	23.4500000000076
30	4	12	27	39.4900000000141
30	4	8	27	3.90000000000669
30	4	10	27	1.65999999997759
30	4	13	27	5.96000000001164
30	4	16	27	9.48999999997934
30	4	5	27	8.31999999999403
30	4	6	27	20.0900000000434
30	4	14	27	48.3499999999674
30	4	17	27	2.15000000001761
30	4	1	28	59.5099999999741
30	4	2	28	51.090000000009
30	4	5	28	12.4100000000015
30	4	3	28	46.5800000000106
30	4	4	28	24.5299999999875
30	4	6	28	36.3300000000143
30	4	11	28	8.27
30	4	12	28	68.45999999997
30	4	14	28	165.530000000044
30	4	7	28	1.77999999997294
30	4	8	28	15.1300000000006
30	4	10	28	10.3299999999852
30	4	13	28	11.9800000000391
30	4	16	28	6.72999999999912
30	4	17	28	4.93999999999665
30	4	20	28	0.199999999991419
30	4	11	10	31.0000000000141
30	4	12	10	30.7999999999791
30	4	14	10	175.870000000009
30	4	7	10	5.14999999999942
30	4	8	10	30.7999999999786
30	4	10	10	0.100000000014695
30	4	13	10	19.9100000000212
30	4	16	10	32.6099999999512
30	4	17	10	9.09000000001426
30	4	20	10	16.780000000015
30	4	28	10	15.2599999999854
30	4	5	4	43.5300000000275
30	4	6	4	61.3899999999699
30	4	11	4	37.0800000000397
30	4	12	4	169.609999999971
30	4	14	4	264.140000000028
30	4	7	4	2.33999999997992
30	4	10	4	3.46999999999549
30	4	13	4	9.35000000000175
30	4	16	4	16.9400000000112
30	4	20	4	22.4099999999723
30	4	28	4	0.61000000000015
30	4	29	22	0.110000000024009
30	4	29	23	0.339999999998106
30	4	1	29	3.84999999996377
30	4	2	29	1.62000000000786
30	4	5	29	0.279999999989521
30	4	3	29	0.0700000000558845
30	4	4	29	1.00999999997613
30	4	6	29	0.570000000008584
30	4	11	29	0.449999999965954
30	4	12	29	0.349999999996506
30	4	14	29	0.260000000030703
30	4	20	29	0.160000000016012
30	4	21	29	1.69999999999505
30	4	27	29	2.22000000001164
30	4	30	5	9.43999999996391
30	4	30	10	14.5900000000288
30	4	30	2	19.0199999999802
30	5	2	1	2031.40000000003
30	5	2	3	586.889999999995
30	5	1	3	16.0300000000041
30	5	2	4	319.55999999995
30	5	1	4	21.3100000000466
30	5	2	2	0.11999999995853
30	5	1	2	27.1200000000151
30	5	4	2	0.880000000026051
30	5	4	3	5.19999999999505
30	5	5	2	0.279999999991119
30	5	2	5	1419.62999999998
30	5	1	5	135.820000000028
30	5	4	5	52.9900000000068
30	5	5	5	0.109999999967407
30	5	3	5	23.7900000000025
30	5	2	6	454.250000000021
30	5	1	6	15.3599999999856
30	5	4	6	28.0500000000191
30	5	3	6	18.7899999999531
30	5	3	3	0.110000000027647
30	5	6	3	6.41000000001397
30	5	2	7	4085.49999999996
30	5	1	7	34.8100000000154
30	5	4	7	87.9000000000358
30	5	5	7	251.239999999981
30	5	5	6	94.6999999999841
30	5	7	6	2.49000000003755
30	5	2	8	984.59999999998
30	5	1	8	32.5000000000105
30	5	4	8	10.3400000000054
30	5	3	8	356.689999999962
30	5	6	8	40.0500000000461
30	5	4	4	0.0999999999564878
30	5	3	4	35.6900000000367
30	5	6	4	35.3399999999706
30	5	8	4	43.7300000000266
30	5	9	6	4.83000000000334
30	5	2	9	464.939999999958
30	5	1	9	5.82000000003406
30	5	2	10	1286.74999999996
30	5	1	10	18.9500000000274
30	5	4	10	8.37000000001513
30	5	3	10	23.3900000000119
30	5	6	10	24.2000000000039
30	5	8	10	14.2499999999834
30	5	11	2	0.529999999991119
30	5	2	11	321.829999999974
30	5	1	11	107.799999999995
30	5	4	11	57.6900000000003
30	5	5	11	257.000000000023
30	5	11	11	0.110000000027647
30	5	5	8	52.2699999999891
30	5	11	8	321.179999999966
30	5	12	5	15.2300000000391
30	5	12	3	135.779999999986
30	5	2	12	470.460000000002
30	5	1	12	17.2699999999855
30	5	2	13	914.11
30	5	1	13	15.7799999999968
30	5	12	13	32.3200000000393
30	5	4	13	9.50000000000161
30	5	3	13	43.3299999999576
30	5	6	13	21.7300000000157
30	5	8	13	14.3100000000009
30	5	12	8	89.9099999999942
30	5	8	8	0.120000000024014
30	5	13	8	7.12999999997715
30	5	2	14	303.200000000026
30	5	1	14	14.7099999999607
30	5	4	14	9.88000000000422
30	5	3	14	5.67000000000714
30	5	5	14	102.580000000001
30	5	7	14	24.2399999999887
30	5	9	14	5.97999999999753
30	5	6	14	7.3699999999933
30	5	8	14	13.420000000018
30	5	3	7	101.259999999989
30	5	7	7	0.13000000003332
30	5	9	7	20.7600000000036
30	5	6	7	23.5999999999726
30	5	8	7	18.7000000000205
30	5	14	7	0.0999999999981114
30	5	2	15	242.850000000007
30	5	1	15	35.2099999999623
30	5	4	15	2.12999999999694
30	5	3	15	32.1400000000301
30	5	6	15	154.209999999993
30	5	8	15	6.11999999999127
30	5	3	11	95.2899999999895
30	5	6	11	32.6300000000099
30	5	8	11	52.5900000000017
30	5	15	11	14.6199999999804
30	5	2	16	1098.09000000003
30	5	1	16	23.3399999999997
30	5	4	16	2.84999999998196
30	5	3	16	29.1099999999965
30	5	6	16	6.95999999999709
30	5	5	16	133.450000000029
30	5	11	16	67.3700000000151
30	5	12	16	41.4699999999737
30	5	8	16	16.0099999999943
30	5	13	16	11.8200000000195
30	5	2	17	850.109999999989
30	5	1	17	30.0999999999726
30	5	4	17	89.2900000000405
30	5	3	17	83.8599999999767
30	5	6	17	94.5700000000231
30	5	8	17	31.0399999999859
30	5	17	8	0.210000000004371
30	5	5	17	168.759999999975
30	5	11	17	50.2200000000444
30	5	2	18	1572.08999999998
30	5	1	18	43.9299999999905
30	5	4	18	19.8500000000147
30	5	3	18	42.8199999999884
30	5	6	18	10.2700000000384
30	5	5	18	356.579999999954
30	5	11	18	55.4300000000071
30	5	12	18	30.2199999999825
30	5	8	18	11.7900000000207
30	5	13	18	8.86000000003492
30	5	16	18	1.67999999996916
30	5	17	18	11.5199999999984
30	5	19	10	9.11999999997875
30	5	19	12	19.6100000000111
30	5	19	13	2.50000000002343
30	5	2	20	859.069999999994
30	5	1	20	38.7199999999862
30	5	4	20	26.9000000000358
30	5	3	20	120.589999999989
30	5	6	20	83.7099999999587
30	5	8	20	70.8200000000247
30	5	15	20	30.2600000000182
30	5	12	20	15.0499999999827
30	5	19	20	17.4999999999798
30	5	13	20	9.13000000001717
30	5	15	13	80.6799999999837
30	5	13	13	0.0900000000053893
30	5	20	13	0.750000000001599
30	5	21	1	26.2400000000375
30	5	21	8	2.00999999996362
30	5	2	21	405.449999999993
30	5	21	21	0.0900000000053893
30	5	1	21	18.6199999999985
30	5	2	22	1042.80000000004
30	5	1	22	29.8999999999667
30	5	4	22	2.83000000003042
30	5	3	22	89.9299999999582
30	5	6	22	16.0900000000418
30	5	12	22	224.639999999988
30	5	22	3	5.28000000000771
30	5	8	22	33.1099999999856
30	5	23	2	0.86999999998603
30	5	23	21	98.5800000000215
30	5	2	24	955.629999999968
30	5	1	24	34.0400000000441
30	5	4	24	87.3200000000029
30	5	3	24	85.0299999999984
30	5	6	24	13.51
30	5	12	24	157.109999999948
30	5	22	24	180.820000000038
30	5	6	6	0.129999999969444
30	5	12	6	179.679999999998
30	5	22	6	28.1900000000185
30	5	24	6	5.10999999998399
30	5	9	24	0.28000000001135
30	5	25	7	557.410000000007
30	5	2	25	250.689999999975
30	5	1	25	8.34000000000174
30	5	4	25	10.7000000000476
30	5	5	25	50.5899999999617
30	5	3	25	9.1400000000406
30	5	12	25	34.3799999999699
30	5	12	11	232.800000000013
30	5	25	11	63.6600000000197
30	5	2	26	383.509999999994
30	5	1	26	24.709999999955
30	5	4	26	678.220000000035
30	5	3	26	57.7799999999895
30	5	6	26	46.7800000000239
30	5	12	26	175.069999999976
30	5	22	26	31.3599999999783
30	5	21	26	22.01000000004
30	5	21	6	19.5699999999956
30	5	26	6	0.079999999999707
30	5	2	27	2075.54000000001
30	5	1	27	8.25999999997453
30	5	4	27	6.14999999997759
30	5	3	27	22.3999999999974
30	5	6	27	28.4600000000007
30	5	8	27	55.3300000000247
30	5	27	11	3.30000000000451
30	5	4	12	32.9399999999967
30	5	3	12	96.6599999999687
30	5	6	12	10.0300000000166
30	5	8	12	98.0500000000025
30	5	27	12	12.1600000000015
30	5	28	16	3.41000000002124
30	5	28	4	1.7899999999952
30	5	28	14	0.480000000012083
30	5	29	25	22.4499999999566
30	5	2	29	511.400000000048
30	5	1	29	27.4399999999837
30	5	4	29	19.2899999999806
30	5	3	29	161.540000000028
30	5	6	29	8.71999999997526
30	5	5	29	379.66000000001
30	5	11	29	13.46999999997
30	5	12	29	45.9799999999955
30	5	8	29	0.51000000005093
30	5	13	29	0.609999999958532
30	5	17	29	0.180000000021678
30	5	21	29	0.470000000002763
30	5	3	2	2.82999999999244
30	5	6	2	0.660000000003052
30	5	12	2	1.19000000000553
30	5	8	2	3.68000000000553
30	5	13	2	1.43999999996915
30	5	17	2	0.950000000013247
30	5	21	2	3.19000000000393
30	5	29	2	0.290000000011348
30	5	30	17	0.0900000000053893
30	5	2	30	546.619999999995
30	5	1	30	14.4099999999905
30	5	4	30	23.3800000000276
30	5	3	30	66.4099999999651
30	5	6	30	8.88999999999738
30	5	5	30	585.299999999997
30	5	11	30	245.260000000016
30	5	12	30	135.820000000019
30	5	8	30	9.66000000000669
30	5	13	30	4.84999999998195
30	5	17	30	6.47999999995911
30	5	21	30	4.9800000000064
30	5	16	30	0.430000000023725
30	5	18	30	0.110000000014693
35	1	2	1	NA
35	1	3	1	NA
35	1	3	2	991.02999999999
35	1	2	4	NA
35	1	3	4	3585.38999999998
35	1	1	4	NA
35	1	2	2	0.14000000004264
35	1	1	2	4294.26999999997
35	1	4	2	289.029999999995
35	1	2	3	NA
35	1	3	3	0.120000000024014
35	1	1	3	NA
35	1	4	3	727.20999999997
35	1	5	3	235.350000000002
35	1	5	4	1987.68000000002
35	1	3	5	NA
35	1	2	5	NA
35	1	1	5	NA
35	1	4	5	1867.17999999999
35	1	6	3	NA
35	1	2	6	NA
35	1	3	6	NA
35	1	1	6	5518.36000000003
35	1	4	6	NA
35	1	5	6	780.459999999999
35	1	6	6	0.109999999976722
35	1	2	7	NA
35	1	3	7	735.260000000058
35	1	1	7	NA
35	1	4	7	NA
35	1	5	7	546.629999999964
35	1	6	7	1398.55000000001
35	1	7	6	58.1800000000128
35	1	5	5	0.139999999988071
35	1	6	5	2564.66999999999
35	1	7	5	NA
35	1	2	8	NA
35	1	3	8	NA
35	1	1	8	NA
35	1	4	8	NA
35	1	5	8	1281.11000000004
35	1	6	8	NA
35	1	8	7	2358.72
35	1	9	5	3182.8
35	1	2	9	NA
35	1	3	9	NA
35	1	1	9	NA
35	1	4	9	NA
35	1	5	9	NA
35	1	6	9	NA
35	1	7	9	NA
35	1	2	10	NA
35	1	3	10	689.369999999993
35	1	1	10	NA
35	1	4	10	NA
35	1	5	10	977.889999999984
35	1	6	10	387.060000000039
35	1	8	10	97.6000000000001
35	1	5	2	2496.47
35	1	6	2	362.259999999985
35	1	8	2	214.150000000005
35	1	10	2	269.599999999989
35	1	8	3	NA
35	1	10	3	NA
35	1	11	1	NA
35	1	3	11	NA
35	1	2	11	NA
35	1	1	11	NA
35	1	4	11	NA
35	1	5	11	NA
