5	1	1	2	0.05
5	1	1	3	0.04
5	1	3	2	0.05
5	1	1	4	0.04
5	1	3	4	0.05
5	1	2	4	0.04
5	1	3	3	0.04
5	1	2	3	0.05
5	1	4	3	0.03
5	1	1	5	0.06
5	1	3	5	0.03
5	1	2	5	0.04
5	1	4	5	0.04
5	1	4	4	0.05
5	1	5	4	0.04
5	2	1	2	0.06
5	2	1	3	0.03
5	2	3	2	0.07
5	2	1	4	0.04
5	2	3	4	0.0799999999999999
5	2	2	4	0.04
5	2	5	1	0.07
5	2	1	5	0.0299999999999999
5	2	3	5	0.06
5	2	2	5	0.04
5	2	5	4	0.07
5	3	2	1	0.02
5	3	3	1	0.03
5	3	3	2	0.05
5	3	4	1	0.03
5	3	4	2	0.04
5	3	4	3	0.0399999999999999
5	3	5	1	0.05
5	3	5	2	0.03
5	3	5	3	0.03
5	3	4	5	0.03
5	4	1	2	0.07
5	4	1	3	0.05
5	4	3	2	0.0499999999999998
5	4	1	4	0.05
5	4	3	4	0.0600000000000001
5	4	2	4	0.06
5	4	3	3	0.05
5	4	2	3	0.04
5	4	4	3	0.05
5	4	1	5	0.0599999999999998
5	4	3	5	0.05
5	4	2	5	0.04
5	4	5	3	0.06
5	4	5	4	0.05
5	5	1	2	0.05
5	5	3	1	0.04
5	5	1	3	0.0599999999999998
5	5	2	3	0.04
5	5	4	1	0.05
5	5	4	2	0.03
5	5	1	4	0.04
5	5	2	4	0.04
5	5	3	4	0.05
5	5	5	1	0.03
5	5	1	5	0.0600000000000001
5	5	4	5	0.0499999999999998
5	5	2	5	0.05
5	5	3	5	0.0600000000000001
10	1	1	2	0.19
10	1	1	3	0.48
10	1	3	2	0.0800000000000001
10	1	1	4	0.77
10	1	3	4	0.0800000000000001
10	1	2	4	0.0900000000000001
10	1	3	3	0.0799999999999998
10	1	2	3	0.11
10	1	4	3	0.05
10	1	1	5	0.41
10	1	3	5	0.0800000000000002
10	1	2	5	0.0900000000000001
10	1	4	5	0.11
10	1	4	4	0.0799999999999998
10	1	5	4	0.0699999999999998
10	1	1	6	0.69
10	1	3	6	0.13
10	1	2	6	0.0899999999999994
10	1	4	6	0.0700000000000007
10	1	5	6	0.08
10	1	1	1	0.0600000000000001
10	1	3	1	0.12
10	1	2	1	0.21
10	1	4	1	0.0500000000000003
10	1	5	1	0.0699999999999998
10	1	6	1	0.0799999999999998
10	1	7	2	0.0900000000000003
10	1	7	6	0.0800000000000005
10	1	1	7	0.199999999999999
10	1	3	7	0.0600000000000001
10	1	7	7	0.0600000000000001
10	1	2	7	0.0900000000000003
10	1	7	3	0.0600000000000003
10	1	1	8	0.639999999999999
10	1	3	8	0.0800000000000004
10	1	2	8	0.12
10	1	4	8	0.0699999999999998
10	1	7	8	0.12
10	1	5	8	0.0700000000000006
10	1	6	8	0.379999999999999
10	1	1	9	0.16
10	1	3	9	0.0900000000000003
10	1	7	9	0.05
10	1	2	9	0.1
10	1	7	1	0.0599999999999998
10	1	9	1	0.0699999999999998
10	1	7	5	0.0900000000000003
10	1	9	5	0.170000000000001
10	1	1	10	0.419999999999999
10	1	3	10	0.0800000000000003
10	1	2	10	0.12
10	1	4	10	0.0900000000000005
10	1	7	10	0.0800000000000003
10	1	5	10	0.0900000000000007
10	1	6	10	0.19
10	1	8	10	0.0499999999999994
10	1	6	6	0.0700000000000007
10	1	8	6	0.0799999999999992
10	1	10	6	0.0800000000000005
10	1	5	5	0.0499999999999992
10	1	6	5	0.150000000000001
10	1	8	5	0.0799999999999987
10	1	10	5	0.070000000000001
10	2	1	2	0.269999999999999
10	2	1	3	0.220000000000001
10	2	3	2	0.219999999999999
10	2	1	4	0.650000000000001
10	2	3	4	0.399999999999999
10	2	2	4	0.720000000000001
10	2	5	1	0.0900000000000003
10	2	1	5	0.27
10	2	3	5	0.169999999999999
10	2	2	5	0.34
10	2	5	4	0.310000000000001
10	2	1	6	0.339999999999999
10	2	3	6	0.210000000000002
10	2	3	3	0.0599999999999989
10	2	6	3	0.0900000000000001
10	2	1	1	0.0800000000000007
10	2	3	1	0.2
10	2	6	1	0.129999999999999
10	2	6	6	0.0600000000000009
10	2	1	7	0.319999999999999
10	2	3	7	0.220000000000001
10	2	6	7	0.169999999999998
10	2	2	7	0.490000000000001
10	2	2	6	0.309999999999999
10	2	7	6	0.0900000000000005
10	2	7	7	0.0700000000000007
10	2	1	8	0.28
10	2	3	8	0.26
10	2	2	8	0.459999999999998
10	2	8	5	0.0999999999999999
10	2	6	8	0.19
10	2	7	8	0.130000000000001
10	2	8	6	0.170000000000002
10	2	1	9	0.339999999999997
10	2	3	9	0.330000000000002
10	2	2	9	0.419999999999999
10	2	5	9	0.430000000000002
10	2	4	9	0.0499999999999994
10	2	6	9	0.209999999999997
10	2	7	9	0.170000000000002
10	2	8	9	0.27
10	2	1	10	0.0799999999999987
10	2	3	10	0.0499999999999992
10	2	6	10	0.0500000000000012
10	2	10	1	0.0800000000000003
10	2	10	6	0.120000000000002
10	3	2	1	0.17
10	3	3	1	0.149999999999997
10	3	3	2	0.0800000000000023
10	3	4	1	0.479999999999999
10	3	4	2	0.0999999999999999
10	3	4	3	0.329999999999999
10	3	5	1	0.119999999999999
10	3	5	2	0.110000000000003
10	3	5	3	0.11
10	3	4	5	1.31
10	3	6	5	0.0900000000000003
10	3	6	2	0.100000000000002
10	3	2	6	0.16
10	3	3	6	0.160000000000001
10	3	4	6	0.469999999999998
10	3	5	6	0.19
10	3	1	6	0.230000000000002
10	3	1	1	0.0699999999999972
10	3	6	1	0.0800000000000023
10	3	4	7	0.740000000000001
10	3	6	7	0.169999999999998
10	3	5	7	0.130000000000001
10	3	7	1	0.18
10	3	6	6	0.0499999999999989
10	3	7	6	0.160000000000001
10	3	6	3	0.159999999999997
10	3	7	3	0.100000000000002
10	3	4	8	0.740000000000001
10	3	6	8	0.18
10	3	5	8	0.18
10	3	7	8	0.159999999999997
10	3	8	1	0.0400000000000009
10	3	2	8	0.319999999999999
10	3	3	8	0.170000000000002
10	3	1	8	0.19
10	3	8	8	0.070000000000001
10	3	9	5	0.069999999999997
10	3	4	9	0.910000000000003
10	3	6	9	0.16
10	3	5	9	0.189999999999998
10	3	7	9	0.130000000000001
10	3	3	9	0.170000000000001
10	3	2	9	0.159999999999998
10	3	9	6	0.159999999999999
10	3	10	5	0.110000000000001
10	3	4	10	0.320000000000001
10	3	6	10	0.119999999999999
10	3	5	10	0.119999999999999
10	3	7	10	0.0800000000000005
10	3	5	5	0.0700000000000005
10	3	7	5	0.130000000000001
10	3	7	7	0.0699999999999992
10	3	10	7	0.0800000000000001
10	4	1	2	2.87
10	4	1	3	2.17
10	4	3	2	0.539999999999996
10	4	1	4	1.82
10	4	3	4	0.940000000000005
10	4	2	4	1.32999999999999
10	4	3	3	0.0800000000000003
10	4	2	3	0.809999999999999
10	4	4	3	0.420000000000004
10	4	1	5	2.12
10	4	3	5	1.45000000000001
10	4	2	5	1.35
10	4	5	3	0.400000000000002
10	4	5	4	1.12
10	4	6	4	0.220000000000003
10	4	1	6	3.67
10	4	3	6	0.59
10	4	2	6	0.809999999999999
10	4	5	6	1.14
10	4	6	6	0.0800000000000021
10	4	4	6	0.370000000000002
10	4	6	3	0.209999999999996
10	4	7	2	0.180000000000004
10	4	7	3	0.359999999999996
10	4	7	4	1.41
10	4	1	7	2.52
10	4	3	7	1.67
10	4	2	7	0.790000000000003
10	4	4	7	0.800000000000001
10	4	5	7	1.24
10	4	6	7	0.540000000000003
10	4	7	7	0.079999999999995
10	4	1	8	2.1
10	4	3	8	1.27999999999999
10	4	2	8	0.550000000000006
10	4	5	8	0.950000000000002
10	4	6	8	0.729999999999999
10	4	7	8	0.839999999999997
10	4	4	8	0.910000000000005
10	4	7	6	0.729999999999989
10	4	8	6	0.860000000000003
10	4	8	3	0.170000000000001
10	4	9	1	0.0800000000000025
10	4	9	4	0.189999999999998
10	4	1	9	4.21
10	4	3	9	1.02000000000001
10	4	7	9	0.799999999999996
10	4	2	9	4.13
10	4	9	7	0.540000000000005
10	4	10	3	0.200000000000002
10	4	1	10	0.179999999999997
10	4	3	10	0.229999999999994
10	4	2	10	0.150000000000001
10	4	4	10	0.0900000000000021
10	4	5	10	0.220000000000003
10	4	6	10	0.170000000000005
10	4	7	10	0.0699999999999974
10	4	9	10	0.0900000000000023
10	4	9	6	0.649999999999995
10	4	10	6	0.95
10	5	1	2	0.219999999999998
10	5	3	1	0.0900000000000019
10	5	1	3	0.160000000000001
10	5	2	3	0.190000000000001
10	5	4	1	0.270000000000001
10	5	4	2	0.259999999999989
10	5	1	4	0.150000000000009
10	5	2	4	0.129999999999991
10	5	3	4	0.110000000000003
10	5	5	1	0.0700000000000056
10	5	1	5	0.290000000000002
10	5	4	5	0.50999999999999
10	5	2	5	0.31
10	5	3	5	0.110000000000009
10	5	1	6	0.269999999999995
10	5	2	6	0.239999999999999
10	5	3	6	0.279999999999999
10	5	4	6	0.320000000000003
10	5	4	4	0.0600000000000063
10	5	6	4	0.0899999999999876
10	5	5	6	0.0700000000000114
10	5	7	6	0.239999999999994
10	5	1	7	0.190000000000002
10	5	2	7	0.300000000000005
10	5	3	7	0.369999999999989
10	5	4	7	0.570000000000003
10	5	5	7	0.260000000000004
10	5	7	7	0.0699999999999927
10	5	6	7	0.230000000000008
10	5	6	6	0.0900000000000021
10	5	1	8	0.139999999999995
10	5	2	8	0.139999999999999
10	5	3	8	0.110000000000004
10	5	4	8	0.919999999999995
10	5	5	8	0.0999999999999979
10	5	7	8	0.13
10	5	6	8	0.280000000000005
10	5	8	7	0.149999999999999
10	5	5	4	0.149999999999995
10	5	7	4	0.14
10	5	8	4	0.0700000000000114
10	5	1	9	0.38999999999999
10	5	4	9	0.570000000000002
10	5	2	9	0.230000000000008
10	5	9	4	0.0699999999999967
10	5	3	9	0.340000000000003
10	5	6	9	0.259999999999994
10	5	5	9	0.189999999999996
10	5	7	9	0.260000000000009
10	5	8	9	0.159999999999996
10	5	9	9	0.0800000000000018
10	5	10	4	0.099999999999989
10	5	1	10	0.130000000000008
10	5	4	10	0.509999999999996
10	5	2	10	0.240000000000002
10	5	10	5	0.110000000000003
15	1	1	2	2.23
15	1	1	3	0.839999999999992
15	1	3	2	0.640000000000013
15	1	1	4	0.749999999999994
15	1	3	4	0.460000000000003
15	1	2	4	0.349999999999993
15	1	3	3	0.0800000000000023
15	1	2	3	0.4
15	1	4	3	0.110000000000003
15	1	1	5	1.5
15	1	3	5	0.490000000000004
15	1	2	5	0.289999999999996
15	1	4	5	0.219999999999998
15	1	4	4	0.0699999999999972
15	1	5	4	0.170000000000011
15	1	1	6	0.629999999999989
15	1	3	6	0.320000000000011
15	1	2	6	0.449999999999988
15	1	4	6	0.15
15	1	5	6	0.580000000000006
15	1	1	1	0.0599999999999978
15	1	3	1	0.389999999999995
15	1	2	1	0.340000000000007
15	1	4	1	0.0800000000000018
15	1	5	1	0.119999999999999
15	1	6	1	0.14
15	1	7	2	0.259999999999994
15	1	7	6	0.189999999999998
15	1	1	7	0.450000000000011
15	1	3	7	0.349999999999998
15	1	7	7	0.0699999999999976
15	1	2	7	0.440000000000001
15	1	7	3	0.119999999999994
15	1	1	8	2.63
15	1	3	8	0.340000000000012
15	1	2	8	0.249999999999995
15	1	4	8	0.209999999999993
15	1	7	8	0.240000000000004
15	1	5	8	0.200000000000001
15	1	6	8	0.530000000000001
15	1	1	9	0.430000000000001
15	1	3	9	0.919999999999999
15	1	7	9	0.079999999999993
15	1	2	9	0.230000000000003
15	1	7	1	0.349999999999998
15	1	9	1	0.0900000000000072
15	1	7	5	0.159999999999997
15	1	9	5	0.310000000000001
15	1	1	10	0.739999999999997
15	1	3	10	0.190000000000007
15	1	2	10	0.279999999999999
15	1	4	10	0.159999999999991
15	1	7	10	0.209999999999998
15	1	5	10	0.129999999999999
15	1	6	10	0.920000000000009
15	1	8	10	0.0499999999999972
15	1	6	6	0.0800000000000027
15	1	8	6	0.069999999999997
15	1	10	6	0.339999999999993
15	1	5	5	0.0700000000000021
15	1	6	5	0.420000000000001
15	1	8	5	0.0699999999999967
15	1	10	5	0.200000000000007
15	1	1	11	1.19000000000001
15	1	3	11	2.19
15	1	2	11	0.999999999999995
15	1	4	11	0.519999999999999
15	1	5	11	0.270000000000005
15	1	6	11	0.699999999999997
15	1	7	11	1.21
15	1	9	11	3.87000000000001
15	1	11	5	0.109999999999984
15	1	12	5	0.180000000000016
15	1	1	12	1.04000000000001
15	1	3	12	0.349999999999975
15	1	2	12	0.320000000000021
15	1	4	12	0.110000000000003
15	1	7	12	0.269999999999991
15	1	12	3	0.0900000000000023
15	1	9	12	0.50999999999999
15	1	5	12	0.130000000000004
15	1	6	12	0.29000000000001
15	1	8	12	0.0699999999999839
15	1	10	12	0.110000000000023
15	1	11	12	0.119999999999994
15	1	12	12	0.0899999999999928
15	1	1	13	0.599999999999993
15	1	3	13	0.0999999999999936
15	1	7	13	0.0600000000000112
15	1	2	13	0.319999999999992
15	1	9	13	0.0600000000000112
15	1	13	1	0.200000000000007
15	1	2	2	0.0800000000000018
15	1	9	2	0.229999999999999
15	1	13	2	0.749999999999989
15	1	14	3	0.640000000000014
15	1	14	2	1.81999999999999
15	1	14	4	0.949999999999986
15	1	15	12	4.89
15	1	15	6	2.18000000000002
15	1	15	10	3.35
15	1	15	9	0.299999999999981
15	2	1	2	12.31
15	2	1	3	34.76
15	2	3	2	4.44
15	2	1	4	23.26
15	2	3	4	4.38
15	2	2	4	8.9
15	2	5	1	0.650000000000004
15	2	1	5	10.93
15	2	3	5	2.81999999999999
15	2	2	5	4.11
15	2	5	4	14.28
15	2	1	6	122.98
15	2	3	6	11.7
15	2	3	3	0.0899999999999932
15	2	6	3	16.08
15	2	1	1	0.0899999999999928
15	2	3	1	2.21000000000002
15	2	6	1	0.320000000000011
15	2	6	6	0.0999999999999839
15	2	1	7	21.21
15	2	3	7	7.85000000000003
15	2	6	7	1.12999999999997
15	2	2	7	6.49000000000001
15	2	2	6	12.1
15	2	7	6	0.779999999999971
15	2	7	7	0.100000000000041
15	2	1	8	22.43
15	2	3	8	8.76000000000003
15	2	2	8	4.56999999999996
15	2	8	5	0.209999999999997
15	2	6	8	2.13000000000001
15	2	7	8	2.40000000000003
15	2	8	6	2.29999999999997
15	2	1	9	40.98
15	2	3	9	11.87
15	2	2	9	11.18
15	2	5	9	14.09
15	2	4	9	2.26000000000001
15	2	6	9	53.7100000000001
15	2	7	9	7.09000000000003
15	2	8	9	2.65999999999992
15	2	1	10	24.7600000000001
15	2	3	10	5.6999999999999
15	2	6	10	5.15000000000004
15	2	10	1	0.77
15	2	10	6	14.31
15	2	1	11	25.68
15	2	3	11	10.86
15	2	2	11	22.71
15	2	2	3	12.31
15	2	11	3	0.869999999999946
15	2	11	7	1.91000000000001
15	2	5	11	21.23
15	2	6	11	11.21
15	2	10	11	30.2400000000001
15	2	12	10	5.27999999999994
15	2	1	12	22.37
15	2	3	12	6.23000000000001
15	2	2	12	5.98999999999997
15	2	8	12	1.31999999999998
15	2	5	12	0.959999999999976
15	2	6	12	2.30000000000001
15	2	7	12	2.37000000000006
15	2	11	12	5.86999999999994
15	2	2	2	0.110000000000043
15	2	8	2	1.66999999999999
15	2	5	2	8.93999999999994
15	2	6	2	4.61999999999999
15	2	7	2	4.35000000000002
15	2	11	2	4.89999999999998
15	2	12	2	0.680000000000092
15	2	13	6	2.00999999999993
15	2	1	13	10.94
15	2	3	13	1.64000000000003
15	2	2	13	27.67
15	2	8	13	0.370000000000025
15	2	5	13	1.53000000000002
15	2	5	6	73.5900000000001
15	2	2	10	4.90999999999993
15	2	8	10	1.27000000000003
15	2	5	10	13.59
15	2	13	10	0.339999999999943
15	2	14	6	18.84
15	2	14	5	2.75000000000015
15	2	14	10	11.7599999999999
15	2	1	14	64.65
15	2	3	14	5.56000000000006
15	2	6	14	0.389999999999899
15	2	2	14	2.61000000000004
15	2	7	14	0.220000000000054
15	2	8	14	0.399999999999874
15	2	10	14	0.410000000000119
15	2	13	14	1.81000000000006
15	2	5	14	5.01999999999997
15	2	14	14	0.0599999999999525
15	2	1	15	18.5799999999999
15	2	3	15	3.41000000000014
15	2	2	15	5.93999999999995
15	2	5	15	17.2499999999999
15	2	4	15	0.980000000000047
15	2	8	15	2.78000000000002
15	2	6	15	6.68999999999994
15	2	7	15	4.93999999999992
15	2	11	15	6.80000000000004
15	2	12	15	13.5100000000002
15	2	4	10	0.909999999999892
15	2	7	10	2.86999999999992
15	2	11	10	3.31000000000003
15	2	15	10	0.410000000000118
15	2	5	3	13.83
15	2	4	3	1.82000000000002
15	2	8	3	3.38999999999982
15	2	7	3	7.16999999999998
15	2	12	3	6.86000000000002
15	2	15	3	5.77000000000011
15	3	2	1	3.66999999999996
15	3	3	1	1.4299999999999
15	3	3	2	2.15000000000012
15	3	4	1	10.53
15	3	4	2	4.29000000000003
15	3	4	3	14.3299999999999
15	3	5	1	0.990000000000046
15	3	5	2	0.940000000000071
15	3	5	3	0.730000000000029
15	3	4	5	24.6999999999998
15	3	6	5	2.01000000000004
15	3	6	2	2.26000000000005
15	3	2	6	5.74999999999992
15	3	3	6	13.83
15	3	4	6	21.1500000000001
15	3	5	6	2.99000000000006
15	3	1	6	15.0899999999999
15	3	1	1	0.0699999999999434
15	3	6	1	1.12000000000015
15	3	4	7	50.12
15	3	6	7	4.50999999999994
15	3	5	7	2.35999999999994
15	3	7	1	0.480000000000046
15	3	6	6	0.0899999999999377
15	3	7	6	0.940000000000072
15	3	6	3	1.62999999999993
15	3	7	3	0.859999999999936
15	3	4	8	19.4600000000002
15	3	6	8	3.28
15	3	5	8	1.68999999999984
15	3	7	8	1.18000000000009
15	3	8	1	0.559999999999981
15	3	2	8	11.66
15	3	3	8	14.9999999999999
15	3	1	8	11.5600000000002
15	3	8	8	0.0899999999999359
15	3	9	5	0.0999999999999188
15	3	4	9	49.36
15	3	6	9	4.03000000000004
15	3	5	9	7.30000000000014
15	3	7	9	2.30999999999981
15	3	3	9	8.67000000000012
15	3	2	9	44.0100000000001
15	3	9	6	3.25999999999984
15	3	10	5	0.480000000000045
15	3	4	10	26.71
15	3	6	10	1.73000000000004
15	3	5	10	1.83999999999996
15	3	7	10	0.960000000000043
15	3	5	5	0.0899999999999377
15	3	7	5	1.01000000000005
15	3	7	7	0.0799999999999379
15	3	10	7	0.220000000000054
15	3	4	11	21.8699999999999
15	3	6	11	2.14000000000015
15	3	5	11	3.1499999999999
15	3	7	11	1.32999999999995
15	3	2	11	19.4000000000002
15	3	3	11	14.92
15	3	1	11	7.25999999999991
15	3	8	11	0.720000000000072
15	3	2	10	6.9199999999999
15	3	3	10	6.48000000000014
15	3	1	10	6.77999999999983
15	3	8	10	0.490000000000016
15	3	11	10	0.39000000000013
15	3	9	11	1.36999999999993
15	3	10	11	1.28000000000001
15	3	12	7	11.72
15	3	12	2	2.65000000000016
15	3	12	6	2.46999999999985
15	3	4	13	17.47
15	3	6	13	3.47000000000009
15	3	9	13	0.659999999999878
15	3	10	13	1.71000000000007
15	3	5	13	0.950000000000053
15	3	7	13	5.97999999999988
15	3	9	2	0.730000000000042
15	3	10	2	1.09999999999993
15	3	7	2	4.08999999999997
15	3	13	2	0.200000000000067
15	3	2	13	5.22000000000012
15	3	3	13	3.68999999999996
15	3	1	13	4.94999999999991
15	3	8	13	3.27000000000007
15	3	4	14	0.0299999999999798
15	3	14	2	0.730000000000056
15	3	14	1	0.559999999999967
15	3	15	2	0.700000000000061
15	3	15	8	3.55
15	3	2	15	11.4699999999999
15	3	3	15	10.25
15	3	4	15	50.1399999999999
15	3	5	15	4.68000000000011
15	3	1	15	8.35000000000005
15	3	6	15	6.68999999999992
15	3	7	15	11.9800000000001
15	3	8	15	6.46999999999991
15	3	14	15	24.5999999999999
15	3	15	1	0.420000000000087
15	4	1	2	1090.86
15	4	1	3	907.97
15	4	3	2	3.92000000000033
15	4	1	4	1190.67
15	4	3	4	12.1599999999997
15	4	2	4	98.5199999999999
15	4	3	3	0.100000000000165
15	4	2	3	140.06
15	4	4	3	7.95000000000022
15	4	1	5	790.19
15	4	3	5	29.7100000000007
15	4	2	5	183.71
15	4	5	3	4.19
15	4	5	4	13.6499999999995
15	4	6	4	9.66000000000043
15	4	1	6	1229.15
15	4	3	6	91.1
15	4	2	6	156.48
15	4	5	6	13.6099999999998
15	4	6	6	0.100000000000136
15	4	4	6	8.46000000000015
15	4	6	3	2.36000000000021
15	4	7	2	0.929999999999646
15	4	7	3	3.2700000000005
15	4	7	4	5.78999999999921
15	4	1	7	1733.75
15	4	3	7	42.5300000000017
15	4	2	7	200.599999999999
15	4	4	7	23.1199999999993
15	4	5	7	13.9299999999998
15	4	6	7	22.470000000001
15	4	7	7	0.0899999999999181
15	4	1	8	971.58
15	4	3	8	16.8199999999996
15	4	2	8	128.25
15	4	5	8	12.7900000000007
15	4	6	8	25.4199999999992
15	4	7	8	12.6500000000001
15	4	4	8	10.1499999999995
15	4	7	6	56.8199999999998
15	4	8	6	28.6
15	4	8	3	3.21000000000175
15	4	9	1	0.280000000000039
15	4	9	4	8.89999999999822
15	4	1	9	840.35
15	4	3	9	36.6500000000012
15	4	7	9	36.4699999999998
15	4	2	9	26.6999999999998
15	4	9	7	55.7200000000004
15	4	10	3	25.0199999999982
15	4	1	10	980.200000000002
15	4	3	10	62.4999999999997
15	4	2	10	247.23
15	4	4	10	27.0999999999991
15	4	5	10	86.6699999999994
15	4	6	10	59.4800000000015
15	4	7	10	139.559999999999
15	4	9	10	94.6200000000006
15	4	9	6	61.3800000000009
15	4	10	6	25.7299999999995
15	4	11	8	3.48000000000036
15	4	1	11	734.03
15	4	3	11	50.2800000000001
15	4	7	11	8.65999999999941
15	4	2	11	166.92
15	4	11	10	2.08999999999912
15	4	9	11	105.87
15	4	12	9	4.26000000000125
15	4	12	5	50.1599999999997
15	4	1	12	978.1
15	4	3	12	56.0299999999989
15	4	2	12	210.890000000001
15	4	5	12	83.7799999999989
15	4	6	12	107.14
15	4	4	12	79.1100000000017
15	4	7	12	181.999999999999
15	4	8	12	43.7100000000015
15	4	9	12	162.239999999998
15	4	10	12	202.370000000001
15	4	1	13	793.999999999998
15	4	3	13	18.660000000001
15	4	2	13	77.0799999999987
15	4	4	13	14.2299999999992
15	4	5	13	6.44000000000337
15	4	6	13	39.0799999999992
15	4	7	13	4.95999999999766
15	4	9	13	17.1100000000027
15	4	12	13	10.7999999999993
15	4	4	11	12.5700000000003
15	4	5	11	21.4099999999992
15	4	6	11	137.819999999999
15	4	12	11	36.3099999999996
15	4	13	11	16.1200000000011
15	4	14	3	40.5200000000001
15	4	1	14	1027.38
15	4	3	14	12.2999999999983
15	4	7	14	16.4299999999985
15	4	2	14	135.830000000001
15	4	4	14	8.71000000000176
15	4	5	14	8.93000000000041
15	4	6	14	12.999999999998
15	4	8	14	15.64
15	4	10	14	10.9900000000015
15	4	14	14	0.10999999999809
15	4	9	14	83.7999999999995
15	4	15	7	10.8200000000031
15	4	9	15	94.38
15	4	1	15	1295.09
15	4	9	3	18.8000000000003
15	4	15	3	3.53000000000054
15	4	3	15	57.0200000000026
15	4	2	15	143.349999999999
15	4	4	15	135.65
15	4	5	15	33.8900000000001
15	4	6	15	103.719999999999
15	4	7	15	95.9900000000004
15	4	11	15	108.840000000001
15	4	10	15	26.9999999999994
15	5	1	2	42.0399999999996
15	5	3	1	2.02000000000068
15	5	1	3	69.6199999999998
15	5	2	3	13.0399999999982
15	5	4	1	4.41000000000134
15	5	4	2	8.52999999999953
15	5	1	4	96.5799999999981
15	5	2	4	16.660000000002
15	5	3	4	35.3400000000002
15	5	5	1	0.630000000000127
15	5	1	5	121.059999999998
15	5	4	5	77.0000000000018
15	5	2	5	38.8299999999988
15	5	3	5	46.6499999999995
15	5	1	6	105.800000000003
15	5	2	6	21.459999999997
15	5	3	6	28.8200000000002
15	5	4	6	36.4200000000027
15	5	4	4	0.0899999999980992
15	5	6	4	1.40000000000011
15	5	5	6	1.74000000000036
15	5	7	6	5.51000000000125
15	5	1	7	69.4499999999979
15	5	2	7	17.320000000001
15	5	3	7	29.1399999999983
15	5	4	7	18.640000000001
15	5	5	7	3.25999999999909
15	5	7	7	0.0700000000013006
15	5	6	7	3.22999999999901
15	5	6	6	0.100000000000136
15	5	1	8	94.7900000000002
15	5	2	8	10.0599999999995
15	5	3	8	39.9700000000005
15	5	4	8	113.670000000001
15	5	5	8	9.40000000000045
15	5	7	8	36.850000000001
15	5	6	8	72.2700000000002
15	5	8	7	2.97999999999662
15	5	5	4	1.48000000000105
15	5	7	4	7.3099999999995
15	5	8	4	0.599999999999691
15	5	1	9	102.840000000002
15	5	4	9	136.739999999998
15	5	2	9	21.8900000000018
15	5	9	4	8.42999999999905
15	5	3	9	66.620000000001
15	5	6	9	85.4799999999981
15	5	5	9	7.42000000000248
15	5	7	9	17.3699999999971
15	5	8	9	3.85000000000162
15	5	9	9	0.0799999999996999
15	5	10	4	1.67000000000133
15	5	1	10	83.7499999999975
15	5	4	10	39.1200000000023
15	5	2	10	9.84999999999913
15	5	10	5	18.5699999999994
15	5	11	10	3.90999999999964
15	5	3	11	37.3399999999995
15	5	4	11	47.4700000000035
15	5	5	11	3.86999999999797
15	5	1	11	57.8500000000019
15	5	11	4	0.28999999999678
15	5	2	11	16.99
15	5	10	11	27.1900000000005
15	5	1	12	149.230000000001
15	5	4	12	149.140000000001
15	5	2	12	48.0599999999995
15	5	12	8	0.479999999999109
15	5	2	2	0.100000000001737
15	5	12	2	0.190000000000282
15	5	1	13	102.879999999999
15	5	4	13	37.170000000001
15	5	2	13	12.3400000000003
15	5	3	13	14.6499999999995
15	5	6	13	69.0499999999976
15	5	5	13	3.35000000000288
15	5	7	13	4.97999999999855
15	5	8	13	20.0999999999982
15	5	9	13	17.4400000000018
15	5	3	2	37.9699999999995
15	5	6	2	2.60999999999922
15	5	5	2	2.9800000000006
15	5	7	2	9.6900000000012
15	5	8	2	3.4600000000005
15	5	9	2	4.25000000000024
15	5	13	2	0.119999999998536
15	5	11	13	36.459999999999
15	5	10	13	11.0900000000027
15	5	1	14	153.699999999999
15	5	4	14	69.1200000000008
15	5	2	14	26.9199999999983
15	5	3	14	36.6499999999999
15	5	6	14	71.2100000000003
15	5	5	14	8.42000000000042
15	5	7	14	52.6599999999989
15	5	8	14	22.260000000001
15	5	9	14	71.4900000000006
15	5	11	14	38.0700000000007
15	5	10	14	42.6999999999994
15	5	13	14	5.16999999999974
15	5	13	4	2.93000000000007
15	5	14	4	0.0600000000008656
15	5	12	14	6.58999999999743
15	5	1	15	29.4400000000026
15	5	2	15	15.0499999999984
15	5	3	15	16.6300000000018
15	5	4	15	14.0199999999969
15	5	5	15	4.68000000000213
15	5	7	15	5.31999999999801
15	5	6	15	18.4400000000029
15	5	8	15	11.1799999999997
15	5	15	4	2.52999999999862
15	5	10	15	10.1699999999987
15	5	10	9	32.2800000000009
15	5	15	9	9.17000000000246
20	1	1	2	28.87
20	1	1	3	8.77999999999884
20	1	3	2	5.10999999999866
20	1	1	4	12.0000000000005
20	1	3	4	3.59000000000163
20	1	2	4	0.719999999998663
20	1	3	3	0.0899999999996997
20	1	2	3	1.01999999999908
20	1	4	3	1.22000000000197
20	1	1	5	7.35999999999809
20	1	3	5	1.32000000000244
20	1	2	5	0.799999999998827
20	1	4	5	0.349999999999691
20	1	4	4	0.0900000000017371
20	1	5	4	2.2199999999997
20	1	1	6	11.0400000000005
20	1	3	6	12.3999999999979
20	1	2	6	2.41000000000168
20	1	4	6	3.49999999999944
20	1	5	6	1.84999999999799
20	1	1	1	0.0800000000013004
20	1	3	1	2.36999999999842
20	1	2	1	1.86000000000047
20	1	4	1	0.880000000001719
20	1	5	1	2.31999999999755
20	1	6	1	0.170000000001446
20	1	7	2	3.55000000000065
20	1	7	6	0.949999999999941
20	1	1	7	2.06000000000064
20	1	3	7	2.329999999998
20	1	7	7	0.0800000000013004
20	1	2	7	0.820000000000846
20	1	7	3	0.809999999998476
20	1	1	8	7.62000000000115
20	1	3	8	4.19000000000087
20	1	2	8	1.44999999999982
20	1	4	8	1.43999999999779
20	1	7	8	5.28999999999907
20	1	5	8	1.43000000000097
20	1	6	8	4.24000000000013
20	1	1	9	11.1400000000016
20	1	3	9	1.26999999999759
20	1	7	9	2.14000000000237
20	1	2	9	5.2100000000005
20	1	7	1	2.38999999999965
20	1	9	1	0.379999999998185
20	1	7	5	1.11999999999967
20	1	9	5	1.57000000000039
20	1	1	10	26.5800000000015
20	1	3	10	4.43999999999837
20	1	2	10	0.9899999999991
20	1	4	10	0.940000000003133
20	1	7	10	1.34999999999969
20	1	5	10	4.22999999999878
20	1	6	10	7.98999999999968
20	1	8	10	1.08000000000211
20	1	6	6	0.069999999999709
20	1	8	6	2.47999999999809
20	1	10	6	2.95000000000017
20	1	5	5	0.0900000000017371
20	1	6	5	0.869999999997635
20	1	8	5	0.650000000002592
20	1	10	5	1.58999999999799
20	1	1	11	5.04000000000145
20	1	3	11	12.5899999999974
20	1	2	11	10.0600000000001
20	1	4	11	9.22000000000241
20	1	5	11	20.2499999999991
20	1	6	11	7.28999999999895
20	1	7	11	13.0600000000023
20	1	9	11	11.0899999999997
20	1	11	5	0.209999999998672
20	1	12	5	0.610000000001728
20	1	1	12	6.86999999999797
20	1	3	12	0.510000000001137
20	1	2	12	1.39000000000021
20	1	4	12	1.5699999999995
20	1	7	12	0.960000000000377
20	1	12	3	0.210000000000274
20	1	9	12	2.20999999999857
20	1	5	12	0.440000000001874
20	1	6	12	2.1699999999977
20	1	8	12	0.429999999999836
20	1	10	12	0.680000000001437
20	1	11	12	0.390000000000564
20	1	12	12	0.0899999999980992
20	1	1	13	0.729999999999913
20	1	3	13	0.280000000001574
20	1	7	13	0.200000000000273
20	1	2	13	0.220000000000718
20	1	9	13	0.0599999999992633
20	1	13	1	4.46999999999754
20	1	2	2	0.0800000000033378
20	1	9	2	3.92999999999871
20	1	13	2	11.9200000000003
20	1	14	3	8.8199999999988
20	1	14	2	46.9100000000004
20	1	14	4	26.5000000000015
20	1	15	12	27.8799999999977
20	1	15	6	37.3700000000024
20	1	15	10	71.0199999999986
20	1	15	9	16.5699999999996
20	1	16	6	1.16000000000009
20	1	16	3	3.02000000000066
20	1	16	11	6.9199999999994
20	1	1	16	10.1599999999993
20	1	3	16	0.400000000000556
20	1	7	16	0.259999999999545
20	1	2	16	0.520000000001573
20	1	15	16	7.42999999999757
20	1	9	16	0.0800000000013004
20	1	17	2	4.31999999999857
20	1	15	17	0.0400000000004272
20	1	17	9	4.1900000000012
20	1	1	18	4.98999999999922
20	1	3	18	0.630000000002164
20	1	2	18	0.949999999997781
20	1	4	18	3.44000000000131
20	1	7	18	0.900000000001114
20	1	5	18	0.779999999998617
20	1	6	18	4.39000000000001
20	1	8	18	0.400000000001
20	1	18	6	4.11999999999716
20	1	9	18	2.82999999999983
20	1	10	18	1.24000000000069
20	1	11	18	1.29000000000031
20	1	12	18	0.509999999999545
20	1	19	3	0.350000000001282
20	1	1	19	27.579999999999
20	1	3	19	4.56000000000155
20	1	7	19	2.7499999999999
20	1	2	19	0.629999999998518
20	1	9	19	3.16000000000225
20	1	13	19	4.91000000000043
20	1	14	19	5.6499999999968
20	1	17	19	5.48000000000264
20	1	4	19	0.269999999997945
20	1	5	19	2.74000000000104
20	1	20	12	3.2899999999986
20	1	1	20	6.12000000000036
20	1	3	20	2.41000000000054
20	1	7	20	1.49000000000025
20	1	2	20	0.210000000000832
20	1	15	20	29.5400000000005
20	1	17	20	3.96000000000016
20	1	9	20	1.25999999999818
20	1	15	2	80.9500000000001
20	1	20	2	6.21000000000005
20	1	4	20	0.120000000000139
20	1	5	20	1.85000000000025
20	1	14	20	3.24000000000093
20	2	1	2	630.599999999999
20	2	1	3	3354.4
20	2	3	2	308.249999999999
20	2	1	4	3650.32
20	2	3	4	240.779999999997
20	2	2	4	502.179999999999
20	2	5	1	58.050000000002
20	2	1	5	1432.53
20	2	3	5	92.4600000000001
20	2	2	5	114.48
20	2	5	4	1073.12000000001
20	2	1	6	12080.22
20	2	3	6	1830.02
20	2	3	3	0.0999999999962711
20	2	6	3	155.249999999999
20	2	1	1	0.100000000004002
20	2	3	1	223.299999999999
20	2	6	1	22.5600000000011
20	2	6	6	0.109999999996726
20	2	1	7	2054.52
20	2	3	7	287.180000000002
20	2	6	7	127.069999999998
20	2	2	7	349.339999999999
20	2	2	6	1690.57
20	2	7	6	33.5600000000015
20	2	7	7	0.109999999998763
20	2	1	8	1438.85
20	2	3	8	415.750000000003
20	2	2	8	463.58
20	2	8	5	1.57999999999971
20	2	6	8	279.399999999996
20	2	7	8	372.620000000004
20	2	8	6	98.2599999999986
20	2	1	9	3619.59
20	2	3	9	175.040000000006
20	2	2	9	283.079999999995
20	2	5	9	512.910000000001
20	2	4	9	74.1899999999989
20	2	6	9	401.710000000003
20	2	7	9	209.680000000001
20	2	8	9	134.809999999996
20	2	1	10	2270.60000000001
20	2	3	10	328.189999999996
20	2	6	10	322.580000000003
20	2	10	1	16.8700000000015
20	2	10	6	498.199999999997
20	2	1	11	2904.03
20	2	3	11	703.84000000001
20	2	2	11	2641.78
20	2	2	3	458.68
20	2	11	3	100.129999999994
20	2	11	7	46.1700000000033
20	2	5	11	846.56
20	2	6	11	1782.96
20	2	10	11	3114.35999999999
20	2	12	10	384.320000000003
20	2	1	12	2035.12
20	2	3	12	260.649999999998
20	2	2	12	631.079999999997
20	2	8	12	65.6500000000081
20	2	5	12	12.0199999999893
20	2	6	12	420.330000000008
20	2	7	12	56.7799999999977
20	2	11	12	94.6100000000045
20	2	2	2	0.109999999996727
20	2	8	2	118.28
20	2	5	2	702.570000000006
20	2	6	2	312.849999999996
20	2	7	2	363.980000000001
20	2	11	2	1189.51
20	2	12	2	34.1700000000033
20	2	13	6	1049.3
20	2	1	13	1808.34000000001
20	2	3	13	98.5899999999877
20	2	2	13	177.749999999999
20	2	8	13	4.60000000000106
20	2	5	13	12.4700000000009
20	2	5	6	3659.30000000001
20	2	2	10	784.039999999999
20	2	8	10	39.5199999999927
20	2	5	10	252.249999999998
20	2	13	10	12.4700000000037
20	2	14	6	394.619999999999
20	2	14	5	145.899999999997
20	2	14	10	403.150000000011
20	2	1	14	2154.96999999999
20	2	3	14	122.390000000008
20	2	6	14	0.830000000003347
20	2	2	14	252.89999999999
20	2	7	14	3.87000000000444
20	2	8	14	13.0999999999976
20	2	10	14	39.1299999999997
20	2	13	14	127.879999999996
20	2	5	14	187.569999999998
20	2	14	14	0.0700000000124419
20	2	1	15	1862.21
20	2	3	15	493.880000000004
20	2	2	15	707.01
20	2	5	15	774.789999999992
20	2	4	15	213.329999999997
20	2	8	15	244.360000000012
20	2	6	15	608.419999999998
20	2	7	15	566.49
20	2	11	15	368.28
20	2	12	15	597.8
20	2	4	10	234.890000000001
20	2	7	10	157.379999999998
20	2	11	10	169.759999999996
20	2	15	10	126.030000000008
20	2	5	3	524.369999999994
20	2	4	3	121.03
20	2	8	3	26.6300000000063
20	2	7	3	69.8599999999931
20	2	12	3	291.549999999996
20	2	15	3	337.220000000002
20	2	16	4	2.17000000000622
20	2	1	16	2405.19
20	2	3	16	383.709999999995
20	2	2	16	823.779999999998
20	2	5	16	855.459999999999
20	2	16	16	0.120000000006039
20	2	4	16	97.9500000000001
20	2	6	16	515.119999999992
20	2	12	16	2086.26
20	2	8	16	70.7199999999969
20	2	13	16	89.1700000000044
20	2	14	16	1624.72
20	2	7	16	277.149999999996
20	2	11	16	907.070000000008
20	2	15	16	400.27
20	2	10	16	332.699999999993
20	2	1	17	3663.18000000001
20	2	3	17	223.829999999999
20	2	2	17	762.839999999989
20	2	5	17	619.410000000001
20	2	4	17	124.700000000007
20	2	8	17	163.359999999993
20	2	6	17	533.969999999999
20	2	7	17	506.560000000003
20	2	11	17	132.220000000008
20	2	12	17	825.369999999991
20	2	15	17	49.1500000000121
20	2	10	17	4360.45
20	2	13	17	110.639999999996
20	2	14	17	1056.74
20	2	5	5	0.109999999996726
20	2	4	5	14.5300000000041
20	2	6	5	79.2600000000034
20	2	7	5	294.379999999997
20	2	11	5	42.6299999999933
20	2	12	5	98.0300000000111
20	2	15	5	66.0199999999948
20	2	10	5	211.280000000004
20	2	13	5	193.46999999999
20	2	17	5	100.180000000011
20	2	1	18	3788.69999999999
20	2	3	18	226.200000000002
20	2	6	18	60.2499999999996
20	2	2	18	426.25000000001
20	2	11	18	72.1799999999928
20	2	5	18	1012.11
20	2	4	18	21.2899999999986
20	2	8	18	36.7800000000059
20	2	7	18	263.820000000001
20	2	12	18	335.879999999995
20	2	15	18	291.840000000003
20	2	6	4	252.889999999995
20	2	11	4	176.040000000004
20	2	4	4	0.109999999996726
20	2	8	4	120.260000000001
20	2	7	4	138.820000000001
20	2	12	4	892.839999999998
20	2	15	4	263.059999999993
20	2	18	4	40.7600000000075
20	2	10	18	365.629999999988
20	2	13	18	139.820000000012
20	2	14	18	224.590000000014
20	2	16	18	18.3999999999719
20	2	18	18	0.0900000000256114
20	2	1	19	4112.92999999999
20	2	3	19	100.850000000002
20	2	6	19	16.7399999999866
20	2	2	19	344.169999999998
20	2	11	19	39.2200000000116
20	2	5	19	848.770000000003
20	2	4	19	68.2499999999998
20	2	8	19	26.3299999999888
20	2	7	19	53.030000000015
20	2	12	19	840.699999999984
20	2	15	19	184.820000000008
20	2	10	19	88.8499999999872
20	2	13	19	25.7200000000012
20	2	14	19	365.529999999998
20	2	16	19	33.2800000000148
20	2	18	19	3.2899999999936
20	2	10	3	476.259999999989
20	2	13	3	90.1800000000128
20	2	14	3	380.049999999992
20	2	16	3	68.7700000000111
20	2	18	3	299.259999999997
20	2	19	3	0.130000000015134
20	2	1	20	808.969999999974
20	2	3	20	10.840000000009
20	2	2	20	144.269999999998
20	2	5	20	49.3399999999963
20	2	16	20	0.430000000023719
20	2	6	20	22.9599999999828
20	2	11	20	23.7500000000162
20	2	4	20	1.1699999999944
20	2	8	20	5.75999999998021
20	2	7	20	31.9200000000217
20	2	12	20	66.2899999999897
20	2	15	20	46.7900000000152
20	2	18	20	4.22999999997752
20	2	20	18	23.2400000000141
20	3	2	1	1986.46
20	3	3	1	896.689999999993
20	3	3	2	805.019999999987
20	3	4	1	NA
20	3	4	2	2021.29999999999
20	3	4	3	NA
20	3	5	1	388.45000000001
20	3	5	2	483.629999999991
20	3	5	3	442.300000000009
20	3	4	5	NA
20	3	6	5	478.929999999987
20	3	6	2	201.620000000009
20	3	2	6	4751.93
20	3	3	6	2868.27999999999
20	3	4	6	NA
20	3	5	6	964.719999999997
20	3	1	6	3373.11
20	3	1	1	0.109999999987412
20	3	6	1	235.750000000014
20	3	4	7	NA
20	3	6	7	945.480000000015
20	3	5	7	722.479999999999
20	3	7	1	250.709999999986
20	3	6	6	0.119999999996725
20	3	7	6	147.050000000019
20	3	6	3	793.53
20	3	7	3	90.4499999999969
20	3	4	8	NA
20	3	6	8	746.98999999999
20	3	5	8	1899.81
20	3	7	8	308.369999999997
20	3	8	1	188.610000000017
20	3	2	8	2106.22000000001
20	3	3	8	8630.25999999999
20	3	1	8	2653.20999999999
20	3	8	8	0.119999999996944
20	3	9	5	1.47000000002277
20	3	4	9	NA
20	3	6	9	2195.25
20	3	5	9	4794.16999999999
20	3	7	9	882.96000000002
20	3	3	9	6357.32999999999
20	3	2	9	14546.05
20	3	9	6	636.51
20	3	10	5	60.3199999999977
20	3	4	10	NA
20	3	6	10	425.529999999998
20	3	5	10	609.90999999999
20	3	7	10	320.600000000002
20	3	5	5	0.130000000004221
20	3	7	5	328.510000000004
20	3	7	7	0.129999999996944
20	3	10	7	27.0700000000013
