 5
    55
    45
   112
   117
    36
   123
   128
   122
    37
   114
   104
   113
   101
   120
   103
   110
    21
    64
   129
   130
   106
    49
     4
    23
    13
   116
   126
   121
    32
    17
    57
     8
    40
   111
   115
    52
    58
    63
   108
    88
    25
    31
    61
   124
    38
   102
   105
    39
    48
   109
    20
    27
    51
    26
    56
    47
    97
    59
    10
    43
    69
    12
    18
     7
    41
    46
    16
    30
    78
    44
     6
    50
    42
   127
    53
   107
   118
    62
    29
    99
   100
    35
    34
    70
   119
    73
    90
     3
     9
    24
    15
    14
    22
    85
    72
    91
    19
     1
    98
   125
    11
    54
    82
    81
    83
     2
    96
    94
    33
    60
    28
    71
    84
    92
    77
    75
    74
    79
    80
    89
    86
    95
    76
    65
    93
    66
   131
    87
    68
    67