0.784996	0.0
1.0	0.0
1.0	0.0
1.0	0.0
0.495122	0.0
1.0	0.0
1.0	10.0
1.0	0.0
0.784996	0.0
1.0	0.0
0.616771	0.0
1.0	0.0
1.0	0.0
1.0	0.0
1.0	0.0
1.0	10.0
1.0	0.0
1.0	0.0
1.0	0.0
0.810233	0.0
0.76627	0.0
1.0	0.0
1.0	0.0
1.0	0.0
1.0	0.0
1.0	0.0
1.0	0.0
1.0	0.0
1.0	10.0
1.0	0.0
1.0	0.0
1.0	0.0
1.0	0.0
1.0	0.0
1.0	0.0
1.0	0.0
1.0	0.0
1.0	0.0
0.601709	10.0
1.0	0.0
1.0	0.0
1.0	0.0
0.510017	0.0
1.0	0.0
1.0	0.0
1.0	0.0
0.495122	10.0
1.0	0.0
1.0	0.0
1.0	0.0
1.0	0.0
1.0	0.0
0.568601	0.0
1.0	0.0
1.0	0.0
0.590086	0.0
1.0	0.0
1.0	0.0
1.0	0.0
0.735187	0.0
1.0	0.0
1.0	0.0
1.0	0.0
1.0	0.0
0.510017	0.0
1.0	10.0
1.0	0.0
1.0	0.0
1.0	0.0
1.0	0.0
0.735187	0.0
1.0	0.0
1.0	0.0
1.0	0.0
1.0	0.0
1.0	0.0
0.784996	0.0
1.0	0.0
1.0	0.0
1.0	10.0
1.0	0.0
1.0	0.0
1.0	0.0
1.0	0.0
1.0	0.0
1.0	0.0
1.0	0.0
0.616771	0.0
1.0	0.0
1.0	0.0
1.0	0.0
1.0	0.0
1.0	0.0
1.0	0.0
1.0	0.0
1.0	0.0
1.0	10.0
1.0	0.0
1.0	0.0
1.0	0.0
1.0	0.0
0.773166	0.0
1.0	0.0
1.0	0.0
1.0	0.0
0.784996	0.0
1.0	0.0
1.0	0.0
1.0	0.0
1.0	0.0
1.0	0.0
1.0	10.0
1.0	0.0
1.0	0.0
1.0	0.0
1.0	0.0
1.0	0.0
1.0	0.0
1.0	0.0
1.0	0.0
1.0	0.0
1.0	0.0
1.0	0.0
1.0	10.0
1.0	0.0
1.0	0.0
1.0	0.0
0.510017	0.0
1.0	0.0
1.0	0.0
1.0	0.0
1.0	0.0
1.0	0.0
1.0	0.0
1.0	0.0
1.0	0.0
1.0	0.0
1.0	0.0
1.0	0.0
1.0	0.0
1.0	0.0
1.0	0.0
1.0	0.0
1.0	10.0
1.0	0.0
1.0	0.0
0.568601	0.0
1.0	0.0
1.0	0.0
1.0	0.0
1.0	0.0
1.0	0.0
1.0	0.0
1.0	0.0
1.0	0.0
0.784996	0.0
1.0	0.0
1.0	10.0
1.0	0.0
0.679395	0.0
1.0	0.0
0.735187	0.0
1.0	0.0
1.0	0.0
1.0	0.0
0.76627	0.0
1.0	0.0
1.0	0.0
1.0	0.0
0.495122	0.0
1.0	0.0
1.0	0.0
1.0	0.0
1.0	10.0
1.0	0.0
1.0	0.0
1.0	0.0
1.0	0.0
1.0	0.0
1.0	0.0
1.0	0.0
1.0	0.0
1.0	0.0
1.0	0.0
1.0	0.0
1.0	0.0
1.0	0.0
1.0	10.0
1.0	0.0
1.0	0.0
1.0	0.0
1.0	0.0
1.0	0.0
1.0	0.0
1.0	0.0
0.605121	0.0
1.0	10.0
1.0	0.0
1.0	0.0
1.0	0.0
1.0	0.0
1.0	0.0
1.0	0.0
1.0	0.0
1.0	0.0
1.0	0.0
1.0	0.0
1.0	0.0
1.0	0.0
0.581328	0.0
1.0	10.0
0.495122	0.0
1.0	0.0
1.0	0.0
1.0	0.0
1.0	0.0
1.0	0.0
1.0	0.0
0.616771	0.0
1.0	0.0
1.0	0.0
0.590086	0.0
1.0	0.0
0.679395	0.0
1.0	10.0
1.0	0.0
0.649744	0.0
0.784996	0.0
1.0	0.0
1.0	0.0
1.0	0.0
1.0	0.0
1.0	0.0
1.0	0.0
1.0	0.0
1.0	10.0
1.0	0.0
1.0	0.0
1.0	0.0
1.0	0.0
1.0	0.0
0.590086	0.0
1.0	0.0
1.0	0.0
1.0	0.0
1.0	0.0
1.0	0.0
1.0	0.0
1.0	0.0
1.0	0.0
1.0	10.0
1.0	0.0
0.590086	0.0
1.0	0.0
1.0	0.0
1.0	0.0
1.0	0.0
1.0	0.0
1.0	0.0
1.0	0.0
1.0	0.0
1.0	0.0
1.0	0.0
1.0	0.0
1.0	10.0
0.743	0.0
0.784996	0.0
1.0	0.0
1.0	0.0
1.0	0.0
1.0	0.0
1.0	0.0
1.0	0.0
1.0	0.0
1.0	0.0
0.679395	0.0
0.616771	0.0
1.0	10.0
1.0	0.0
1.0	0.0
1.0	0.0
1.0	0.0
0.649744	0.0
1.0	0.0
1.0	0.0
1.0	0.0
1.0	0.0
1.0	0.0
1.0	0.0
0.784996	0.0
1.0	0.0
1.0	0.0
1.0	0.0
1.0	0.0
1.0	0.0
1.0	0.0
0.784996	10.0
1.0	0.0
1.0	0.0
1.0	0.0
1.0	0.0
0.568601	0.0
1.0	0.0
1.0	0.0
0.510017	0.0
1.0	0.0
1.0	0.0
0.616771	0.0
1.0	0.0
1.0	0.0
0.784996	0.0
1.0	10.0
1.0	0.0
1.0	0.0
1.0	0.0
1.0	0.0
1.0	0.0
1.0	0.0
1.0	0.0
1.0	0.0
0.581328	0.0
1.0	0.0
1.0	0.0
1.0	0.0
0.735187	0.0
0.743	0.0
1.0	0.0
1.0	0.0
1.0	0.0
1.0	0.0
1.0	0.0
1.0	10.0
1.0	0.0
1.0	0.0
0.784996	0.0
0.743	0.0
1.0	0.0
1.0	0.0
1.0	0.0
0.581328	0.0
1.0	0.0
1.0	0.0
1.0	0.0
1.0	0.0
1.0	0.0
1.0	0.0
1.0	0.0
1.0	0.0
1.0	0.0
1.0	0.0
1.0	10.0
0.679395	0.0
0.495122	0.0
1.0	0.0
1.0	0.0
1.0	0.0
1.0	0.0
1.0	0.0
1.0	0.0
1.0	10.0
1.0	0.0
1.0	0.0
0.76627	0.0
1.0	0.0
1.0	0.0
1.0	0.0
1.0	0.0
1.0	0.0
1.0	0.0
1.0	0.0
1.0	10.0
1.0	0.0
0.605121	0.0
0.649744	0.0
1.0	0.0
1.0	0.0
1.0	0.0
1.0	0.0
0.590086	0.0
1.0	0.0
1.0	0.0
1.0	10.0
1.0	0.0
1.0	0.0
1.0	0.0
1.0	0.0
1.0	0.0
1.0	0.0
1.0	0.0
1.0	0.0
1.0	0.0
1.0	0.0
1.0	0.0
1.0	0.0
1.0	0.0
0.616771	10.0
1.0	0.0
1.0	0.0
1.0	0.0
1.0	0.0
0.605121	0.0
1.0	0.0
1.0	0.0
1.0	0.0
1.0	0.0
0.735187	0.0
1.0	0.0
1.0	0.0
1.0	10.0
1.0	0.0
1.0	0.0
1.0	0.0
0.568601	0.0
1.0	0.0
1.0	0.0
1.0	0.0
1.0	0.0
1.0	0.0
0.495122	0.0
1.0	0.0
1.0	0.0
1.0	0.0
0.735187	0.0
1.0	0.0
0.735187	0.0
1.0	0.0
1.0	10.0
0.605121	0.0
1.0	0.0
1.0	0.0
1.0	0.0
1.0	0.0
1.0	0.0
1.0	0.0
0.784996	0.0
1.0	0.0
1.0	0.0
1.0	0.0
1.0	0.0
1.0	0.0
1.0	0.0
1.0	0.0
1.0	0.0
1.0	10.0
1.0	0.0
1.0	0.0
1.0	0.0
0.735187	0.0
1.0	0.0
1.0	0.0
1.0	0.0
1.0	0.0
1.0	0.0
0.605121	0.0
1.0	0.0
0.784996	0.0
1.0	0.0
1.0	0.0
1.0	0.0
1.0	10.0
0.735187	0.0
0.735187	0.0
1.0	0.0
0.810233	0.0
1.0	0.0
1.0	0.0
1.0	0.0
1.0	0.0
1.0	0.0
0.784996	0.0
0.76627	10.0
0.605121	0.0
0.735187	0.0
1.0	0.0
1.0	0.0
1.0	0.0
1.0	0.0
1.0	0.0
1.0	0.0
1.0	0.0
1.0	0.0
1.0	0.0
1.0	0.0
1.0	0.0
1.0	10.0
1.0	0.0
1.0	0.0
1.0	0.0
1.0	0.0
1.0	0.0
0.810233	0.0
0.784996	0.0
1.0	0.0
1.0	0.0
1.0	0.0
1.0	0.0
1.0	0.0
1.0	0.0
0.743	0.0
1.0	0.0
1.0	0.0
1.0	0.0
1.0	0.0
1.0	0.0
1.0	0.0
1.0	0.0
0.810233	10.0
0.784996	0.0
1.0	0.0
0.495122	0.0
0.784996	0.0
0.605121	0.0
1.0	0.0
1.0	0.0
1.0	0.0
1.0	0.0
1.0	0.0
1.0	10.0
1.0	0.0
1.0	0.0
1.0	0.0
1.0	0.0
1.0	0.0
1.0	0.0
1.0	0.0
1.0	0.0
1.0	0.0
0.601709	0.0
1.0	0.0
1.0	0.0
0.743	0.0
1.0	0.0
1.0	0.0
0.773166	10.0
1.0	0.0
0.581328	0.0
1.0	0.0
0.510017	0.0
1.0	0.0
1.0	0.0
1.0	0.0
1.0	0.0
1.0	0.0
1.0	10.0
1.0	0.0
1.0	0.0
1.0	0.0
1.0	0.0
1.0	0.0
1.0	0.0
1.0	0.0
1.0	0.0
1.0	0.0
0.605121	0.0
1.0	10.0
1.0	0.0
1.0	0.0
1.0	0.0
1.0	10.0
1.0	0.0
1.0	0.0
1.0	0.0
1.0	0.0
1.0	0.0
1.0	0.0
0.743	0.0
1.0	0.0
1.0	0.0
1.0	0.0
1.0	10.0
1.0	0.0
1.0	0.0
1.0	0.0
1.0	0.0
1.0	0.0
1.0	0.0
1.0	0.0
1.0	0.0
1.0	0.0
1.0	0.0
1.0	0.0
1.0	0.0
1.0	10.0
1.0	0.0
1.0	0.0
1.0	0.0
1.0	0.0
1.0	0.0
1.0	0.0
1.0	0.0
1.0	0.0
1.0	0.0
1.0	0.0
1.0	0.0
1.0	0.0
0.735187	10.0
1.0	0.0
0.735187	0.0
0.510017	0.0
1.0	0.0
1.0	0.0
0.743	0.0
1.0	0.0
1.0	0.0
1.0	10.0
0.784996	0.0
1.0	0.0
1.0	0.0
0.590086	0.0
1.0	0.0
1.0	0.0
1.0	0.0
1.0	0.0
1.0	0.0
1.0	0.0
1.0	0.0
0.616771	10.0
1.0	0.0
1.0	0.0
1.0	0.0
1.0	0.0
1.0	0.0
1.0	0.0
1.0	0.0
1.0	0.0
1.0	10.0
1.0	0.0
1.0	0.0
1.0	0.0
1.0	0.0
1.0	0.0
1.0	0.0
1.0	0.0
1.0	0.0
1.0	0.0
1.0	0.0
1.0	0.0
1.0	10.0
1.0	0.0
0.735187	0.0
1.0	0.0
1.0	0.0
1.0	0.0
1.0	0.0
1.0	0.0
1.0	0.0
1.0	0.0
1.0	0.0
1.0	0.0
1.0	0.0
0.581328	10.0
1.0	0.0
1.0	0.0
1.0	0.0
1.0	0.0
1.0	0.0
1.0	0.0
1.0	0.0
1.0	0.0
1.0	0.0
1.0	0.0
0.773166	0.0
1.0	0.0
0.727691	0.0
1.0	0.0
1.0	0.0
0.495122	0.0
1.0	0.0
1.0	0.0
1.0	0.0
1.0	10.0
1.0	0.0
1.0	0.0
1.0	0.0
1.0	0.0
1.0	0.0
1.0	0.0
0.784996	0.0
1.0	0.0
1.0	0.0
1.0	0.0
1.0	0.0
1.0	0.0
0.510017	0.0
1.0	0.0
1.0	10.0
1.0	0.0
0.784996	0.0
1.0	0.0
1.0	0.0
0.735187	0.0
1.0	0.0
1.0	0.0
1.0	0.0
0.735187	0.0
1.0	0.0
1.0	0.0
1.0	0.0
1.0	0.0
1.0	0.0
1.0	0.0
1.0	0.0
1.0	0.0
1.0	10.0
1.0	0.0
1.0	0.0
1.0	0.0
1.0	0.0
1.0	0.0
1.0	0.0
1.0	0.0
1.0	0.0
1.0	0.0
1.0	0.0
1.0	0.0
1.0	0.0
1.0	0.0
1.0	0.0
0.784996	0.0
1.0	10.0
1.0	0.0
1.0	0.0
0.735187	0.0
1.0	0.0
1.0	0.0
1.0	0.0
1.0	0.0
1.0	0.0
1.0	0.0
0.743	0.0
1.0	0.0
0.510017	0.0
1.0	0.0
1.0	0.0
1.0	0.0
0.735187	0.0
1.0	0.0
1.0	10.0
1.0	0.0
1.0	0.0
1.0	0.0
1.0	0.0
1.0	0.0
1.0	0.0
1.0	0.0
0.76627	0.0
1.0	0.0
0.601709	10.0
1.0	0.0
1.0	0.0
0.679395	0.0
0.495122	0.0
1.0	0.0
1.0	0.0
1.0	0.0
1.0	0.0
1.0	0.0
1.0	10.0
0.495122	0.0
1.0	0.0
0.679395	0.0
1.0	0.0
1.0	0.0
1.0	0.0
0.784996	0.0
1.0	0.0
0.735187	0.0
1.0	0.0
1.0	0.0
1.0	0.0
0.649744	10.0
0.495122	0.0
0.605121	0.0
0.605121	0.0
1.0	0.0
1.0	0.0
1.0	0.0
1.0	0.0
1.0	0.0
1.0	0.0
1.0	0.0
1.0	0.0
0.735187	0.0
1.0	0.0
1.0	10.0
1.0	0.0
1.0	0.0
0.735187	0.0
1.0	0.0
1.0	0.0
1.0	0.0
1.0	0.0
1.0	0.0
0.649744	0.0
0.743	0.0
1.0	0.0
1.0	0.0
1.0	0.0
1.0	0.0
1.0	0.0
1.0	0.0
0.735187	0.0
1.0	0.0
1.0	0.0
1.0	10.0
1.0	0.0
1.0	0.0
1.0	0.0
1.0	0.0
1.0	0.0
1.0	0.0
1.0	0.0
1.0	0.0
1.0	0.0
0.784996	0.0
1.0	0.0
1.0	0.0
1.0	0.0
1.0	0.0
1.0	0.0
0.784996	0.0
1.0	0.0
1.0	0.0
1.0	0.0
1.0	0.0
1.0	0.0
1.0	0.0
1.0	0.0
1.0	10.0
0.76627	0.0
1.0	0.0
1.0	0.0
1.0	0.0
1.0	0.0
0.743	0.0
1.0	0.0
1.0	0.0
0.727691	0.0
1.0	0.0
1.0	10.0
0.649744	0.0
1.0	0.0
1.0	0.0
1.0	0.0
1.0	0.0
1.0	0.0
1.0	0.0
1.0	0.0
1.0	0.0
1.0	0.0
1.0	0.0
1.0	0.0
0.679395	0.0
0.735187	0.0
0.590086	10.0
1.0	0.0
1.0	0.0
1.0	0.0
1.0	0.0
1.0	0.0
1.0	0.0
1.0	0.0
1.0	0.0
1.0	0.0
1.0	0.0
1.0	0.0
1.0	0.0
1.0	0.0
1.0	0.0
1.0	0.0
1.0	0.0
1.0	0.0
1.0	0.0
1.0	10.0
1.0	0.0
1.0	0.0
0.784996	0.0
1.0	0.0
1.0	0.0
1.0	0.0
1.0	0.0
0.590086	0.0
0.679395	0.0
1.0	0.0
1.0	0.0
1.0	0.0
1.0	0.0
1.0	0.0
1.0	0.0
1.0	0.0
1.0	0.0
1.0	0.0
1.0	0.0
1.0	0.0
1.0	0.0
1.0	0.0
1.0	0.0
1.0	0.0
1.0	0.0
1.0	0.0
0.773166	0.0
1.0	0.0
1.0	0.0
0.784996	0.0
1.0	0.0
1.0	10.0
1.0	0.0
1.0	0.0
1.0	0.0
1.0	0.0
1.0	0.0
1.0	0.0
1.0	0.0
1.0	0.0
1.0	10.0
1.0	0.0
1.0	0.0
1.0	0.0
1.0	0.0
0.605121	0.0
1.0	0.0
0.735187	0.0
1.0	0.0
1.0	0.0
0.784996	0.0
0.784996	10.0
0.784996	0.0
1.0	0.0
1.0	0.0
1.0	0.0
0.76627	0.0
1.0	0.0
1.0	0.0
1.0	0.0
1.0	0.0
1.0	0.0
0.784996	0.0
1.0	0.0
1.0	0.0
1.0	0.0
0.495122	0.0
1.0	10.0
0.590086	0.0
1.0	0.0
1.0	0.0
1.0	0.0
1.0	0.0
1.0	0.0
1.0	0.0
1.0	0.0
1.0	0.0
1.0	0.0
1.0	0.0
1.0	0.0
1.0	10.0
1.0	0.0
1.0	0.0
1.0	0.0
1.0	0.0
1.0	0.0
0.495122	0.0
1.0	0.0
1.0	0.0
1.0	0.0
1.0	0.0
0.495122	0.0
1.0	0.0
1.0	0.0
1.0	0.0
1.0	0.0
1.0	10.0
1.0	0.0
1.0	0.0
1.0	0.0
1.0	0.0
0.784996	0.0
1.0	0.0
1.0	0.0
1.0	0.0
1.0	0.0
0.735187	0.0
1.0	0.0
1.0	0.0
0.784996	0.0
1.0	0.0
1.0	0.0
1.0	0.0
1.0	0.0
1.0	0.0
1.0	0.0
1.0	10.0
1.0	0.0
1.0	0.0
1.0	0.0
1.0	0.0
1.0	0.0
1.0	0.0
1.0	0.0
0.605121	0.0
1.0	0.0
